julia_worker:9142#10.169.152.32
julia_worker:9721#10.169.152.22
julia_worker:9497#10.169.152.48
julia_worker:9235#10.169.152.26
julia_worker:9208#10.169.152.52
julia_worker:9790#10.169.152.30
julia_worker:9840#10.169.152.54
julia_worker:9794#10.169.152.56
julia_worker:9033#10.169.152.28
julia_worker:9039#10.169.152.50
julia_worker:9552#10.169.152.24
julia_worker:9227#10.169.152.20
julia_worker:9736#10.169.152.18

[26033] signal 15: Terminated

[69794] signal 15: Terminated

[736] signal 15: Terminated

[70790] signal 15: Terminated

[73227] signal 15: Terminated
in expression starting at none:0

[88497] signal 15: Terminated
in expression starting at none:0
in expression starting at none:0
in expression starting at none:0

[103235] signal 15: Terminated
in expression starting at none:0
in expression starting at none:0
in expression starting at none:0

[34142] signal 15: Terminated
in expression starting at none:0

[127208] signal 15: Terminated

[67840] signal 15: Terminated

[63552] signal 15: Terminated

[39039] signal 15: Terminated
in expression starting at none:0
in expression starting at none:0

[41721] signal 15: Terminated
in expression starting at none:0
in expression starting at none:0
in expression starting at none:0
__futex_abstimed_wait_common at /lib64/libc.so.6 (unknown line)
pthread_cond_wait at /lib64/libc.so.6 (unknown line)
pthread_mutex_lock at /lib64/libc.so.6 (unknown line)
__futex_abstimed_wait_common at /lib64/libc.so.6 (unknown line)
__futex_abstimed_wait_common at /lib64/libc.so.6 (unknown line)
__futex_abstimed_wait_common at /lib64/libc.so.6 (unknown line)
__futex_abstimed_wait_common at /lib64/libc.so.6 (unknown line)
unknown function (ip: 0x14a605897784)
pthread_cond_wait at /lib64/libc.so.6 (unknown line)
__futex_abstimed_wait_common at /lib64/libc.so.6 (unknown line)
pthread_cond_wait at /lib64/libc.so.6 (unknown line)
pthread_cond_wait at /lib64/libc.so.6 (unknown line)
pthread_cond_wait at /lib64/libc.so.6 (unknown line)
unknown function (ip: 0x14a6063b417d)
pthread_cond_wait at /lib64/libc.so.6 (unknown line)
unknown function (ip: 0x14a6055c4ad4)
unknown function (ip: 0x14a6055d0a27)
unknown function (ip: 0x14a6055d13cd)
unknown function (ip: 0x14a6057a39c6)
cuLaunchKernel at /usr/lib64/libcuda.so.1 (unknown line)
_broadcast_getindex at ./broadcast.jl:651 [inlined]
>> at ./int.jl:528 [inlined]
exp at ./special/exp.jl:329
getindex at ./broadcast.jl:610 [inlined]
>> at ./int.jl:534 [inlined]
uv_cond_wait at /workspace/srcdir/libuv/src/unix/thread.c:822
uv_cond_wait at /workspace/srcdir/libuv/src/unix/thread.c:822
uv_cond_wait at /workspace/srcdir/libuv/src/unix/thread.c:822
uv_cond_wait at /workspace/srcdir/libuv/src/unix/thread.c:822
jl_is_layout_opaque at /cache/build/builder-demeter6-3/julialang/julia-release-1-dot-11/src/julia.h:1330 [inlined]
fast_power at /glade/u/home/reich/.julia/packages/Thermodynamics/zqCiz/src/aux_functions.jl:48 [inlined]
jl_egal_ at /cache/build/builder-demeter6-3/julialang/julia-release-1-dot-11/src/julia.h:1686 [inlined]
uv_cond_wait at /workspace/srcdir/libuv/src/unix/thread.c:822
copyto_nonleaf! at ./broadcast.jl:1082
uv_cond_wait at /workspace/srcdir/libuv/src/unix/thread.c:822
hash_64_64 at ./hashing.jl:47 [inlined]
macro expansion at /glade/u/home/reich/.julia/packages/GPUToolbox/XaIIx/src/ccalls.jl:143 [inlined]
ijl_task_get_next at /cache/build/builder-demeter6-3/julialang/julia-release-1-dot-11/src/scheduler.c:584
ijl_task_get_next at /cache/build/builder-demeter6-3/julialang/julia-release-1-dot-11/src/scheduler.c:584
ijl_task_get_next at /cache/build/builder-demeter6-3/julialang/julia-release-1-dot-11/src/scheduler.c:584
ijl_task_get_next at /cache/build/builder-demeter6-3/julialang/julia-release-1-dot-11/src/scheduler.c:584
jl_datatype_layout at /cache/build/builder-demeter6-3/julialang/julia-release-1-dot-11/src/julia.h:1338 [inlined]
saturation_vapor_pressure at /glade/u/home/reich/.julia/packages/Thermodynamics/zqCiz/src/air_saturation_functions.jl:67 [inlined]
compare_svec at /cache/build/builder-demeter6-3/julialang/julia-release-1-dot-11/src/builtins.c:72
ijl_task_get_next at /cache/build/builder-demeter6-3/julialang/julia-release-1-dot-11/src/scheduler.c:584
copy at ./broadcast.jl:919 [inlined]
ijl_task_get_next at /cache/build/builder-demeter6-3/julialang/julia-release-1-dot-11/src/scheduler.c:584
hash_uint at ./hashing.jl:78 [inlined]
macro expansion at /glade/u/home/reich/.julia/packages/CUDA/TPbi4/lib/cudadrv/libcuda.jl:4729 [inlined]
jl_field_isptr at /cache/build/builder-demeter6-3/julialang/julia-release-1-dot-11/src/julia.h:1400 [inlined]
saturation_vapor_pressure at /glade/u/home/reich/.julia/packages/Thermodynamics/zqCiz/src/air_saturation_functions.jl:42 [inlined]
jl_egal__unboxed_ at /cache/build/builder-demeter6-3/julialang/julia-release-1-dot-11/src/julia.h:1678 [inlined]
materialize at ./broadcast.jl:872
hash at ./hashing.jl:36 [inlined]
#546 at /glade/u/home/reich/.julia/packages/GPUToolbox/XaIIx/src/ccalls.jl:34 [inlined]
set_nth_field at /cache/build/builder-demeter6-3/julialang/julia-release-1-dot-11/src/datatype.c:1799
q_vap_from_RH_liquid at /glade/u/home/reich/.julia/packages/Thermodynamics/zqCiz/src/air_humidities.jl:275 [inlined]
jl_egal_ at /cache/build/builder-demeter6-3/julialang/julia-release-1-dot-11/src/julia.h:1688 [inlined]
unknown function (ip: 0x154fd69db132)
hash at /glade/u/home/reich/.julia/packages/CUDA/TPbi4/lib/cudadrv/module/function.jl:27 [inlined]
check at /glade/u/home/reich/.julia/packages/CUDA/TPbi4/lib/cudadrv/libcuda.jl:35 [inlined]
ijl_new_structv at /cache/build/builder-demeter6-3/julialang/julia-release-1-dot-11/src/datatype.c:1582
specific_humidity_from_dewpoint at /glade/derecho/scratch/reich/ClimaLand.jl/src/shared_utilities/drivers.jl:1040
jl_table_peek_bp at /cache/build/builder-demeter6-3/julialang/julia-release-1-dot-11/src/iddict.c:128 [inlined]
read at /glade/u/home/reich/.julia/packages/ClimaUtilities/5ClV5/ext/NCFileReaderExt.jl:259
hash at ./hashing.jl:28 [inlined]
cuLaunchKernel at /glade/u/home/reich/.julia/packages/GPUToolbox/XaIIx/src/ccalls.jl:33 [inlined]
_broadcast_getindex_evalf at ./broadcast.jl:678 [inlined]
ijl_eqtable_get at /cache/build/builder-demeter6-3/julialang/julia-release-1-dot-11/src/iddict.c:157
read! at /glade/u/home/reich/.julia/packages/ClimaUtilities/5ClV5/ext/NCFileReaderExt.jl:310
macro expansion at /glade/u/home/reich/.julia/packages/CUDA/TPbi4/src/compiler/execution.jl:377 [inlined]
#1001 at /glade/u/home/reich/.julia/packages/CUDA/TPbi4/lib/cudadrv/execution.jl:72
_broadcast_getindex at ./broadcast.jl:651 [inlined]
#18 at /glade/u/home/reich/.julia/packages/ClimaUtilities/5ClV5/ext/DataHandlingExt.jl:618
lookup_leafcache at /cache/build/builder-demeter6-3/julialang/julia-release-1-dot-11/src/gf.c:1250 [inlined]
macro expansion at ./lock.jl:273 [inlined]
NamedTuple at ./boot.jl:727 [inlined]
macro expansion at /glade/u/home/reich/.julia/packages/CUDA/TPbi4/lib/cudadrv/execution.jl:39 [inlined]
getindex at ./broadcast.jl:610 [inlined]
get! at ./dict.jl:458
jl_mt_assoc_by_type at /cache/build/builder-demeter6-3/julialang/julia-release-1-dot-11/src/gf.c:1478
#cufunction#1206 at /glade/u/home/reich/.julia/packages/CUDA/TPbi4/src/compiler/execution.jl:368
capture_status at /glade/u/home/reich/.julia/packages/CUDA/TPbi4/lib/cudadrv/graph.jl:175
macro expansion at ./none:0 [inlined]
macro expansion at ./broadcast.jl:973 [inlined]
get! at /glade/u/home/reich/.julia/packages/ClimaUtilities/5ClV5/src/DataStructures.jl:95 [inlined]
ijl_method_lookup_by_tt at /cache/build/builder-demeter6-3/julialang/julia-release-1-dot-11/src/gf.c:2295
cufunction at /glade/u/home/reich/.julia/packages/CUDA/TPbi4/src/compiler/execution.jl:365
is_capturing at /glade/u/home/reich/.julia/packages/CUDA/TPbi4/lib/cudadrv/graph.jl:179 [inlined]
pack_arguments at ./none:0
macro expansion at ./simdloop.jl:77 [inlined]
regridded_snapshot at /glade/u/home/reich/.julia/packages/ClimaUtilities/5ClV5/ext/DataHandlingExt.jl:604
methodinstance at /glade/u/home/reich/.julia/packages/GPUCompiler/j4HFa/src/jlgen.jl:85 [inlined]
unknown function (ip: 0x14e33438e332)
convert at /glade/u/home/reich/.julia/packages/CUDA/TPbi4/src/memory.jl:545
#launch#1000 at /glade/u/home/reich/.julia/packages/CUDA/TPbi4/lib/cudadrv/execution.jl:65
copyto! at ./broadcast.jl:972 [inlined]
regridded_snapshot! at /glade/u/home/reich/.julia/packages/ClimaUtilities/5ClV5/ext/DataHandlingExt.jl:666
methodinstance at /glade/u/home/reich/.julia/packages/GPUCompiler/j4HFa/src/jlgen.jl:82 [inlined]
macro expansion at /glade/u/home/reich/.julia/packages/CUDA/TPbi4/src/compiler/execution.jl:112 [inlined]
unsafe_convert at /glade/u/home/reich/.julia/packages/CUDA/TPbi4/src/array.jl:466
launch at /glade/u/home/reich/.julia/packages/CUDA/TPbi4/lib/cudadrv/execution.jl:58 [inlined]
copyto! at ./broadcast.jl:925 [inlined]
#evaluate!#11 at /glade/u/home/reich/.julia/packages/ClimaUtilities/5ClV5/ext/TimeVaryingInputsExt.jl:416
macro expansion at /glade/u/home/reich/.julia/packages/CUDA/TPbi4/src/compiler/execution.jl:371 [inlined]
#auto_launch!#2 at /glade/u/home/reich/.julia/packages/ClimaCore/xDlva/ext/cuda/cuda_utils.jl:165
#pointer#1158 at /glade/u/home/reich/.julia/packages/CUDA/TPbi4/src/array.jl:424 [inlined]
#1007 at /glade/u/home/reich/.julia/packages/CUDA/TPbi4/lib/cudadrv/execution.jl:195 [inlined]
copy at ./broadcast.jl:897 [inlined]
evaluate! at /glade/u/home/reich/.julia/packages/ClimaUtilities/5ClV5/ext/TimeVaryingInputsExt.jl:376 [inlined]
macro expansion at ./lock.jl:273 [inlined]
poptask at ./task.jl:1012
poptask at ./task.jl:1012
auto_launch! at /glade/u/home/reich/.julia/packages/ClimaCore/xDlva/ext/cuda/cuda_utils.jl:92 [inlined]
poptask at ./task.jl:1012
pointer at /glade/u/home/reich/.julia/packages/CUDA/TPbi4/src/array.jl:416 [inlined]
poptask at ./task.jl:1012
macro expansion at /glade/u/home/reich/.julia/packages/CUDA/TPbi4/lib/cudadrv/execution.jl:155 [inlined]
materialize at ./broadcast.jl:872 [inlined]
#evaluate!#7 at /glade/u/home/reich/.julia/packages/ClimaUtilities/5ClV5/ext/TimeVaryingInputsExt.jl:221 [inlined]
poptask at ./task.jl:1012
#cufunction#1206 at /glade/u/home/reich/.julia/packages/CUDA/TPbi4/src/compiler/execution.jl:368
poptask at ./task.jl:1012
== at ./version.jl:191
auto_launch! at /glade/u/home/reich/.julia/packages/ClimaCore/xDlva/ext/cuda/cuda_utils.jl:92 [inlined]
pointer at /glade/u/home/reich/.julia/packages/CUDA/TPbi4/src/array.jl:416 [inlined]
macro expansion at ./none:0 [inlined]
specific_humidity#123 at /glade/derecho/scratch/reich/ClimaLand.jl/src/shared_utilities/drivers.jl:1619
wait at ./task.jl:1021
wait at ./task.jl:1021
evaluate! at /glade/u/home/reich/.julia/packages/ClimaUtilities/5ClV5/ext/TimeVaryingInputsExt.jl:201 [inlined]
wait at ./task.jl:1021
wait at ./task.jl:1021
cufunction at /glade/u/home/reich/.julia/packages/CUDA/TPbi4/src/compiler/execution.jl:365 [inlined]
unknown function (ip: 0x14e5e71148ff)
copyto! at /glade/u/home/reich/.julia/packages/ClimaCore/xDlva/ext/cuda/data_layouts_copyto.jl:49
unsafe_convert at /glade/u/home/reich/.julia/packages/CUDA/TPbi4/src/array.jl:486 [inlined]
convert_arguments at ./none:0 [inlined]
specific_humidity at /glade/derecho/scratch/reich/ClimaLand.jl/src/shared_utilities/drivers.jl:1619
wait at ./task.jl:1021
wait at ./task.jl:1021
#evaluate!#9 at /glade/u/home/reich/.julia/packages/ClimaUtilities/5ClV5/ext/TimeVaryingInputsExt.jl:250 [inlined]
macro expansion at /glade/u/home/reich/.julia/packages/CUDA/TPbi4/src/compiler/execution.jl:112 [inlined]
copyto! at /glade/u/home/reich/.julia/packages/ClimaCore/xDlva/src/DataLayouts/copyto.jl:17 [inlined]
#wait#731 at ./condition.jl:130
adapt_storage at /glade/u/home/reich/.julia/packages/CUDA/TPbi4/src/compiler/execution.jl:164 [inlined]
#wait#731 at ./condition.jl:130
#cudacall#1006 at /glade/u/home/reich/.julia/packages/CUDA/TPbi4/lib/cudadrv/execution.jl:197 [inlined]
#wait#731 at ./condition.jl:130
unknown function (ip: 0x14f20df44e3e)
#wait#731 at ./condition.jl:130
evaluate! at /glade/u/home/reich/.julia/packages/ClimaUtilities/5ClV5/ext/TimeVaryingInputsExt.jl:243 [inlined]
threads_via_occupancy at /glade/u/home/reich/.julia/packages/ClimaCore/xDlva/ext/cuda/cuda_utils.jl:207
validate_task_local_state at /glade/u/home/reich/.julia/packages/CUDA/TPbi4/lib/cudadrv/state.jl:61
#wait#731 at ./condition.jl:130
copyto! at /glade/u/home/reich/.julia/packages/ClimaCore/xDlva/src/Fields/broadcast.jl:231 [inlined]
wait at ./condition.jl:125 [inlined]
adapt_structure at /glade/u/home/reich/.julia/packages/Adapt/2UZ81/src/Adapt.jl:57 [inlined]
#wait#731 at ./condition.jl:130
wait at ./condition.jl:125 [inlined]
cudacall at /glade/u/home/reich/.julia/packages/CUDA/TPbi4/lib/cudadrv/execution.jl:193 [inlined]
wait at ./condition.jl:125 [inlined]
wait at ./condition.jl:125 [inlined]
update_drivers! at /glade/derecho/scratch/reich/ClimaLand.jl/src/shared_utilities/drivers.jl:1375
copyto! at /glade/u/home/reich/.julia/packages/ClimaCore/xDlva/ext/cuda/data_layouts_copyto.jl:42
jl_apply at /cache/build/builder-demeter6-3/julialang/julia-release-1-dot-11/src/julia.h:2157 [inlined]
task_local_state! at /glade/u/home/reich/.julia/packages/CUDA/TPbi4/lib/cudadrv/state.jl:72
wait at ./condition.jl:125 [inlined]
copy at /glade/u/home/reich/.julia/packages/ClimaCore/xDlva/src/Fields/broadcast.jl:118
take! at /glade/u/home/reich/.julia/packages/CUDA/TPbi4/lib/cudadrv/synchronization.jl:53
adapt at /glade/u/home/reich/.julia/packages/Adapt/2UZ81/src/Adapt.jl:40 [inlined]
wait at ./condition.jl:125 [inlined]
take! at /glade/u/home/reich/.julia/packages/CUDA/TPbi4/lib/cudadrv/synchronization.jl:53
macro expansion at /glade/u/home/reich/.julia/packages/CUDA/TPbi4/src/compiler/execution.jl:272 [inlined]
take! at /glade/u/home/reich/.julia/packages/CUDA/TPbi4/lib/cudadrv/synchronization.jl:53
take! at /glade/u/home/reich/.julia/packages/CUDA/TPbi4/lib/cudadrv/synchronization.jl:53
update_drivers! at /glade/derecho/scratch/reich/ClimaLand.jl/src/shared_utilities/drivers.jl:1341
copyto! at /glade/u/home/reich/.julia/packages/ClimaCore/xDlva/src/DataLayouts/copyto.jl:17 [inlined]
do_apply at /cache/build/builder-demeter6-3/julialang/julia-release-1-dot-11/src/builtins.c:831
active_state at /glade/u/home/reich/.julia/packages/CUDA/TPbi4/lib/cudadrv/state.jl:110 [inlined]
take! at /glade/u/home/reich/.julia/packages/CUDA/TPbi4/lib/cudadrv/synchronization.jl:53
materialize at ./broadcast.jl:872 [inlined]
synchronization_worker at /glade/u/home/reich/.julia/packages/CUDA/TPbi4/lib/cudadrv/synchronization.jl:119
adapt_structure at /glade/u/home/reich/.julia/packages/ClimaCore/xDlva/src/DataLayouts/DataLayouts.jl:1694 [inlined]
take! at /glade/u/home/reich/.julia/packages/CUDA/TPbi4/lib/cudadrv/synchronization.jl:53
synchronization_worker at /glade/u/home/reich/.julia/packages/CUDA/TPbi4/lib/cudadrv/synchronization.jl:119
macro expansion at ./none:0 [inlined]
synchronization_worker at /glade/u/home/reich/.julia/packages/CUDA/TPbi4/lib/cudadrv/synchronization.jl:119
synchronization_worker at /glade/u/home/reich/.julia/packages/CUDA/TPbi4/lib/cudadrv/synchronization.jl:119
#6 at /glade/derecho/scratch/reich/ClimaLand.jl/src/shared_utilities/utils.jl:295 [inlined]
copyto! at /glade/u/home/reich/.julia/packages/ClimaCore/xDlva/src/Fields/broadcast.jl:231 [inlined]
#18 at /glade/u/home/reich/.julia/packages/ClimaUtilities/5ClV5/ext/DataHandlingExt.jl:624
convert at /glade/u/home/reich/.julia/packages/CUDA/TPbi4/src/memory.jl:544
synchronization_worker at /glade/u/home/reich/.julia/packages/CUDA/TPbi4/lib/cudadrv/synchronization.jl:119
update_photosynthesis! at /glade/derecho/scratch/reich/ClimaLand.jl/src/standalone/Vegetation/photosynthesis_farquhar.jl:365
unknown function (ip: 0x14ab90df6275)
adapt at /glade/u/home/reich/.julia/packages/Adapt/2UZ81/src/Adapt.jl:40 [inlined]
synchronization_worker at /glade/u/home/reich/.julia/packages/CUDA/TPbi4/lib/cudadrv/synchronization.jl:119
unknown function (ip: 0x14b24b7fd775)
#_#1194 at ./none:0 [inlined]
unknown function (ip: 0x149aeabfbd65)
unknown function (ip: 0x1519d27ea1c5)
unrolled_foreach at /glade/u/home/reich/.julia/packages/ClimaTimeSteppers/o2zml/src/integrators.jl:224 [inlined]
copy at /glade/u/home/reich/.julia/packages/ClimaCore/xDlva/src/Fields/broadcast.jl:118
get! at ./dict.jl:458
unsafe_convert at /glade/u/home/reich/.julia/packages/CUDA/TPbi4/src/array.jl:466
unknown function (ip: 0x1467b15fe085)
update_aux! at /glade/derecho/scratch/reich/ClimaLand.jl/src/standalone/Vegetation/Canopy.jl:1096
Fix1 at ./operators.jl:1127 [inlined]
unknown function (ip: 0x14aeae9fe195)
AbstractKernel at ./none:0 [inlined]
unrolled_foreach at /glade/u/home/reich/.julia/packages/ClimaTimeSteppers/o2zml/src/integrators.jl:229 [inlined]
materialize at ./broadcast.jl:872
get! at /glade/u/home/reich/.julia/packages/ClimaUtilities/5ClV5/src/DataStructures.jl:95 [inlined]
#pointer#1158 at /glade/u/home/reich/.julia/packages/CUDA/TPbi4/src/array.jl:424 [inlined]
jlcapi_synchronization_worker_13764 at /glade/u/home/reich/.julia/compiled/v1.11/CUDA/oWw5k_h77jG.so (unknown line)
jlcapi_synchronization_worker_13764 at /glade/u/home/reich/.julia/compiled/v1.11/CUDA/oWw5k_h77jG.so (unknown line)
update_aux! at /glade/derecho/scratch/reich/ClimaLand.jl/src/ClimaLand.jl:193
jlcapi_synchronization_worker_13764 at /glade/u/home/reich/.julia/compiled/v1.11/CUDA/oWw5k_h77jG.so (unknown line)
map at ./tuple.jl:374 [inlined]
jlcapi_synchronization_worker_13764 at /glade/u/home/reich/.julia/compiled/v1.11/CUDA/oWw5k_h77jG.so (unknown line)
macro expansion at /glade/u/home/reich/.julia/packages/CUDA/TPbi4/src/compiler/execution.jl:114 [inlined]
unrolled_foreach at /glade/u/home/reich/.julia/packages/ClimaTimeSteppers/o2zml/src/integrators.jl:230 [inlined]
unknown function (ip: 0x154acba20266)
jlcapi_synchronization_worker_13764 at /glade/u/home/reich/.julia/compiled/v1.11/CUDA/oWw5k_h77jG.so (unknown line)
regridded_snapshot at /glade/u/home/reich/.julia/packages/ClimaUtilities/5ClV5/ext/DataHandlingExt.jl:604
pointer at /glade/u/home/reich/.julia/packages/CUDA/TPbi4/src/array.jl:416 [inlined]
start_thread at /lib64/libc.so.6 (unknown line)
start_thread at /lib64/libc.so.6 (unknown line)
jlcapi_synchronization_worker_13764 at /glade/u/home/reich/.julia/compiled/v1.11/CUDA/oWw5k_h77jG.so (unknown line)
jacobian! at /glade/derecho/scratch/reich/ClimaLand.jl/src/shared_utilities/implicit_timestepping.jl:28 [inlined]
adapt_structure at /glade/u/home/reich/.julia/packages/Adapt/2UZ81/src/base.jl:11 [inlined]
start_thread at /lib64/libc.so.6 (unknown line)
start_thread at /lib64/libc.so.6 (unknown line)
#auto_launch!#2 at /glade/u/home/reich/.julia/packages/ClimaCore/xDlva/ext/cuda/cuda_utils.jl:165
__step! at /glade/u/home/reich/.julia/packages/ClimaTimeSteppers/o2zml/src/integrators.jl:255
update_canopy_conductance! at /glade/derecho/scratch/reich/ClimaLand.jl/src/standalone/Vegetation/stomatalconductance.jl:407
start_thread at /lib64/libc.so.6 (unknown line)
regridded_snapshot! at /glade/u/home/reich/.julia/packages/ClimaUtilities/5ClV5/ext/DataHandlingExt.jl:666
pointer at /glade/u/home/reich/.julia/packages/CUDA/TPbi4/src/array.jl:416 [inlined]
__GI___clone3 at /lib64/libc.so.6 (unknown line)
__GI___clone3 at /lib64/libc.so.6 (unknown line)
#96 at /glade/u/home/reich/.julia/packages/ClimaTimeSteppers/o2zml/src/solvers/imex_ark.jl:143 [inlined]
start_thread at /lib64/libc.so.6 (unknown line)
adapt at /glade/u/home/reich/.julia/packages/Adapt/2UZ81/src/Adapt.jl:40 [inlined]
__GI___clone3 at /lib64/libc.so.6 (unknown line)
auto_launch! at /glade/u/home/reich/.julia/packages/ClimaCore/xDlva/ext/cuda/cuda_utils.jl:92 [inlined]
macro expansion at /glade/u/home/reich/.julia/packages/ClimaTimeSteppers/o2zml/src/integrators.jl:187 [inlined]
__GI___clone3 at /lib64/libc.so.6 (unknown line)
update_aux! at /glade/derecho/scratch/reich/ClimaLand.jl/src/standalone/Vegetation/Canopy.jl:1102
__GI___clone3 at /lib64/libc.so.6 (unknown line)
#evaluate!#11 at /glade/u/home/reich/.julia/packages/ClimaUtilities/5ClV5/ext/TimeVaryingInputsExt.jl:416
unsafe_convert at /glade/u/home/reich/.julia/packages/CUDA/TPbi4/src/array.jl:486 [inlined]
unknown function (ip: (nil))
unknown function (ip: (nil))
macro expansion at /glade/u/home/reich/.julia/packages/ClimaTimeSteppers/o2zml/src/nl_solvers/newtons_method.jl:593 [inlined]
adapt_structure at /glade/u/home/reich/.julia/packages/Adapt/2UZ81/src/base.jl:62
__GI___clone3 at /lib64/libc.so.6 (unknown line)
unknown function (ip: (nil))
auto_launch! at /glade/u/home/reich/.julia/packages/ClimaCore/xDlva/ext/cuda/cuda_utils.jl:92 [inlined]
solve! at /glade/u/home/reich/.julia/packages/NVTX/F7ji4/src/macro.jl:194
unknown function (ip: (nil))
update_aux! at /glade/derecho/scratch/reich/ClimaLand.jl/src/ClimaLand.jl:193
unknown function (ip: (nil))
evaluate! at /glade/u/home/reich/.julia/packages/ClimaUtilities/5ClV5/ext/TimeVaryingInputsExt.jl:376 [inlined]
adapt_storage at /glade/u/home/reich/.julia/packages/CUDA/TPbi4/src/compiler/execution.jl:164 [inlined]
ioctl at /lib64/libc.so.6 (unknown line)
solve_newton! at /glade/u/home/reich/.julia/packages/NVTX/F7ji4/src/macro.jl:194
adapt at /glade/u/home/reich/.julia/packages/Adapt/2UZ81/src/Adapt.jl:40 [inlined]
typekeyvalue_hash at /cache/build/builder-demeter6-3/julialang/julia-release-1-dot-11/src/jltypes.c:1670 [inlined]
unknown function (ip: (nil))
copyto! at /glade/u/home/reich/.julia/packages/ClimaCore/xDlva/ext/cuda/data_layouts_copyto.jl:49
solve! at /glade/derecho/scratch/reich/ClimaLand.jl/src/simulations/Simulations.jl:321
jl_to_typeof at /cache/build/builder-demeter6-3/julialang/julia-release-1-dot-11/src/julia.h:777 [inlined]
macro expansion at /glade/u/home/reich/.julia/packages/GPUToolbox/XaIIx/src/ccalls.jl:143 [inlined]
jacobian! at /glade/derecho/scratch/reich/ClimaLand.jl/src/shared_utilities/implicit_timestepping.jl:28 [inlined]
#evaluate!#7 at /glade/u/home/reich/.julia/packages/ClimaUtilities/5ClV5/ext/TimeVaryingInputsExt.jl:221 [inlined]
adapt_structure at /glade/u/home/reich/.julia/packages/Adapt/2UZ81/src/Adapt.jl:57 [inlined]
set_nth_field at /cache/build/builder-demeter6-3/julialang/julia-release-1-dot-11/src/datatype.c:1799
unknown function (ip: 0x149ae144f893)
cudaconvert at /glade/u/home/reich/.julia/packages/CUDA/TPbi4/src/compiler/execution.jl:200 [inlined]
update_stage! at /glade/u/home/reich/.julia/packages/ClimaTimeSteppers/o2zml/src/solvers/imex_ark.jl:138 [inlined]
lookup_typevalue at /cache/build/builder-demeter6-3/julialang/julia-release-1-dot-11/src/jltypes.c:1088
copyto! at /glade/u/home/reich/.julia/packages/ClimaCore/xDlva/src/DataLayouts/copyto.jl:17 [inlined]
unknown function (ip: 0x154fa2153bb2)
typekeyvalue_eq at /cache/build/builder-demeter6-3/julialang/julia-release-1-dot-11/src/jltypes.c:968 [inlined]
gc_page_data at /cache/build/builder-demeter6-3/julialang/julia-release-1-dot-11/src/gc.h:395 [inlined]
unchecked_cuCtxGetId at /glade/u/home/reich/.julia/packages/CUDA/TPbi4/lib/cudadrv/libcuda.jl:3593 [inlined]
#96 at /glade/u/home/reich/.julia/packages/ClimaTimeSteppers/o2zml/src/solvers/imex_ark.jl:143 [inlined]
evaluate! at /glade/u/home/reich/.julia/packages/ClimaUtilities/5ClV5/ext/TimeVaryingInputsExt.jl:201 [inlined]
adapt at /glade/u/home/reich/.julia/packages/Adapt/2UZ81/src/Adapt.jl:40 [inlined]
ijl_new_structv at /cache/build/builder-demeter6-3/julialang/julia-release-1-dot-11/src/datatype.c:1582
unknown function (ip: 0x149ae144fde0)
map at ./tuple.jl:358 [inlined]
update_stage! at /glade/u/home/reich/.julia/packages/ClimaTimeSteppers/o2zml/src/solvers/imex_ark.jl:93 [inlined]
copyto! at /glade/u/home/reich/.julia/packages/ClimaCore/xDlva/src/Fields/broadcast.jl:231 [inlined]
jl_inst_arg_tuple_type at /cache/build/builder-demeter6-3/julialang/julia-release-1-dot-11/src/jltypes.c:2319
forward_model at /glade/derecho/scratch/reich/ClimaLand.jl/experiments/calibration/model_interface.jl:325
lookup_type_setvalue at /cache/build/builder-demeter6-3/julialang/julia-release-1-dot-11/src/jltypes.c:1019 [inlined]
jl_gc_pool_alloc_inner at /cache/build/builder-demeter6-3/julialang/julia-release-1-dot-11/src/gc.c:1336
isvalid at /glade/u/home/reich/.julia/packages/CUDA/TPbi4/lib/cudadrv/context.jl:73
macro expansion at /glade/u/home/reich/.julia/packages/ClimaTimeSteppers/o2zml/src/nl_solvers/newtons_method.jl:593 [inlined]
#evaluate!#9 at /glade/u/home/reich/.julia/packages/ClimaUtilities/5ClV5/ext/TimeVaryingInputsExt.jl:250 [inlined]
adapt_structure at /glade/u/home/reich/.julia/packages/ClimaCore/xDlva/src/DataLayouts/DataLayouts.jl:1694 [inlined]
unknown function (ip: 0x149ae12fedc7)
NamedTuple at ./boot.jl:727 [inlined]
map at ./tuple.jl:358 [inlined]
update_stage! at /glade/u/home/reich/.julia/packages/ClimaTimeSteppers/o2zml/src/solvers/imex_ark.jl:96 [inlined]
copyto! at /glade/u/home/reich/.julia/packages/ClimaCore/xDlva/src/Fields/broadcast.jl:231 [inlined]
unknown function (ip: 0x1550113bc7ec)
jl_f_tuple at /cache/build/builder-demeter6-3/julialang/julia-release-1-dot-11/src/builtins.c:931 [inlined]
lookup_typevalue at /cache/build/builder-demeter6-3/julialang/julia-release-1-dot-11/src/jltypes.c:1091
ijl_gc_pool_alloc_instrumented at /cache/build/builder-demeter6-3/julialang/julia-release-1-dot-11/src/gc.c:1382
solve_newton! at /glade/u/home/reich/.julia/packages/NVTX/F7ji4/src/macro.jl:194
validate_task_local_state at /glade/u/home/reich/.julia/packages/CUDA/TPbi4/lib/cudadrv/state.jl:61
evaluate! at /glade/u/home/reich/.julia/packages/ClimaUtilities/5ClV5/ext/TimeVaryingInputsExt.jl:243 [inlined]
adapt at /glade/u/home/reich/.julia/packages/Adapt/2UZ81/src/Adapt.jl:40 [inlined]
unknown function (ip: 0x149ae1487e69)
capture_status at /glade/u/home/reich/.julia/packages/CUDA/TPbi4/lib/cudadrv/graph.jl:175
macro expansion at /glade/u/home/reich/.julia/packages/CUDA/TPbi4/src/compiler/execution.jl:110 [inlined]
step_u! at /glade/u/home/reich/.julia/packages/ClimaTimeSteppers/o2zml/src/solvers/imex_ark.jl:71
materialize! at ./broadcast.jl:883 [inlined]
jl_f_tuple at /cache/build/builder-demeter6-3/julialang/julia-release-1-dot-11/src/builtins.c:926
jl_apply at /cache/build/builder-demeter6-3/julialang/julia-release-1-dot-11/src/julia.h:2157 [inlined]
jl_inst_arg_tuple_type at /cache/build/builder-demeter6-3/julialang/julia-release-1-dot-11/src/jltypes.c:2319
NamedTuple at ./boot.jl:727 [inlined]
update_stage! at /glade/u/home/reich/.julia/packages/ClimaTimeSteppers/o2zml/src/solvers/imex_ark.jl:138 [inlined]
task_local_state! at /glade/u/home/reich/.julia/packages/CUDA/TPbi4/lib/cudadrv/state.jl:72
update_drivers! at /glade/derecho/scratch/reich/ClimaLand.jl/src/shared_utilities/drivers.jl:1375
adapt_structure at /glade/u/home/reich/.julia/packages/ClimaCore/xDlva/ext/cuda/adapt.jl:58
unknown function (ip: 0x149ae1489843)
is_capturing at /glade/u/home/reich/.julia/packages/CUDA/TPbi4/lib/cudadrv/graph.jl:179 [inlined]
threads_via_occupancy at /glade/u/home/reich/.julia/packages/ClimaCore/xDlva/ext/cuda/cuda_utils.jl:207
macro expansion at /glade/u/home/reich/.julia/packages/ClimaTimeSteppers/o2zml/src/integrators.jl:265 [inlined]
materialize! at ./broadcast.jl:880 [inlined]
jl_f__call_latest at /cache/build/builder-demeter6-3/julialang/julia-release-1-dot-11/src/builtins.c:875
capture_status at /glade/u/home/reich/.julia/packages/CUDA/TPbi4/lib/cudadrv/graph.jl:175
capture_status at /glade/u/home/reich/.julia/packages/CUDA/TPbi4/lib/cudadrv/graph.jl:175
jl_f_tuple at /cache/build/builder-demeter6-3/julialang/julia-release-1-dot-11/src/builtins.c:931 [inlined]
update_stage! at /glade/u/home/reich/.julia/packages/ClimaTimeSteppers/o2zml/src/solvers/imex_ark.jl:93 [inlined]
update_drivers! at /glade/derecho/scratch/reich/ClimaLand.jl/src/shared_utilities/drivers.jl:1341
prepare_cuda_state at /glade/u/home/reich/.julia/packages/CUDA/TPbi4/lib/cudadrv/state.jl:94
adapt at /glade/u/home/reich/.julia/packages/Adapt/2UZ81/src/Adapt.jl:40 [inlined]
unknown function (ip: 0x149ae14100c6)
convert at /glade/u/home/reich/.julia/packages/CUDA/TPbi4/src/memory.jl:545
copyto! at /glade/u/home/reich/.julia/packages/ClimaCore/xDlva/ext/cuda/data_layouts_copyto.jl:42
step_u! at /glade/u/home/reich/.julia/packages/NVTX/F7ji4/src/macro.jl:194
compute_fractional_absorbances! at /glade/derecho/scratch/reich/ClimaLand.jl/src/standalone/Vegetation/radiation.jl:501
is_capturing at /glade/u/home/reich/.julia/packages/CUDA/TPbi4/lib/cudadrv/graph.jl:179 [inlined]
jl_apply at /cache/build/builder-demeter6-3/julialang/julia-release-1-dot-11/src/julia.h:2157 [inlined]
is_capturing at /glade/u/home/reich/.julia/packages/CUDA/TPbi4/lib/cudadrv/graph.jl:179 [inlined]
jl_f_tuple at /cache/build/builder-demeter6-3/julialang/julia-release-1-dot-11/src/builtins.c:926
update_stage! at /glade/u/home/reich/.julia/packages/ClimaTimeSteppers/o2zml/src/solvers/imex_ark.jl:96 [inlined]
#6 at /glade/derecho/scratch/reich/ClimaLand.jl/src/shared_utilities/utils.jl:295 [inlined]
cudaconvert at /glade/u/home/reich/.julia/packages/CUDA/TPbi4/src/compiler/execution.jl:200 [inlined]
initialize_context at /glade/u/home/reich/.julia/packages/CUDA/TPbi4/lib/cudadrv/libcuda.jl:21 [inlined]
unknown function (ip: 0x149ae14186b9)
unsafe_convert at /glade/u/home/reich/.julia/packages/CUDA/TPbi4/src/array.jl:466
copyto! at /glade/u/home/reich/.julia/packages/ClimaCore/xDlva/src/DataLayouts/copyto.jl:17 [inlined]
__step! at /glade/u/home/reich/.julia/packages/ClimaTimeSteppers/o2zml/src/integrators.jl:242
update_radiative_transfer! at /glade/derecho/scratch/reich/ClimaLand.jl/src/standalone/Vegetation/radiation.jl:792
convert at /glade/u/home/reich/.julia/packages/CUDA/TPbi4/src/memory.jl:545
do_apply at /cache/build/builder-demeter6-3/julialang/julia-release-1-dot-11/src/builtins.c:831
convert at /glade/u/home/reich/.julia/packages/CUDA/TPbi4/src/memory.jl:545
step_u! at /glade/u/home/reich/.julia/packages/ClimaTimeSteppers/o2zml/src/solvers/imex_ark.jl:71
capture_status at /glade/u/home/reich/.julia/packages/CUDA/TPbi4/lib/cudadrv/graph.jl:175
unrolled_foreach at /glade/u/home/reich/.julia/packages/ClimaTimeSteppers/o2zml/src/integrators.jl:224 [inlined]
map at ./tuple.jl:357 [inlined]
macro expansion at /glade/u/home/reich/.julia/packages/CUDA/TPbi4/lib/cudadrv/libcuda_deprecated.jl:47 [inlined]
unknown function (ip: 0x149ae141d435)
#pointer#1158 at /glade/u/home/reich/.julia/packages/CUDA/TPbi4/src/array.jl:424 [inlined]
copyto! at /glade/u/home/reich/.julia/packages/ClimaCore/xDlva/src/Fields/broadcast.jl:231 [inlined]
macro expansion at /glade/u/home/reich/.julia/packages/ClimaTimeSteppers/o2zml/src/integrators.jl:187 [inlined]
update_aux! at /glade/derecho/scratch/reich/ClimaLand.jl/src/standalone/Vegetation/Canopy.jl:1086
unsafe_convert at /glade/u/home/reich/.julia/packages/CUDA/TPbi4/src/array.jl:466
unsafe_convert at /glade/u/home/reich/.julia/packages/CUDA/TPbi4/src/array.jl:466
macro expansion at /glade/u/home/reich/.julia/packages/ClimaTimeSteppers/o2zml/src/integrators.jl:265 [inlined]
is_capturing at /glade/u/home/reich/.julia/packages/CUDA/TPbi4/lib/cudadrv/graph.jl:179 [inlined]
unrolled_foreach at /glade/u/home/reich/.julia/packages/ClimaTimeSteppers/o2zml/src/integrators.jl:229 [inlined]
map at ./tuple.jl:358 [inlined]
#948 at /glade/u/home/reich/.julia/packages/GPUToolbox/XaIIx/src/ccalls.jl:34 [inlined]
unknown function (ip: 0x149ae141cb96)
pointer at /glade/u/home/reich/.julia/packages/CUDA/TPbi4/src/array.jl:416 [inlined]
copy at /glade/u/home/reich/.julia/packages/ClimaCore/xDlva/src/Fields/broadcast.jl:118 [inlined]
solve! at /glade/u/home/reich/.julia/packages/NVTX/F7ji4/src/macro.jl:194
update_aux! at /glade/derecho/scratch/reich/ClimaLand.jl/src/ClimaLand.jl:193
#pointer#1158 at /glade/u/home/reich/.julia/packages/CUDA/TPbi4/src/array.jl:424 [inlined]
#pointer#1158 at /glade/u/home/reich/.julia/packages/CUDA/TPbi4/src/array.jl:424 [inlined]
step_u! at /glade/u/home/reich/.julia/packages/NVTX/F7ji4/src/macro.jl:194
convert at /glade/u/home/reich/.julia/packages/CUDA/TPbi4/src/memory.jl:545
unrolled_foreach at /glade/u/home/reich/.julia/packages/ClimaTimeSteppers/o2zml/src/integrators.jl:230 [inlined]
map at ./tuple.jl:358 [inlined]
check at /glade/u/home/reich/.julia/packages/CUDA/TPbi4/lib/cudadrv/libcuda.jl:35 [inlined]
unknown function (ip: 0x149ae11c5872)
pointer at /glade/u/home/reich/.julia/packages/CUDA/TPbi4/src/array.jl:416 [inlined]
materialize at ./broadcast.jl:872 [inlined]
solve! at /glade/derecho/scratch/reich/ClimaLand.jl/src/simulations/Simulations.jl:321
jacobian! at /glade/derecho/scratch/reich/ClimaLand.jl/src/shared_utilities/implicit_timestepping.jl:28 [inlined]
pointer at /glade/u/home/reich/.julia/packages/CUDA/TPbi4/src/array.jl:416 [inlined]
pointer at /glade/u/home/reich/.julia/packages/CUDA/TPbi4/src/array.jl:416 [inlined]
__step! at /glade/u/home/reich/.julia/packages/ClimaTimeSteppers/o2zml/src/integrators.jl:242
unsafe_convert at /glade/u/home/reich/.julia/packages/CUDA/TPbi4/src/array.jl:466
__step! at /glade/u/home/reich/.julia/packages/ClimaTimeSteppers/o2zml/src/integrators.jl:255
macro expansion at /glade/u/home/reich/.julia/packages/CUDA/TPbi4/src/compiler/execution.jl:110 [inlined]
cuStreamGetCaptureInfo at /glade/u/home/reich/.julia/packages/GPUToolbox/XaIIx/src/ccalls.jl:33 [inlined]
unknown function (ip: 0x149ae133ab66)
unsafe_convert at /glade/u/home/reich/.julia/packages/CUDA/TPbi4/src/array.jl:486 [inlined]
update_photosynthesis! at /glade/derecho/scratch/reich/ClimaLand.jl/src/standalone/Vegetation/photosynthesis_farquhar.jl:409
unknown function (ip: 0x14e328b53bd2)
#96 at /glade/u/home/reich/.julia/packages/ClimaTimeSteppers/o2zml/src/solvers/imex_ark.jl:143 [inlined]
pointer at /glade/u/home/reich/.julia/packages/CUDA/TPbi4/src/array.jl:416 [inlined]
pointer at /glade/u/home/reich/.julia/packages/CUDA/TPbi4/src/array.jl:416 [inlined]
macro expansion at /glade/u/home/reich/.julia/packages/ClimaTimeSteppers/o2zml/src/integrators.jl:187 [inlined]
#pointer#1158 at /glade/u/home/reich/.julia/packages/CUDA/TPbi4/src/array.jl:424 [inlined]
macro expansion at /glade/u/home/reich/.julia/packages/ClimaTimeSteppers/o2zml/src/integrators.jl:187 [inlined]
#auto_launch!#2 at /glade/u/home/reich/.julia/packages/ClimaCore/xDlva/ext/cuda/cuda_utils.jl:165
capture_status at /glade/u/home/reich/.julia/packages/CUDA/TPbi4/lib/cudadrv/graph.jl:174
cuMemFree_v2 at /usr/lib64/libcuda.so.1 (unknown line)
adapt_storage at /glade/u/home/reich/.julia/packages/CUDA/TPbi4/src/compiler/execution.jl:164 [inlined]
update_aux! at /glade/derecho/scratch/reich/ClimaLand.jl/src/standalone/Vegetation/Canopy.jl:1096
forward_model at /glade/derecho/scratch/reich/ClimaLand.jl/experiments/calibration/model_interface.jl:325
macro expansion at /glade/u/home/reich/.julia/packages/ClimaTimeSteppers/o2zml/src/nl_solvers/newtons_method.jl:593 [inlined]
unsafe_convert at /glade/u/home/reich/.julia/packages/CUDA/TPbi4/src/array.jl:486 [inlined]
unsafe_convert at /glade/u/home/reich/.julia/packages/CUDA/TPbi4/src/array.jl:486 [inlined]
solve! at /glade/u/home/reich/.julia/packages/NVTX/F7ji4/src/macro.jl:194
pointer at /glade/u/home/reich/.julia/packages/CUDA/TPbi4/src/array.jl:416 [inlined]
solve! at /glade/u/home/reich/.julia/packages/NVTX/F7ji4/src/macro.jl:194
#invokelatest#2 at ./essentials.jl:1055
auto_launch! at /glade/u/home/reich/.julia/packages/ClimaCore/xDlva/ext/cuda/cuda_utils.jl:92 [inlined]
macro expansion at /glade/u/home/reich/.julia/packages/GPUToolbox/XaIIx/src/ccalls.jl:143 [inlined]
is_capturing at /glade/u/home/reich/.julia/packages/CUDA/TPbi4/lib/cudadrv/graph.jl:179 [inlined]
adapt_structure at /glade/u/home/reich/.julia/packages/Adapt/2UZ81/src/Adapt.jl:57 [inlined]
update_aux! at /glade/derecho/scratch/reich/ClimaLand.jl/src/ClimaLand.jl:193
unknown function (ip: 0x14e3939bc6bc)
solve_newton! at /glade/u/home/reich/.julia/packages/NVTX/F7ji4/src/macro.jl:194
adapt_storage at /glade/u/home/reich/.julia/packages/CUDA/TPbi4/src/compiler/execution.jl:164 [inlined]
adapt_storage at /glade/u/home/reich/.julia/packages/CUDA/TPbi4/src/compiler/execution.jl:164 [inlined]
solve! at /glade/derecho/scratch/reich/ClimaLand.jl/src/simulations/Simulations.jl:321
pointer at /glade/u/home/reich/.julia/packages/CUDA/TPbi4/src/array.jl:416 [inlined]
solve! at /glade/derecho/scratch/reich/ClimaLand.jl/src/simulations/Simulations.jl:321
jl_apply at /cache/build/builder-demeter6-3/julialang/julia-release-1-dot-11/src/julia.h:2157 [inlined]
auto_launch! at /glade/u/home/reich/.julia/packages/ClimaCore/xDlva/ext/cuda/cuda_utils.jl:92 [inlined]
macro expansion at /glade/u/home/reich/.julia/packages/CUDA/TPbi4/lib/cudadrv/libcuda.jl:194 [inlined]
convert at /glade/u/home/reich/.julia/packages/CUDA/TPbi4/src/memory.jl:545
adapt at /glade/u/home/reich/.julia/packages/Adapt/2UZ81/src/Adapt.jl:40 [inlined]
jacobian! at /glade/derecho/scratch/reich/ClimaLand.jl/src/shared_utilities/implicit_timestepping.jl:28 [inlined]
jl_apply at /cache/build/builder-demeter6-3/julialang/julia-release-1-dot-11/src/julia.h:2157 [inlined]
adapt_structure at /glade/u/home/reich/.julia/packages/Adapt/2UZ81/src/Adapt.jl:57 [inlined]
update_stage! at /glade/u/home/reich/.julia/packages/ClimaTimeSteppers/o2zml/src/solvers/imex_ark.jl:138 [inlined]
adapt_structure at /glade/u/home/reich/.julia/packages/Adapt/2UZ81/src/Adapt.jl:57 [inlined]
unknown function (ip: 0x154acad54d62)
unsafe_convert at /glade/u/home/reich/.julia/packages/CUDA/TPbi4/src/array.jl:486 [inlined]
unknown function (ip: 0x14f20274fdf2)
do_apply at /cache/build/builder-demeter6-3/julialang/julia-release-1-dot-11/src/builtins.c:831
copyto! at /glade/u/home/reich/.julia/packages/ClimaCore/xDlva/ext/cuda/data_layouts_copyto.jl:49
#14 at /glade/u/home/reich/.julia/packages/GPUToolbox/XaIIx/src/ccalls.jl:34 [inlined]
unsafe_convert at /glade/u/home/reich/.julia/packages/CUDA/TPbi4/src/array.jl:466
adapt_structure at /glade/u/home/reich/.julia/packages/ClimaCore/xDlva/src/DataLayouts/DataLayouts.jl:1694 [inlined]
#96 at /glade/u/home/reich/.julia/packages/ClimaTimeSteppers/o2zml/src/solvers/imex_ark.jl:143 [inlined]
jl_f__call_latest at /cache/build/builder-demeter6-3/julialang/julia-release-1-dot-11/src/builtins.c:875
adapt at /glade/u/home/reich/.julia/packages/Adapt/2UZ81/src/Adapt.jl:40 [inlined]
update_stage! at /glade/u/home/reich/.julia/packages/ClimaTimeSteppers/o2zml/src/solvers/imex_ark.jl:93 [inlined]
adapt at /glade/u/home/reich/.julia/packages/Adapt/2UZ81/src/Adapt.jl:40 [inlined]
forward_model at /glade/derecho/scratch/reich/ClimaLand.jl/experiments/calibration/model_interface.jl:325
adapt_storage at /glade/u/home/reich/.julia/packages/CUDA/TPbi4/src/compiler/execution.jl:164 [inlined]
forward_model at /glade/derecho/scratch/reich/ClimaLand.jl/experiments/calibration/model_interface.jl:325
copyto! at /glade/u/home/reich/.julia/packages/ClimaCore/xDlva/src/DataLayouts/copyto.jl:17 [inlined]
check at /glade/u/home/reich/.julia/packages/CUDA/TPbi4/lib/cudadrv/libcuda.jl:35 [inlined]
#pointer#1158 at /glade/u/home/reich/.julia/packages/CUDA/TPbi4/src/array.jl:424 [inlined]
adapt at /glade/u/home/reich/.julia/packages/Adapt/2UZ81/src/Adapt.jl:40 [inlined]
invokelatest at ./essentials.jl:1052
macro expansion at /glade/u/home/reich/.julia/packages/ClimaTimeSteppers/o2zml/src/nl_solvers/newtons_method.jl:593 [inlined]
adapt_structure at /glade/u/home/reich/.julia/packages/ClimaCore/xDlva/src/DataLayouts/DataLayouts.jl:1694 [inlined]
jl_apply at /cache/build/builder-demeter6-3/julialang/julia-release-1-dot-11/src/julia.h:2157 [inlined]
update_stage! at /glade/u/home/reich/.julia/packages/ClimaTimeSteppers/o2zml/src/solvers/imex_ark.jl:96 [inlined]
adapt_structure at /glade/u/home/reich/.julia/packages/Adapt/2UZ81/src/wrappers.jl:10 [inlined]
unknown function (ip: 0x154b39f756ac)
adapt_structure at /glade/u/home/reich/.julia/packages/Adapt/2UZ81/src/Adapt.jl:57 [inlined]
unknown function (ip: 0x14f26d7756bc)
copyto! at /glade/u/home/reich/.julia/packages/ClimaCore/xDlva/src/Fields/broadcast.jl:231 [inlined]
cuMemFree_v2 at /glade/u/home/reich/.julia/packages/GPUToolbox/XaIIx/src/ccalls.jl:33 [inlined]
pointer at /glade/u/home/reich/.julia/packages/CUDA/TPbi4/src/array.jl:416 [inlined]
adapt_structure at /glade/u/home/reich/.julia/packages/ClimaCore/xDlva/ext/cuda/adapt.jl:58
jl_apply at /cache/build/builder-demeter6-3/julialang/julia-release-1-dot-11/src/julia.h:2157 [inlined]
solve_newton! at /glade/u/home/reich/.julia/packages/NVTX/F7ji4/src/macro.jl:194
adapt at /glade/u/home/reich/.julia/packages/Adapt/2UZ81/src/Adapt.jl:40 [inlined]
do_apply at /cache/build/builder-demeter6-3/julialang/julia-release-1-dot-11/src/builtins.c:831
step_u! at /glade/u/home/reich/.julia/packages/ClimaTimeSteppers/o2zml/src/solvers/imex_ark.jl:71
adapt at /glade/u/home/reich/.julia/packages/Adapt/2UZ81/src/Adapt.jl:40 [inlined]
jl_apply at /cache/build/builder-demeter6-3/julialang/julia-release-1-dot-11/src/julia.h:2157 [inlined]
adapt at /glade/u/home/reich/.julia/packages/Adapt/2UZ81/src/Adapt.jl:40 [inlined]
jl_apply at /cache/build/builder-demeter6-3/julialang/julia-release-1-dot-11/src/julia.h:2157 [inlined]
copyto! at /glade/u/home/reich/.julia/packages/ClimaCore/xDlva/src/Fields/broadcast.jl:231 [inlined]
#free#966 at /glade/u/home/reich/.julia/packages/CUDA/TPbi4/lib/cudadrv/memory.jl:89
pointer at /glade/u/home/reich/.julia/packages/CUDA/TPbi4/src/array.jl:416 [inlined]
adapt at /glade/u/home/reich/.julia/packages/Adapt/2UZ81/src/Adapt.jl:40 [inlined]
do_apply at /cache/build/builder-demeter6-3/julialang/julia-release-1-dot-11/src/builtins.c:831
cudaconvert at /glade/u/home/reich/.julia/packages/CUDA/TPbi4/src/compiler/execution.jl:200 [inlined]
update_stage! at /glade/u/home/reich/.julia/packages/ClimaTimeSteppers/o2zml/src/solvers/imex_ark.jl:138 [inlined]
macro expansion at /glade/u/home/reich/.julia/packages/ClimaTimeSteppers/o2zml/src/integrators.jl:265 [inlined]
adapt_structure at /glade/u/home/reich/.julia/packages/ClimaCore/xDlva/src/DataLayouts/DataLayouts.jl:1694 [inlined]
jl_f__call_latest at /cache/build/builder-demeter6-3/julialang/julia-release-1-dot-11/src/builtins.c:875
adapt_structure at /glade/u/home/reich/.julia/packages/Adapt/2UZ81/src/wrappers.jl:10 [inlined]
jl_f__call_latest at /cache/build/builder-demeter6-3/julialang/julia-release-1-dot-11/src/builtins.c:875
materialize! at ./broadcast.jl:883 [inlined]
free at /glade/u/home/reich/.julia/packages/CUDA/TPbi4/lib/cudadrv/memory.jl:82 [inlined]
unsafe_convert at /glade/u/home/reich/.julia/packages/CUDA/TPbi4/src/array.jl:486 [inlined]
cudaconvert at /glade/u/home/reich/.julia/packages/CUDA/TPbi4/src/compiler/execution.jl:200 [inlined]
#invokelatest#2 at ./essentials.jl:1055
#114 at /cache/build/builder-demeter6-3/julialang/julia-release-1-dot-11/usr/share/julia/stdlib/v1.11/Distributed/src/process_messages.jl:303
map at ./tuple.jl:358 [inlined]
update_stage! at /glade/u/home/reich/.julia/packages/ClimaTimeSteppers/o2zml/src/solvers/imex_ark.jl:93 [inlined]
step_u! at /glade/u/home/reich/.julia/packages/NVTX/F7ji4/src/macro.jl:194
adapt at /glade/u/home/reich/.julia/packages/Adapt/2UZ81/src/Adapt.jl:40 [inlined]
jl_apply at /cache/build/builder-demeter6-3/julialang/julia-release-1-dot-11/src/julia.h:2157 [inlined]
adapt at /glade/u/home/reich/.julia/packages/Adapt/2UZ81/src/Adapt.jl:40 [inlined]
jl_apply at /cache/build/builder-demeter6-3/julialang/julia-release-1-dot-11/src/julia.h:2157 [inlined]
materialize! at ./broadcast.jl:880
#1136 at /glade/u/home/reich/.julia/packages/CUDA/TPbi4/src/memory.jl:722 [inlined]
adapt_storage at /glade/u/home/reich/.julia/packages/CUDA/TPbi4/src/compiler/execution.jl:164 [inlined]
map at ./tuple.jl:357 [inlined]
jl_apply at /cache/build/builder-demeter6-3/julialang/julia-release-1-dot-11/src/julia.h:2157 [inlined]
run_work_thunk at /cache/build/builder-demeter6-3/julialang/julia-release-1-dot-11/usr/share/julia/stdlib/v1.11/Distributed/src/process_messages.jl:70
macro expansion at /glade/u/home/reich/.julia/packages/CUDA/TPbi4/src/compiler/execution.jl:110 [inlined]
update_stage! at /glade/u/home/reich/.julia/packages/ClimaTimeSteppers/o2zml/src/solvers/imex_ark.jl:96 [inlined]
__step! at /glade/u/home/reich/.julia/packages/ClimaTimeSteppers/o2zml/src/integrators.jl:242
cudaconvert at /glade/u/home/reich/.julia/packages/CUDA/TPbi4/src/compiler/execution.jl:200 [inlined]
do_apply at /cache/build/builder-demeter6-3/julialang/julia-release-1-dot-11/src/builtins.c:831
adapt_structure at /glade/u/home/reich/.julia/packages/ClimaCore/xDlva/src/DataLayouts/DataLayouts.jl:1694 [inlined]
do_apply at /cache/build/builder-demeter6-3/julialang/julia-release-1-dot-11/src/builtins.c:831
unknown function (ip: 0x14e5801d3fe9)
#context!#1025 at /glade/u/home/reich/.julia/packages/CUDA/TPbi4/lib/cudadrv/state.jl:168 [inlined]
adapt_structure at /glade/u/home/reich/.julia/packages/Adapt/2UZ81/src/Adapt.jl:57 [inlined]
map at ./tuple.jl:358 [inlined]
do_apply at /cache/build/builder-demeter6-3/julialang/julia-release-1-dot-11/src/builtins.c:831
unknown function (ip: 0x15501134ac6b)
threads_via_occupancy at /glade/u/home/reich/.julia/packages/ClimaCore/xDlva/ext/cuda/cuda_utils.jl:207
step_u! at /glade/u/home/reich/.julia/packages/ClimaTimeSteppers/o2zml/src/solvers/imex_ark.jl:71
macro expansion at /glade/u/home/reich/.julia/packages/ClimaTimeSteppers/o2zml/src/integrators.jl:187 [inlined]
map at ./tuple.jl:358 [inlined]
adapt at /glade/u/home/reich/.julia/packages/Adapt/2UZ81/src/Adapt.jl:40 [inlined]
orchestrate_diagnostics at /glade/u/home/reich/.julia/packages/ClimaDiagnostics/3h9MG/src/clima_diagnostics.jl:273
context! at /glade/u/home/reich/.julia/packages/CUDA/TPbi4/lib/cudadrv/state.jl:163 [inlined]
adapt at /glade/u/home/reich/.julia/packages/Adapt/2UZ81/src/Adapt.jl:40 [inlined]
map at ./tuple.jl:358 [inlined]
run_work_thunk at /cache/build/builder-demeter6-3/julialang/julia-release-1-dot-11/usr/share/julia/stdlib/v1.11/Distributed/src/process_messages.jl:79
copyto! at /glade/u/home/reich/.julia/packages/ClimaCore/xDlva/ext/cuda/data_layouts_copyto.jl:42
macro expansion at /glade/u/home/reich/.julia/packages/ClimaTimeSteppers/o2zml/src/integrators.jl:265 [inlined]
solve! at /glade/u/home/reich/.julia/packages/NVTX/F7ji4/src/macro.jl:194
macro expansion at /glade/u/home/reich/.julia/packages/CUDA/TPbi4/src/compiler/execution.jl:110 [inlined]
invokelatest at ./essentials.jl:1052
_adapt_tuple_structure at /glade/u/home/reich/.julia/packages/Adapt/2UZ81/src/base.jl:17 [inlined]
sciml_callback at /glade/u/home/reich/.julia/packages/ClimaDiagnostics/3h9MG/src/clima_diagnostics.jl:369 [inlined]
_pool_free at /glade/u/home/reich/.julia/packages/CUDA/TPbi4/src/memory.jl:721 [inlined]
adapt_structure at /glade/u/home/reich/.julia/packages/ClimaCore/xDlva/ext/cuda/adapt.jl:58
macro expansion at /glade/u/home/reich/.julia/packages/CUDA/TPbi4/src/compiler/execution.jl:110 [inlined]
#100 at /cache/build/builder-demeter6-3/julialang/julia-release-1-dot-11/usr/share/julia/stdlib/v1.11/Distributed/src/process_messages.jl:88
copyto! at /glade/u/home/reich/.julia/packages/ClimaCore/xDlva/src/DataLayouts/copyto.jl:17 [inlined]
step_u! at /glade/u/home/reich/.julia/packages/NVTX/F7ji4/src/macro.jl:194
solve! at /glade/derecho/scratch/reich/ClimaLand.jl/src/simulations/Simulations.jl:321
#auto_launch!#2 at /glade/u/home/reich/.julia/packages/ClimaCore/xDlva/ext/cuda/cuda_utils.jl:165
_adapt_tuple_structure at /glade/u/home/reich/.julia/packages/Adapt/2UZ81/src/base.jl:14
jl_apply at /cache/build/builder-demeter6-3/julialang/julia-release-1-dot-11/src/julia.h:2157 [inlined]
unrolled_foreach at /glade/u/home/reich/.julia/packages/ClimaTimeSteppers/o2zml/src/integrators.jl:224 [inlined]
macro expansion at ./timing.jl:421 [inlined]
adapt at /glade/u/home/reich/.julia/packages/Adapt/2UZ81/src/Adapt.jl:40 [inlined]
#auto_launch!#2 at /glade/u/home/reich/.julia/packages/ClimaCore/xDlva/ext/cuda/cuda_utils.jl:165
unknown function (ip: 0x15501134a79f)
copyto! at /glade/u/home/reich/.julia/packages/ClimaCore/xDlva/src/Fields/broadcast.jl:231 [inlined]
__step! at /glade/u/home/reich/.julia/packages/ClimaTimeSteppers/o2zml/src/integrators.jl:242
unknown function (ip: 0x14a61335eaa2)
auto_launch! at /glade/u/home/reich/.julia/packages/ClimaCore/xDlva/ext/cuda/cuda_utils.jl:92 [inlined]
adapt_structure at /glade/u/home/reich/.julia/packages/Adapt/2UZ81/src/base.jl:9 [inlined]
do_apply at /cache/build/builder-demeter6-3/julialang/julia-release-1-dot-11/src/builtins.c:831
unrolled_foreach at /glade/u/home/reich/.julia/packages/ClimaTimeSteppers/o2zml/src/integrators.jl:229 [inlined]
pool_free at /glade/u/home/reich/.julia/packages/CUDA/TPbi4/src/memory.jl:695
cudaconvert at /glade/u/home/reich/.julia/packages/CUDA/TPbi4/src/compiler/execution.jl:200 [inlined]
auto_launch! at /glade/u/home/reich/.julia/packages/ClimaCore/xDlva/ext/cuda/cuda_utils.jl:92 [inlined]
jl_apply at /cache/build/builder-demeter6-3/julialang/julia-release-1-dot-11/src/julia.h:2157 [inlined]
copyto! at /glade/u/home/reich/.julia/packages/ClimaCore/xDlva/src/Fields/broadcast.jl:231 [inlined]
macro expansion at /glade/u/home/reich/.julia/packages/ClimaTimeSteppers/o2zml/src/integrators.jl:187 [inlined]
forward_model at /glade/derecho/scratch/reich/ClimaLand.jl/experiments/calibration/model_interface.jl:325
auto_launch! at /glade/u/home/reich/.julia/packages/ClimaCore/xDlva/ext/cuda/cuda_utils.jl:92 [inlined]
adapt at /glade/u/home/reich/.julia/packages/Adapt/2UZ81/src/Adapt.jl:40 [inlined]
#114 at /cache/build/builder-demeter6-3/julialang/julia-release-1-dot-11/usr/share/julia/stdlib/v1.11/Distributed/src/process_messages.jl:303
unrolled_foreach at /glade/u/home/reich/.julia/packages/ClimaTimeSteppers/o2zml/src/integrators.jl:230 [inlined]
unknown function (ip: 0x149b1fb7c6d2)
map at ./tuple.jl:357 [inlined]
auto_launch! at /glade/u/home/reich/.julia/packages/ClimaCore/xDlva/ext/cuda/cuda_utils.jl:92 [inlined]
start_task at /cache/build/builder-demeter6-3/julialang/julia-release-1-dot-11/src/task.c:1202
materialize! at ./broadcast.jl:883 [inlined]
solve! at /glade/u/home/reich/.julia/packages/NVTX/F7ji4/src/macro.jl:194
unknown function (ip: 0x14a67e3bc7cc)
copyto! at /glade/u/home/reich/.julia/packages/ClimaCore/xDlva/ext/cuda/data_layouts_copyto.jl:49
adapt_structure at /glade/u/home/reich/.julia/packages/Adapt/2UZ81/src/base.jl:62 [inlined]
#invokelatest#2 at ./essentials.jl:1055
run_work_thunk at /cache/build/builder-demeter6-3/julialang/julia-release-1-dot-11/usr/share/julia/stdlib/v1.11/Distributed/src/process_messages.jl:70
unrolled_foreach at /glade/u/home/reich/.julia/packages/ClimaTimeSteppers/o2zml/src/integrators.jl:230 [inlined]
#invokelatest#2 at ./essentials.jl:1055
release at /glade/u/home/reich/.julia/packages/GPUArrays/0F4Dn/src/host/abstractarray.jl:42
map at ./tuple.jl:358 [inlined]
copyto! at /glade/u/home/reich/.julia/packages/ClimaCore/xDlva/ext/cuda/data_layouts_copyto.jl:49
unknown function (ip: (nil))
materialize! at ./broadcast.jl:880 [inlined]
solve! at /glade/derecho/scratch/reich/ClimaLand.jl/src/simulations/Simulations.jl:321
copyto! at /glade/u/home/reich/.julia/packages/ClimaCore/xDlva/src/DataLayouts/copyto.jl:17 [inlined]
jl_apply at /cache/build/builder-demeter6-3/julialang/julia-release-1-dot-11/src/julia.h:2157 [inlined]
adapt at /glade/u/home/reich/.julia/packages/Adapt/2UZ81/src/Adapt.jl:40 [inlined]
jl_apply at /cache/build/builder-demeter6-3/julialang/julia-release-1-dot-11/src/julia.h:2157 [inlined]
unknown function (ip: 0x14e39394ec6b)
__step! at /glade/u/home/reich/.julia/packages/ClimaTimeSteppers/o2zml/src/integrators.jl:255
jl_apply at /cache/build/builder-demeter6-3/julialang/julia-release-1-dot-11/src/julia.h:2157 [inlined]
unsafe_free! at /glade/u/home/reich/.julia/packages/GPUArrays/0F4Dn/src/host/abstractarray.jl:100 [inlined]
map at ./tuple.jl:358 [inlined]
copyto! at /glade/u/home/reich/.julia/packages/ClimaCore/xDlva/src/DataLayouts/copyto.jl:17 [inlined]
Allocations: 55554919297 (Pool: 55485251400; Big: 69667897); GC: 41333
#236 at /glade/u/home/reich/.julia/packages/ClimaCore/xDlva/src/MatrixFields/field_name_dict.jl:993 [inlined]
unknown function (ip: 0x14a0e515ed82)
copyto! at /glade/u/home/reich/.julia/packages/ClimaCore/xDlva/src/Fields/broadcast.jl:231 [inlined]
jl_f__call_latest at /cache/build/builder-demeter6-3/julialang/julia-release-1-dot-11/src/builtins.c:875
_adapt_tuple_structure at /glade/u/home/reich/.julia/packages/Adapt/2UZ81/src/base.jl:14 [inlined]
do_apply at /cache/build/builder-demeter6-3/julialang/julia-release-1-dot-11/src/builtins.c:831
run_work_thunk at /cache/build/builder-demeter6-3/julialang/julia-release-1-dot-11/usr/share/julia/stdlib/v1.11/Distributed/src/process_messages.jl:79
macro expansion at /glade/u/home/reich/.julia/packages/ClimaTimeSteppers/o2zml/src/integrators.jl:187 [inlined]
do_apply at /cache/build/builder-demeter6-3/julialang/julia-release-1-dot-11/src/builtins.c:831
unsafe_free! at /glade/u/home/reich/.julia/packages/GPUArrays/0F4Dn/src/host/abstractarray.jl:115
macro expansion at /glade/u/home/reich/.julia/packages/CUDA/TPbi4/src/compiler/execution.jl:110 [inlined]
copyto! at /glade/u/home/reich/.julia/packages/ClimaCore/xDlva/src/Fields/broadcast.jl:231 [inlined]
macro expansion at /glade/u/home/reich/.julia/packages/UnrolledUtilities/kbLxQ/src/manually_unrolled_functions.jl:53 [inlined]
forward_model at /glade/derecho/scratch/reich/ClimaLand.jl/experiments/calibration/model_interface.jl:325
copyto! at /glade/u/home/reich/.julia/packages/ClimaCore/xDlva/src/Fields/broadcast.jl:231 [inlined]
jl_apply at /cache/build/builder-demeter6-3/julialang/julia-release-1-dot-11/src/julia.h:2157 [inlined]
adapt_structure at /glade/u/home/reich/.julia/packages/Adapt/2UZ81/src/base.jl:9 [inlined]
#100 at /cache/build/builder-demeter6-3/julialang/julia-release-1-dot-11/usr/share/julia/stdlib/v1.11/Distributed/src/process_messages.jl:88
solve! at /glade/u/home/reich/.julia/packages/NVTX/F7ji4/src/macro.jl:194
unknown function (ip: 0x149b1fb666e2)
threads_via_occupancy at /glade/u/home/reich/.julia/packages/ClimaCore/xDlva/ext/cuda/cuda_utils.jl:207
invokelatest at ./essentials.jl:1052
copy at /glade/u/home/reich/.julia/packages/ClimaCore/xDlva/src/Fields/broadcast.jl:118
_unrolled_foreach at /glade/u/home/reich/.julia/packages/UnrolledUtilities/kbLxQ/src/manually_unrolled_functions.jl:51 [inlined]
invokelatest at ./essentials.jl:1052
unknown function (ip: 0x14a1543757dc)
materialize! at ./broadcast.jl:883 [inlined]
do_apply at /cache/build/builder-demeter6-3/julialang/julia-release-1-dot-11/src/builtins.c:831
adapt at /glade/u/home/reich/.julia/packages/Adapt/2UZ81/src/Adapt.jl:40 [inlined]
unknown function (ip: 0x14e39394e79f)
solve! at /glade/derecho/scratch/reich/ClimaLand.jl/src/simulations/Simulations.jl:321
copyto! at /glade/u/home/reich/.julia/packages/ClimaCore/xDlva/ext/cuda/data_layouts_copyto.jl:42
run_finalizer at /cache/build/builder-demeter6-3/julialang/julia-release-1-dot-11/src/gc.c:299
jl_apply at /cache/build/builder-demeter6-3/julialang/julia-release-1-dot-11/src/julia.h:2157 [inlined]
materialize at ./broadcast.jl:872
unrolled_foreach at /glade/u/home/reich/.julia/packages/UnrolledUtilities/kbLxQ/src/UnrolledUtilities.jl:170 [inlined]
jl_apply at /cache/build/builder-demeter6-3/julialang/julia-release-1-dot-11/src/julia.h:2157 [inlined]
materialize! at ./broadcast.jl:880 [inlined]
jl_apply at /cache/build/builder-demeter6-3/julialang/julia-release-1-dot-11/src/julia.h:2157 [inlined]
adapt_structure at /glade/u/home/reich/.julia/packages/Adapt/2UZ81/src/base.jl:62 [inlined]
unknown function (ip: 0x14e58014c162)
jl_apply at /cache/build/builder-demeter6-3/julialang/julia-release-1-dot-11/src/julia.h:2157 [inlined]
copyto! at /glade/u/home/reich/.julia/packages/ClimaCore/xDlva/src/DataLayouts/copyto.jl:17 [inlined]
jl_gc_run_finalizers_in_list at /cache/build/builder-demeter6-3/julialang/julia-release-1-dot-11/src/gc.c:389
do_apply at /cache/build/builder-demeter6-3/julialang/julia-release-1-dot-11/src/builtins.c:831
unknown function (ip: 0x1467bd1b1cf6)
foreach at /glade/u/home/reich/.julia/packages/ClimaCore/xDlva/src/MatrixFields/field_name_set.jl:81
do_apply at /cache/build/builder-demeter6-3/julialang/julia-release-1-dot-11/src/builtins.c:831
ground_albedo_PAR at /glade/derecho/scratch/reich/ClimaLand.jl/src/integrated/land_radiation.jl:112
jl_f__call_latest at /cache/build/builder-demeter6-3/julialang/julia-release-1-dot-11/src/builtins.c:875
adapt at /glade/u/home/reich/.julia/packages/Adapt/2UZ81/src/Adapt.jl:40 [inlined]
forward_model at /glade/derecho/scratch/reich/ClimaLand.jl/experiments/calibration/model_interface.jl:325
start_task at /cache/build/builder-demeter6-3/julialang/julia-release-1-dot-11/src/task.c:1202
copyto! at /glade/u/home/reich/.julia/packages/ClimaCore/xDlva/src/Fields/broadcast.jl:231 [inlined]
run_finalizers at /cache/build/builder-demeter6-3/julialang/julia-release-1-dot-11/src/gc.c:435
#114 at /cache/build/builder-demeter6-3/julialang/julia-release-1-dot-11/usr/share/julia/stdlib/v1.11/Distributed/src/process_messages.jl:303
update_canopy_conductance! at /glade/derecho/scratch/reich/ClimaLand.jl/src/standalone/Vegetation/stomatalconductance.jl:376
macro expansion at /glade/u/home/reich/.julia/packages/ClimaCore/xDlva/src/MatrixFields/field_name_dict.jl:986 [inlined]
#114 at /cache/build/builder-demeter6-3/julialang/julia-release-1-dot-11/usr/share/julia/stdlib/v1.11/Distributed/src/process_messages.jl:303
update_radiative_transfer! at /glade/derecho/scratch/reich/ClimaLand.jl/src/standalone/Vegetation/radiation.jl:792
jl_apply at /cache/build/builder-demeter6-3/julialang/julia-release-1-dot-11/src/julia.h:2157 [inlined]
_adapt_tuple_structure at /glade/u/home/reich/.julia/packages/Adapt/2UZ81/src/base.jl:14 [inlined]
unknown function (ip: 0x14e5eafbc6fc)
unknown function (ip: (nil))
copyto! at /glade/u/home/reich/.julia/packages/ClimaCore/xDlva/src/Fields/broadcast.jl:231 [inlined]
run_finalizers at /cache/build/builder-demeter6-3/julialang/julia-release-1-dot-11/src/gc.c:416 [inlined]
run_work_thunk at /cache/build/builder-demeter6-3/julialang/julia-release-1-dot-11/usr/share/julia/stdlib/v1.11/Distributed/src/process_messages.jl:70
update_aux! at /glade/derecho/scratch/reich/ClimaLand.jl/src/standalone/Vegetation/Canopy.jl:1102
copyto_foreach! at /glade/u/home/reich/.julia/packages/NVTX/F7ji4/src/macro.jl:194
run_work_thunk at /cache/build/builder-demeter6-3/julialang/julia-release-1-dot-11/usr/share/julia/stdlib/v1.11/Distributed/src/process_messages.jl:70
update_aux! at /glade/derecho/scratch/reich/ClimaLand.jl/src/standalone/Vegetation/Canopy.jl:1086
do_apply at /cache/build/builder-demeter6-3/julialang/julia-release-1-dot-11/src/builtins.c:831
adapt_structure at /glade/u/home/reich/.julia/packages/Adapt/2UZ81/src/base.jl:9 [inlined]
Allocations: 55542044093 (Pool: 55472400960; Big: 69643133); GC: 46462
materialize! at ./broadcast.jl:883 [inlined]
jl_apply at /cache/build/builder-demeter6-3/julialang/julia-release-1-dot-11/src/julia.h:2157 [inlined]
ijl_gc_collect at /cache/build/builder-demeter6-3/julialang/julia-release-1-dot-11/src/gc.c:3920
unknown function (ip: 0x154b39f07c5b)
update_aux! at /glade/derecho/scratch/reich/ClimaLand.jl/src/ClimaLand.jl:193
macro expansion at /glade/u/home/reich/.julia/packages/ClimaCore/xDlva/src/MatrixFields/field_name_dict.jl:1007 [inlined]
unknown function (ip: 0x14f26d707c5b)
#invokelatest#2 at ./essentials.jl:1055
update_aux! at /glade/derecho/scratch/reich/ClimaLand.jl/src/ClimaLand.jl:193
adapt at /glade/u/home/reich/.julia/packages/Adapt/2UZ81/src/Adapt.jl:40 [inlined]
materialize! at ./broadcast.jl:880 [inlined]
jl_f__call_latest at /cache/build/builder-demeter6-3/julialang/julia-release-1-dot-11/src/builtins.c:875
maybe_collect at /cache/build/builder-demeter6-3/julialang/julia-release-1-dot-11/src/gc.c:922 [inlined]
run_work_thunk at /cache/build/builder-demeter6-3/julialang/julia-release-1-dot-11/usr/share/julia/stdlib/v1.11/Distributed/src/process_messages.jl:79
imp_tendency! at /glade/derecho/scratch/reich/ClimaLand.jl/src/ClimaLand.jl:162
materialize! at /glade/u/home/reich/.julia/packages/NVTX/F7ji4/src/macro.jl:194
run_work_thunk at /cache/build/builder-demeter6-3/julialang/julia-release-1-dot-11/usr/share/julia/stdlib/v1.11/Distributed/src/process_messages.jl:79
jl_apply at /cache/build/builder-demeter6-3/julialang/julia-release-1-dot-11/src/julia.h:2157 [inlined]
imp_tendency! at /glade/derecho/scratch/reich/ClimaLand.jl/src/ClimaLand.jl:162
adapt_structure at /glade/u/home/reich/.julia/packages/Adapt/2UZ81/src/base.jl:62 [inlined]
update_aux! at /glade/derecho/scratch/reich/ClimaLand.jl/src/standalone/Soil/energy_hydrology.jl:751
jl_gc_pool_alloc_inner at /cache/build/builder-demeter6-3/julialang/julia-release-1-dot-11/src/gc.c:1324
jl_apply at /cache/build/builder-demeter6-3/julialang/julia-release-1-dot-11/src/julia.h:2157 [inlined]
#100 at /cache/build/builder-demeter6-3/julialang/julia-release-1-dot-11/usr/share/julia/stdlib/v1.11/Distributed/src/process_messages.jl:88
ODEFunction at /glade/u/home/reich/.julia/packages/SciMLBase/rvXrA/src/scimlfunctions.jl:2580 [inlined]
macro expansion at /glade/u/home/reich/.julia/packages/ClimaCore/xDlva/src/MatrixFields/field_matrix_solver.jl:353 [inlined]
#100 at /cache/build/builder-demeter6-3/julialang/julia-release-1-dot-11/usr/share/julia/stdlib/v1.11/Distributed/src/process_messages.jl:88
do_apply at /cache/build/builder-demeter6-3/julialang/julia-release-1-dot-11/src/builtins.c:831
ODEFunction at /glade/u/home/reich/.julia/packages/SciMLBase/rvXrA/src/scimlfunctions.jl:2580 [inlined]
adapt at /glade/u/home/reich/.julia/packages/Adapt/2UZ81/src/Adapt.jl:40 [inlined]
update_aux! at /glade/derecho/scratch/reich/ClimaLand.jl/src/ClimaLand.jl:193
ijl_gc_pool_alloc_instrumented at /cache/build/builder-demeter6-3/julialang/julia-release-1-dot-11/src/gc.c:1382
do_apply at /cache/build/builder-demeter6-3/julialang/julia-release-1-dot-11/src/builtins.c:831
unknown function (ip: 0x154b39f0778f)
#95 at /glade/u/home/reich/.julia/packages/ClimaTimeSteppers/o2zml/src/solvers/imex_ark.jl:135
run_field_matrix_solver! at /glade/u/home/reich/.julia/packages/NVTX/F7ji4/src/macro.jl:194
unknown function (ip: 0x14f26d70778f)
#95 at /glade/u/home/reich/.julia/packages/ClimaTimeSteppers/o2zml/src/solvers/imex_ark.jl:135
cudaconvert at /glade/u/home/reich/.julia/packages/CUDA/TPbi4/src/compiler/execution.jl:200 [inlined]
imp_tendency! at /glade/derecho/scratch/reich/ClimaLand.jl/src/ClimaLand.jl:162
orchestrate_diagnostics at /glade/u/home/reich/.julia/packages/ClimaDiagnostics/3h9MG/src/clima_diagnostics.jl:251
invokelatest at ./essentials.jl:1052
jl_apply at /cache/build/builder-demeter6-3/julialang/julia-release-1-dot-11/src/julia.h:2157 [inlined]
macro expansion at /glade/u/home/reich/.julia/packages/ClimaTimeSteppers/o2zml/src/nl_solvers/newtons_method.jl:595 [inlined]
macro expansion at /glade/u/home/reich/.julia/packages/ClimaCore/xDlva/src/MatrixFields/field_matrix_solver.jl:89 [inlined]
jl_apply at /cache/build/builder-demeter6-3/julialang/julia-release-1-dot-11/src/julia.h:2157 [inlined]
macro expansion at /glade/u/home/reich/.julia/packages/ClimaTimeSteppers/o2zml/src/nl_solvers/newtons_method.jl:595 [inlined]
#invokelatest#2 at ./essentials.jl:1055
map at ./tuple.jl:358 [inlined]
ODEFunction at /glade/u/home/reich/.julia/packages/SciMLBase/rvXrA/src/scimlfunctions.jl:2580 [inlined]
sciml_callback at /glade/u/home/reich/.julia/packages/ClimaDiagnostics/3h9MG/src/clima_diagnostics.jl:369 [inlined]
jl_apply at /cache/build/builder-demeter6-3/julialang/julia-release-1-dot-11/src/julia.h:2157 [inlined]
start_task at /cache/build/builder-demeter6-3/julialang/julia-release-1-dot-11/src/task.c:1202
solve_newton! at /glade/u/home/reich/.julia/packages/NVTX/F7ji4/src/macro.jl:194
field_matrix_solve! at /glade/u/home/reich/.julia/packages/NVTX/F7ji4/src/macro.jl:194
start_task at /cache/build/builder-demeter6-3/julialang/julia-release-1-dot-11/src/task.c:1202
#invokelatest#2 at ./essentials.jl:1055
solve_newton! at /glade/u/home/reich/.julia/packages/NVTX/F7ji4/src/macro.jl:194
jl_apply at /cache/build/builder-demeter6-3/julialang/julia-release-1-dot-11/src/julia.h:2157 [inlined]
map at ./tuple.jl:358 [inlined]
#95 at /glade/u/home/reich/.julia/packages/ClimaTimeSteppers/o2zml/src/solvers/imex_ark.jl:135
unrolled_foreach at /glade/u/home/reich/.julia/packages/ClimaTimeSteppers/o2zml/src/integrators.jl:224 [inlined]
do_apply at /cache/build/builder-demeter6-3/julialang/julia-release-1-dot-11/src/builtins.c:831
unknown function (ip: (nil))
ldiv! at /glade/u/home/reich/.julia/packages/ClimaCore/xDlva/src/MatrixFields/field_matrix_with_solver.jl:57 [inlined]
update_stage! at /glade/u/home/reich/.julia/packages/ClimaTimeSteppers/o2zml/src/solvers/imex_ark.jl:138 [inlined]
unknown function (ip: (nil))
jl_apply at /cache/build/builder-demeter6-3/julialang/julia-release-1-dot-11/src/julia.h:2157 [inlined]
do_apply at /cache/build/builder-demeter6-3/julialang/julia-release-1-dot-11/src/builtins.c:831
update_stage! at /glade/u/home/reich/.julia/packages/ClimaTimeSteppers/o2zml/src/solvers/imex_ark.jl:138 [inlined]
macro expansion at /glade/u/home/reich/.julia/packages/CUDA/TPbi4/src/compiler/execution.jl:110 [inlined]
macro expansion at /glade/u/home/reich/.julia/packages/ClimaTimeSteppers/o2zml/src/nl_solvers/newtons_method.jl:595 [inlined]
unrolled_foreach at /glade/u/home/reich/.julia/packages/ClimaTimeSteppers/o2zml/src/integrators.jl:229 [inlined]
#114 at /cache/build/builder-demeter6-3/julialang/julia-release-1-dot-11/usr/share/julia/stdlib/v1.11/Distributed/src/process_messages.jl:303
Allocations: 55544613026 (Pool: 55474966583; Big: 69646443); GC: 47191
macro expansion at /glade/u/home/reich/.julia/packages/ClimaTimeSteppers/o2zml/src/nl_solvers/newtons_method.jl:600 [inlined]
update_stage! at /glade/u/home/reich/.julia/packages/ClimaTimeSteppers/o2zml/src/solvers/imex_ark.jl:93 [inlined]
Allocations: 55514583248 (Pool: 55444966554; Big: 69616694); GC: 49801
do_apply at /cache/build/builder-demeter6-3/julialang/julia-release-1-dot-11/src/builtins.c:831
update_stage! at /glade/u/home/reich/.julia/packages/ClimaTimeSteppers/o2zml/src/solvers/imex_ark.jl:93 [inlined]
#auto_launch!#2 at /glade/u/home/reich/.julia/packages/ClimaCore/xDlva/ext/cuda/cuda_utils.jl:165
solve_newton! at /glade/u/home/reich/.julia/packages/NVTX/F7ji4/src/macro.jl:194
unrolled_foreach at /glade/u/home/reich/.julia/packages/ClimaTimeSteppers/o2zml/src/integrators.jl:230 [inlined]
invokelatest at ./essentials.jl:1052
run_work_thunk at /cache/build/builder-demeter6-3/julialang/julia-release-1-dot-11/usr/share/julia/stdlib/v1.11/Distributed/src/process_messages.jl:70
solve_newton! at /glade/u/home/reich/.julia/packages/NVTX/F7ji4/src/macro.jl:194
update_stage! at /glade/u/home/reich/.julia/packages/ClimaTimeSteppers/o2zml/src/solvers/imex_ark.jl:96 [inlined]
update_stage! at /glade/u/home/reich/.julia/packages/ClimaTimeSteppers/o2zml/src/solvers/imex_ark.jl:96 [inlined]
auto_launch! at /glade/u/home/reich/.julia/packages/ClimaCore/xDlva/ext/cuda/cuda_utils.jl:92 [inlined]
unrolled_foreach at /glade/u/home/reich/.julia/packages/ClimaTimeSteppers/o2zml/src/integrators.jl:230 [inlined]
invokelatest at ./essentials.jl:1052
update_stage! at /glade/u/home/reich/.julia/packages/ClimaTimeSteppers/o2zml/src/solvers/imex_ark.jl:138 [inlined]
jl_apply at /cache/build/builder-demeter6-3/julialang/julia-release-1-dot-11/src/julia.h:2157 [inlined]
unknown function (ip: 0x14a67e34ac4b)
step_u! at /glade/u/home/reich/.julia/packages/ClimaTimeSteppers/o2zml/src/solvers/imex_ark.jl:71
step_u! at /glade/u/home/reich/.julia/packages/ClimaTimeSteppers/o2zml/src/solvers/imex_ark.jl:71
update_stage! at /glade/u/home/reich/.julia/packages/ClimaTimeSteppers/o2zml/src/solvers/imex_ark.jl:138 [inlined]
auto_launch! at /glade/u/home/reich/.julia/packages/ClimaCore/xDlva/ext/cuda/cuda_utils.jl:92 [inlined]
__step! at /glade/u/home/reich/.julia/packages/ClimaTimeSteppers/o2zml/src/integrators.jl:255
jl_apply at /cache/build/builder-demeter6-3/julialang/julia-release-1-dot-11/src/julia.h:2157 [inlined]
update_stage! at /glade/u/home/reich/.julia/packages/ClimaTimeSteppers/o2zml/src/solvers/imex_ark.jl:93 [inlined]
do_apply at /cache/build/builder-demeter6-3/julialang/julia-release-1-dot-11/src/builtins.c:831
run_work_thunk at /cache/build/builder-demeter6-3/julialang/julia-release-1-dot-11/usr/share/julia/stdlib/v1.11/Distributed/src/process_messages.jl:79
macro expansion at /glade/u/home/reich/.julia/packages/ClimaTimeSteppers/o2zml/src/integrators.jl:265 [inlined]
macro expansion at /glade/u/home/reich/.julia/packages/ClimaTimeSteppers/o2zml/src/integrators.jl:265 [inlined]
update_stage! at /glade/u/home/reich/.julia/packages/ClimaTimeSteppers/o2zml/src/solvers/imex_ark.jl:93 [inlined]
copyto! at /glade/u/home/reich/.julia/packages/ClimaCore/xDlva/ext/cuda/data_layouts_copyto.jl:49
macro expansion at /glade/u/home/reich/.julia/packages/ClimaTimeSteppers/o2zml/src/integrators.jl:187 [inlined]
do_apply at /cache/build/builder-demeter6-3/julialang/julia-release-1-dot-11/src/builtins.c:831
update_stage! at /glade/u/home/reich/.julia/packages/ClimaTimeSteppers/o2zml/src/solvers/imex_ark.jl:96 [inlined]
#114 at /cache/build/builder-demeter6-3/julialang/julia-release-1-dot-11/usr/share/julia/stdlib/v1.11/Distributed/src/process_messages.jl:303
#100 at /cache/build/builder-demeter6-3/julialang/julia-release-1-dot-11/usr/share/julia/stdlib/v1.11/Distributed/src/process_messages.jl:88
step_u! at /glade/u/home/reich/.julia/packages/NVTX/F7ji4/src/macro.jl:194
step_u! at /glade/u/home/reich/.julia/packages/NVTX/F7ji4/src/macro.jl:194
update_stage! at /glade/u/home/reich/.julia/packages/ClimaTimeSteppers/o2zml/src/solvers/imex_ark.jl:96 [inlined]
copyto! at /glade/u/home/reich/.julia/packages/ClimaCore/xDlva/src/DataLayouts/copyto.jl:17 [inlined]
solve! at /glade/u/home/reich/.julia/packages/NVTX/F7ji4/src/macro.jl:194
#114 at /cache/build/builder-demeter6-3/julialang/julia-release-1-dot-11/usr/share/julia/stdlib/v1.11/Distributed/src/process_messages.jl:303
step_u! at /glade/u/home/reich/.julia/packages/ClimaTimeSteppers/o2zml/src/solvers/imex_ark.jl:71
run_work_thunk at /cache/build/builder-demeter6-3/julialang/julia-release-1-dot-11/usr/share/julia/stdlib/v1.11/Distributed/src/process_messages.jl:70
unknown function (ip: 0x14a67e34a77f)
__step! at /glade/u/home/reich/.julia/packages/ClimaTimeSteppers/o2zml/src/integrators.jl:242
__step! at /glade/u/home/reich/.julia/packages/ClimaTimeSteppers/o2zml/src/integrators.jl:242
step_u! at /glade/u/home/reich/.julia/packages/ClimaTimeSteppers/o2zml/src/solvers/imex_ark.jl:71
copyto! at /glade/u/home/reich/.julia/packages/ClimaCore/xDlva/src/Fields/broadcast.jl:231 [inlined]
solve! at /glade/derecho/scratch/reich/ClimaLand.jl/src/simulations/Simulations.jl:321
run_work_thunk at /cache/build/builder-demeter6-3/julialang/julia-release-1-dot-11/usr/share/julia/stdlib/v1.11/Distributed/src/process_messages.jl:70
macro expansion at /glade/u/home/reich/.julia/packages/ClimaTimeSteppers/o2zml/src/integrators.jl:265 [inlined]
unknown function (ip: 0x14e5eaf4ec8b)
jl_apply at /cache/build/builder-demeter6-3/julialang/julia-release-1-dot-11/src/julia.h:2157 [inlined]
macro expansion at /glade/u/home/reich/.julia/packages/ClimaTimeSteppers/o2zml/src/integrators.jl:187 [inlined]
macro expansion at /glade/u/home/reich/.julia/packages/ClimaTimeSteppers/o2zml/src/integrators.jl:187 [inlined]
macro expansion at /glade/u/home/reich/.julia/packages/ClimaTimeSteppers/o2zml/src/integrators.jl:265 [inlined]
copy at /glade/u/home/reich/.julia/packages/ClimaCore/xDlva/src/Fields/broadcast.jl:118
unknown function (ip: 0x149aeaf5e332)
unknown function (ip: 0x14a154303c5b)
step_u! at /glade/u/home/reich/.julia/packages/NVTX/F7ji4/src/macro.jl:194
run_work_thunk at /cache/build/builder-demeter6-3/julialang/julia-release-1-dot-11/usr/share/julia/stdlib/v1.11/Distributed/src/process_messages.jl:79
start_task at /cache/build/builder-demeter6-3/julialang/julia-release-1-dot-11/src/task.c:1202
solve! at /glade/u/home/reich/.julia/packages/NVTX/F7ji4/src/macro.jl:194
solve! at /glade/u/home/reich/.julia/packages/NVTX/F7ji4/src/macro.jl:194
step_u! at /glade/u/home/reich/.julia/packages/NVTX/F7ji4/src/macro.jl:194
materialize at ./broadcast.jl:872 [inlined]
forward_model at /glade/derecho/scratch/reich/ClimaLand.jl/experiments/calibration/model_interface.jl:325
run_work_thunk at /cache/build/builder-demeter6-3/julialang/julia-release-1-dot-11/usr/share/julia/stdlib/v1.11/Distributed/src/process_messages.jl:79
__step! at /glade/u/home/reich/.julia/packages/ClimaTimeSteppers/o2zml/src/integrators.jl:242
#100 at /cache/build/builder-demeter6-3/julialang/julia-release-1-dot-11/usr/share/julia/stdlib/v1.11/Distributed/src/process_messages.jl:88
unknown function (ip: (nil))
solve! at /glade/derecho/scratch/reich/ClimaLand.jl/src/simulations/Simulations.jl:321
solve! at /glade/derecho/scratch/reich/ClimaLand.jl/src/simulations/Simulations.jl:321
__step! at /glade/u/home/reich/.julia/packages/ClimaTimeSteppers/o2zml/src/integrators.jl:242
pi_groups_from_calibrated_traits at /glade/derecho/scratch/reich/ClimaLand.jl/src/standalone/Vegetation/uspacmodel.jl:392
unknown function (ip: 0x149b5a1bc6dc)
#100 at /cache/build/builder-demeter6-3/julialang/julia-release-1-dot-11/usr/share/julia/stdlib/v1.11/Distributed/src/process_messages.jl:88
macro expansion at /glade/u/home/reich/.julia/packages/ClimaTimeSteppers/o2zml/src/integrators.jl:187 [inlined]
unknown function (ip: 0x14e5eaf4e7bf)
Allocations: 55568062750 (Pool: 55498396219; Big: 69666531); GC: 49043
unknown function (ip: 0x1467b195efa2)
unknown function (ip: 0x14aeaed5f082)
macro expansion at /glade/u/home/reich/.julia/packages/ClimaTimeSteppers/o2zml/src/integrators.jl:187 [inlined]
unknown function (ip: 0x14b2573d3768)
unknown function (ip: 0x14a15430378f)
jl_apply at /cache/build/builder-demeter6-3/julialang/julia-release-1-dot-11/src/julia.h:2157 [inlined]
solve! at /glade/u/home/reich/.julia/packages/NVTX/F7ji4/src/macro.jl:194
jl_apply at /cache/build/builder-demeter6-3/julialang/julia-release-1-dot-11/src/julia.h:2157 [inlined]
forward_model at /glade/derecho/scratch/reich/ClimaLand.jl/experiments/calibration/model_interface.jl:325
forward_model at /glade/derecho/scratch/reich/ClimaLand.jl/experiments/calibration/model_interface.jl:325
solve! at /glade/u/home/reich/.julia/packages/NVTX/F7ji4/src/macro.jl:194
update_canopy_conductance! at /glade/derecho/scratch/reich/ClimaLand.jl/src/standalone/Vegetation/stomatalconductance.jl:379
jl_f__call_latest at /cache/build/builder-demeter6-3/julialang/julia-release-1-dot-11/src/builtins.c:875
jl_apply at /cache/build/builder-demeter6-3/julialang/julia-release-1-dot-11/src/julia.h:2157 [inlined]
solve! at /glade/derecho/scratch/reich/ClimaLand.jl/src/simulations/Simulations.jl:321
start_task at /cache/build/builder-demeter6-3/julialang/julia-release-1-dot-11/src/task.c:1202
unknown function (ip: 0x14681cb756fc)
unknown function (ip: 0x14af1dfbc4cc)
solve! at /glade/derecho/scratch/reich/ClimaLand.jl/src/simulations/Simulations.jl:321
update_aux! at /glade/derecho/scratch/reich/ClimaLand.jl/src/standalone/Vegetation/Canopy.jl:1102
jl_apply at /cache/build/builder-demeter6-3/julialang/julia-release-1-dot-11/src/julia.h:2157 [inlined]
start_task at /cache/build/builder-demeter6-3/julialang/julia-release-1-dot-11/src/task.c:1202
unknown function (ip: 0x14ab911576b2)
unknown function (ip: (nil))
jl_apply at /cache/build/builder-demeter6-3/julialang/julia-release-1-dot-11/src/julia.h:2157 [inlined]
unknown function (ip: 0x1519d2b4c8a2)
jl_apply at /cache/build/builder-demeter6-3/julialang/julia-release-1-dot-11/src/julia.h:2157 [inlined]
update_aux! at /glade/derecho/scratch/reich/ClimaLand.jl/src/ClimaLand.jl:193
do_apply at /cache/build/builder-demeter6-3/julialang/julia-release-1-dot-11/src/builtins.c:831
unknown function (ip: (nil))
forward_model at /glade/derecho/scratch/reich/ClimaLand.jl/experiments/calibration/model_interface.jl:325
Allocations: 55490412373 (Pool: 55420843150; Big: 69569223); GC: 48520
jl_f__call_latest at /cache/build/builder-demeter6-3/julialang/julia-release-1-dot-11/src/builtins.c:875
forward_model at /glade/derecho/scratch/reich/ClimaLand.jl/experiments/calibration/model_interface.jl:325
jl_f__call_latest at /cache/build/builder-demeter6-3/julialang/julia-release-1-dot-11/src/builtins.c:875
jacobian! at /glade/derecho/scratch/reich/ClimaLand.jl/src/shared_utilities/implicit_timestepping.jl:28 [inlined]
Allocations: 55482853301 (Pool: 55413291283; Big: 69562018); GC: 46046
unknown function (ip: 0x14abfc1bc6bc)
jl_apply at /cache/build/builder-demeter6-3/julialang/julia-release-1-dot-11/src/julia.h:2157 [inlined]
unknown function (ip: 0x151a41d7580c)
jl_apply at /cache/build/builder-demeter6-3/julialang/julia-release-1-dot-11/src/julia.h:2157 [inlined]
#invokelatest#2 at ./essentials.jl:1055
#96 at /glade/u/home/reich/.julia/packages/ClimaTimeSteppers/o2zml/src/solvers/imex_ark.jl:143 [inlined]
do_apply at /cache/build/builder-demeter6-3/julialang/julia-release-1-dot-11/src/builtins.c:831
jl_apply at /cache/build/builder-demeter6-3/julialang/julia-release-1-dot-11/src/julia.h:2157 [inlined]
jl_apply at /cache/build/builder-demeter6-3/julialang/julia-release-1-dot-11/src/julia.h:2157 [inlined]
do_apply at /cache/build/builder-demeter6-3/julialang/julia-release-1-dot-11/src/builtins.c:831
jl_apply at /cache/build/builder-demeter6-3/julialang/julia-release-1-dot-11/src/julia.h:2157 [inlined]
macro expansion at /glade/u/home/reich/.julia/packages/ClimaTimeSteppers/o2zml/src/nl_solvers/newtons_method.jl:593 [inlined]
jl_f__call_latest at /cache/build/builder-demeter6-3/julialang/julia-release-1-dot-11/src/builtins.c:875
jl_f__call_latest at /cache/build/builder-demeter6-3/julialang/julia-release-1-dot-11/src/builtins.c:875
do_apply at /cache/build/builder-demeter6-3/julialang/julia-release-1-dot-11/src/builtins.c:831
solve_newton! at /glade/u/home/reich/.julia/packages/NVTX/F7ji4/src/macro.jl:194
#invokelatest#2 at ./essentials.jl:1055
jl_apply at /cache/build/builder-demeter6-3/julialang/julia-release-1-dot-11/src/julia.h:2157 [inlined]
jl_apply at /cache/build/builder-demeter6-3/julialang/julia-release-1-dot-11/src/julia.h:2157 [inlined]
#invokelatest#2 at ./essentials.jl:1055
update_stage! at /glade/u/home/reich/.julia/packages/ClimaTimeSteppers/o2zml/src/solvers/imex_ark.jl:138 [inlined]
jl_apply at /cache/build/builder-demeter6-3/julialang/julia-release-1-dot-11/src/julia.h:2157 [inlined]
do_apply at /cache/build/builder-demeter6-3/julialang/julia-release-1-dot-11/src/builtins.c:831
do_apply at /cache/build/builder-demeter6-3/julialang/julia-release-1-dot-11/src/builtins.c:831
jl_apply at /cache/build/builder-demeter6-3/julialang/julia-release-1-dot-11/src/julia.h:2157 [inlined]
invokelatest at ./essentials.jl:1052
update_stage! at /glade/u/home/reich/.julia/packages/ClimaTimeSteppers/o2zml/src/solvers/imex_ark.jl:93 [inlined]
do_apply at /cache/build/builder-demeter6-3/julialang/julia-release-1-dot-11/src/builtins.c:831
do_apply at /cache/build/builder-demeter6-3/julialang/julia-release-1-dot-11/src/builtins.c:831
jl_apply at /cache/build/builder-demeter6-3/julialang/julia-release-1-dot-11/src/julia.h:2157 [inlined]
update_stage! at /glade/u/home/reich/.julia/packages/ClimaTimeSteppers/o2zml/src/solvers/imex_ark.jl:96 [inlined]
#invokelatest#2 at ./essentials.jl:1055
#invokelatest#2 at ./essentials.jl:1055
invokelatest at ./essentials.jl:1052
invokelatest at ./essentials.jl:1052
do_apply at /cache/build/builder-demeter6-3/julialang/julia-release-1-dot-11/src/builtins.c:831
step_u! at /glade/u/home/reich/.julia/packages/ClimaTimeSteppers/o2zml/src/solvers/imex_ark.jl:71
jl_apply at /cache/build/builder-demeter6-3/julialang/julia-release-1-dot-11/src/julia.h:2157 [inlined]
jl_apply at /cache/build/builder-demeter6-3/julialang/julia-release-1-dot-11/src/julia.h:2157 [inlined]
jl_apply at /cache/build/builder-demeter6-3/julialang/julia-release-1-dot-11/src/julia.h:2157 [inlined]
jl_apply at /cache/build/builder-demeter6-3/julialang/julia-release-1-dot-11/src/julia.h:2157 [inlined]
#114 at /cache/build/builder-demeter6-3/julialang/julia-release-1-dot-11/usr/share/julia/stdlib/v1.11/Distributed/src/process_messages.jl:303
macro expansion at /glade/u/home/reich/.julia/packages/ClimaTimeSteppers/o2zml/src/integrators.jl:265 [inlined]
do_apply at /cache/build/builder-demeter6-3/julialang/julia-release-1-dot-11/src/builtins.c:831
do_apply at /cache/build/builder-demeter6-3/julialang/julia-release-1-dot-11/src/builtins.c:831
do_apply at /cache/build/builder-demeter6-3/julialang/julia-release-1-dot-11/src/builtins.c:831
do_apply at /cache/build/builder-demeter6-3/julialang/julia-release-1-dot-11/src/builtins.c:831
run_work_thunk at /cache/build/builder-demeter6-3/julialang/julia-release-1-dot-11/usr/share/julia/stdlib/v1.11/Distributed/src/process_messages.jl:70
step_u! at /glade/u/home/reich/.julia/packages/NVTX/F7ji4/src/macro.jl:194
#114 at /cache/build/builder-demeter6-3/julialang/julia-release-1-dot-11/usr/share/julia/stdlib/v1.11/Distributed/src/process_messages.jl:303
#114 at /cache/build/builder-demeter6-3/julialang/julia-release-1-dot-11/usr/share/julia/stdlib/v1.11/Distributed/src/process_messages.jl:303
unknown function (ip: 0x149b5a14ec7b)
__step! at /glade/u/home/reich/.julia/packages/ClimaTimeSteppers/o2zml/src/integrators.jl:242
invokelatest at ./essentials.jl:1052
run_work_thunk at /cache/build/builder-demeter6-3/julialang/julia-release-1-dot-11/usr/share/julia/stdlib/v1.11/Distributed/src/process_messages.jl:70
invokelatest at ./essentials.jl:1052
run_work_thunk at /cache/build/builder-demeter6-3/julialang/julia-release-1-dot-11/usr/share/julia/stdlib/v1.11/Distributed/src/process_messages.jl:70
run_work_thunk at /cache/build/builder-demeter6-3/julialang/julia-release-1-dot-11/usr/share/julia/stdlib/v1.11/Distributed/src/process_messages.jl:79
macro expansion at /glade/u/home/reich/.julia/packages/ClimaTimeSteppers/o2zml/src/integrators.jl:187 [inlined]
jl_apply at /cache/build/builder-demeter6-3/julialang/julia-release-1-dot-11/src/julia.h:2157 [inlined]
unknown function (ip: 0x14681cb07cab)
jl_apply at /cache/build/builder-demeter6-3/julialang/julia-release-1-dot-11/src/julia.h:2157 [inlined]
unknown function (ip: 0x14af1df4ea4b)
#100 at /cache/build/builder-demeter6-3/julialang/julia-release-1-dot-11/usr/share/julia/stdlib/v1.11/Distributed/src/process_messages.jl:88
solve! at /glade/u/home/reich/.julia/packages/NVTX/F7ji4/src/macro.jl:194
do_apply at /cache/build/builder-demeter6-3/julialang/julia-release-1-dot-11/src/builtins.c:831
run_work_thunk at /cache/build/builder-demeter6-3/julialang/julia-release-1-dot-11/usr/share/julia/stdlib/v1.11/Distributed/src/process_messages.jl:79
do_apply at /cache/build/builder-demeter6-3/julialang/julia-release-1-dot-11/src/builtins.c:831
run_work_thunk at /cache/build/builder-demeter6-3/julialang/julia-release-1-dot-11/usr/share/julia/stdlib/v1.11/Distributed/src/process_messages.jl:79
unknown function (ip: 0x149b5a14e7af)
solve! at /glade/derecho/scratch/reich/ClimaLand.jl/src/simulations/Simulations.jl:321
#114 at /cache/build/builder-demeter6-3/julialang/julia-release-1-dot-11/usr/share/julia/stdlib/v1.11/Distributed/src/process_messages.jl:303
#100 at /cache/build/builder-demeter6-3/julialang/julia-release-1-dot-11/usr/share/julia/stdlib/v1.11/Distributed/src/process_messages.jl:88
#114 at /cache/build/builder-demeter6-3/julialang/julia-release-1-dot-11/usr/share/julia/stdlib/v1.11/Distributed/src/process_messages.jl:303
#100 at /cache/build/builder-demeter6-3/julialang/julia-release-1-dot-11/usr/share/julia/stdlib/v1.11/Distributed/src/process_messages.jl:88
unknown function (ip: 0x14b24bb5f792)
jl_apply at /cache/build/builder-demeter6-3/julialang/julia-release-1-dot-11/src/julia.h:2157 [inlined]
run_work_thunk at /cache/build/builder-demeter6-3/julialang/julia-release-1-dot-11/usr/share/julia/stdlib/v1.11/Distributed/src/process_messages.jl:70
unknown function (ip: 0x14681cb077df)
run_work_thunk at /cache/build/builder-demeter6-3/julialang/julia-release-1-dot-11/usr/share/julia/stdlib/v1.11/Distributed/src/process_messages.jl:70
unknown function (ip: 0x14af1df4e57f)
forward_model at /glade/derecho/scratch/reich/ClimaLand.jl/experiments/calibration/model_interface.jl:325
start_task at /cache/build/builder-demeter6-3/julialang/julia-release-1-dot-11/src/task.c:1202
unknown function (ip: 0x14abfc14ec5b)
unknown function (ip: 0x151a41d03c6b)
jl_apply at /cache/build/builder-demeter6-3/julialang/julia-release-1-dot-11/src/julia.h:2157 [inlined]
unknown function (ip: 0x14b2b67bc80c)
jl_apply at /cache/build/builder-demeter6-3/julialang/julia-release-1-dot-11/src/julia.h:2157 [inlined]
unknown function (ip: (nil))
run_work_thunk at /cache/build/builder-demeter6-3/julialang/julia-release-1-dot-11/usr/share/julia/stdlib/v1.11/Distributed/src/process_messages.jl:79
run_work_thunk at /cache/build/builder-demeter6-3/julialang/julia-release-1-dot-11/usr/share/julia/stdlib/v1.11/Distributed/src/process_messages.jl:79
start_task at /cache/build/builder-demeter6-3/julialang/julia-release-1-dot-11/src/task.c:1202
jl_apply at /cache/build/builder-demeter6-3/julialang/julia-release-1-dot-11/src/julia.h:2157 [inlined]
start_task at /cache/build/builder-demeter6-3/julialang/julia-release-1-dot-11/src/task.c:1202
Allocations: 55545479759 (Pool: 55475823952; Big: 69655807); GC: 48879
#100 at /cache/build/builder-demeter6-3/julialang/julia-release-1-dot-11/usr/share/julia/stdlib/v1.11/Distributed/src/process_messages.jl:88
#100 at /cache/build/builder-demeter6-3/julialang/julia-release-1-dot-11/usr/share/julia/stdlib/v1.11/Distributed/src/process_messages.jl:88
unknown function (ip: (nil))
jl_f__call_latest at /cache/build/builder-demeter6-3/julialang/julia-release-1-dot-11/src/builtins.c:875
unknown function (ip: (nil))
unknown function (ip: 0x14abfc14e78f)
unknown function (ip: 0x151a41d0379f)
Allocations: 55496657918 (Pool: 55427067681; Big: 69590237); GC: 48547
jl_apply at /cache/build/builder-demeter6-3/julialang/julia-release-1-dot-11/src/julia.h:2157 [inlined]
Allocations: 55557713300 (Pool: 55488046688; Big: 69666612); GC: 45644
jl_apply at /cache/build/builder-demeter6-3/julialang/julia-release-1-dot-11/src/julia.h:2157 [inlined]
jl_apply at /cache/build/builder-demeter6-3/julialang/julia-release-1-dot-11/src/julia.h:2157 [inlined]
do_apply at /cache/build/builder-demeter6-3/julialang/julia-release-1-dot-11/src/builtins.c:831
start_task at /cache/build/builder-demeter6-3/julialang/julia-release-1-dot-11/src/task.c:1202
start_task at /cache/build/builder-demeter6-3/julialang/julia-release-1-dot-11/src/task.c:1202
unknown function (ip: (nil))
unknown function (ip: (nil))
Allocations: 55474367106 (Pool: 55404801529; Big: 69565577); GC: 47686
#invokelatest#2 at ./essentials.jl:1055
Allocations: 55451433696 (Pool: 55381913969; Big: 69519727); GC: 45172
jl_apply at /cache/build/builder-demeter6-3/julialang/julia-release-1-dot-11/src/julia.h:2157 [inlined]
do_apply at /cache/build/builder-demeter6-3/julialang/julia-release-1-dot-11/src/builtins.c:831
invokelatest at ./essentials.jl:1052
jl_apply at /cache/build/builder-demeter6-3/julialang/julia-release-1-dot-11/src/julia.h:2157 [inlined]
do_apply at /cache/build/builder-demeter6-3/julialang/julia-release-1-dot-11/src/builtins.c:831
#114 at /cache/build/builder-demeter6-3/julialang/julia-release-1-dot-11/usr/share/julia/stdlib/v1.11/Distributed/src/process_messages.jl:303
run_work_thunk at /cache/build/builder-demeter6-3/julialang/julia-release-1-dot-11/usr/share/julia/stdlib/v1.11/Distributed/src/process_messages.jl:70
unknown function (ip: 0x14b2b674ac7b)
run_work_thunk at /cache/build/builder-demeter6-3/julialang/julia-release-1-dot-11/usr/share/julia/stdlib/v1.11/Distributed/src/process_messages.jl:79
#100 at /cache/build/builder-demeter6-3/julialang/julia-release-1-dot-11/usr/share/julia/stdlib/v1.11/Distributed/src/process_messages.jl:88
unknown function (ip: 0x14b2b674a7af)
jl_apply at /cache/build/builder-demeter6-3/julialang/julia-release-1-dot-11/src/julia.h:2157 [inlined]
start_task at /cache/build/builder-demeter6-3/julialang/julia-release-1-dot-11/src/task.c:1202
unknown function (ip: (nil))
Allocations: 55527189548 (Pool: 55457556955; Big: 69632593); GC: 45555
