julia_worker:9194#10.169.152.31
julia_worker:9374#10.169.152.48
julia_worker:9860#10.169.152.15
julia_worker:9135#10.169.152.13
julia_worker:9617#10.169.152.11
julia_worker:9696#10.169.152.3
julia_worker:9505#10.169.152.7
julia_worker:9664#10.169.152.1
julia_worker:9530#10.169.152.44
julia_worker:9635#10.169.152.9
julia_worker:9528#10.169.152.5
julia_worker:9526#10.169.152.20
julia_worker:9637#10.169.152.18

[37530] signal 15: Terminated

[1635] signal 15: Terminated

[22374] signal 15: Terminated
in expression starting at none:0
in expression starting at none:0
in expression starting at none:0

[89617] signal 15: Terminated

[65135] signal 15: Terminated
in expression starting at none:0
in expression starting at none:0

[94505] signal 15: Terminated

[81194] signal 15: Terminated
in expression starting at none:0
in expression starting at none:0

[7664] signal 15: Terminated
in expression starting at none:0

[57528] signal 15: Terminated
in expression starting at none:0

[96860] signal 15: Terminated

[60526] signal 15: Terminated
in expression starting at none:0
in expression starting at none:0

[108637] signal 15: Terminated
in expression starting at none:0

[105696] signal 15: Terminated
in expression starting at none:0
unknown function (ip: 0x1459c94dfe5a)
unknown function (ip: 0x1459c94e127f)
unknown function (ip: 0x1459c957d4cd)
cuOccupancyMaxPotentialBlockSize at /usr/lib64/libcuda.so.1 (unknown line)
__futex_abstimed_wait_common at /lib64/libc.so.6 (unknown line)
__futex_abstimed_wait_common at /lib64/libc.so.6 (unknown line)
pthread_cond_wait at /lib64/libc.so.6 (unknown line)
__futex_abstimed_wait_common at /lib64/libc.so.6 (unknown line)
pthread_cond_wait at /lib64/libc.so.6 (unknown line)
ioctl at /lib64/libc.so.6 (unknown line)
__futex_abstimed_wait_common at /lib64/libc.so.6 (unknown line)
__futex_abstimed_wait_common at /lib64/libc.so.6 (unknown line)
ioctl at /lib64/libc.so.6 (unknown line)
pthread_cond_wait at /lib64/libc.so.6 (unknown line)
unknown function (ip: 0x14c3f924f893)
pthread_cond_wait at /lib64/libc.so.6 (unknown line)
pthread_cond_wait at /lib64/libc.so.6 (unknown line)
unknown function (ip: 0x150af084f893)
unknown function (ip: 0x14c3f924fde0)
unknown function (ip: 0x150af084fde0)
unknown function (ip: 0x14c3f90fedc7)
unknown function (ip: 0x150af06fedc7)
unknown function (ip: 0x14c3f9287e69)
unknown function (ip: 0x150af0887e69)
unknown function (ip: 0x14c3f9289843)
unknown function (ip: 0x150af0889843)
unknown function (ip: 0x14c3f92100c6)
unknown function (ip: 0x150af08100c6)
unknown function (ip: 0x14c3f92186b9)
unknown function (ip: 0x150af08186b9)
unknown function (ip: 0x14c3f921d435)
unknown function (ip: 0x150af081d435)
unknown function (ip: 0x14c3f921cb96)
unknown function (ip: 0x150af081cb96)
unknown function (ip: 0x14c3f8fc5872)
unknown function (ip: 0x150af05c5872)
unknown function (ip: 0x14c3f913ab66)
unknown function (ip: 0x150af073ab66)
cuMemFree_v2 at /usr/lib64/libcuda.so.1 (unknown line)
cuMemFree_v2 at /usr/lib64/libcuda.so.1 (unknown line)
uv_cond_wait at /workspace/srcdir/libuv/src/unix/thread.c:822
uv_cond_wait at /workspace/srcdir/libuv/src/unix/thread.c:822
typekey_hash at /cache/build/builder-demeter6-3/julialang/julia-release-1-dot-11/src/jltypes.c:1633
jl_table_peek_bp at /cache/build/builder-demeter6-3/julialang/julia-release-1-dot-11/src/iddict.c:116 [inlined]
ijl_task_get_next at /cache/build/builder-demeter6-3/julialang/julia-release-1-dot-11/src/scheduler.c:584
int64hash at /cache/build/builder-demeter6-3/julialang/julia-release-1-dot-11/src/support/hashing.c:36
int64hash at /cache/build/builder-demeter6-3/julialang/julia-release-1-dot-11/src/support/hashing.c:33
ijl_task_get_next at /cache/build/builder-demeter6-3/julialang/julia-release-1-dot-11/src/scheduler.c:584
macro expansion at /glade/u/home/reich/.julia/packages/GPUToolbox/XaIIx/src/ccalls.jl:143 [inlined]
getindex at /glade/u/home/reich/.julia/packages/GPUArrays/0F4Dn/src/host/abstractarray.jl:72 [inlined]
uv_cond_wait at /workspace/srcdir/libuv/src/unix/thread.c:822
uv_cond_wait at /workspace/srcdir/libuv/src/unix/thread.c:822
ijl_eqtable_get at /cache/build/builder-demeter6-3/julialang/julia-release-1-dot-11/src/iddict.c:157
lookup_type at /cache/build/builder-demeter6-3/julialang/julia-release-1-dot-11/src/jltypes.c:1073
uv_cond_wait at /workspace/srcdir/libuv/src/unix/thread.c:822
macro expansion at /glade/u/home/reich/.julia/packages/GPUToolbox/XaIIx/src/ccalls.jl:143 [inlined]
macro expansion at /glade/u/home/reich/.julia/packages/GPUToolbox/XaIIx/src/ccalls.jl:143 [inlined]
bitmix at /cache/build/builder-demeter6-3/julialang/julia-release-1-dot-11/src/support/hashing.h:31 [inlined]
macro expansion at /glade/u/home/reich/.julia/packages/CUDA/TPbi4/lib/cudadrv/libcuda.jl:5438 [inlined]
bitmix at /cache/build/builder-demeter6-3/julialang/julia-release-1-dot-11/src/support/hashing.h:31 [inlined]
unsafe_convert at /glade/u/home/reich/.julia/packages/CUDA/TPbi4/src/array.jl:466
ijl_task_get_next at /cache/build/builder-demeter6-3/julialang/julia-release-1-dot-11/src/scheduler.c:584
ijl_task_get_next at /cache/build/builder-demeter6-3/julialang/julia-release-1-dot-11/src/scheduler.c:584
inst_datatype_inner at /cache/build/builder-demeter6-3/julialang/julia-release-1-dot-11/src/jltypes.c:1978
ijl_task_get_next at /cache/build/builder-demeter6-3/julialang/julia-release-1-dot-11/src/scheduler.c:584
macro expansion at /glade/u/home/reich/.julia/packages/CUDA/TPbi4/lib/cudadrv/libcuda.jl:194 [inlined]
macro expansion at /glade/u/home/reich/.julia/packages/CUDA/TPbi4/lib/cudadrv/libcuda.jl:194 [inlined]
typekeyvalue_hash at /cache/build/builder-demeter6-3/julialang/julia-release-1-dot-11/src/jltypes.c:1670 [inlined]
#746 at /glade/u/home/reich/.julia/packages/GPUToolbox/XaIIx/src/ccalls.jl:34 [inlined]
typekeyvalue_hash at /cache/build/builder-demeter6-3/julialang/julia-release-1-dot-11/src/jltypes.c:1670 [inlined]
#pointer#1158 at /glade/u/home/reich/.julia/packages/CUDA/TPbi4/src/array.jl:424 [inlined]
inst_datatype_env at /cache/build/builder-demeter6-3/julialang/julia-release-1-dot-11/src/jltypes.c:1357 [inlined]
#14 at /glade/u/home/reich/.julia/packages/GPUToolbox/XaIIx/src/ccalls.jl:34 [inlined]
getindex at ./iddict.jl:97 [inlined]
#14 at /glade/u/home/reich/.julia/packages/GPUToolbox/XaIIx/src/ccalls.jl:34 [inlined]
lookup_typevalue at /cache/build/builder-demeter6-3/julialang/julia-release-1-dot-11/src/jltypes.c:1088
check at /glade/u/home/reich/.julia/packages/CUDA/TPbi4/lib/cudadrv/libcuda.jl:35 [inlined]
lookup_typevalue at /cache/build/builder-demeter6-3/julialang/julia-release-1-dot-11/src/jltypes.c:1088
pointer at /glade/u/home/reich/.julia/packages/CUDA/TPbi4/src/array.jl:416 [inlined]
inst_datatype_env at /cache/build/builder-demeter6-3/julialang/julia-release-1-dot-11/src/jltypes.c:1361 [inlined]
check at /glade/u/home/reich/.julia/packages/CUDA/TPbi4/lib/cudadrv/libcuda.jl:35 [inlined]
task_local_state! at /glade/u/home/reich/.julia/packages/CUDA/TPbi4/lib/cudadrv/state.jl:72
check at /glade/u/home/reich/.julia/packages/CUDA/TPbi4/lib/cudadrv/libcuda.jl:35 [inlined]
cuOccupancyMaxPotentialBlockSize at /glade/u/home/reich/.julia/packages/GPUToolbox/XaIIx/src/ccalls.jl:33 [inlined]
jl_inst_arg_tuple_type at /cache/build/builder-demeter6-3/julialang/julia-release-1-dot-11/src/jltypes.c:2319
jl_inst_arg_tuple_type at /cache/build/builder-demeter6-3/julialang/julia-release-1-dot-11/src/jltypes.c:2319
pointer at /glade/u/home/reich/.julia/packages/CUDA/TPbi4/src/array.jl:416 [inlined]
inst_datatype_env at /cache/build/builder-demeter6-3/julialang/julia-release-1-dot-11/src/jltypes.c:1361 [inlined]
cuMemFree_v2 at /glade/u/home/reich/.julia/packages/GPUToolbox/XaIIx/src/ccalls.jl:33 [inlined]
cuMemFree_v2 at /glade/u/home/reich/.julia/packages/GPUToolbox/XaIIx/src/ccalls.jl:33 [inlined]
active_state at /glade/u/home/reich/.julia/packages/CUDA/TPbi4/lib/cudadrv/state.jl:110 [inlined]
#launch_configuration#1014 at /glade/u/home/reich/.julia/packages/CUDA/TPbi4/lib/cudadrv/occupancy.jl:62
jl_f_tuple at /cache/build/builder-demeter6-3/julialang/julia-release-1-dot-11/src/builtins.c:931 [inlined]
unsafe_convert at /glade/u/home/reich/.julia/packages/CUDA/TPbi4/src/array.jl:486 [inlined]
jl_f_tuple at /cache/build/builder-demeter6-3/julialang/julia-release-1-dot-11/src/builtins.c:931 [inlined]
inst_datatype_env at /cache/build/builder-demeter6-3/julialang/julia-release-1-dot-11/src/jltypes.c:1361 [inlined]
#free#966 at /glade/u/home/reich/.julia/packages/CUDA/TPbi4/lib/cudadrv/memory.jl:89
#free#966 at /glade/u/home/reich/.julia/packages/CUDA/TPbi4/lib/cudadrv/memory.jl:89
convert at /glade/u/home/reich/.julia/packages/CUDA/TPbi4/src/memory.jl:544
launch_configuration at /glade/u/home/reich/.julia/packages/CUDA/TPbi4/lib/cudadrv/occupancy.jl:56 [inlined]
jl_f_tuple at /cache/build/builder-demeter6-3/julialang/julia-release-1-dot-11/src/builtins.c:926
adapt_storage at /glade/u/home/reich/.julia/packages/CUDA/TPbi4/src/compiler/execution.jl:164 [inlined]
jl_f_tuple at /cache/build/builder-demeter6-3/julialang/julia-release-1-dot-11/src/builtins.c:926
ijl_apply_type at /cache/build/builder-demeter6-3/julialang/julia-release-1-dot-11/src/jltypes.c:1377
free at /glade/u/home/reich/.julia/packages/CUDA/TPbi4/lib/cudadrv/memory.jl:82 [inlined]
free at /glade/u/home/reich/.julia/packages/CUDA/TPbi4/lib/cudadrv/memory.jl:82 [inlined]
threads_via_occupancy at /glade/u/home/reich/.julia/packages/ClimaCore/xDlva/ext/cuda/cuda_utils.jl:208
unsafe_convert at /glade/u/home/reich/.julia/packages/CUDA/TPbi4/src/array.jl:466
adapt_structure at /glade/u/home/reich/.julia/packages/Adapt/2UZ81/src/Adapt.jl:57 [inlined]
#1136 at /glade/u/home/reich/.julia/packages/CUDA/TPbi4/src/memory.jl:722 [inlined]
#1136 at /glade/u/home/reich/.julia/packages/CUDA/TPbi4/src/memory.jl:722 [inlined]
single_field_solve! at /glade/u/home/reich/.julia/packages/ClimaCore/xDlva/ext/cuda/matrix_fields_single_field_solve.jl:22
#pointer#1158 at /glade/u/home/reich/.julia/packages/CUDA/TPbi4/src/array.jl:424 [inlined]
adapt at /glade/u/home/reich/.julia/packages/Adapt/2UZ81/src/Adapt.jl:40 [inlined]
#context!#1025 at /glade/u/home/reich/.julia/packages/CUDA/TPbi4/lib/cudadrv/state.jl:168 [inlined]
#context!#1025 at /glade/u/home/reich/.julia/packages/CUDA/TPbi4/lib/cudadrv/state.jl:168 [inlined]
single_field_solve! at /glade/u/home/reich/.julia/packages/ClimaCore/xDlva/src/MatrixFields/single_field_solver.jl:69 [inlined]
capture_status at /glade/u/home/reich/.julia/packages/CUDA/TPbi4/lib/cudadrv/graph.jl:175
pointer at /glade/u/home/reich/.julia/packages/CUDA/TPbi4/src/array.jl:416 [inlined]
NamedTuple at ./boot.jl:727 [inlined]
adapt_structure at /glade/u/home/reich/.julia/packages/ClimaCore/xDlva/src/DataLayouts/DataLayouts.jl:1694 [inlined]
context! at /glade/u/home/reich/.julia/packages/CUDA/TPbi4/lib/cudadrv/state.jl:163 [inlined]
context! at /glade/u/home/reich/.julia/packages/CUDA/TPbi4/lib/cudadrv/state.jl:163 [inlined]
#256 at /glade/u/home/reich/.julia/packages/ClimaCore/xDlva/src/MatrixFields/field_matrix_solver.jl:286 [inlined]
is_capturing at /glade/u/home/reich/.julia/packages/CUDA/TPbi4/lib/cudadrv/graph.jl:179 [inlined]
capture_status at /glade/u/home/reich/.julia/packages/CUDA/TPbi4/lib/cudadrv/graph.jl:175
pointer at /glade/u/home/reich/.julia/packages/CUDA/TPbi4/src/array.jl:416 [inlined]
capture_status at /glade/u/home/reich/.julia/packages/CUDA/TPbi4/lib/cudadrv/graph.jl:175
adapt at /glade/u/home/reich/.julia/packages/Adapt/2UZ81/src/Adapt.jl:40 [inlined]
_pool_free at /glade/u/home/reich/.julia/packages/CUDA/TPbi4/src/memory.jl:721 [inlined]
_pool_free at /glade/u/home/reich/.julia/packages/CUDA/TPbi4/src/memory.jl:721 [inlined]
macro expansion at /glade/u/home/reich/.julia/packages/UnrolledUtilities/kbLxQ/src/manually_unrolled_functions.jl:53 [inlined]
convert at /glade/u/home/reich/.julia/packages/CUDA/TPbi4/src/memory.jl:545
is_capturing at /glade/u/home/reich/.julia/packages/CUDA/TPbi4/lib/cudadrv/graph.jl:179 [inlined]
unsafe_convert at /glade/u/home/reich/.julia/packages/CUDA/TPbi4/src/array.jl:486 [inlined]
is_capturing at /glade/u/home/reich/.julia/packages/CUDA/TPbi4/lib/cudadrv/graph.jl:179 [inlined]
adapt_structure at /glade/u/home/reich/.julia/packages/ClimaCore/xDlva/src/Fields/Fields.jl:72
macro expansion at ./timing.jl:421 [inlined]
macro expansion at ./timing.jl:421 [inlined]
_unrolled_foreach at /glade/u/home/reich/.julia/packages/UnrolledUtilities/kbLxQ/src/manually_unrolled_functions.jl:51 [inlined]
unsafe_convert at /glade/u/home/reich/.julia/packages/CUDA/TPbi4/src/array.jl:466
convert at /glade/u/home/reich/.julia/packages/CUDA/TPbi4/src/memory.jl:545
adapt_storage at /glade/u/home/reich/.julia/packages/CUDA/TPbi4/src/compiler/execution.jl:164 [inlined]
convert at /glade/u/home/reich/.julia/packages/CUDA/TPbi4/src/memory.jl:545
adapt at /glade/u/home/reich/.julia/packages/Adapt/2UZ81/src/Adapt.jl:40 [inlined]
pool_free at /glade/u/home/reich/.julia/packages/CUDA/TPbi4/src/memory.jl:695
pool_free at /glade/u/home/reich/.julia/packages/CUDA/TPbi4/src/memory.jl:695
unrolled_foreach at /glade/u/home/reich/.julia/packages/UnrolledUtilities/kbLxQ/src/UnrolledUtilities.jl:170 [inlined]
#pointer#1158 at /glade/u/home/reich/.julia/packages/CUDA/TPbi4/src/array.jl:424 [inlined]
unsafe_convert at /glade/u/home/reich/.julia/packages/CUDA/TPbi4/src/array.jl:466
adapt_structure at /glade/u/home/reich/.julia/packages/Adapt/2UZ81/src/Adapt.jl:57 [inlined]
unsafe_convert at /glade/u/home/reich/.julia/packages/CUDA/TPbi4/src/array.jl:466
cudaconvert at /glade/u/home/reich/.julia/packages/CUDA/TPbi4/src/compiler/execution.jl:200 [inlined]
unknown function (ip: 0x14c43847e762)
unknown function (ip: 0x150b2ef7c002)
foreach at /glade/u/home/reich/.julia/packages/ClimaCore/xDlva/src/MatrixFields/field_name_set.jl:81
pointer at /glade/u/home/reich/.julia/packages/CUDA/TPbi4/src/array.jl:416 [inlined]
#pointer#1158 at /glade/u/home/reich/.julia/packages/CUDA/TPbi4/src/array.jl:424 [inlined]
adapt at /glade/u/home/reich/.julia/packages/Adapt/2UZ81/src/Adapt.jl:40 [inlined]
#pointer#1158 at /glade/u/home/reich/.julia/packages/CUDA/TPbi4/src/array.jl:424 [inlined]
map at ./tuple.jl:358 [inlined]
macro expansion at /glade/u/home/reich/.julia/packages/ClimaCore/xDlva/src/MatrixFields/field_matrix_solver.jl:285 [inlined]
pointer at /glade/u/home/reich/.julia/packages/CUDA/TPbi4/src/array.jl:416 [inlined]
pointer at /glade/u/home/reich/.julia/packages/CUDA/TPbi4/src/array.jl:416 [inlined]
adapt_structure at /glade/u/home/reich/.julia/packages/ClimaCore/xDlva/ext/cuda/adapt.jl:58
pointer at /glade/u/home/reich/.julia/packages/CUDA/TPbi4/src/array.jl:416 [inlined]
map at ./tuple.jl:358 [inlined]
run_field_matrix_solver! at /glade/u/home/reich/.julia/packages/NVTX/F7ji4/src/macro.jl:194
unsafe_convert at /glade/u/home/reich/.julia/packages/CUDA/TPbi4/src/array.jl:486 [inlined]
pointer at /glade/u/home/reich/.julia/packages/CUDA/TPbi4/src/array.jl:416 [inlined]
adapt at /glade/u/home/reich/.julia/packages/Adapt/2UZ81/src/Adapt.jl:40 [inlined]
pointer at /glade/u/home/reich/.julia/packages/CUDA/TPbi4/src/array.jl:416 [inlined]
release at /glade/u/home/reich/.julia/packages/GPUArrays/0F4Dn/src/host/abstractarray.jl:42
map at ./tuple.jl:358 [inlined]
release at /glade/u/home/reich/.julia/packages/GPUArrays/0F4Dn/src/host/abstractarray.jl:42
macro expansion at /glade/u/home/reich/.julia/packages/ClimaCore/xDlva/src/MatrixFields/field_matrix_solver.jl:354 [inlined]
adapt_storage at /glade/u/home/reich/.julia/packages/CUDA/TPbi4/src/compiler/execution.jl:164 [inlined]
unsafe_convert at /glade/u/home/reich/.julia/packages/CUDA/TPbi4/src/array.jl:486 [inlined]
cudaconvert at /glade/u/home/reich/.julia/packages/CUDA/TPbi4/src/compiler/execution.jl:200 [inlined]
unsafe_convert at /glade/u/home/reich/.julia/packages/CUDA/TPbi4/src/array.jl:486 [inlined]
unsafe_free! at /glade/u/home/reich/.julia/packages/GPUArrays/0F4Dn/src/host/abstractarray.jl:100 [inlined]
map at ./tuple.jl:358 [inlined]
unsafe_free! at /glade/u/home/reich/.julia/packages/GPUArrays/0F4Dn/src/host/abstractarray.jl:100 [inlined]
run_field_matrix_solver! at /glade/u/home/reich/.julia/packages/NVTX/F7ji4/src/macro.jl:194
adapt_structure at /glade/u/home/reich/.julia/packages/Adapt/2UZ81/src/Adapt.jl:57 [inlined]
adapt_storage at /glade/u/home/reich/.julia/packages/CUDA/TPbi4/src/compiler/execution.jl:164 [inlined]
map at ./tuple.jl:357 [inlined]
adapt_storage at /glade/u/home/reich/.julia/packages/CUDA/TPbi4/src/compiler/execution.jl:164 [inlined]
unsafe_free! at /glade/u/home/reich/.julia/packages/GPUArrays/0F4Dn/src/host/abstractarray.jl:115
macro expansion at /glade/u/home/reich/.julia/packages/CUDA/TPbi4/src/compiler/execution.jl:110 [inlined]
unsafe_free! at /glade/u/home/reich/.julia/packages/GPUArrays/0F4Dn/src/host/abstractarray.jl:115
macro expansion at /glade/u/home/reich/.julia/packages/ClimaCore/xDlva/src/MatrixFields/field_matrix_solver.jl:89 [inlined]
adapt at /glade/u/home/reich/.julia/packages/Adapt/2UZ81/src/Adapt.jl:40 [inlined]
adapt_structure at /glade/u/home/reich/.julia/packages/Adapt/2UZ81/src/Adapt.jl:57 [inlined]
map at ./tuple.jl:358 [inlined]
adapt_structure at /glade/u/home/reich/.julia/packages/Adapt/2UZ81/src/Adapt.jl:57 [inlined]
unknown function (ip: 0x14c438468772)
threads_via_occupancy at /glade/u/home/reich/.julia/packages/ClimaCore/xDlva/ext/cuda/cuda_utils.jl:207
unknown function (ip: 0x150b2ef65ff2)
field_matrix_solve! at /glade/u/home/reich/.julia/packages/NVTX/F7ji4/src/macro.jl:194
adapt_structure at /glade/u/home/reich/.julia/packages/ClimaCore/xDlva/src/DataLayouts/DataLayouts.jl:1694 [inlined]
adapt at /glade/u/home/reich/.julia/packages/Adapt/2UZ81/src/Adapt.jl:40 [inlined]
map at ./tuple.jl:358 [inlined]
adapt at /glade/u/home/reich/.julia/packages/Adapt/2UZ81/src/Adapt.jl:40 [inlined]
single_field_solve! at /glade/u/home/reich/.julia/packages/ClimaCore/xDlva/ext/cuda/matrix_fields_single_field_solve.jl:22
run_finalizer at /cache/build/builder-demeter6-3/julialang/julia-release-1-dot-11/src/gc.c:299
ldiv! at /glade/u/home/reich/.julia/packages/ClimaCore/xDlva/src/MatrixFields/field_matrix_with_solver.jl:57 [inlined]
adapt at /glade/u/home/reich/.julia/packages/Adapt/2UZ81/src/Adapt.jl:40 [inlined]
adapt_structure at /glade/u/home/reich/.julia/packages/Adapt/2UZ81/src/wrappers.jl:10 [inlined]
run_finalizer at /cache/build/builder-demeter6-3/julialang/julia-release-1-dot-11/src/gc.c:299
macro expansion at /glade/u/home/reich/.julia/packages/CUDA/TPbi4/src/compiler/execution.jl:110 [inlined]
adapt_structure at /glade/u/home/reich/.julia/packages/ClimaCore/xDlva/src/DataLayouts/DataLayouts.jl:1694 [inlined]
single_field_solve! at /glade/u/home/reich/.julia/packages/ClimaCore/xDlva/src/MatrixFields/single_field_solver.jl:69 [inlined]
poptask at ./task.jl:1012
poptask at ./task.jl:1012
poptask at ./task.jl:1012
poptask at ./task.jl:1012
jl_gc_run_finalizers_in_list at /cache/build/builder-demeter6-3/julialang/julia-release-1-dot-11/src/gc.c:389
macro expansion at /glade/u/home/reich/.julia/packages/ClimaTimeSteppers/o2zml/src/nl_solvers/newtons_method.jl:600 [inlined]
adapt_structure at /glade/u/home/reich/.julia/packages/ClimaCore/xDlva/ext/cuda/adapt.jl:58
adapt at /glade/u/home/reich/.julia/packages/Adapt/2UZ81/src/Adapt.jl:40 [inlined]
poptask at ./task.jl:1012
jl_gc_run_finalizers_in_list at /cache/build/builder-demeter6-3/julialang/julia-release-1-dot-11/src/gc.c:389
#auto_launch!#2 at /glade/u/home/reich/.julia/packages/ClimaCore/xDlva/ext/cuda/cuda_utils.jl:165
adapt at /glade/u/home/reich/.julia/packages/Adapt/2UZ81/src/Adapt.jl:40 [inlined]
#256 at /glade/u/home/reich/.julia/packages/ClimaCore/xDlva/src/MatrixFields/field_matrix_solver.jl:286 [inlined]
run_finalizers at /cache/build/builder-demeter6-3/julialang/julia-release-1-dot-11/src/gc.c:435
solve_newton! at /glade/u/home/reich/.julia/packages/NVTX/F7ji4/src/macro.jl:194
wait at ./task.jl:1021
adapt at /glade/u/home/reich/.julia/packages/Adapt/2UZ81/src/Adapt.jl:40 [inlined]
wait at ./task.jl:1021
wait at ./task.jl:1021
adapt_structure at /glade/u/home/reich/.julia/packages/ClimaCore/xDlva/src/DataLayouts/DataLayouts.jl:1694
wait at ./task.jl:1021
run_finalizers at /cache/build/builder-demeter6-3/julialang/julia-release-1-dot-11/src/gc.c:435
auto_launch! at /glade/u/home/reich/.julia/packages/ClimaCore/xDlva/ext/cuda/cuda_utils.jl:92 [inlined]
cudaconvert at /glade/u/home/reich/.julia/packages/CUDA/TPbi4/src/compiler/execution.jl:200 [inlined]
macro expansion at /glade/u/home/reich/.julia/packages/UnrolledUtilities/kbLxQ/src/manually_unrolled_functions.jl:53 [inlined]
run_finalizers at /cache/build/builder-demeter6-3/julialang/julia-release-1-dot-11/src/gc.c:416 [inlined]
wait at ./task.jl:1021
update_stage! at /glade/u/home/reich/.julia/packages/ClimaTimeSteppers/o2zml/src/solvers/imex_ark.jl:138 [inlined]
cudaconvert at /glade/u/home/reich/.julia/packages/CUDA/TPbi4/src/compiler/execution.jl:200 [inlined]
adapt at /glade/u/home/reich/.julia/packages/Adapt/2UZ81/src/Adapt.jl:40 [inlined]
#wait#731 at ./condition.jl:130
#wait#731 at ./condition.jl:130
#wait#731 at ./condition.jl:130
run_finalizers at /cache/build/builder-demeter6-3/julialang/julia-release-1-dot-11/src/gc.c:416 [inlined]
auto_launch! at /glade/u/home/reich/.julia/packages/ClimaCore/xDlva/ext/cuda/cuda_utils.jl:92 [inlined]
map at ./tuple.jl:358 [inlined]
_unrolled_foreach at /glade/u/home/reich/.julia/packages/UnrolledUtilities/kbLxQ/src/manually_unrolled_functions.jl:51 [inlined]
ijl_gc_collect at /cache/build/builder-demeter6-3/julialang/julia-release-1-dot-11/src/gc.c:3920
#wait#731 at ./condition.jl:130
update_stage! at /glade/u/home/reich/.julia/packages/ClimaTimeSteppers/o2zml/src/solvers/imex_ark.jl:93 [inlined]
map at ./tuple.jl:357 [inlined]
_adapt_tuple_structure at /glade/u/home/reich/.julia/packages/Adapt/2UZ81/src/base.jl:14 [inlined]
wait at ./condition.jl:125 [inlined]
wait at ./condition.jl:125 [inlined]
wait at ./condition.jl:125 [inlined]
ijl_gc_collect at /cache/build/builder-demeter6-3/julialang/julia-release-1-dot-11/src/gc.c:3920
#wait#731 at ./condition.jl:130
copyto! at /glade/u/home/reich/.julia/packages/ClimaCore/xDlva/ext/cuda/data_layouts_copyto.jl:49
macro expansion at /glade/u/home/reich/.julia/packages/CUDA/TPbi4/src/compiler/execution.jl:110 [inlined]
unrolled_foreach at /glade/u/home/reich/.julia/packages/UnrolledUtilities/kbLxQ/src/UnrolledUtilities.jl:170 [inlined]
gc at ./gcutils.jl:133 [inlined]
wait at ./condition.jl:125 [inlined]
update_stage! at /glade/u/home/reich/.julia/packages/ClimaTimeSteppers/o2zml/src/solvers/imex_ark.jl:96 [inlined]
map at ./tuple.jl:358 [inlined]
adapt_structure at /glade/u/home/reich/.julia/packages/Adapt/2UZ81/src/base.jl:9 [inlined]
take! at /glade/u/home/reich/.julia/packages/CUDA/TPbi4/lib/cudadrv/synchronization.jl:53
take! at /glade/u/home/reich/.julia/packages/CUDA/TPbi4/lib/cudadrv/synchronization.jl:53
take! at /glade/u/home/reich/.julia/packages/CUDA/TPbi4/lib/cudadrv/synchronization.jl:53
wait at ./condition.jl:125 [inlined]
gc at ./gcutils.jl:133 [inlined]
copyto! at /glade/u/home/reich/.julia/packages/ClimaCore/xDlva/src/DataLayouts/copyto.jl:17 [inlined]
#auto_launch!#2 at /glade/u/home/reich/.julia/packages/ClimaCore/xDlva/ext/cuda/cuda_utils.jl:165
foreach at /glade/u/home/reich/.julia/packages/ClimaCore/xDlva/src/MatrixFields/field_name_set.jl:81
macro expansion at ./timing.jl:421 [inlined]
take! at /glade/u/home/reich/.julia/packages/CUDA/TPbi4/lib/cudadrv/synchronization.jl:53
step_u! at /glade/u/home/reich/.julia/packages/ClimaTimeSteppers/o2zml/src/solvers/imex_ark.jl:71
map at ./tuple.jl:358 [inlined]
adapt at /glade/u/home/reich/.julia/packages/Adapt/2UZ81/src/Adapt.jl:40 [inlined]
synchronization_worker at /glade/u/home/reich/.julia/packages/CUDA/TPbi4/lib/cudadrv/synchronization.jl:119
synchronization_worker at /glade/u/home/reich/.julia/packages/CUDA/TPbi4/lib/cudadrv/synchronization.jl:119
synchronization_worker at /glade/u/home/reich/.julia/packages/CUDA/TPbi4/lib/cudadrv/synchronization.jl:119
take! at /glade/u/home/reich/.julia/packages/CUDA/TPbi4/lib/cudadrv/synchronization.jl:53
macro expansion at ./timing.jl:421 [inlined]
copyto! at /glade/u/home/reich/.julia/packages/ClimaCore/xDlva/src/Fields/broadcast.jl:231 [inlined]
auto_launch! at /glade/u/home/reich/.julia/packages/ClimaCore/xDlva/ext/cuda/cuda_utils.jl:92 [inlined]
macro expansion at /glade/u/home/reich/.julia/packages/ClimaCore/xDlva/src/MatrixFields/field_matrix_solver.jl:285 [inlined]
maybe_collect at /glade/u/home/reich/.julia/packages/CUDA/TPbi4/src/memory.jl:133
synchronization_worker at /glade/u/home/reich/.julia/packages/CUDA/TPbi4/lib/cudadrv/synchronization.jl:119
macro expansion at /glade/u/home/reich/.julia/packages/ClimaTimeSteppers/o2zml/src/integrators.jl:265 [inlined]
macro expansion at /glade/u/home/reich/.julia/packages/CUDA/TPbi4/src/compiler/execution.jl:110 [inlined]
adapt_structure at /glade/u/home/reich/.julia/packages/Adapt/2UZ81/src/base.jl:62 [inlined]
unknown function (ip: 0x14f919dfe8c5)
unknown function (ip: 0x14edb9ffe285)
unknown function (ip: 0x147694df3955)
synchronization_worker at /glade/u/home/reich/.julia/packages/CUDA/TPbi4/lib/cudadrv/synchronization.jl:119
maybe_collect at /glade/u/home/reich/.julia/packages/CUDA/TPbi4/src/memory.jl:133
copyto! at /glade/u/home/reich/.julia/packages/ClimaCore/xDlva/src/Fields/broadcast.jl:231 [inlined]
auto_launch! at /glade/u/home/reich/.julia/packages/ClimaCore/xDlva/ext/cuda/cuda_utils.jl:92 [inlined]
run_field_matrix_solver! at /glade/u/home/reich/.julia/packages/NVTX/F7ji4/src/macro.jl:194
maybe_collect at /glade/u/home/reich/.julia/packages/CUDA/TPbi4/src/memory.jl:65 [inlined]
unknown function (ip: 0x1499a83f5e45)
step_u! at /glade/u/home/reich/.julia/packages/NVTX/F7ji4/src/macro.jl:194
threads_via_occupancy at /glade/u/home/reich/.julia/packages/ClimaCore/xDlva/ext/cuda/cuda_utils.jl:207
adapt at /glade/u/home/reich/.julia/packages/Adapt/2UZ81/src/Adapt.jl:40 [inlined]
unknown function (ip: 0x14bb03ff8695)
materialize! at ./broadcast.jl:883 [inlined]
maybe_collect at /glade/u/home/reich/.julia/packages/CUDA/TPbi4/src/memory.jl:65 [inlined]
jlcapi_synchronization_worker_13764 at /glade/u/home/reich/.julia/compiled/v1.11/CUDA/oWw5k_h77jG.so (unknown line)
jlcapi_synchronization_worker_13764 at /glade/u/home/reich/.julia/compiled/v1.11/CUDA/oWw5k_h77jG.so (unknown line)
jlcapi_synchronization_worker_13764 at /glade/u/home/reich/.julia/compiled/v1.11/CUDA/oWw5k_h77jG.so (unknown line)
copyto! at /glade/u/home/reich/.julia/packages/ClimaCore/xDlva/ext/cuda/data_layouts_copyto.jl:49
macro expansion at /glade/u/home/reich/.julia/packages/ClimaCore/xDlva/src/MatrixFields/field_matrix_solver.jl:354 [inlined]
pool_alloc at /glade/u/home/reich/.julia/packages/CUDA/TPbi4/src/memory.jl:621 [inlined]
__step! at /glade/u/home/reich/.julia/packages/ClimaTimeSteppers/o2zml/src/integrators.jl:242
copyto! at /glade/u/home/reich/.julia/packages/ClimaCore/xDlva/ext/cuda/data_layouts_copyto.jl:42
_adapt_tuple_structure at /glade/u/home/reich/.julia/packages/Adapt/2UZ81/src/base.jl:17 [inlined]
materialize! at ./broadcast.jl:880 [inlined]
pool_alloc at /glade/u/home/reich/.julia/packages/CUDA/TPbi4/src/memory.jl:621 [inlined]
start_thread at /lib64/libc.so.6 (unknown line)
start_thread at /lib64/libc.so.6 (unknown line)
start_thread at /lib64/libc.so.6 (unknown line)
copyto! at /glade/u/home/reich/.julia/packages/ClimaCore/xDlva/src/DataLayouts/copyto.jl:17 [inlined]
run_field_matrix_solver! at /glade/u/home/reich/.julia/packages/NVTX/F7ji4/src/macro.jl:194
jlcapi_synchronization_worker_13764 at /glade/u/home/reich/.julia/compiled/v1.11/CUDA/oWw5k_h77jG.so (unknown line)
#1140 at /glade/u/home/reich/.julia/packages/CUDA/TPbi4/src/array.jl:92
macro expansion at /glade/u/home/reich/.julia/packages/ClimaTimeSteppers/o2zml/src/integrators.jl:187 [inlined]
jlcapi_synchronization_worker_13764 at /glade/u/home/reich/.julia/compiled/v1.11/CUDA/oWw5k_h77jG.so (unknown line)
copyto! at /glade/u/home/reich/.julia/packages/ClimaCore/xDlva/src/DataLayouts/copyto.jl:17 [inlined]
_adapt_tuple_structure at /glade/u/home/reich/.julia/packages/Adapt/2UZ81/src/base.jl:14 [inlined]
turbulent_fluxes! at /glade/derecho/scratch/reich/ClimaLand.jl/src/standalone/Soil/energy_hydrology.jl:996
#1140 at /glade/u/home/reich/.julia/packages/CUDA/TPbi4/src/array.jl:92
__GI___clone3 at /lib64/libc.so.6 (unknown line)
__GI___clone3 at /lib64/libc.so.6 (unknown line)
__GI___clone3 at /lib64/libc.so.6 (unknown line)
copyto! at /glade/u/home/reich/.julia/packages/ClimaCore/xDlva/src/Fields/broadcast.jl:231 [inlined]
macro expansion at /glade/u/home/reich/.julia/packages/ClimaCore/xDlva/src/MatrixFields/field_matrix_solver.jl:89 [inlined]
start_thread at /lib64/libc.so.6 (unknown line)
solve! at /glade/u/home/reich/.julia/packages/NVTX/F7ji4/src/macro.jl:194
cached_alloc at /glade/u/home/reich/.julia/packages/GPUArrays/0F4Dn/src/host/alloc_cache.jl:36
copyto! at /glade/u/home/reich/.julia/packages/ClimaCore/xDlva/src/Fields/broadcast.jl:231 [inlined]
start_thread at /lib64/libc.so.6 (unknown line)
adapt_structure at /glade/u/home/reich/.julia/packages/Adapt/2UZ81/src/base.jl:9 [inlined]
soil_boundary_fluxes! at /glade/derecho/scratch/reich/ClimaLand.jl/src/integrated/land.jl:521
unknown function (ip: (nil))
cached_alloc at /glade/u/home/reich/.julia/packages/GPUArrays/0F4Dn/src/host/alloc_cache.jl:36
unknown function (ip: (nil))
unknown function (ip: (nil))
copyto! at /glade/u/home/reich/.julia/packages/ClimaCore/xDlva/src/Fields/broadcast.jl:231 [inlined]
field_matrix_solve! at /glade/u/home/reich/.julia/packages/NVTX/F7ji4/src/macro.jl:194
__GI___clone3 at /lib64/libc.so.6 (unknown line)
solve! at /glade/derecho/scratch/reich/ClimaLand.jl/src/simulations/Simulations.jl:321
CuArray at /glade/u/home/reich/.julia/packages/CUDA/TPbi4/src/array.jl:91
copyto! at /glade/u/home/reich/.julia/packages/ClimaCore/xDlva/src/Fields/broadcast.jl:231 [inlined]
__GI___clone3 at /lib64/libc.so.6 (unknown line)
adapt at /glade/u/home/reich/.julia/packages/Adapt/2UZ81/src/Adapt.jl:40 [inlined]
unknown function (ip: 0x1457c4cb2ac6)
#launch#1000 at /glade/u/home/reich/.julia/packages/CUDA/TPbi4/lib/cudadrv/execution.jl:58
CuArray at /glade/u/home/reich/.julia/packages/CUDA/TPbi4/src/array.jl:91
__futex_abstimed_wait_common at /lib64/libc.so.6 (unknown line)
int64hash at /cache/build/builder-demeter6-3/julialang/julia-release-1-dot-11/src/support/hashing.c:32
materialize! at ./broadcast.jl:883 [inlined]
ldiv! at /glade/u/home/reich/.julia/packages/ClimaCore/xDlva/src/MatrixFields/field_matrix_with_solver.jl:57 [inlined]
unknown function (ip: (nil))
unknown function (ip: 0x1459d315ea02)
similar at ./abstractarray.jl:868 [inlined]
materialize! at ./broadcast.jl:883 [inlined]
unknown function (ip: (nil))
adapt_structure at /glade/u/home/reich/.julia/packages/Adapt/2UZ81/src/base.jl:62 [inlined]
soil_boundary_fluxes! at /glade/derecho/scratch/reich/ClimaLand.jl/src/standalone/Soil/boundary_conditions.jl:875
unknown function (ip: 0x1477001f6cff)
similar at ./abstractarray.jl:868 [inlined]
pthread_cond_wait at /lib64/libc.so.6 (unknown line)
materialize! at ./broadcast.jl:880 [inlined]
bitmix at /cache/build/builder-demeter6-3/julialang/julia-release-1-dot-11/src/support/hashing.h:31 [inlined]
macro expansion at /glade/u/home/reich/.julia/packages/ClimaTimeSteppers/o2zml/src/nl_solvers/newtons_method.jl:600 [inlined]
forward_model at /glade/derecho/scratch/reich/ClimaLand.jl/experiments/calibration/model_interface.jl:315
similar at /glade/u/home/reich/.julia/packages/ClimaCore/xDlva/ext/cuda/data_layouts.jl:56 [inlined]
gc_page_data at /cache/build/builder-demeter6-3/julialang/julia-release-1-dot-11/src/gc.h:395 [inlined]
materialize! at ./broadcast.jl:880 [inlined]
nc4_find_nc_grp_h5 at /glade/u/home/reich/.julia/artifacts/fe74c5e3593f8169484884c06d91da140792084f/lib/libnetcdf.so (unknown line)
adapt at /glade/u/home/reich/.julia/packages/Adapt/2UZ81/src/Adapt.jl:40 [inlined]
update_boundary_fluxes! at /glade/derecho/scratch/reich/ClimaLand.jl/src/standalone/Soil/energy_hydrology.jl:269 [inlined]
auto_launch! at /glade/u/home/reich/.julia/packages/ClimaCore/xDlva/ext/cuda/cuda_utils.jl:92 [inlined]
similar at /glade/u/home/reich/.julia/packages/ClimaCore/xDlva/ext/cuda/data_layouts.jl:56 [inlined]
uv_cond_wait at /workspace/srcdir/libuv/src/unix/thread.c:822
compute_PAR! at /glade/derecho/scratch/reich/ClimaLand.jl/src/standalone/Vegetation/radiation.jl:158 [inlined]
typekeyvalue_hash at /cache/build/builder-demeter6-3/julialang/julia-release-1-dot-11/src/jltypes.c:1670 [inlined]
solve_newton! at /glade/u/home/reich/.julia/packages/NVTX/F7ji4/src/macro.jl:194
unknown function (ip: 0x145a421bc7bc)
similar at /glade/u/home/reich/.julia/packages/ClimaCore/xDlva/src/DataLayouts/broadcast.jl:453 [inlined]
jl_gc_pool_alloc_inner at /cache/build/builder-demeter6-3/julialang/julia-release-1-dot-11/src/gc.c:1336
source! at /glade/derecho/scratch/reich/ClimaLand.jl/src/standalone/Soil/Runoff/Runoff.jl:308 [inlined]
nc4_hdf5_find_grp_var_att at /glade/u/home/reich/.julia/artifacts/fe74c5e3593f8169484884c06d91da140792084f/lib/libnetcdf.so (unknown line)
cudaconvert at /glade/u/home/reich/.julia/packages/CUDA/TPbi4/src/compiler/execution.jl:200 [inlined]
update_boundary_fluxes! at /glade/derecho/scratch/reich/ClimaLand.jl/src/integrated/land.jl:388
auto_launch! at /glade/u/home/reich/.julia/packages/ClimaCore/xDlva/ext/cuda/cuda_utils.jl:92 [inlined]
similar at /glade/u/home/reich/.julia/packages/ClimaCore/xDlva/src/DataLayouts/broadcast.jl:453 [inlined]
ijl_task_get_next at /cache/build/builder-demeter6-3/julialang/julia-release-1-dot-11/src/scheduler.c:584
update_radiative_transfer! at /glade/derecho/scratch/reich/ClimaLand.jl/src/standalone/Vegetation/radiation.jl:789
lookup_typevalue at /cache/build/builder-demeter6-3/julialang/julia-release-1-dot-11/src/jltypes.c:1088
update_stage! at /glade/u/home/reich/.julia/packages/ClimaTimeSteppers/o2zml/src/solvers/imex_ark.jl:138 [inlined]
similar at /glade/u/home/reich/.julia/packages/ClimaCore/xDlva/src/DataLayouts/broadcast.jl:452 [inlined]
ijl_gc_pool_alloc_instrumented at /cache/build/builder-demeter6-3/julialang/julia-release-1-dot-11/src/gc.c:1382
jl_apply at /cache/build/builder-demeter6-3/julialang/julia-release-1-dot-11/src/julia.h:2157 [inlined]
compute_imp_tendency! at /glade/derecho/scratch/reich/ClimaLand.jl/src/standalone/Soil/energy_hydrology.jl:412
NC4_HDF5_inq_var_all at /glade/u/home/reich/.julia/artifacts/fe74c5e3593f8169484884c06d91da140792084f/lib/libnetcdf.so (unknown line)
map at ./tuple.jl:358 [inlined]
imp_tendency! at /glade/derecho/scratch/reich/ClimaLand.jl/src/ClimaLand.jl:163
copyto! at /glade/u/home/reich/.julia/packages/ClimaCore/xDlva/ext/cuda/data_layouts_copyto.jl:49
similar at /glade/u/home/reich/.julia/packages/ClimaCore/xDlva/src/DataLayouts/broadcast.jl:452 [inlined]
update_aux! at /glade/derecho/scratch/reich/ClimaLand.jl/src/standalone/Vegetation/Canopy.jl:1086
update_stage! at /glade/u/home/reich/.julia/packages/ClimaTimeSteppers/o2zml/src/solvers/imex_ark.jl:93 [inlined]
lookup_arg_type_tuple at /cache/build/builder-demeter6-3/julialang/julia-release-1-dot-11/src/gf.c:2283 [inlined]
similar at /glade/u/home/reich/.julia/packages/ClimaCore/xDlva/src/Fields/broadcast.jl:220 [inlined]
BitArray at ./bitarray.jl:39 [inlined]
jl_f__call_latest at /cache/build/builder-demeter6-3/julialang/julia-release-1-dot-11/src/builtins.c:875
poptask at ./task.jl:1012
imp_tendency! at /glade/derecho/scratch/reich/ClimaLand.jl/src/ClimaLand.jl:165
nc_inq_var at /glade/u/home/reich/.julia/artifacts/fe74c5e3593f8169484884c06d91da140792084f/lib/libnetcdf.so (unknown line)
map at ./tuple.jl:358 [inlined]
ODEFunction at /glade/u/home/reich/.julia/packages/SciMLBase/rvXrA/src/scimlfunctions.jl:2580 [inlined]
copyto! at /glade/u/home/reich/.julia/packages/ClimaCore/xDlva/src/DataLayouts/copyto.jl:17 [inlined]
similar at /glade/u/home/reich/.julia/packages/ClimaCore/xDlva/src/Fields/broadcast.jl:220 [inlined]
update_aux! at /glade/derecho/scratch/reich/ClimaLand.jl/src/ClimaLand.jl:193
update_stage! at /glade/u/home/reich/.julia/packages/ClimaTimeSteppers/o2zml/src/solvers/imex_ark.jl:96 [inlined]
jl_lookup_generic_ at /cache/build/builder-demeter6-3/julialang/julia-release-1-dot-11/src/gf.c:3064 [inlined]
copy at /glade/u/home/reich/.julia/packages/ClimaCore/xDlva/src/Fields/broadcast.jl:118
BitArray at ./bitarray.jl:71 [inlined]
jl_apply at /cache/build/builder-demeter6-3/julialang/julia-release-1-dot-11/src/julia.h:2157 [inlined]
ODEFunction at /glade/u/home/reich/.julia/packages/SciMLBase/rvXrA/src/scimlfunctions.jl:2580 [inlined]
nc_inq_vartype at /glade/u/home/reich/.julia/artifacts/fe74c5e3593f8169484884c06d91da140792084f/lib/libnetcdf.so (unknown line)
macro expansion at /glade/u/home/reich/.julia/packages/CUDA/TPbi4/src/compiler/execution.jl:110 [inlined]
#95 at /glade/u/home/reich/.julia/packages/ClimaTimeSteppers/o2zml/src/solvers/imex_ark.jl:135
copyto! at /glade/u/home/reich/.julia/packages/ClimaCore/xDlva/src/Fields/broadcast.jl:231 [inlined]
copy at /glade/u/home/reich/.julia/packages/ClimaCore/xDlva/src/Fields/broadcast.jl:118
wait at ./task.jl:1021
jacobian! at /glade/derecho/scratch/reich/ClimaLand.jl/src/shared_utilities/implicit_timestepping.jl:28 [inlined]
step_u! at /glade/u/home/reich/.julia/packages/ClimaTimeSteppers/o2zml/src/solvers/imex_ark.jl:71
ijl_apply_generic at /cache/build/builder-demeter6-3/julialang/julia-release-1-dot-11/src/gf.c:3121
materialize at ./broadcast.jl:872
similar at ./abstractarray.jl:868 [inlined]
do_apply at /cache/build/builder-demeter6-3/julialang/julia-release-1-dot-11/src/builtins.c:831
#95 at /glade/u/home/reich/.julia/packages/ClimaTimeSteppers/o2zml/src/solvers/imex_ark.jl:135
nc_inq_vartype at /glade/u/home/reich/.julia/packages/NCDatasets/W31Xc/src/netcdf_c.jl:1570
threads_via_occupancy at /glade/u/home/reich/.julia/packages/ClimaCore/xDlva/ext/cuda/cuda_utils.jl:207
macro expansion at /glade/u/home/reich/.julia/packages/ClimaTimeSteppers/o2zml/src/nl_solvers/newtons_method.jl:595 [inlined]
copyto! at /glade/u/home/reich/.julia/packages/ClimaCore/xDlva/src/Fields/broadcast.jl:231 [inlined]
materialize at ./broadcast.jl:872 [inlined]
#96 at /glade/u/home/reich/.julia/packages/ClimaTimeSteppers/o2zml/src/solvers/imex_ark.jl:143 [inlined]
macro expansion at /glade/u/home/reich/.julia/packages/ClimaTimeSteppers/o2zml/src/integrators.jl:265 [inlined]
variable at /glade/u/home/reich/.julia/packages/NCDatasets/W31Xc/src/variable.jl:65
unknown function (ip: 0x14c4125f77b6)
similar at ./abstractarray.jl:867 [inlined]
#wait#731 at ./condition.jl:130
macro expansion at /glade/u/home/reich/.julia/packages/ClimaTimeSteppers/o2zml/src/nl_solvers/newtons_method.jl:595 [inlined]
variable at /glade/u/home/reich/.julia/packages/NCDatasets/W31Xc/src/variable.jl:61
copyto! at /glade/u/home/reich/.julia/packages/ClimaCore/xDlva/ext/cuda/data_layouts_copyto.jl:42
solve_newton! at /glade/u/home/reich/.julia/packages/NVTX/F7ji4/src/macro.jl:194
materialize! at ./broadcast.jl:883 [inlined]
update_photosynthesis! at /glade/derecho/scratch/reich/ClimaLand.jl/src/standalone/Vegetation/photosynthesis_farquhar.jl:362
macro expansion at /glade/u/home/reich/.julia/packages/ClimaTimeSteppers/o2zml/src/nl_solvers/newtons_method.jl:593 [inlined]
step_u! at /glade/u/home/reich/.julia/packages/NVTX/F7ji4/src/macro.jl:194
#35 at ./none:0 [inlined]
update_canopy_conductance! at /glade/derecho/scratch/reich/ClimaLand.jl/src/standalone/Vegetation/stomatalconductance.jl:397
similar at ./broadcast.jl:226 [inlined]
wait at ./condition.jl:125 [inlined]
solve_newton! at /glade/u/home/reich/.julia/packages/NVTX/F7ji4/src/macro.jl:194
#35 at ./none:0 [inlined]
copyto! at /glade/u/home/reich/.julia/packages/ClimaCore/xDlva/src/DataLayouts/copyto.jl:17 [inlined]
materialize! at ./broadcast.jl:880
update_aux! at /glade/derecho/scratch/reich/ClimaLand.jl/src/standalone/Vegetation/Canopy.jl:1096
update_stage! at /glade/u/home/reich/.julia/packages/ClimaTimeSteppers/o2zml/src/solvers/imex_ark.jl:138 [inlined]
solve_newton! at /glade/u/home/reich/.julia/packages/NVTX/F7ji4/src/macro.jl:194
__step! at /glade/u/home/reich/.julia/packages/ClimaTimeSteppers/o2zml/src/integrators.jl:242
iterate at ./generator.jl:48 [inlined]
update_aux! at /glade/derecho/scratch/reich/ClimaLand.jl/src/standalone/Vegetation/Canopy.jl:1102
similar at ./broadcast.jl:223 [inlined]
take! at /glade/u/home/reich/.julia/packages/CUDA/TPbi4/lib/cudadrv/synchronization.jl:53
iterate at ./generator.jl:48 [inlined]
update_stage! at /glade/u/home/reich/.julia/packages/ClimaTimeSteppers/o2zml/src/solvers/imex_ark.jl:138 [inlined]
copyto! at /glade/u/home/reich/.julia/packages/ClimaCore/xDlva/src/Fields/broadcast.jl:231 [inlined]
unknown function (ip: 0x147695e0b819)
update_aux! at /glade/derecho/scratch/reich/ClimaLand.jl/src/ClimaLand.jl:193
update_stage! at /glade/u/home/reich/.julia/packages/ClimaTimeSteppers/o2zml/src/solvers/imex_ark.jl:93 [inlined]
macro expansion at /glade/u/home/reich/.julia/packages/ClimaTimeSteppers/o2zml/src/integrators.jl:187 [inlined]
update_stage! at /glade/u/home/reich/.julia/packages/ClimaTimeSteppers/o2zml/src/solvers/imex_ark.jl:138 [inlined]
boundsParentVar at /glade/u/home/reich/.julia/packages/NCDatasets/W31Xc/src/cfvariable.jl:238
update_aux! at /glade/derecho/scratch/reich/ClimaLand.jl/src/ClimaLand.jl:193
copy at ./broadcast.jl:897 [inlined]
synchronization_worker at /glade/u/home/reich/.julia/packages/CUDA/TPbi4/lib/cudadrv/synchronization.jl:119
boundsParentVar at /glade/u/home/reich/.julia/packages/NCDatasets/W31Xc/src/cfvariable.jl:238
update_stage! at /glade/u/home/reich/.julia/packages/ClimaTimeSteppers/o2zml/src/solvers/imex_ark.jl:93 [inlined]
copyto! at /glade/u/home/reich/.julia/packages/ClimaCore/xDlva/src/Fields/broadcast.jl:231 [inlined]
update_canopy_conductance! at /glade/derecho/scratch/reich/ClimaLand.jl/src/standalone/Vegetation/stomatalconductance.jl:410
jacobian! at /glade/derecho/scratch/reich/ClimaLand.jl/src/shared_utilities/implicit_timestepping.jl:28 [inlined]
update_stage! at /glade/u/home/reich/.julia/packages/ClimaTimeSteppers/o2zml/src/solvers/imex_ark.jl:96 [inlined]
solve! at /glade/u/home/reich/.julia/packages/NVTX/F7ji4/src/macro.jl:194
update_stage! at /glade/u/home/reich/.julia/packages/ClimaTimeSteppers/o2zml/src/solvers/imex_ark.jl:93 [inlined]
#invokelatest#2 at ./essentials.jl:1055
cfvariable at /glade/u/home/reich/.julia/packages/CommonDataModel/ZhkYF/src/cfvariable.jl:87
jacobian! at /glade/derecho/scratch/reich/ClimaLand.jl/src/shared_utilities/implicit_timestepping.jl:28 [inlined]
materialize at ./broadcast.jl:872 [inlined]
unknown function (ip: 0x14edb9ffe285)
cfvariable at /glade/u/home/reich/.julia/packages/CommonDataModel/ZhkYF/src/cfvariable.jl:87
update_stage! at /glade/u/home/reich/.julia/packages/ClimaTimeSteppers/o2zml/src/solvers/imex_ark.jl:96 [inlined]
materialize! at ./broadcast.jl:883 [inlined]
update_aux! at /glade/derecho/scratch/reich/ClimaLand.jl/src/standalone/Vegetation/Canopy.jl:1102
#96 at /glade/u/home/reich/.julia/packages/ClimaTimeSteppers/o2zml/src/solvers/imex_ark.jl:143 [inlined]
step_u! at /glade/u/home/reich/.julia/packages/ClimaTimeSteppers/o2zml/src/solvers/imex_ark.jl:71
solve! at /glade/derecho/scratch/reich/ClimaLand.jl/src/simulations/Simulations.jl:321
update_stage! at /glade/u/home/reich/.julia/packages/ClimaTimeSteppers/o2zml/src/solvers/imex_ark.jl:96 [inlined]
jl_apply at /cache/build/builder-demeter6-3/julialang/julia-release-1-dot-11/src/julia.h:2157 [inlined]
_broadcast_getindex_evalf at ./broadcast.jl:678 [inlined]
#96 at /glade/u/home/reich/.julia/packages/ClimaTimeSteppers/o2zml/src/solvers/imex_ark.jl:143 [inlined]
nc_get_att at /glade/u/home/reich/.julia/packages/NCDatasets/W31Xc/src/netcdf_c.jl:626
jlcapi_synchronization_worker_13764 at /glade/u/home/reich/.julia/compiled/v1.11/CUDA/oWw5k_h77jG.so (unknown line)
_broadcast_getindex_evalf at ./broadcast.jl:678 [inlined]
step_u! at /glade/u/home/reich/.julia/packages/ClimaTimeSteppers/o2zml/src/solvers/imex_ark.jl:71
materialize! at ./broadcast.jl:880 [inlined]
update_aux! at /glade/derecho/scratch/reich/ClimaLand.jl/src/ClimaLand.jl:193
macro expansion at /glade/u/home/reich/.julia/packages/ClimaTimeSteppers/o2zml/src/nl_solvers/newtons_method.jl:593 [inlined]
macro expansion at /glade/u/home/reich/.julia/packages/ClimaTimeSteppers/o2zml/src/integrators.jl:265 [inlined]
unknown function (ip: 0x152bfbf5d602)
step_u! at /glade/u/home/reich/.julia/packages/ClimaTimeSteppers/o2zml/src/solvers/imex_ark.jl:71
do_apply at /cache/build/builder-demeter6-3/julialang/julia-release-1-dot-11/src/builtins.c:831
_broadcast_getindex at ./broadcast.jl:651 [inlined]
macro expansion at /glade/u/home/reich/.julia/packages/ClimaTimeSteppers/o2zml/src/nl_solvers/newtons_method.jl:593 [inlined]
attrib at /glade/u/home/reich/.julia/packages/NCDatasets/W31Xc/src/attributes.jl:55 [inlined]
start_thread at /lib64/libc.so.6 (unknown line)
_broadcast_getindex at ./broadcast.jl:651 [inlined]
macro expansion at /glade/u/home/reich/.julia/packages/ClimaTimeSteppers/o2zml/src/integrators.jl:265 [inlined]
soil_boundary_fluxes! at /glade/derecho/scratch/reich/ClimaLand.jl/src/standalone/Soil/boundary_conditions.jl:603
jacobian! at /glade/derecho/scratch/reich/ClimaLand.jl/src/shared_utilities/implicit_timestepping.jl:28 [inlined]
solve_newton! at /glade/u/home/reich/.julia/packages/NVTX/F7ji4/src/macro.jl:194
step_u! at /glade/u/home/reich/.julia/packages/NVTX/F7ji4/src/macro.jl:194
forward_model at /glade/derecho/scratch/reich/ClimaLand.jl/experiments/calibration/model_interface.jl:315
macro expansion at /glade/u/home/reich/.julia/packages/ClimaTimeSteppers/o2zml/src/integrators.jl:265 [inlined]
getindex at ./broadcast.jl:610 [inlined]
solve_newton! at /glade/u/home/reich/.julia/packages/NVTX/F7ji4/src/macro.jl:194
getindex at /glade/u/home/reich/.julia/packages/CommonDataModel/ZhkYF/src/attribute.jl:94 [inlined]
__GI___clone3 at /lib64/libc.so.6 (unknown line)
getindex at ./broadcast.jl:610 [inlined]
step_u! at /glade/u/home/reich/.julia/packages/NVTX/F7ji4/src/macro.jl:194
invokelatest at ./essentials.jl:1052
update_boundary_fluxes! at /glade/derecho/scratch/reich/ClimaLand.jl/src/standalone/Soil/energy_hydrology.jl:279 [inlined]
#96 at /glade/u/home/reich/.julia/packages/ClimaTimeSteppers/o2zml/src/solvers/imex_ark.jl:143 [inlined]
__step! at /glade/u/home/reich/.julia/packages/ClimaTimeSteppers/o2zml/src/integrators.jl:242
update_stage! at /glade/u/home/reich/.julia/packages/ClimaTimeSteppers/o2zml/src/solvers/imex_ark.jl:138 [inlined]
unknown function (ip: 0x152c66fbc68c)
step_u! at /glade/u/home/reich/.julia/packages/NVTX/F7ji4/src/macro.jl:194
copyto_nonleaf! at ./broadcast.jl:1082
get at /glade/u/home/reich/.julia/packages/CommonDataModel/ZhkYF/src/dimension.jl:144 [inlined]
update_stage! at /glade/u/home/reich/.julia/packages/ClimaTimeSteppers/o2zml/src/solvers/imex_ark.jl:138 [inlined]
unknown function (ip: (nil))
copy at ./broadcast.jl:911 [inlined]
__step! at /glade/u/home/reich/.julia/packages/ClimaTimeSteppers/o2zml/src/integrators.jl:242
jl_apply at /cache/build/builder-demeter6-3/julialang/julia-release-1-dot-11/src/julia.h:2157 [inlined]
update_boundary_fluxes! at /glade/derecho/scratch/reich/ClimaLand.jl/src/integrated/land.jl:388
macro expansion at /glade/u/home/reich/.julia/packages/ClimaTimeSteppers/o2zml/src/nl_solvers/newtons_method.jl:593 [inlined]
macro expansion at /glade/u/home/reich/.julia/packages/ClimaTimeSteppers/o2zml/src/integrators.jl:187 [inlined]
update_stage! at /glade/u/home/reich/.julia/packages/ClimaTimeSteppers/o2zml/src/solvers/imex_ark.jl:93 [inlined]
__step! at /glade/u/home/reich/.julia/packages/ClimaTimeSteppers/o2zml/src/integrators.jl:242
jl_apply at /cache/build/builder-demeter6-3/julialang/julia-release-1-dot-11/src/julia.h:2157 [inlined]
unknown function (ip: 0x14f94e9a72ec)
_getattrib at /glade/u/home/reich/.julia/packages/CommonDataModel/ZhkYF/src/cfvariable.jl:543
update_stage! at /glade/u/home/reich/.julia/packages/ClimaTimeSteppers/o2zml/src/solvers/imex_ark.jl:93 [inlined]
ioctl at /lib64/libc.so.6 (unknown line)
materialize at ./broadcast.jl:872 [inlined]
macro expansion at /glade/u/home/reich/.julia/packages/ClimaTimeSteppers/o2zml/src/integrators.jl:187 [inlined]
do_apply at /cache/build/builder-demeter6-3/julialang/julia-release-1-dot-11/src/builtins.c:831
jacobian! at /glade/derecho/scratch/reich/ClimaLand.jl/src/shared_utilities/implicit_timestepping.jl:29 [inlined]
solve_newton! at /glade/u/home/reich/.julia/packages/NVTX/F7ji4/src/macro.jl:194
solve! at /glade/u/home/reich/.julia/packages/NVTX/F7ji4/src/macro.jl:194
update_stage! at /glade/u/home/reich/.julia/packages/ClimaTimeSteppers/o2zml/src/solvers/imex_ark.jl:96 [inlined]
macro expansion at /glade/u/home/reich/.julia/packages/ClimaTimeSteppers/o2zml/src/integrators.jl:187 [inlined]
jl_f__call_latest at /cache/build/builder-demeter6-3/julialang/julia-release-1-dot-11/src/builtins.c:875
copy at ./broadcast.jl:919 [inlined]
unknown function (ip: 0x14bb34ba7882)
update_stage! at /glade/u/home/reich/.julia/packages/ClimaTimeSteppers/o2zml/src/solvers/imex_ark.jl:96 [inlined]
unknown function (ip: 0x14edb0887c87)
cfvariable at /glade/u/home/reich/.julia/packages/CommonDataModel/ZhkYF/src/multifile.jl:279
solve! at /glade/u/home/reich/.julia/packages/NVTX/F7ji4/src/macro.jl:194
#114 at /cache/build/builder-demeter6-3/julialang/julia-release-1-dot-11/usr/share/julia/stdlib/v1.11/Distributed/src/process_messages.jl:303
#96 at /glade/u/home/reich/.julia/packages/ClimaTimeSteppers/o2zml/src/solvers/imex_ark.jl:143 [inlined]
solve! at /glade/derecho/scratch/reich/ClimaLand.jl/src/simulations/Simulations.jl:321
update_stage! at /glade/u/home/reich/.julia/packages/ClimaTimeSteppers/o2zml/src/solvers/imex_ark.jl:138 [inlined]
step_u! at /glade/u/home/reich/.julia/packages/ClimaTimeSteppers/o2zml/src/solvers/imex_ark.jl:71
solve! at /glade/u/home/reich/.julia/packages/NVTX/F7ji4/src/macro.jl:194
materialize at ./broadcast.jl:872 [inlined]
jl_apply at /cache/build/builder-demeter6-3/julialang/julia-release-1-dot-11/src/julia.h:2157 [inlined]
cfvariable at /glade/u/home/reich/.julia/packages/CommonDataModel/ZhkYF/src/cfvariable.jl:87
step_u! at /glade/u/home/reich/.julia/packages/ClimaTimeSteppers/o2zml/src/solvers/imex_ark.jl:71
unknown function (ip: 0x14edb0891e5b)
getindex at /glade/u/home/reich/.julia/packages/CommonDataModel/ZhkYF/src/dataset.jl:170 [inlined]
solve! at /glade/derecho/scratch/reich/ClimaLand.jl/src/simulations/Simulations.jl:321
run_work_thunk at /cache/build/builder-demeter6-3/julialang/julia-release-1-dot-11/usr/share/julia/stdlib/v1.11/Distributed/src/process_messages.jl:70
macro expansion at /glade/u/home/reich/.julia/packages/ClimaTimeSteppers/o2zml/src/nl_solvers/newtons_method.jl:593 [inlined]
unknown function (ip: 0x1457c3f5ed92)
update_stage! at /glade/u/home/reich/.julia/packages/ClimaTimeSteppers/o2zml/src/solvers/imex_ark.jl:93 [inlined]
macro expansion at /glade/u/home/reich/.julia/packages/ClimaTimeSteppers/o2zml/src/integrators.jl:265 [inlined]
solve! at /glade/derecho/scratch/reich/ClimaLand.jl/src/simulations/Simulations.jl:321
cfvariable at /glade/u/home/reich/.julia/packages/CommonDataModel/ZhkYF/src/multifile.jl:279
do_apply at /cache/build/builder-demeter6-3/julialang/julia-release-1-dot-11/src/builtins.c:831
_broadcast_getindex_evalf at ./broadcast.jl:678 [inlined]
macro expansion at /glade/u/home/reich/.julia/packages/ClimaTimeSteppers/o2zml/src/integrators.jl:265 [inlined]
unknown function (ip: 0x14edb0875dab)
read at /glade/u/home/reich/.julia/packages/ClimaUtilities/5ClV5/ext/NCFileReaderExt.jl:259
unknown function (ip: 0x14940795e7f2)
unknown function (ip: 0x145a4214ac6b)
solve_newton! at /glade/u/home/reich/.julia/packages/NVTX/F7ji4/src/macro.jl:194
forward_model at /glade/derecho/scratch/reich/ClimaLand.jl/experiments/calibration/model_interface.jl:315
update_stage! at /glade/u/home/reich/.julia/packages/ClimaTimeSteppers/o2zml/src/solvers/imex_ark.jl:96 [inlined]
step_u! at /glade/u/home/reich/.julia/packages/NVTX/F7ji4/src/macro.jl:194
unknown function (ip: 0x14bcdfb5ef72)
getindex at /glade/u/home/reich/.julia/packages/CommonDataModel/ZhkYF/src/dataset.jl:170 [inlined]
_broadcast_getindex at ./broadcast.jl:651 [inlined]
step_u! at /glade/u/home/reich/.julia/packages/NVTX/F7ji4/src/macro.jl:194
unknown function (ip: 0x14edb089a483)
read! at /glade/u/home/reich/.julia/packages/ClimaUtilities/5ClV5/ext/NCFileReaderExt.jl:310
forward_model at /glade/derecho/scratch/reich/ClimaLand.jl/experiments/calibration/model_interface.jl:315
run_work_thunk at /cache/build/builder-demeter6-3/julialang/julia-release-1-dot-11/usr/share/julia/stdlib/v1.11/Distributed/src/process_messages.jl:79
unknown function (ip: 0x145832bbc6ec)
update_stage! at /glade/u/home/reich/.julia/packages/ClimaTimeSteppers/o2zml/src/solvers/imex_ark.jl:138 [inlined]
step_u! at /glade/u/home/reich/.julia/packages/ClimaTimeSteppers/o2zml/src/solvers/imex_ark.jl:71
__step! at /glade/u/home/reich/.julia/packages/ClimaTimeSteppers/o2zml/src/integrators.jl:242
forward_model at /glade/derecho/scratch/reich/ClimaLand.jl/experiments/calibration/model_interface.jl:315
read at /glade/u/home/reich/.julia/packages/ClimaUtilities/5ClV5/ext/NCFileReaderExt.jl:254
getindex at ./broadcast.jl:610 [inlined]
__step! at /glade/u/home/reich/.julia/packages/ClimaTimeSteppers/o2zml/src/integrators.jl:242
unknown function (ip: 0x14edb08193b9)
#18 at /glade/u/home/reich/.julia/packages/ClimaUtilities/5ClV5/ext/DataHandlingExt.jl:618
unknown function (ip: 0x1494767bc44c)
#100 at /cache/build/builder-demeter6-3/julialang/julia-release-1-dot-11/usr/share/julia/stdlib/v1.11/Distributed/src/process_messages.jl:88
jl_apply at /cache/build/builder-demeter6-3/julialang/julia-release-1-dot-11/src/julia.h:2157 [inlined]
update_stage! at /glade/u/home/reich/.julia/packages/ClimaTimeSteppers/o2zml/src/solvers/imex_ark.jl:93 [inlined]
macro expansion at /glade/u/home/reich/.julia/packages/ClimaTimeSteppers/o2zml/src/integrators.jl:265 [inlined]
macro expansion at /glade/u/home/reich/.julia/packages/ClimaTimeSteppers/o2zml/src/integrators.jl:187 [inlined]
unknown function (ip: 0x14bd4eb756ec)
read! at /glade/u/home/reich/.julia/packages/ClimaUtilities/5ClV5/ext/NCFileReaderExt.jl:310
copyto_nonleaf! at ./broadcast.jl:1082
macro expansion at /glade/u/home/reich/.julia/packages/ClimaTimeSteppers/o2zml/src/integrators.jl:187 [inlined]
unknown function (ip: 0x14edb081a7b3)
get! at ./dict.jl:458
jl_apply at /cache/build/builder-demeter6-3/julialang/julia-release-1-dot-11/src/julia.h:2157 [inlined]
unknown function (ip: 0x145a4214a79f)
jl_f__call_latest at /cache/build/builder-demeter6-3/julialang/julia-release-1-dot-11/src/builtins.c:875
update_stage! at /glade/u/home/reich/.julia/packages/ClimaTimeSteppers/o2zml/src/solvers/imex_ark.jl:96 [inlined]
step_u! at /glade/u/home/reich/.julia/packages/NVTX/F7ji4/src/macro.jl:194
solve! at /glade/u/home/reich/.julia/packages/NVTX/F7ji4/src/macro.jl:194
jl_apply at /cache/build/builder-demeter6-3/julialang/julia-release-1-dot-11/src/julia.h:2157 [inlined]
#18 at /glade/u/home/reich/.julia/packages/ClimaUtilities/5ClV5/ext/DataHandlingExt.jl:618
unknown function (ip: 0x14bb34baa13c)
solve! at /glade/u/home/reich/.julia/packages/NVTX/F7ji4/src/macro.jl:194
unknown function (ip: 0x14edb081b35a)
get! at /glade/u/home/reich/.julia/packages/ClimaUtilities/5ClV5/src/DataStructures.jl:95 [inlined]
jl_f__call_latest at /cache/build/builder-demeter6-3/julialang/julia-release-1-dot-11/src/builtins.c:875
#invokelatest#2 at ./essentials.jl:1055
jl_apply at /cache/build/builder-demeter6-3/julialang/julia-release-1-dot-11/src/julia.h:2157 [inlined]
step_u! at /glade/u/home/reich/.julia/packages/ClimaTimeSteppers/o2zml/src/solvers/imex_ark.jl:71
jl_apply at /cache/build/builder-demeter6-3/julialang/julia-release-1-dot-11/src/julia.h:2157 [inlined]
__step! at /glade/u/home/reich/.julia/packages/ClimaTimeSteppers/o2zml/src/integrators.jl:242
solve! at /glade/derecho/scratch/reich/ClimaLand.jl/src/simulations/Simulations.jl:321
jl_f__call_latest at /cache/build/builder-demeter6-3/julialang/julia-release-1-dot-11/src/builtins.c:875
get! at ./dict.jl:458
copy at ./broadcast.jl:919 [inlined]
solve! at /glade/derecho/scratch/reich/ClimaLand.jl/src/simulations/Simulations.jl:321
unknown function (ip: 0x14edb081d8fd)
regridded_snapshot at /glade/u/home/reich/.julia/packages/ClimaUtilities/5ClV5/ext/DataHandlingExt.jl:604
jl_apply at /cache/build/builder-demeter6-3/julialang/julia-release-1-dot-11/src/julia.h:2157 [inlined]
jl_apply at /cache/build/builder-demeter6-3/julialang/julia-release-1-dot-11/src/julia.h:2157 [inlined]
start_task at /cache/build/builder-demeter6-3/julialang/julia-release-1-dot-11/src/task.c:1202
macro expansion at /glade/u/home/reich/.julia/packages/ClimaTimeSteppers/o2zml/src/integrators.jl:265 [inlined]
do_apply at /cache/build/builder-demeter6-3/julialang/julia-release-1-dot-11/src/builtins.c:831
macro expansion at /glade/u/home/reich/.julia/packages/ClimaTimeSteppers/o2zml/src/integrators.jl:187 [inlined]
unknown function (ip: 0x150afe35ec52)
jl_apply at /cache/build/builder-demeter6-3/julialang/julia-release-1-dot-11/src/julia.h:2157 [inlined]
get! at /glade/u/home/reich/.julia/packages/ClimaUtilities/5ClV5/src/DataStructures.jl:95 [inlined]
materialize at ./broadcast.jl:872 [inlined]
unknown function (ip: 0x14c406d5f072)
unknown function (ip: 0x14edb081f2da)
regridded_snapshot! at /glade/u/home/reich/.julia/packages/ClimaUtilities/5ClV5/ext/DataHandlingExt.jl:666
do_apply at /cache/build/builder-demeter6-3/julialang/julia-release-1-dot-11/src/builtins.c:831
do_apply at /cache/build/builder-demeter6-3/julialang/julia-release-1-dot-11/src/builtins.c:831
unknown function (ip: (nil))
step_u! at /glade/u/home/reich/.julia/packages/NVTX/F7ji4/src/macro.jl:194
solve! at /glade/u/home/reich/.julia/packages/NVTX/F7ji4/src/macro.jl:194
forward_model at /glade/derecho/scratch/reich/ClimaLand.jl/experiments/calibration/model_interface.jl:315
do_apply at /cache/build/builder-demeter6-3/julialang/julia-release-1-dot-11/src/builtins.c:831
regridded_snapshot at /glade/u/home/reich/.julia/packages/ClimaUtilities/5ClV5/ext/DataHandlingExt.jl:604
cfvariable at /glade/u/home/reich/.julia/packages/CommonDataModel/ZhkYF/src/multifile.jl:279
forward_model at /glade/derecho/scratch/reich/ClimaLand.jl/experiments/calibration/model_interface.jl:315
unknown function (ip: 0x14edb05c4e4f)
#evaluate!#11 at /glade/u/home/reich/.julia/packages/ClimaUtilities/5ClV5/ext/TimeVaryingInputsExt.jl:416
#invokelatest#2 at ./essentials.jl:1055
Allocations: 72820015049 (Pool: 72728451945; Big: 91563104); GC: 55779
__step! at /glade/u/home/reich/.julia/packages/ClimaTimeSteppers/o2zml/src/integrators.jl:242
solve! at /glade/derecho/scratch/reich/ClimaLand.jl/src/simulations/Simulations.jl:321
unknown function (ip: 0x150b695bc6dc)
invokelatest at ./essentials.jl:1052
regridded_snapshot! at /glade/u/home/reich/.julia/packages/ClimaUtilities/5ClV5/ext/DataHandlingExt.jl:666
getindex at /glade/u/home/reich/.julia/packages/CommonDataModel/ZhkYF/src/dataset.jl:170 [inlined]
unknown function (ip: 0x14c471bbc6dc)
unknown function (ip: 0x14edb073a56b)
evaluate! at /glade/u/home/reich/.julia/packages/ClimaUtilities/5ClV5/ext/TimeVaryingInputsExt.jl:376 [inlined]
jl_apply at /cache/build/builder-demeter6-3/julialang/julia-release-1-dot-11/src/julia.h:2157 [inlined]
macro expansion at /glade/u/home/reich/.julia/packages/ClimaTimeSteppers/o2zml/src/integrators.jl:187 [inlined]
unknown function (ip: 0x147695154572)
jl_apply at /cache/build/builder-demeter6-3/julialang/julia-release-1-dot-11/src/julia.h:2157 [inlined]
jl_apply at /cache/build/builder-demeter6-3/julialang/julia-release-1-dot-11/src/julia.h:2157 [inlined]
#evaluate!#11 at /glade/u/home/reich/.julia/packages/ClimaUtilities/5ClV5/ext/TimeVaryingInputsExt.jl:416
read at /glade/u/home/reich/.julia/packages/ClimaUtilities/5ClV5/ext/NCFileReaderExt.jl:254
jl_apply at /cache/build/builder-demeter6-3/julialang/julia-release-1-dot-11/src/julia.h:2157 [inlined]
cuMemAlloc_v2 at /usr/lib64/libcuda.so.1 (unknown line)
#evaluate!#7 at /glade/u/home/reich/.julia/packages/ClimaUtilities/5ClV5/ext/TimeVaryingInputsExt.jl:221 [inlined]
do_apply at /cache/build/builder-demeter6-3/julialang/julia-release-1-dot-11/src/builtins.c:831
solve! at /glade/u/home/reich/.julia/packages/NVTX/F7ji4/src/macro.jl:194
forward_model at /glade/derecho/scratch/reich/ClimaLand.jl/experiments/calibration/model_interface.jl:315
jl_f__call_latest at /cache/build/builder-demeter6-3/julialang/julia-release-1-dot-11/src/builtins.c:875
#invokelatest#2 at ./essentials.jl:1055
#invokelatest#2 at ./essentials.jl:1055
do_apply at /cache/build/builder-demeter6-3/julialang/julia-release-1-dot-11/src/builtins.c:831
evaluate! at /glade/u/home/reich/.julia/packages/ClimaUtilities/5ClV5/ext/TimeVaryingInputsExt.jl:376 [inlined]
read! at /glade/u/home/reich/.julia/packages/ClimaUtilities/5ClV5/ext/NCFileReaderExt.jl:310
jl_f__call_latest at /cache/build/builder-demeter6-3/julialang/julia-release-1-dot-11/src/builtins.c:875
macro expansion at /glade/u/home/reich/.julia/packages/GPUToolbox/XaIIx/src/ccalls.jl:143 [inlined]
evaluate! at /glade/u/home/reich/.julia/packages/ClimaUtilities/5ClV5/ext/TimeVaryingInputsExt.jl:201 [inlined]
solve! at /glade/derecho/scratch/reich/ClimaLand.jl/src/simulations/Simulations.jl:321
unknown function (ip: 0x1477043bc7fc)
jl_apply at /cache/build/builder-demeter6-3/julialang/julia-release-1-dot-11/src/julia.h:2157 [inlined]
jl_apply at /cache/build/builder-demeter6-3/julialang/julia-release-1-dot-11/src/julia.h:2157 [inlined]
invokelatest at ./essentials.jl:1052
jl_apply at /cache/build/builder-demeter6-3/julialang/julia-release-1-dot-11/src/julia.h:2157 [inlined]
#114 at /cache/build/builder-demeter6-3/julialang/julia-release-1-dot-11/usr/share/julia/stdlib/v1.11/Distributed/src/process_messages.jl:303
#evaluate!#7 at /glade/u/home/reich/.julia/packages/ClimaUtilities/5ClV5/ext/TimeVaryingInputsExt.jl:221 [inlined]
#18 at /glade/u/home/reich/.julia/packages/ClimaUtilities/5ClV5/ext/DataHandlingExt.jl:618
jl_apply at /cache/build/builder-demeter6-3/julialang/julia-release-1-dot-11/src/julia.h:2157 [inlined]
macro expansion at /glade/u/home/reich/.julia/packages/CUDA/TPbi4/lib/cudadrv/libcuda.jl:182 [inlined]
#evaluate!#9 at /glade/u/home/reich/.julia/packages/ClimaUtilities/5ClV5/ext/TimeVaryingInputsExt.jl:250 [inlined]
unknown function (ip: 0x14cdf715ecc2)
do_apply at /cache/build/builder-demeter6-3/julialang/julia-release-1-dot-11/src/builtins.c:831
jl_apply at /cache/build/builder-demeter6-3/julialang/julia-release-1-dot-11/src/julia.h:2157 [inlined]
do_apply at /cache/build/builder-demeter6-3/julialang/julia-release-1-dot-11/src/builtins.c:831
do_apply at /cache/build/builder-demeter6-3/julialang/julia-release-1-dot-11/src/builtins.c:831
jl_apply at /cache/build/builder-demeter6-3/julialang/julia-release-1-dot-11/src/julia.h:2157 [inlined]
run_work_thunk at /cache/build/builder-demeter6-3/julialang/julia-release-1-dot-11/usr/share/julia/stdlib/v1.11/Distributed/src/process_messages.jl:70
evaluate! at /glade/u/home/reich/.julia/packages/ClimaUtilities/5ClV5/ext/TimeVaryingInputsExt.jl:201 [inlined]
get! at ./dict.jl:458
do_apply at /cache/build/builder-demeter6-3/julialang/julia-release-1-dot-11/src/builtins.c:831
#10 at /glade/u/home/reich/.julia/packages/GPUToolbox/XaIIx/src/ccalls.jl:34 [inlined]
evaluate! at /glade/u/home/reich/.julia/packages/ClimaUtilities/5ClV5/ext/TimeVaryingInputsExt.jl:243 [inlined]
forward_model at /glade/derecho/scratch/reich/ClimaLand.jl/experiments/calibration/model_interface.jl:315
jl_f__call_latest at /cache/build/builder-demeter6-3/julialang/julia-release-1-dot-11/src/builtins.c:875
invokelatest at ./essentials.jl:1052
do_apply at /cache/build/builder-demeter6-3/julialang/julia-release-1-dot-11/src/builtins.c:831
unknown function (ip: 0x152c66f4ec6b)
#evaluate!#9 at /glade/u/home/reich/.julia/packages/ClimaUtilities/5ClV5/ext/TimeVaryingInputsExt.jl:250 [inlined]
get! at /glade/u/home/reich/.julia/packages/ClimaUtilities/5ClV5/src/DataStructures.jl:95 [inlined]
check at /glade/u/home/reich/.julia/packages/CUDA/TPbi4/lib/cudadrv/libcuda.jl:35 [inlined]
#invokelatest#2 at ./essentials.jl:1055
invokelatest at ./essentials.jl:1052
update_drivers! at /glade/derecho/scratch/reich/ClimaLand.jl/src/shared_utilities/drivers.jl:1372
unknown function (ip: 0x14ce6217570c)
jl_apply at /cache/build/builder-demeter6-3/julialang/julia-release-1-dot-11/src/julia.h:2157 [inlined]
jl_apply at /cache/build/builder-demeter6-3/julialang/julia-release-1-dot-11/src/julia.h:2157 [inlined]
#114 at /cache/build/builder-demeter6-3/julialang/julia-release-1-dot-11/usr/share/julia/stdlib/v1.11/Distributed/src/process_messages.jl:303
run_work_thunk at /cache/build/builder-demeter6-3/julialang/julia-release-1-dot-11/usr/share/julia/stdlib/v1.11/Distributed/src/process_messages.jl:79
evaluate! at /glade/u/home/reich/.julia/packages/ClimaUtilities/5ClV5/ext/TimeVaryingInputsExt.jl:243 [inlined]
regridded_snapshot at /glade/u/home/reich/.julia/packages/ClimaUtilities/5ClV5/ext/DataHandlingExt.jl:604
cuMemAlloc_v2 at /glade/u/home/reich/.julia/packages/GPUToolbox/XaIIx/src/ccalls.jl:33 [inlined]
jl_apply at /cache/build/builder-demeter6-3/julialang/julia-release-1-dot-11/src/julia.h:2157 [inlined]
jl_apply at /cache/build/builder-demeter6-3/julialang/julia-release-1-dot-11/src/julia.h:2157 [inlined]
update_drivers! at /glade/derecho/scratch/reich/ClimaLand.jl/src/shared_utilities/drivers.jl:1341
jl_apply at /cache/build/builder-demeter6-3/julialang/julia-release-1-dot-11/src/julia.h:2157 [inlined]
do_apply at /cache/build/builder-demeter6-3/julialang/julia-release-1-dot-11/src/builtins.c:831
do_apply at /cache/build/builder-demeter6-3/julialang/julia-release-1-dot-11/src/builtins.c:831
run_work_thunk at /cache/build/builder-demeter6-3/julialang/julia-release-1-dot-11/usr/share/julia/stdlib/v1.11/Distributed/src/process_messages.jl:70
#100 at /cache/build/builder-demeter6-3/julialang/julia-release-1-dot-11/usr/share/julia/stdlib/v1.11/Distributed/src/process_messages.jl:88
update_drivers! at /glade/derecho/scratch/reich/ClimaLand.jl/src/shared_utilities/drivers.jl:1372
regridded_snapshot! at /glade/u/home/reich/.julia/packages/ClimaUtilities/5ClV5/ext/DataHandlingExt.jl:666
#alloc#965 at /glade/u/home/reich/.julia/packages/CUDA/TPbi4/lib/cudadrv/memory.jl:76
do_apply at /cache/build/builder-demeter6-3/julialang/julia-release-1-dot-11/src/builtins.c:831
do_apply at /cache/build/builder-demeter6-3/julialang/julia-release-1-dot-11/src/builtins.c:831
#6 at /glade/derecho/scratch/reich/ClimaLand.jl/src/shared_utilities/utils.jl:295 [inlined]
jl_f__call_latest at /cache/build/builder-demeter6-3/julialang/julia-release-1-dot-11/src/builtins.c:875
#114 at /cache/build/builder-demeter6-3/julialang/julia-release-1-dot-11/usr/share/julia/stdlib/v1.11/Distributed/src/process_messages.jl:303
unknown function (ip: 0x145832b4ec8b)
unknown function (ip: 0x152c66f4e79f)
update_drivers! at /glade/derecho/scratch/reich/ClimaLand.jl/src/shared_utilities/drivers.jl:1341
#evaluate!#11 at /glade/u/home/reich/.julia/packages/ClimaUtilities/5ClV5/ext/TimeVaryingInputsExt.jl:416
#invokelatest#2 at ./essentials.jl:1055
alloc at /glade/u/home/reich/.julia/packages/CUDA/TPbi4/lib/cudadrv/memory.jl:61 [inlined]
#invokelatest#2 at ./essentials.jl:1055
#114 at /cache/build/builder-demeter6-3/julialang/julia-release-1-dot-11/usr/share/julia/stdlib/v1.11/Distributed/src/process_messages.jl:303
unrolled_foreach at /glade/u/home/reich/.julia/packages/ClimaTimeSteppers/o2zml/src/integrators.jl:224 [inlined]
jl_apply at /cache/build/builder-demeter6-3/julialang/julia-release-1-dot-11/src/julia.h:2157 [inlined]
run_work_thunk at /cache/build/builder-demeter6-3/julialang/julia-release-1-dot-11/usr/share/julia/stdlib/v1.11/Distributed/src/process_messages.jl:70
run_work_thunk at /cache/build/builder-demeter6-3/julialang/julia-release-1-dot-11/usr/share/julia/stdlib/v1.11/Distributed/src/process_messages.jl:79
invokelatest at ./essentials.jl:1052
jl_apply at /cache/build/builder-demeter6-3/julialang/julia-release-1-dot-11/src/julia.h:2157 [inlined]
#6 at /glade/derecho/scratch/reich/ClimaLand.jl/src/shared_utilities/utils.jl:295 [inlined]
evaluate! at /glade/u/home/reich/.julia/packages/ClimaUtilities/5ClV5/ext/TimeVaryingInputsExt.jl:376 [inlined]
#1132 at /glade/u/home/reich/.julia/packages/CUDA/TPbi4/src/memory.jl:657
jl_apply at /cache/build/builder-demeter6-3/julialang/julia-release-1-dot-11/src/julia.h:2157 [inlined]
jl_apply at /cache/build/builder-demeter6-3/julialang/julia-release-1-dot-11/src/julia.h:2157 [inlined]
run_work_thunk at /cache/build/builder-demeter6-3/julialang/julia-release-1-dot-11/usr/share/julia/stdlib/v1.11/Distributed/src/process_messages.jl:70
unrolled_foreach at /glade/u/home/reich/.julia/packages/ClimaTimeSteppers/o2zml/src/integrators.jl:229 [inlined]
do_apply at /cache/build/builder-demeter6-3/julialang/julia-release-1-dot-11/src/builtins.c:831
unknown function (ip: 0x14947674ea2b)
#100 at /cache/build/builder-demeter6-3/julialang/julia-release-1-dot-11/usr/share/julia/stdlib/v1.11/Distributed/src/process_messages.jl:88
start_task at /cache/build/builder-demeter6-3/julialang/julia-release-1-dot-11/src/task.c:1202
jl_apply at /cache/build/builder-demeter6-3/julialang/julia-release-1-dot-11/src/julia.h:2157 [inlined]
unrolled_foreach at /glade/u/home/reich/.julia/packages/ClimaTimeSteppers/o2zml/src/integrators.jl:224 [inlined]
#evaluate!#7 at /glade/u/home/reich/.julia/packages/ClimaUtilities/5ClV5/ext/TimeVaryingInputsExt.jl:221 [inlined]
do_apply at /cache/build/builder-demeter6-3/julialang/julia-release-1-dot-11/src/builtins.c:831
retry_reclaim at /glade/u/home/reich/.julia/packages/CUDA/TPbi4/src/memory.jl:434 [inlined]
do_apply at /cache/build/builder-demeter6-3/julialang/julia-release-1-dot-11/src/builtins.c:831
unknown function (ip: 0x14bd4eb07c8b)
unrolled_foreach at /glade/u/home/reich/.julia/packages/ClimaTimeSteppers/o2zml/src/integrators.jl:230 [inlined]
run_work_thunk at /cache/build/builder-demeter6-3/julialang/julia-release-1-dot-11/usr/share/julia/stdlib/v1.11/Distributed/src/process_messages.jl:79
unknown function (ip: 0x145832b4e7bf)
unknown function (ip: (nil))
do_apply at /cache/build/builder-demeter6-3/julialang/julia-release-1-dot-11/src/builtins.c:831
unrolled_foreach at /glade/u/home/reich/.julia/packages/ClimaTimeSteppers/o2zml/src/integrators.jl:229 [inlined]
evaluate! at /glade/u/home/reich/.julia/packages/ClimaUtilities/5ClV5/ext/TimeVaryingInputsExt.jl:201 [inlined]
invokelatest at ./essentials.jl:1052
_pool_alloc at /glade/u/home/reich/.julia/packages/CUDA/TPbi4/src/memory.jl:652 [inlined]
run_work_thunk at /cache/build/builder-demeter6-3/julialang/julia-release-1-dot-11/usr/share/julia/stdlib/v1.11/Distributed/src/process_messages.jl:79
__step! at /glade/u/home/reich/.julia/packages/ClimaTimeSteppers/o2zml/src/integrators.jl:255
#100 at /cache/build/builder-demeter6-3/julialang/julia-release-1-dot-11/usr/share/julia/stdlib/v1.11/Distributed/src/process_messages.jl:88
jl_apply at /cache/build/builder-demeter6-3/julialang/julia-release-1-dot-11/src/julia.h:2157 [inlined]
invokelatest at ./essentials.jl:1052
Allocations: 73489039402 (Pool: 73396629180; Big: 92410222); GC: 58077
#114 at /cache/build/builder-demeter6-3/julialang/julia-release-1-dot-11/usr/share/julia/stdlib/v1.11/Distributed/src/process_messages.jl:303
unrolled_foreach at /glade/u/home/reich/.julia/packages/ClimaTimeSteppers/o2zml/src/integrators.jl:230 [inlined]
#evaluate!#9 at /glade/u/home/reich/.julia/packages/ClimaUtilities/5ClV5/ext/TimeVaryingInputsExt.jl:250 [inlined]
jl_apply at /cache/build/builder-demeter6-3/julialang/julia-release-1-dot-11/src/julia.h:2157 [inlined]
macro expansion at /glade/u/home/reich/.julia/packages/CUDA/TPbi4/src/memory.jl:623 [inlined]
#100 at /cache/build/builder-demeter6-3/julialang/julia-release-1-dot-11/usr/share/julia/stdlib/v1.11/Distributed/src/process_messages.jl:88
macro expansion at /glade/u/home/reich/.julia/packages/ClimaTimeSteppers/o2zml/src/integrators.jl:187 [inlined]
unknown function (ip: 0x14947674e55f)
start_task at /cache/build/builder-demeter6-3/julialang/julia-release-1-dot-11/src/task.c:1202
jl_apply at /cache/build/builder-demeter6-3/julialang/julia-release-1-dot-11/src/julia.h:2157 [inlined]
run_work_thunk at /cache/build/builder-demeter6-3/julialang/julia-release-1-dot-11/usr/share/julia/stdlib/v1.11/Distributed/src/process_messages.jl:70
__step! at /glade/u/home/reich/.julia/packages/ClimaTimeSteppers/o2zml/src/integrators.jl:255
evaluate! at /glade/u/home/reich/.julia/packages/ClimaUtilities/5ClV5/ext/TimeVaryingInputsExt.jl:243 [inlined]
#invokelatest#2 at ./essentials.jl:1055
do_apply at /cache/build/builder-demeter6-3/julialang/julia-release-1-dot-11/src/builtins.c:831
macro expansion at ./timing.jl:421 [inlined]
unknown function (ip: 0x14bd4eb077bf)
solve! at /glade/u/home/reich/.julia/packages/NVTX/F7ji4/src/macro.jl:194
jl_apply at /cache/build/builder-demeter6-3/julialang/julia-release-1-dot-11/src/julia.h:2157 [inlined]
unknown function (ip: (nil))
do_apply at /cache/build/builder-demeter6-3/julialang/julia-release-1-dot-11/src/builtins.c:831
unknown function (ip: 0x150b6954ec9b)
macro expansion at /glade/u/home/reich/.julia/packages/ClimaTimeSteppers/o2zml/src/integrators.jl:187 [inlined]
update_drivers! at /glade/derecho/scratch/reich/ClimaLand.jl/src/shared_utilities/drivers.jl:1372
jl_apply at /cache/build/builder-demeter6-3/julialang/julia-release-1-dot-11/src/julia.h:2157 [inlined]
#114 at /cache/build/builder-demeter6-3/julialang/julia-release-1-dot-11/usr/share/julia/stdlib/v1.11/Distributed/src/process_messages.jl:303
pool_alloc at /glade/u/home/reich/.julia/packages/CUDA/TPbi4/src/memory.jl:622 [inlined]
jl_apply at /cache/build/builder-demeter6-3/julialang/julia-release-1-dot-11/src/julia.h:2157 [inlined]
solve! at /glade/derecho/scratch/reich/ClimaLand.jl/src/simulations/Simulations.jl:321
start_task at /cache/build/builder-demeter6-3/julialang/julia-release-1-dot-11/src/task.c:1202
Allocations: 73496732100 (Pool: 73404320031; Big: 92412069); GC: 56976
#114 at /cache/build/builder-demeter6-3/julialang/julia-release-1-dot-11/usr/share/julia/stdlib/v1.11/Distributed/src/process_messages.jl:303
run_work_thunk at /cache/build/builder-demeter6-3/julialang/julia-release-1-dot-11/usr/share/julia/stdlib/v1.11/Distributed/src/process_messages.jl:79
solve! at /glade/u/home/reich/.julia/packages/NVTX/F7ji4/src/macro.jl:194
update_drivers! at /glade/derecho/scratch/reich/ClimaLand.jl/src/shared_utilities/drivers.jl:1341
do_apply at /cache/build/builder-demeter6-3/julialang/julia-release-1-dot-11/src/builtins.c:831
run_work_thunk at /cache/build/builder-demeter6-3/julialang/julia-release-1-dot-11/usr/share/julia/stdlib/v1.11/Distributed/src/process_messages.jl:70
#1140 at /glade/u/home/reich/.julia/packages/CUDA/TPbi4/src/array.jl:92
start_task at /cache/build/builder-demeter6-3/julialang/julia-release-1-dot-11/src/task.c:1202
unknown function (ip: 0x1499a8756d22)
unknown function (ip: (nil))
run_work_thunk at /cache/build/builder-demeter6-3/julialang/julia-release-1-dot-11/usr/share/julia/stdlib/v1.11/Distributed/src/process_messages.jl:70
#100 at /cache/build/builder-demeter6-3/julialang/julia-release-1-dot-11/usr/share/julia/stdlib/v1.11/Distributed/src/process_messages.jl:88
solve! at /glade/derecho/scratch/reich/ClimaLand.jl/src/simulations/Simulations.jl:321
#6 at /glade/derecho/scratch/reich/ClimaLand.jl/src/shared_utilities/utils.jl:295 [inlined]
unknown function (ip: 0x14770434ac6b)
cached_alloc at /glade/u/home/reich/.julia/packages/GPUArrays/0F4Dn/src/host/alloc_cache.jl:36
unknown function (ip: (nil))
forward_model at /glade/derecho/scratch/reich/ClimaLand.jl/experiments/calibration/model_interface.jl:315
invokelatest at ./essentials.jl:1052
Allocations: 73488994327 (Pool: 73396582504; Big: 92411823); GC: 58768
unknown function (ip: 0x14c471b4ec9b)
unknown function (ip: 0x150b6954e7cf)
unknown function (ip: 0x14f91a15ec62)
unrolled_foreach at /glade/u/home/reich/.julia/packages/ClimaTimeSteppers/o2zml/src/integrators.jl:224 [inlined]
run_work_thunk at /cache/build/builder-demeter6-3/julialang/julia-release-1-dot-11/usr/share/julia/stdlib/v1.11/Distributed/src/process_messages.jl:79
CuArray at /glade/u/home/reich/.julia/packages/CUDA/TPbi4/src/array.jl:91
Allocations: 72827747230 (Pool: 72736185425; Big: 91561805); GC: 57727
unknown function (ip: 0x149a173bc70c)
jl_apply at /cache/build/builder-demeter6-3/julialang/julia-release-1-dot-11/src/julia.h:2157 [inlined]
run_work_thunk at /cache/build/builder-demeter6-3/julialang/julia-release-1-dot-11/usr/share/julia/stdlib/v1.11/Distributed/src/process_messages.jl:79
jl_apply at /cache/build/builder-demeter6-3/julialang/julia-release-1-dot-11/src/julia.h:2157 [inlined]
forward_model at /glade/derecho/scratch/reich/ClimaLand.jl/experiments/calibration/model_interface.jl:315
unrolled_foreach at /glade/u/home/reich/.julia/packages/ClimaTimeSteppers/o2zml/src/integrators.jl:229 [inlined]
#100 at /cache/build/builder-demeter6-3/julialang/julia-release-1-dot-11/usr/share/julia/stdlib/v1.11/Distributed/src/process_messages.jl:88
similar at ./abstractarray.jl:868 [inlined]
jl_apply at /cache/build/builder-demeter6-3/julialang/julia-release-1-dot-11/src/julia.h:2157 [inlined]
do_apply at /cache/build/builder-demeter6-3/julialang/julia-release-1-dot-11/src/builtins.c:831
#100 at /cache/build/builder-demeter6-3/julialang/julia-release-1-dot-11/usr/share/julia/stdlib/v1.11/Distributed/src/process_messages.jl:88
start_task at /cache/build/builder-demeter6-3/julialang/julia-release-1-dot-11/src/task.c:1202
unknown function (ip: 0x14f98937587c)
unrolled_foreach at /glade/u/home/reich/.julia/packages/ClimaTimeSteppers/o2zml/src/integrators.jl:230 [inlined]
unknown function (ip: 0x14770434a79f)
similar at /glade/u/home/reich/.julia/packages/ClimaCore/xDlva/ext/cuda/data_layouts.jl:56 [inlined]
jl_f__call_latest at /cache/build/builder-demeter6-3/julialang/julia-release-1-dot-11/src/builtins.c:875
#114 at /cache/build/builder-demeter6-3/julialang/julia-release-1-dot-11/usr/share/julia/stdlib/v1.11/Distributed/src/process_messages.jl:303
unknown function (ip: 0x14c471b4e7cf)
unknown function (ip: (nil))
__step! at /glade/u/home/reich/.julia/packages/ClimaTimeSteppers/o2zml/src/integrators.jl:255
jl_apply at /cache/build/builder-demeter6-3/julialang/julia-release-1-dot-11/src/julia.h:2157 [inlined]
similar at /glade/u/home/reich/.julia/packages/ClimaCore/xDlva/src/DataLayouts/broadcast.jl:564 [inlined]
jl_apply at /cache/build/builder-demeter6-3/julialang/julia-release-1-dot-11/src/julia.h:2157 [inlined]
jl_apply at /cache/build/builder-demeter6-3/julialang/julia-release-1-dot-11/src/julia.h:2157 [inlined]
run_work_thunk at /cache/build/builder-demeter6-3/julialang/julia-release-1-dot-11/usr/share/julia/stdlib/v1.11/Distributed/src/process_messages.jl:70
jl_apply at /cache/build/builder-demeter6-3/julialang/julia-release-1-dot-11/src/julia.h:2157 [inlined]
Allocations: 73516247969 (Pool: 73423834950; Big: 92413019); GC: 56843
macro expansion at /glade/u/home/reich/.julia/packages/ClimaTimeSteppers/o2zml/src/integrators.jl:187 [inlined]
jl_f__call_latest at /cache/build/builder-demeter6-3/julialang/julia-release-1-dot-11/src/builtins.c:875
similar at /glade/u/home/reich/.julia/packages/ClimaCore/xDlva/src/DataLayouts/broadcast.jl:547 [inlined]
start_task at /cache/build/builder-demeter6-3/julialang/julia-release-1-dot-11/src/task.c:1202
do_apply at /cache/build/builder-demeter6-3/julialang/julia-release-1-dot-11/src/builtins.c:831
unknown function (ip: 0x14ce62107c6b)
start_task at /cache/build/builder-demeter6-3/julialang/julia-release-1-dot-11/src/task.c:1202
solve! at /glade/u/home/reich/.julia/packages/NVTX/F7ji4/src/macro.jl:194
jl_apply at /cache/build/builder-demeter6-3/julialang/julia-release-1-dot-11/src/julia.h:2157 [inlined]
similar at /glade/u/home/reich/.julia/packages/ClimaCore/xDlva/src/Fields/broadcast.jl:220 [inlined]
unknown function (ip: (nil))
run_work_thunk at /cache/build/builder-demeter6-3/julialang/julia-release-1-dot-11/usr/share/julia/stdlib/v1.11/Distributed/src/process_messages.jl:79
unknown function (ip: (nil))
solve! at /glade/derecho/scratch/reich/ClimaLand.jl/src/simulations/Simulations.jl:321
do_apply at /cache/build/builder-demeter6-3/julialang/julia-release-1-dot-11/src/builtins.c:831
copy at /glade/u/home/reich/.julia/packages/ClimaCore/xDlva/src/Fields/broadcast.jl:118
Allocations: 73488056791 (Pool: 73395646276; Big: 92410515); GC: 46748
#invokelatest#2 at ./essentials.jl:1055
#100 at /cache/build/builder-demeter6-3/julialang/julia-release-1-dot-11/usr/share/julia/stdlib/v1.11/Distributed/src/process_messages.jl:88
Allocations: 73489776676 (Pool: 73397363884; Big: 92412792); GC: 57571
unknown function (ip: 0x14bb04359a12)
materialize at ./broadcast.jl:872 [inlined]
jl_apply at /cache/build/builder-demeter6-3/julialang/julia-release-1-dot-11/src/julia.h:2157 [inlined]
unknown function (ip: 0x14ce6210779f)
forward_model at /glade/derecho/scratch/reich/ClimaLand.jl/experiments/calibration/model_interface.jl:315
total_liq_water_vol_per_area! at /glade/derecho/scratch/reich/ClimaLand.jl/src/standalone/Soil/energy_hydrology.jl:1317 [inlined]
#invokelatest#2 at ./essentials.jl:1055
do_apply at /cache/build/builder-demeter6-3/julialang/julia-release-1-dot-11/src/builtins.c:831
unknown function (ip: 0x14bb6f3bc72c)
jl_apply at /cache/build/builder-demeter6-3/julialang/julia-release-1-dot-11/src/julia.h:2157 [inlined]
update_aux! at /glade/derecho/scratch/reich/ClimaLand.jl/src/standalone/Soil/energy_hydrology.jl:754
jl_apply at /cache/build/builder-demeter6-3/julialang/julia-release-1-dot-11/src/julia.h:2157 [inlined]
start_task at /cache/build/builder-demeter6-3/julialang/julia-release-1-dot-11/src/task.c:1202
jl_apply at /cache/build/builder-demeter6-3/julialang/julia-release-1-dot-11/src/julia.h:2157 [inlined]
update_aux! at /glade/derecho/scratch/reich/ClimaLand.jl/src/ClimaLand.jl:193
do_apply at /cache/build/builder-demeter6-3/julialang/julia-release-1-dot-11/src/builtins.c:831
unknown function (ip: (nil))
jl_f__call_latest at /cache/build/builder-demeter6-3/julialang/julia-release-1-dot-11/src/builtins.c:875
invokelatest at ./essentials.jl:1052
jacobian! at /glade/derecho/scratch/reich/ClimaLand.jl/src/shared_utilities/implicit_timestepping.jl:28 [inlined]
Allocations: 73495483744 (Pool: 73403071684; Big: 92412060); GC: 53389
jl_apply at /cache/build/builder-demeter6-3/julialang/julia-release-1-dot-11/src/julia.h:2157 [inlined]
jl_apply at /cache/build/builder-demeter6-3/julialang/julia-release-1-dot-11/src/julia.h:2157 [inlined]
#96 at /glade/u/home/reich/.julia/packages/ClimaTimeSteppers/o2zml/src/solvers/imex_ark.jl:143 [inlined]
do_apply at /cache/build/builder-demeter6-3/julialang/julia-release-1-dot-11/src/builtins.c:831
invokelatest at ./essentials.jl:1052
do_apply at /cache/build/builder-demeter6-3/julialang/julia-release-1-dot-11/src/builtins.c:831
macro expansion at /glade/u/home/reich/.julia/packages/ClimaTimeSteppers/o2zml/src/nl_solvers/newtons_method.jl:593 [inlined]
jl_apply at /cache/build/builder-demeter6-3/julialang/julia-release-1-dot-11/src/julia.h:2157 [inlined]
#114 at /cache/build/builder-demeter6-3/julialang/julia-release-1-dot-11/usr/share/julia/stdlib/v1.11/Distributed/src/process_messages.jl:303
solve_newton! at /glade/u/home/reich/.julia/packages/NVTX/F7ji4/src/macro.jl:194
do_apply at /cache/build/builder-demeter6-3/julialang/julia-release-1-dot-11/src/builtins.c:831
run_work_thunk at /cache/build/builder-demeter6-3/julialang/julia-release-1-dot-11/usr/share/julia/stdlib/v1.11/Distributed/src/process_messages.jl:70
#invokelatest#2 at ./essentials.jl:1055
#114 at /cache/build/builder-demeter6-3/julialang/julia-release-1-dot-11/usr/share/julia/stdlib/v1.11/Distributed/src/process_messages.jl:303
update_stage! at /glade/u/home/reich/.julia/packages/ClimaTimeSteppers/o2zml/src/solvers/imex_ark.jl:138 [inlined]
unknown function (ip: 0x149a1734ec9b)
jl_apply at /cache/build/builder-demeter6-3/julialang/julia-release-1-dot-11/src/julia.h:2157 [inlined]
run_work_thunk at /cache/build/builder-demeter6-3/julialang/julia-release-1-dot-11/usr/share/julia/stdlib/v1.11/Distributed/src/process_messages.jl:70
update_stage! at /glade/u/home/reich/.julia/packages/ClimaTimeSteppers/o2zml/src/solvers/imex_ark.jl:93 [inlined]
run_work_thunk at /cache/build/builder-demeter6-3/julialang/julia-release-1-dot-11/usr/share/julia/stdlib/v1.11/Distributed/src/process_messages.jl:79
do_apply at /cache/build/builder-demeter6-3/julialang/julia-release-1-dot-11/src/builtins.c:831
unknown function (ip: 0x14f989303c6b)
update_stage! at /glade/u/home/reich/.julia/packages/ClimaTimeSteppers/o2zml/src/solvers/imex_ark.jl:96 [inlined]
#100 at /cache/build/builder-demeter6-3/julialang/julia-release-1-dot-11/usr/share/julia/stdlib/v1.11/Distributed/src/process_messages.jl:88
run_work_thunk at /cache/build/builder-demeter6-3/julialang/julia-release-1-dot-11/usr/share/julia/stdlib/v1.11/Distributed/src/process_messages.jl:79
step_u! at /glade/u/home/reich/.julia/packages/ClimaTimeSteppers/o2zml/src/solvers/imex_ark.jl:71
unknown function (ip: 0x149a1734e7cf)
#100 at /cache/build/builder-demeter6-3/julialang/julia-release-1-dot-11/usr/share/julia/stdlib/v1.11/Distributed/src/process_messages.jl:88
macro expansion at /glade/u/home/reich/.julia/packages/ClimaTimeSteppers/o2zml/src/integrators.jl:265 [inlined]
invokelatest at ./essentials.jl:1052
unknown function (ip: 0x14f98930379f)
jl_apply at /cache/build/builder-demeter6-3/julialang/julia-release-1-dot-11/src/julia.h:2157 [inlined]
step_u! at /glade/u/home/reich/.julia/packages/NVTX/F7ji4/src/macro.jl:194
jl_apply at /cache/build/builder-demeter6-3/julialang/julia-release-1-dot-11/src/julia.h:2157 [inlined]
start_task at /cache/build/builder-demeter6-3/julialang/julia-release-1-dot-11/src/task.c:1202
jl_apply at /cache/build/builder-demeter6-3/julialang/julia-release-1-dot-11/src/julia.h:2157 [inlined]
__step! at /glade/u/home/reich/.julia/packages/ClimaTimeSteppers/o2zml/src/integrators.jl:242
do_apply at /cache/build/builder-demeter6-3/julialang/julia-release-1-dot-11/src/builtins.c:831
unknown function (ip: (nil))
start_task at /cache/build/builder-demeter6-3/julialang/julia-release-1-dot-11/src/task.c:1202
macro expansion at /glade/u/home/reich/.julia/packages/ClimaTimeSteppers/o2zml/src/integrators.jl:187 [inlined]
#114 at /cache/build/builder-demeter6-3/julialang/julia-release-1-dot-11/usr/share/julia/stdlib/v1.11/Distributed/src/process_messages.jl:303
Allocations: 73489433592 (Pool: 73397021192; Big: 92412400); GC: 47969
unknown function (ip: (nil))
solve! at /glade/u/home/reich/.julia/packages/NVTX/F7ji4/src/macro.jl:194
run_work_thunk at /cache/build/builder-demeter6-3/julialang/julia-release-1-dot-11/usr/share/julia/stdlib/v1.11/Distributed/src/process_messages.jl:70
Allocations: 73503453548 (Pool: 73411040983; Big: 92412565); GC: 52384
solve! at /glade/derecho/scratch/reich/ClimaLand.jl/src/simulations/Simulations.jl:321
unknown function (ip: 0x14bb6f34ecab)
unknown function (ip: 0x14edba35ed32)
run_work_thunk at /cache/build/builder-demeter6-3/julialang/julia-release-1-dot-11/usr/share/julia/stdlib/v1.11/Distributed/src/process_messages.jl:79
forward_model at /glade/derecho/scratch/reich/ClimaLand.jl/experiments/calibration/model_interface.jl:315
#100 at /cache/build/builder-demeter6-3/julialang/julia-release-1-dot-11/usr/share/julia/stdlib/v1.11/Distributed/src/process_messages.jl:88
unknown function (ip: 0x14ee295bc7bc)
unknown function (ip: 0x14bb6f34e7df)
jl_apply at /cache/build/builder-demeter6-3/julialang/julia-release-1-dot-11/src/julia.h:2157 [inlined]
jl_apply at /cache/build/builder-demeter6-3/julialang/julia-release-1-dot-11/src/julia.h:2157 [inlined]
jl_f__call_latest at /cache/build/builder-demeter6-3/julialang/julia-release-1-dot-11/src/builtins.c:875
start_task at /cache/build/builder-demeter6-3/julialang/julia-release-1-dot-11/src/task.c:1202
unknown function (ip: (nil))
Allocations: 73488927091 (Pool: 73396515420; Big: 92411671); GC: 46818
jl_apply at /cache/build/builder-demeter6-3/julialang/julia-release-1-dot-11/src/julia.h:2157 [inlined]
do_apply at /cache/build/builder-demeter6-3/julialang/julia-release-1-dot-11/src/builtins.c:831
#invokelatest#2 at ./essentials.jl:1055
jl_apply at /cache/build/builder-demeter6-3/julialang/julia-release-1-dot-11/src/julia.h:2157 [inlined]
do_apply at /cache/build/builder-demeter6-3/julialang/julia-release-1-dot-11/src/builtins.c:831
invokelatest at ./essentials.jl:1052
jl_apply at /cache/build/builder-demeter6-3/julialang/julia-release-1-dot-11/src/julia.h:2157 [inlined]
do_apply at /cache/build/builder-demeter6-3/julialang/julia-release-1-dot-11/src/builtins.c:831
#114 at /cache/build/builder-demeter6-3/julialang/julia-release-1-dot-11/usr/share/julia/stdlib/v1.11/Distributed/src/process_messages.jl:303
run_work_thunk at /cache/build/builder-demeter6-3/julialang/julia-release-1-dot-11/usr/share/julia/stdlib/v1.11/Distributed/src/process_messages.jl:70
unknown function (ip: 0x14ee2954ac3b)
run_work_thunk at /cache/build/builder-demeter6-3/julialang/julia-release-1-dot-11/usr/share/julia/stdlib/v1.11/Distributed/src/process_messages.jl:79
#100 at /cache/build/builder-demeter6-3/julialang/julia-release-1-dot-11/usr/share/julia/stdlib/v1.11/Distributed/src/process_messages.jl:88
unknown function (ip: 0x14ee2954a76f)
jl_apply at /cache/build/builder-demeter6-3/julialang/julia-release-1-dot-11/src/julia.h:2157 [inlined]
start_task at /cache/build/builder-demeter6-3/julialang/julia-release-1-dot-11/src/task.c:1202
unknown function (ip: (nil))
Allocations: 72846533791 (Pool: 72754970321; Big: 91563470); GC: 48468
