julia_worker:9545#10.169.152.46
julia_worker:9485#10.169.152.13
julia_worker:9799#10.169.152.48
julia_worker:9381#10.169.152.28
julia_worker:9536#10.169.152.15
julia_worker:9118#10.169.152.32
julia_worker:9488#10.169.152.5
julia_worker:9897#10.169.152.11
julia_worker:9090#10.169.152.7
julia_worker:9558#10.169.152.9
julia_worker:9202#10.169.152.30
julia_worker:9584#10.169.152.3
julia_worker:9971#10.169.152.26

[105971] signal 15: Terminated

[8799] signal 15: Terminated
in expression starting at none:0

[27202] signal 15: Terminated

[110558] signal 15: Terminated

[107090] signal 15: Terminated

[15545] signal 15: Terminated
in expression starting at none:0

[14536] signal 15: Terminated

[118584] signal 15: Terminated
in expression starting at none:0
in expression starting at none:0

[111485] signal 15: Terminated
in expression starting at none:0
in expression starting at none:0
in expression starting at none:0

[22488] signal 15: Terminated

[39897] signal 15: Terminated
in expression starting at none:0
in expression starting at none:0
in expression starting at none:0
in expression starting at none:0

[113118] signal 15: Terminated
in expression starting at none:0
unknown function (ip: 0x14e376fe13ce)
ioctl at /lib64/libc.so.6 (unknown line)
ioctl at /lib64/libc.so.6 (unknown line)
ioctl at /lib64/libc.so.6 (unknown line)
ioctl at /lib64/libc.so.6 (unknown line)
__pread64 at /lib64/libc.so.6 (unknown line)
unknown function (ip: 0x14e376f1a6f0)
unknown function (ip: 0x150dae687c87)
unknown function (ip: 0x14ccc1087c87)
unknown function (ip: 0x14b97143c02e)
unknown function (ip: 0x14d5bbe3c02e)
unknown function (ip: 0x14e377088aa7)
unknown function (ip: 0x150dae693c59)
jl_gc_safe_enter at /cache/build/builder-demeter6-3/julialang/julia-release-1-dot-11/src/jlapi.c:710
isvalid at ./promotion.jl:0
unknown function (ip: 0x14ccc1091e5b)
unknown function (ip: 0x14b971f46717)
H5FD__sec2_read at /glade/u/home/reich/.julia/artifacts/9b09fc37349cf0740348c093643ead0b6346ae60/lib/libhdf5.so (unknown line)

[86381] signal 15: Terminated
gc_sweep_page at /cache/build/builder-demeter6-3/julialang/julia-release-1-dot-11/src/gc.c:1512
unknown function (ip: 0x14d5bc946717)
gc_page_data at /cache/build/builder-demeter6-3/julialang/julia-release-1-dot-11/src/gc.h:395 [inlined]
getindex at /glade/u/home/reich/.julia/packages/GPUArrays/0F4Dn/src/host/abstractarray.jl:72 [inlined]
unknown function (ip: 0x14e377089d11)
unknown function (ip: 0x150dae676a0b)
jl_gc_safe_leave at /cache/build/builder-demeter6-3/julialang/julia-release-1-dot-11/src/jlapi.c:724
unknown function (ip: 0x14ccc1075dee)
validate_task_local_state at /glade/u/home/reich/.julia/packages/CUDA/TPbi4/lib/cudadrv/state.jl:61
validate_task_local_state at /glade/u/home/reich/.julia/packages/CUDA/TPbi4/lib/cudadrv/state.jl:61
unknown function (ip: 0x14b97131abdb)
H5FD_read at /glade/u/home/reich/.julia/artifacts/9b09fc37349cf0740348c093643ead0b6346ae60/lib/libhdf5.so (unknown line)
in expression starting at none:0
gc_sweep_pool_page at /cache/build/builder-demeter6-3/julialang/julia-release-1-dot-11/src/gc.c:1579 [inlined]
unknown function (ip: 0x14d5bbd1abdb)
jl_gc_pool_alloc_inner at /cache/build/builder-demeter6-3/julialang/julia-release-1-dot-11/src/gc.c:1336
unsafe_convert at /glade/u/home/reich/.julia/packages/CUDA/TPbi4/src/array.jl:466
unknown function (ip: 0x14e37701942d)
unknown function (ip: 0x150dae69ae0b)
unknown function (ip: 0x145e5bf933cf)
unknown function (ip: 0x14ccc10897a9)
task_local_state! at /glade/u/home/reich/.julia/packages/CUDA/TPbi4/lib/cudadrv/state.jl:72
unknown function (ip: 0x14b971488aa7)
task_local_state! at /glade/u/home/reich/.julia/packages/CUDA/TPbi4/lib/cudadrv/state.jl:72
H5F__accum_read at /glade/u/home/reich/.julia/artifacts/9b09fc37349cf0740348c093643ead0b6346ae60/lib/libhdf5.so (unknown line)
gc_sweep_pool_parallel at /cache/build/builder-demeter6-3/julialang/julia-release-1-dot-11/src/gc.c:1712
unknown function (ip: 0x14d5bbe88aa7)
ijl_gc_pool_alloc_instrumented at /cache/build/builder-demeter6-3/julialang/julia-release-1-dot-11/src/gc.c:1382
#pointer#1158 at /glade/u/home/reich/.julia/packages/CUDA/TPbi4/src/array.jl:424 [inlined]
unknown function (ip: 0x14e37701a7b3)
unknown function (ip: 0x150dae6193b9)
unknown function (ip: 0x14ccc10100c6)
validate_task_local_state at /glade/u/home/reich/.julia/packages/CUDA/TPbi4/lib/cudadrv/state.jl:61
unknown function (ip: 0x14b971489d11)
prepare_cuda_state at /glade/u/home/reich/.julia/packages/CUDA/TPbi4/lib/cudadrv/state.jl:94
active_state at /glade/u/home/reich/.julia/packages/CUDA/TPbi4/lib/cudadrv/state.jl:110 [inlined]
H5PB_read at /glade/u/home/reich/.julia/artifacts/9b09fc37349cf0740348c093643ead0b6346ae60/lib/libhdf5.so (unknown line)
unknown function (ip: 0x14d5bbe89d11)
gc_sweep_pool at /cache/build/builder-demeter6-3/julialang/julia-release-1-dot-11/src/gc.c:1812 [inlined]
unknown function (ip: 0x148ec7fd90f0)
pointer at /glade/u/home/reich/.julia/packages/CUDA/TPbi4/src/array.jl:416 [inlined]
unknown function (ip: 0x14e37701b35a)
unknown function (ip: 0x150dae61a7b3)
unknown function (ip: 0x14ccc10186b9)
unknown function (ip: 0x14b97141942d)
task_local_state! at /glade/u/home/reich/.julia/packages/CUDA/TPbi4/lib/cudadrv/state.jl:72
initialize_context at /glade/u/home/reich/.julia/packages/CUDA/TPbi4/lib/cudadrv/libcuda.jl:21 [inlined]
convert at /glade/u/home/reich/.julia/packages/CUDA/TPbi4/src/memory.jl:544
H5F_shared_block_read at /glade/u/home/reich/.julia/artifacts/9b09fc37349cf0740348c093643ead0b6346ae60/lib/libhdf5.so (unknown line)
unknown function (ip: 0x14d5bbe1942d)
_jl_gc_collect at /cache/build/builder-demeter6-3/julialang/julia-release-1-dot-11/src/gc.c:3650
macro expansion at /glade/u/home/reich/.julia/packages/CUDA/TPbi4/src/compiler/execution.jl:112 [inlined]
pointer at /glade/u/home/reich/.julia/packages/CUDA/TPbi4/src/array.jl:416 [inlined]
unknown function (ip: 0x14e37701d8fd)
unknown function (ip: 0x150dae61b35a)
unknown function (ip: 0x14ccc101d435)
unknown function (ip: 0x14b97141a7b3)
active_state at /glade/u/home/reich/.julia/packages/CUDA/TPbi4/lib/cudadrv/state.jl:110 [inlined]
macro expansion at /glade/u/home/reich/.julia/packages/CUDA/TPbi4/lib/cudadrv/libcuda_deprecated.jl:47 [inlined]
ioctl at /lib64/libc.so.6 (unknown line)
unsafe_convert at /glade/u/home/reich/.julia/packages/CUDA/TPbi4/src/array.jl:466
unknown function (ip: 0x14d5bbe1a7b3)
H5D__contig_readvv_sieve_cb at /glade/u/home/reich/.julia/artifacts/9b09fc37349cf0740348c093643ead0b6346ae60/lib/libhdf5.so (unknown line)
ijl_gc_collect at /cache/build/builder-demeter6-3/julialang/julia-release-1-dot-11/src/gc.c:3898
#auto_launch!#2 at /glade/u/home/reich/.julia/packages/ClimaCore/xDlva/ext/cuda/cuda_utils.jl:165
unsafe_convert at /glade/u/home/reich/.julia/packages/CUDA/TPbi4/src/array.jl:486 [inlined]
unknown function (ip: 0x14e37701f2da)
unknown function (ip: 0x150dae61d8fd)
unknown function (ip: 0x14ccc101cb96)
unknown function (ip: 0x14b97141b35a)
convert at /glade/u/home/reich/.julia/packages/CUDA/TPbi4/src/memory.jl:544
#948 at /glade/u/home/reich/.julia/packages/GPUToolbox/XaIIx/src/ccalls.jl:34 [inlined]
unknown function (ip: 0x14f5cdc87c87)
#pointer#1158 at /glade/u/home/reich/.julia/packages/CUDA/TPbi4/src/array.jl:424 [inlined]
unknown function (ip: 0x14d5bbe1b35a)
H5VM_opvv at /glade/u/home/reich/.julia/artifacts/9b09fc37349cf0740348c093643ead0b6346ae60/lib/libhdf5.so (unknown line)
maybe_collect at /cache/build/builder-demeter6-3/julialang/julia-release-1-dot-11/src/gc.c:922 [inlined]
auto_launch! at /glade/u/home/reich/.julia/packages/ClimaCore/xDlva/ext/cuda/cuda_utils.jl:92 [inlined]
adapt_storage at /glade/u/home/reich/.julia/packages/CUDA/TPbi4/src/compiler/execution.jl:164 [inlined]
unknown function (ip: 0x14e376dc4e4f)
unknown function (ip: 0x150dae61f2da)
unknown function (ip: 0x14ccc0dc5872)
unknown function (ip: 0x14b97141d8fd)
unsafe_convert at /glade/u/home/reich/.julia/packages/CUDA/TPbi4/src/array.jl:466
check at /glade/u/home/reich/.julia/packages/CUDA/TPbi4/lib/cudadrv/libcuda.jl:35 [inlined]
unknown function (ip: 0x14f5cdc91e5b)
pointer at /glade/u/home/reich/.julia/packages/CUDA/TPbi4/src/array.jl:416 [inlined]
unknown function (ip: 0x14d5bbe1d8fd)
jl_gc_big_alloc_inner at /cache/build/builder-demeter6-3/julialang/julia-release-1-dot-11/src/gc.c:1009 [inlined]
H5D__contig_readvv at /glade/u/home/reich/.julia/artifacts/9b09fc37349cf0740348c093643ead0b6346ae60/lib/libhdf5.so (unknown line)
auto_launch! at /glade/u/home/reich/.julia/packages/ClimaCore/xDlva/ext/cuda/cuda_utils.jl:92 [inlined]
adapt_structure at /glade/u/home/reich/.julia/packages/Adapt/2UZ81/src/Adapt.jl:57 [inlined]
unknown function (ip: 0x14e376f3a56b)
unknown function (ip: 0x150dae3c4e4f)
unknown function (ip: 0x14ccc0f3ab66)
unknown function (ip: 0x14b97141f2da)
#pointer#1158 at /glade/u/home/reich/.julia/packages/CUDA/TPbi4/src/array.jl:424 [inlined]
cuStreamGetCaptureInfo at /glade/u/home/reich/.julia/packages/GPUToolbox/XaIIx/src/ccalls.jl:33 [inlined]
unknown function (ip: 0x14f5cdc75dee)
pointer at /glade/u/home/reich/.julia/packages/CUDA/TPbi4/src/array.jl:416 [inlined]
unknown function (ip: 0x14d5bbe1f2da)
ijl_gc_big_alloc_instrumented at /cache/build/builder-demeter6-3/julialang/julia-release-1-dot-11/src/gc.c:1045
copyto_per_field! at /glade/u/home/reich/.julia/packages/ClimaCore/xDlva/ext/cuda/data_layouts_copyto.jl:144
H5D__select_io at /glade/u/home/reich/.julia/artifacts/9b09fc37349cf0740348c093643ead0b6346ae60/lib/libhdf5.so (unknown line)
adapt at /glade/u/home/reich/.julia/packages/Adapt/2UZ81/src/Adapt.jl:40 [inlined]
cuMemAlloc_v2 at /usr/lib64/libcuda.so.1 (unknown line)
unknown function (ip: 0x150dae53a56b)
cuMemFree_v2 at /usr/lib64/libcuda.so.1 (unknown line)
unknown function (ip: 0x14b9711c4e4f)
pointer at /glade/u/home/reich/.julia/packages/CUDA/TPbi4/src/array.jl:416 [inlined]
capture_status at /glade/u/home/reich/.julia/packages/CUDA/TPbi4/lib/cudadrv/graph.jl:174
unknown function (ip: 0x14f5cdc897a9)
unsafe_convert at /glade/u/home/reich/.julia/packages/CUDA/TPbi4/src/array.jl:486 [inlined]
unknown function (ip: 0x14d5bbbc4e4f)
getproperty at ./Base.jl:49
#25 at /glade/u/home/reich/.julia/packages/ClimaCore/xDlva/src/Fields/fieldvector.jl:364 [inlined]
H5D__select_read at /glade/u/home/reich/.julia/artifacts/9b09fc37349cf0740348c093643ead0b6346ae60/lib/libhdf5.so (unknown line)
adapt_structure at /glade/u/home/reich/.julia/packages/ClimaCore/xDlva/src/DataLayouts/DataLayouts.jl:1694 [inlined]
cuMemAlloc_v2 at /usr/lib64/libcuda.so.1 (unknown line)
unknown function (ip: 0x14b97133a56b)
macro expansion at /glade/u/home/reich/.julia/packages/GPUToolbox/XaIIx/src/ccalls.jl:143 [inlined]
pointer at /glade/u/home/reich/.julia/packages/CUDA/TPbi4/src/array.jl:416 [inlined]
is_capturing at /glade/u/home/reich/.julia/packages/CUDA/TPbi4/lib/cudadrv/graph.jl:179 [inlined]
unknown function (ip: 0x14f5cdc100c6)
adapt_storage at /glade/u/home/reich/.julia/packages/CUDA/TPbi4/src/compiler/execution.jl:164 [inlined]
unknown function (ip: 0x14d5bbd3a56b)
unknown function (ip: 0x14b762752cd6)
map at ./tuple.jl:355 [inlined]
H5D__contig_read at /glade/u/home/reich/.julia/artifacts/9b09fc37349cf0740348c093643ead0b6346ae60/lib/libhdf5.so (unknown line)
macro expansion at /glade/u/home/reich/.julia/packages/GPUToolbox/XaIIx/src/ccalls.jl:143 [inlined]
adapt at /glade/u/home/reich/.julia/packages/Adapt/2UZ81/src/Adapt.jl:40 [inlined]
cuMemAlloc_v2 at /usr/lib64/libcuda.so.1 (unknown line)
macro expansion at /glade/u/home/reich/.julia/packages/CUDA/TPbi4/lib/cudadrv/libcuda.jl:182 [inlined]
unsafe_convert at /glade/u/home/reich/.julia/packages/CUDA/TPbi4/src/array.jl:486 [inlined]
convert at /glade/u/home/reich/.julia/packages/CUDA/TPbi4/src/memory.jl:545
unknown function (ip: 0x14f5cdc186b9)
adapt_structure at /glade/u/home/reich/.julia/packages/Adapt/2UZ81/src/Adapt.jl:57 [inlined]
cuMemAlloc_v2 at /usr/lib64/libcuda.so.1 (unknown line)
macro expansion at /glade/u/home/reich/.julia/packages/GPUToolbox/XaIIx/src/ccalls.jl:143 [inlined]
orchestrate_diagnostics at /glade/u/home/reich/.julia/packages/ClimaDiagnostics/3h9MG/src/clima_diagnostics.jl:251
copyto_per_field! at /glade/u/home/reich/.julia/packages/ClimaCore/xDlva/src/Fields/fieldvector.jl:357 [inlined]
H5D__read at /glade/u/home/reich/.julia/artifacts/9b09fc37349cf0740348c093643ead0b6346ae60/lib/libhdf5.so (unknown line)
macro expansion at /glade/u/home/reich/.julia/packages/CUDA/TPbi4/lib/cudadrv/libcuda.jl:194 [inlined]
_adapt_tuple_structure at /glade/u/home/reich/.julia/packages/Adapt/2UZ81/src/base.jl:17 [inlined]
#10 at /glade/u/home/reich/.julia/packages/GPUToolbox/XaIIx/src/ccalls.jl:34 [inlined]
adapt_storage at /glade/u/home/reich/.julia/packages/CUDA/TPbi4/src/compiler/execution.jl:164 [inlined]
macro expansion at /glade/u/home/reich/.julia/packages/GPUToolbox/XaIIx/src/ccalls.jl:143 [inlined]
unsafe_convert at /glade/u/home/reich/.julia/packages/CUDA/TPbi4/src/array.jl:466
unknown function (ip: 0x14f5cdc1d435)
adapt at /glade/u/home/reich/.julia/packages/Adapt/2UZ81/src/Adapt.jl:40 [inlined]
macro expansion at /glade/u/home/reich/.julia/packages/CUDA/TPbi4/lib/cudadrv/libcuda.jl:182 [inlined]
sciml_callback at /glade/u/home/reich/.julia/packages/ClimaDiagnostics/3h9MG/src/clima_diagnostics.jl:369 [inlined]
#25 at /glade/u/home/reich/.julia/packages/ClimaCore/xDlva/src/Fields/fieldvector.jl:362 [inlined]
H5VL__native_dataset_read at /glade/u/home/reich/.julia/artifacts/9b09fc37349cf0740348c093643ead0b6346ae60/lib/libhdf5.so (unknown line)
#14 at /glade/u/home/reich/.julia/packages/GPUToolbox/XaIIx/src/ccalls.jl:34 [inlined]
_adapt_tuple_structure at /glade/u/home/reich/.julia/packages/Adapt/2UZ81/src/base.jl:14
macro expansion at /glade/u/home/reich/.julia/packages/GPUToolbox/XaIIx/src/ccalls.jl:143 [inlined]
check at /glade/u/home/reich/.julia/packages/CUDA/TPbi4/lib/cudadrv/libcuda.jl:35 [inlined]
adapt_structure at /glade/u/home/reich/.julia/packages/Adapt/2UZ81/src/Adapt.jl:57 [inlined]
macro expansion at /glade/u/home/reich/.julia/packages/CUDA/TPbi4/lib/cudadrv/libcuda.jl:182 [inlined]
#pointer#1158 at /glade/u/home/reich/.julia/packages/CUDA/TPbi4/src/array.jl:424 [inlined]
unknown function (ip: 0x14f5cdc1cb96)
adapt_structure at /glade/u/home/reich/.julia/packages/ClimaCore/xDlva/src/DataLayouts/DataLayouts.jl:1694 [inlined]
#10 at /glade/u/home/reich/.julia/packages/GPUToolbox/XaIIx/src/ccalls.jl:34 [inlined]
unrolled_foreach at /glade/u/home/reich/.julia/packages/ClimaTimeSteppers/o2zml/src/integrators.jl:224 [inlined]
map at ./tuple.jl:356
H5VL_dataset_read at /glade/u/home/reich/.julia/artifacts/9b09fc37349cf0740348c093643ead0b6346ae60/lib/libhdf5.so (unknown line)
check at /glade/u/home/reich/.julia/packages/CUDA/TPbi4/lib/cudadrv/libcuda.jl:35 [inlined]
adapt_structure at /glade/u/home/reich/.julia/packages/Adapt/2UZ81/src/base.jl:9 [inlined]
macro expansion at /glade/u/home/reich/.julia/packages/CUDA/TPbi4/lib/cudadrv/libcuda.jl:182 [inlined]
cuMemAlloc_v2 at /glade/u/home/reich/.julia/packages/GPUToolbox/XaIIx/src/ccalls.jl:33 [inlined]
adapt at /glade/u/home/reich/.julia/packages/Adapt/2UZ81/src/Adapt.jl:40 [inlined]
#10 at /glade/u/home/reich/.julia/packages/GPUToolbox/XaIIx/src/ccalls.jl:34 [inlined]
pointer at /glade/u/home/reich/.julia/packages/CUDA/TPbi4/src/array.jl:416 [inlined]
unknown function (ip: 0x14f5cd9c5872)
adapt at /glade/u/home/reich/.julia/packages/Adapt/2UZ81/src/Adapt.jl:40 [inlined]
check at /glade/u/home/reich/.julia/packages/CUDA/TPbi4/lib/cudadrv/libcuda.jl:35 [inlined]
unrolled_foreach at /glade/u/home/reich/.julia/packages/ClimaTimeSteppers/o2zml/src/integrators.jl:229 [inlined]
unknown function (ip: 0x148ec7fdad06)
cuMemFree_v2 at /glade/u/home/reich/.julia/packages/GPUToolbox/XaIIx/src/ccalls.jl:33 [inlined]
H5D__read_api_common.constprop.2 at /glade/u/home/reich/.julia/artifacts/9b09fc37349cf0740348c093643ead0b6346ae60/lib/libhdf5.so (unknown line)
adapt at /glade/u/home/reich/.julia/packages/Adapt/2UZ81/src/Adapt.jl:40 [inlined]
#10 at /glade/u/home/reich/.julia/packages/GPUToolbox/XaIIx/src/ccalls.jl:34 [inlined]
#alloc#965 at /glade/u/home/reich/.julia/packages/CUDA/TPbi4/lib/cudadrv/memory.jl:76
adapt_structure at /glade/u/home/reich/.julia/packages/Adapt/2UZ81/src/wrappers.jl:10 [inlined]
check at /glade/u/home/reich/.julia/packages/CUDA/TPbi4/lib/cudadrv/libcuda.jl:35 [inlined]
pointer at /glade/u/home/reich/.julia/packages/CUDA/TPbi4/src/array.jl:416 [inlined]
unknown function (ip: 0x14f5cdb3ab66)
adapt_structure at /glade/u/home/reich/.julia/packages/ClimaCore/xDlva/ext/cuda/adapt.jl:58
cuMemAlloc_v2 at /glade/u/home/reich/.julia/packages/GPUToolbox/XaIIx/src/ccalls.jl:33 [inlined]
unrolled_foreach at /glade/u/home/reich/.julia/packages/ClimaTimeSteppers/o2zml/src/integrators.jl:230 [inlined]
copyto_per_field! at /glade/u/home/reich/.julia/packages/ClimaCore/xDlva/src/Fields/fieldvector.jl:357
#free#966 at /glade/u/home/reich/.julia/packages/CUDA/TPbi4/lib/cudadrv/memory.jl:89
H5Dread at /glade/u/home/reich/.julia/artifacts/9b09fc37349cf0740348c093643ead0b6346ae60/lib/libhdf5.so (unknown line)
adapt_structure at /glade/u/home/reich/.julia/packages/Adapt/2UZ81/src/base.jl:62 [inlined]
check at /glade/u/home/reich/.julia/packages/CUDA/TPbi4/lib/cudadrv/libcuda.jl:35 [inlined]
adapt at /glade/u/home/reich/.julia/packages/Adapt/2UZ81/src/Adapt.jl:40 [inlined]
alloc at /glade/u/home/reich/.julia/packages/CUDA/TPbi4/lib/cudadrv/memory.jl:61 [inlined]
cuMemAlloc_v2 at /glade/u/home/reich/.julia/packages/GPUToolbox/XaIIx/src/ccalls.jl:33 [inlined]
unsafe_convert at /glade/u/home/reich/.julia/packages/CUDA/TPbi4/src/array.jl:486 [inlined]
cuMemFree_v2 at /usr/lib64/libcuda.so.1 (unknown line)
adapt at /glade/u/home/reich/.julia/packages/Adapt/2UZ81/src/Adapt.jl:40 [inlined]
#alloc#965 at /glade/u/home/reich/.julia/packages/CUDA/TPbi4/lib/cudadrv/memory.jl:76
unrolled_foreach at /glade/u/home/reich/.julia/packages/ClimaTimeSteppers/o2zml/src/integrators.jl:230 [inlined]
unknown function (ip: 0x148ec7fd97d9)
free at /glade/u/home/reich/.julia/packages/CUDA/TPbi4/lib/cudadrv/memory.jl:82 [inlined]
NC4_get_vars at /glade/u/home/reich/.julia/artifacts/fe74c5e3593f8169484884c06d91da140792084f/lib/libnetcdf.so (unknown line)
adapt at /glade/u/home/reich/.julia/packages/Adapt/2UZ81/src/Adapt.jl:40 [inlined]
cuMemAlloc_v2 at /glade/u/home/reich/.julia/packages/GPUToolbox/XaIIx/src/ccalls.jl:33 [inlined]
adapt_structure at /glade/u/home/reich/.julia/packages/ClimaCore/xDlva/src/DataLayouts/DataLayouts.jl:1694
#1132 at /glade/u/home/reich/.julia/packages/CUDA/TPbi4/src/memory.jl:657
#alloc#965 at /glade/u/home/reich/.julia/packages/CUDA/TPbi4/lib/cudadrv/memory.jl:76
adapt_storage at /glade/u/home/reich/.julia/packages/CUDA/TPbi4/src/compiler/execution.jl:164 [inlined]
cudaconvert at /glade/u/home/reich/.julia/packages/CUDA/TPbi4/src/compiler/execution.jl:200 [inlined]
__step! at /glade/u/home/reich/.julia/packages/ClimaTimeSteppers/o2zml/src/integrators.jl:255
alloc at /glade/u/home/reich/.julia/packages/CUDA/TPbi4/lib/cudadrv/memory.jl:61 [inlined]
#1136 at /glade/u/home/reich/.julia/packages/CUDA/TPbi4/src/memory.jl:722 [inlined]
unknown function (ip: 0x148ec7f31fa9)
macro expansion at /glade/u/home/reich/.julia/packages/GPUToolbox/XaIIx/src/ccalls.jl:143 [inlined]
NC_get_vars at /glade/u/home/reich/.julia/artifacts/fe74c5e3593f8169484884c06d91da140792084f/lib/libnetcdf.so (unknown line)
_adapt_tuple_structure at /glade/u/home/reich/.julia/packages/Adapt/2UZ81/src/base.jl:14
#alloc#965 at /glade/u/home/reich/.julia/packages/CUDA/TPbi4/lib/cudadrv/memory.jl:76
adapt at /glade/u/home/reich/.julia/packages/Adapt/2UZ81/src/Adapt.jl:40 [inlined]
retry_reclaim at /glade/u/home/reich/.julia/packages/CUDA/TPbi4/src/memory.jl:434 [inlined]
alloc at /glade/u/home/reich/.julia/packages/CUDA/TPbi4/lib/cudadrv/memory.jl:61 [inlined]
adapt_structure at /glade/u/home/reich/.julia/packages/Adapt/2UZ81/src/Adapt.jl:57 [inlined]
map at ./tuple.jl:357 [inlined]
macro expansion at /glade/u/home/reich/.julia/packages/ClimaTimeSteppers/o2zml/src/integrators.jl:187 [inlined]
#1132 at /glade/u/home/reich/.julia/packages/CUDA/TPbi4/src/memory.jl:657
#context!#1025 at /glade/u/home/reich/.julia/packages/CUDA/TPbi4/lib/cudadrv/state.jl:168 [inlined]
unknown function (ip: 0x148ec7f31f30)
macro expansion at /glade/u/home/reich/.julia/packages/CUDA/TPbi4/lib/cudadrv/libcuda.jl:194 [inlined]
nc_get_vars at /glade/u/home/reich/.julia/artifacts/fe74c5e3593f8169484884c06d91da140792084f/lib/libnetcdf.so (unknown line)
adapt_structure at /glade/u/home/reich/.julia/packages/Adapt/2UZ81/src/base.jl:9 [inlined]
adapt_structure at /glade/u/home/reich/.julia/packages/ClimaCore/xDlva/src/Fields/Fields.jl:72 [inlined]
alloc at /glade/u/home/reich/.julia/packages/CUDA/TPbi4/lib/cudadrv/memory.jl:61 [inlined]
_pool_alloc at /glade/u/home/reich/.julia/packages/CUDA/TPbi4/src/memory.jl:652 [inlined]
#1132 at /glade/u/home/reich/.julia/packages/CUDA/TPbi4/src/memory.jl:657
adapt at /glade/u/home/reich/.julia/packages/Adapt/2UZ81/src/Adapt.jl:40 [inlined]
map at ./tuple.jl:358 [inlined]
solve! at /glade/u/home/reich/.julia/packages/NVTX/F7ji4/src/macro.jl:194
context! at /glade/u/home/reich/.julia/packages/CUDA/TPbi4/lib/cudadrv/state.jl:163 [inlined]
retry_reclaim at /glade/u/home/reich/.julia/packages/CUDA/TPbi4/src/memory.jl:434 [inlined]
#14 at /glade/u/home/reich/.julia/packages/GPUToolbox/XaIIx/src/ccalls.jl:34 [inlined]
#25 at /glade/u/home/reich/.julia/packages/ClimaCore/xDlva/src/Fields/fieldvector.jl:362 [inlined]
nc_get_vars! at /glade/u/home/reich/.julia/packages/NCDatasets/W31Xc/src/netcdf_c.jl:1048
adapt at /glade/u/home/reich/.julia/packages/Adapt/2UZ81/src/Adapt.jl:40 [inlined]
adapt at /glade/u/home/reich/.julia/packages/Adapt/2UZ81/src/Adapt.jl:40 [inlined]
#1132 at /glade/u/home/reich/.julia/packages/CUDA/TPbi4/src/memory.jl:657
macro expansion at /glade/u/home/reich/.julia/packages/CUDA/TPbi4/src/memory.jl:623 [inlined]
retry_reclaim at /glade/u/home/reich/.julia/packages/CUDA/TPbi4/src/memory.jl:434 [inlined]
adapt_structure at /glade/u/home/reich/.julia/packages/ClimaCore/xDlva/src/DataLayouts/DataLayouts.jl:1694 [inlined]
map at ./tuple.jl:358 [inlined]
solve! at /glade/derecho/scratch/reich/ClimaLand.jl/src/simulations/Simulations.jl:321
_pool_free at /glade/u/home/reich/.julia/packages/CUDA/TPbi4/src/memory.jl:721 [inlined]
_pool_alloc at /glade/u/home/reich/.julia/packages/CUDA/TPbi4/src/memory.jl:652 [inlined]
check at /glade/u/home/reich/.julia/packages/CUDA/TPbi4/lib/cudadrv/libcuda.jl:35 [inlined]
map at ./tuple.jl:357 [inlined]
_read_data_from_nc! at /glade/u/home/reich/.julia/packages/NCDatasets/W31Xc/src/variable.jl:407
adapt_structure at /glade/u/home/reich/.julia/packages/Adapt/2UZ81/src/base.jl:62 [inlined]
_adapt_tuple_structure at /glade/u/home/reich/.julia/packages/Adapt/2UZ81/src/base.jl:14 [inlined]
macro expansion at ./timing.jl:421 [inlined]
retry_reclaim at /glade/u/home/reich/.julia/packages/CUDA/TPbi4/src/memory.jl:434 [inlined]
_pool_alloc at /glade/u/home/reich/.julia/packages/CUDA/TPbi4/src/memory.jl:652 [inlined]
adapt at /glade/u/home/reich/.julia/packages/Adapt/2UZ81/src/Adapt.jl:40 [inlined]
macro expansion at /glade/u/home/reich/.julia/packages/CUDA/TPbi4/src/compiler/execution.jl:110 [inlined]
unknown function (ip: 0x14b761f55202)
macro expansion at ./timing.jl:421 [inlined]
macro expansion at /glade/u/home/reich/.julia/packages/CUDA/TPbi4/src/memory.jl:623 [inlined]
cuMemFree_v2 at /glade/u/home/reich/.julia/packages/GPUToolbox/XaIIx/src/ccalls.jl:33 [inlined]
map at ./tuple.jl:358 [inlined]
readblock! at /glade/u/home/reich/.julia/packages/NCDatasets/W31Xc/src/variable.jl:395 [inlined]
adapt at /glade/u/home/reich/.julia/packages/Adapt/2UZ81/src/Adapt.jl:40 [inlined]
adapt_structure at /glade/u/home/reich/.julia/packages/Adapt/2UZ81/src/base.jl:9 [inlined]
pool_alloc at /glade/u/home/reich/.julia/packages/CUDA/TPbi4/src/memory.jl:622 [inlined]
_pool_alloc at /glade/u/home/reich/.julia/packages/CUDA/TPbi4/src/memory.jl:652 [inlined]
macro expansion at /glade/u/home/reich/.julia/packages/CUDA/TPbi4/src/memory.jl:623 [inlined]
adapt_structure at /glade/u/home/reich/.julia/packages/ClimaCore/xDlva/src/Fields/Fields.jl:72 [inlined]
threads_via_occupancy at /glade/u/home/reich/.julia/packages/ClimaCore/xDlva/ext/cuda/cuda_utils.jl:207
forward_model at /glade/derecho/scratch/reich/ClimaLand.jl/experiments/calibration/model_interface.jl:340
pool_free at /glade/u/home/reich/.julia/packages/CUDA/TPbi4/src/memory.jl:695
macro expansion at ./timing.jl:421 [inlined]
#free#966 at /glade/u/home/reich/.julia/packages/CUDA/TPbi4/lib/cudadrv/memory.jl:89
copyto_per_field! at /glade/u/home/reich/.julia/packages/ClimaCore/xDlva/src/Fields/fieldvector.jl:357 [inlined]
readblock! at /glade/u/home/reich/.julia/packages/CommonDataModel/ZhkYF/src/cfvariable.jl:470
_adapt_tuple_structure at /glade/u/home/reich/.julia/packages/Adapt/2UZ81/src/base.jl:14 [inlined]
adapt at /glade/u/home/reich/.julia/packages/Adapt/2UZ81/src/Adapt.jl:40 [inlined]
#1140 at /glade/u/home/reich/.julia/packages/CUDA/TPbi4/src/array.jl:92
macro expansion at /glade/u/home/reich/.julia/packages/CUDA/TPbi4/src/memory.jl:623 [inlined]
macro expansion at ./timing.jl:421 [inlined]
adapt at /glade/u/home/reich/.julia/packages/Adapt/2UZ81/src/Adapt.jl:40 [inlined]
copyto! at /glade/u/home/reich/.julia/packages/ClimaCore/xDlva/ext/cuda/data_layouts_copyto.jl:42
unknown function (ip: 0x14b7d11756ac)
unknown function (ip: 0x14ccffba8cf2)
pool_alloc at /glade/u/home/reich/.julia/packages/CUDA/TPbi4/src/memory.jl:622 [inlined]
free at /glade/u/home/reich/.julia/packages/CUDA/TPbi4/lib/cudadrv/memory.jl:82 [inlined]
copyto! at /glade/u/home/reich/.julia/packages/ClimaCore/xDlva/src/Fields/fieldvector.jl:348 [inlined]
unknown function (ip: 0x1507147ea416)
_adapt_tuple_structure at /glade/u/home/reich/.julia/packages/Adapt/2UZ81/src/base.jl:14 [inlined]
adapt_structure at /glade/u/home/reich/.julia/packages/ClimaCore/xDlva/ext/cuda/fields.jl:116 [inlined]
macro expansion at ./timing.jl:421 [inlined]
cached_alloc at /glade/u/home/reich/.julia/packages/GPUArrays/0F4Dn/src/host/alloc_cache.jl:36
pool_alloc at /glade/u/home/reich/.julia/packages/CUDA/TPbi4/src/memory.jl:622 [inlined]
cudaconvert at /glade/u/home/reich/.julia/packages/CUDA/TPbi4/src/compiler/execution.jl:200 [inlined]
copyto! at /glade/u/home/reich/.julia/packages/ClimaCore/xDlva/src/DataLayouts/copyto.jl:17 [inlined]
jl_apply at /cache/build/builder-demeter6-3/julialang/julia-release-1-dot-11/src/julia.h:2157 [inlined]
#1140 at /glade/u/home/reich/.julia/packages/CUDA/TPbi4/src/array.jl:92
#1136 at /glade/u/home/reich/.julia/packages/CUDA/TPbi4/src/memory.jl:722 [inlined]
release at /glade/u/home/reich/.julia/packages/GPUArrays/0F4Dn/src/host/abstractarray.jl:42
materialize! at ./broadcast.jl:883 [inlined]
adapt_structure at /glade/u/home/reich/.julia/packages/Adapt/2UZ81/src/base.jl:9 [inlined]
adapt at /glade/u/home/reich/.julia/packages/Adapt/2UZ81/src/Adapt.jl:40 [inlined]
jl_apply at /cache/build/builder-demeter6-3/julialang/julia-release-1-dot-11/src/julia.h:2157 [inlined]
pool_alloc at /glade/u/home/reich/.julia/packages/CUDA/TPbi4/src/memory.jl:622 [inlined]
CuArray at /glade/u/home/reich/.julia/packages/CUDA/TPbi4/src/array.jl:91
#1140 at /glade/u/home/reich/.julia/packages/CUDA/TPbi4/src/array.jl:92
map at ./tuple.jl:358 [inlined]
copyto! at /glade/u/home/reich/.julia/packages/ClimaCore/xDlva/src/Fields/broadcast.jl:231 [inlined]
jl_f__call_latest at /cache/build/builder-demeter6-3/julialang/julia-release-1-dot-11/src/builtins.c:875
#context!#1025 at /glade/u/home/reich/.julia/packages/CUDA/TPbi4/lib/cudadrv/state.jl:168 [inlined]
cached_alloc at /glade/u/home/reich/.julia/packages/GPUArrays/0F4Dn/src/host/alloc_cache.jl:36
unsafe_free! at /glade/u/home/reich/.julia/packages/GPUArrays/0F4Dn/src/host/abstractarray.jl:100 [inlined]
materialize! at ./broadcast.jl:880 [inlined]
adapt at /glade/u/home/reich/.julia/packages/Adapt/2UZ81/src/Adapt.jl:40 [inlined]
_adapt_tuple_structure at /glade/u/home/reich/.julia/packages/Adapt/2UZ81/src/base.jl:17 [inlined]
do_apply at /cache/build/builder-demeter6-3/julialang/julia-release-1-dot-11/src/builtins.c:831
#1140 at /glade/u/home/reich/.julia/packages/CUDA/TPbi4/src/array.jl:92
similar at ./abstractarray.jl:868 [inlined]
map at ./tuple.jl:358 [inlined]
cached_alloc at /glade/u/home/reich/.julia/packages/GPUArrays/0F4Dn/src/host/alloc_cache.jl:36
copyto! at /glade/u/home/reich/.julia/packages/ClimaCore/xDlva/src/Fields/broadcast.jl:231 [inlined]
context! at /glade/u/home/reich/.julia/packages/CUDA/TPbi4/lib/cudadrv/state.jl:163 [inlined]
jl_apply at /cache/build/builder-demeter6-3/julialang/julia-release-1-dot-11/src/julia.h:2157 [inlined]
CuArray at /glade/u/home/reich/.julia/packages/CUDA/TPbi4/src/array.jl:91
unsafe_free! at /glade/u/home/reich/.julia/packages/GPUArrays/0F4Dn/src/host/abstractarray.jl:115
update_stage! at /glade/u/home/reich/.julia/packages/ClimaTimeSteppers/o2zml/src/solvers/imex_ark.jl:163 [inlined]
adapt_structure at /glade/u/home/reich/.julia/packages/Adapt/2UZ81/src/base.jl:62 [inlined]
_adapt_tuple_structure at /glade/u/home/reich/.julia/packages/Adapt/2UZ81/src/base.jl:14
readblock_checked! at /glade/u/home/reich/.julia/packages/DiskArrays/cJ8RQ/src/indexing.jl:294
similar at /glade/u/home/reich/.julia/packages/ClimaCore/xDlva/ext/cuda/data_layouts.jl:56 [inlined]
cached_alloc at /glade/u/home/reich/.julia/packages/GPUArrays/0F4Dn/src/host/alloc_cache.jl:36
map at ./tuple.jl:358 [inlined]
CuArray at /glade/u/home/reich/.julia/packages/CUDA/TPbi4/src/array.jl:91
materialize! at ./broadcast.jl:883 [inlined]
_pool_free at /glade/u/home/reich/.julia/packages/CUDA/TPbi4/src/memory.jl:721 [inlined]
do_apply at /cache/build/builder-demeter6-3/julialang/julia-release-1-dot-11/src/builtins.c:831
similar at ./abstractarray.jl:868 [inlined]
unknown function (ip: 0x14ccfeb00df2)
update_stage! at /glade/u/home/reich/.julia/packages/ClimaTimeSteppers/o2zml/src/solvers/imex_ark.jl:93 [inlined]
adapt at /glade/u/home/reich/.julia/packages/Adapt/2UZ81/src/Adapt.jl:40 [inlined]
adapt_structure at /glade/u/home/reich/.julia/packages/Adapt/2UZ81/src/base.jl:9 [inlined]
jl_apply at /cache/build/builder-demeter6-3/julialang/julia-release-1-dot-11/src/julia.h:2157 [inlined]
similar at /glade/u/home/reich/.julia/packages/ClimaCore/xDlva/src/DataLayouts/broadcast.jl:453 [inlined]
CuArray at /glade/u/home/reich/.julia/packages/CUDA/TPbi4/src/array.jl:91
map at ./tuple.jl:358 [inlined]
similar at ./abstractarray.jl:868 [inlined]
materialize! at ./broadcast.jl:880 [inlined]
macro expansion at ./timing.jl:421 [inlined]
similar at /glade/u/home/reich/.julia/packages/ClimaCore/xDlva/ext/cuda/data_layouts.jl:56 [inlined]
update_stage! at /glade/u/home/reich/.julia/packages/ClimaTimeSteppers/o2zml/src/solvers/imex_ark.jl:96 [inlined]
cudaconvert at /glade/u/home/reich/.julia/packages/CUDA/TPbi4/src/compiler/execution.jl:200 [inlined]
adapt at /glade/u/home/reich/.julia/packages/Adapt/2UZ81/src/Adapt.jl:40 [inlined]
run_finalizer at /cache/build/builder-demeter6-3/julialang/julia-release-1-dot-11/src/gc.c:299
do_apply at /cache/build/builder-demeter6-3/julialang/julia-release-1-dot-11/src/builtins.c:831
similar at /glade/u/home/reich/.julia/packages/ClimaCore/xDlva/src/DataLayouts/broadcast.jl:452 [inlined]
similar at ./abstractarray.jl:868 [inlined]
macro expansion at /glade/u/home/reich/.julia/packages/CUDA/TPbi4/src/compiler/execution.jl:110 [inlined]
similar at /glade/u/home/reich/.julia/packages/ClimaCore/xDlva/ext/cuda/data_layouts.jl:56 [inlined]
update_boundary_fluxes! at /glade/derecho/scratch/reich/ClimaLand.jl/src/integrated/land.jl:381
pool_free at /glade/u/home/reich/.julia/packages/CUDA/TPbi4/src/memory.jl:695
similar at /glade/u/home/reich/.julia/packages/ClimaCore/xDlva/src/DataLayouts/broadcast.jl:453 [inlined]
step_u! at /glade/u/home/reich/.julia/packages/ClimaTimeSteppers/o2zml/src/solvers/imex_ark.jl:71
map at ./tuple.jl:358 [inlined]
adapt_structure at /glade/u/home/reich/.julia/packages/ClimaCore/xDlva/ext/cuda/fields.jl:116 [inlined]
jl_gc_run_finalizers_in_list at /cache/build/builder-demeter6-3/julialang/julia-release-1-dot-11/src/gc.c:389
getindex_disk_nobatch! at /glade/u/home/reich/.julia/packages/DiskArrays/cJ8RQ/src/indexing.jl:106
similar at /glade/u/home/reich/.julia/packages/ClimaCore/xDlva/src/Fields/broadcast.jl:220 [inlined]
similar at /glade/u/home/reich/.julia/packages/ClimaCore/xDlva/ext/cuda/data_layouts.jl:56 [inlined]
#auto_launch!#2 at /glade/u/home/reich/.julia/packages/ClimaCore/xDlva/ext/cuda/cuda_utils.jl:165
similar at /glade/u/home/reich/.julia/packages/ClimaCore/xDlva/src/DataLayouts/broadcast.jl:453 [inlined]
jacobian! at /glade/derecho/scratch/reich/ClimaLand.jl/src/shared_utilities/implicit_timestepping.jl:29 [inlined]
unknown function (ip: 0x14f60c3a8812)
similar at /glade/u/home/reich/.julia/packages/ClimaCore/xDlva/src/DataLayouts/broadcast.jl:452 [inlined]
macro expansion at /glade/u/home/reich/.julia/packages/ClimaTimeSteppers/o2zml/src/integrators.jl:265 [inlined]
map at ./tuple.jl:358 [inlined]
adapt at /glade/u/home/reich/.julia/packages/Adapt/2UZ81/src/Adapt.jl:40 [inlined]
run_finalizers at /cache/build/builder-demeter6-3/julialang/julia-release-1-dot-11/src/gc.c:435
getindex_disk! at /glade/u/home/reich/.julia/packages/DiskArrays/cJ8RQ/src/indexing.jl:69 [inlined]
copy at /glade/u/home/reich/.julia/packages/ClimaCore/xDlva/src/Fields/broadcast.jl:118
similar at /glade/u/home/reich/.julia/packages/ClimaCore/xDlva/src/DataLayouts/broadcast.jl:453 [inlined]
auto_launch! at /glade/u/home/reich/.julia/packages/ClimaCore/xDlva/ext/cuda/cuda_utils.jl:92 [inlined]
similar at /glade/u/home/reich/.julia/packages/ClimaCore/xDlva/src/DataLayouts/broadcast.jl:452 [inlined]
#96 at /glade/u/home/reich/.julia/packages/ClimaTimeSteppers/o2zml/src/solvers/imex_ark.jl:143 [inlined]
similar at /glade/u/home/reich/.julia/packages/ClimaCore/xDlva/src/Fields/broadcast.jl:220 [inlined]
step_u! at /glade/u/home/reich/.julia/packages/NVTX/F7ji4/src/macro.jl:194
release at /glade/u/home/reich/.julia/packages/GPUArrays/0F4Dn/src/host/abstractarray.jl:42
macro expansion at /glade/u/home/reich/.julia/packages/CUDA/TPbi4/src/compiler/execution.jl:110 [inlined]
cudaconvert at /glade/u/home/reich/.julia/packages/CUDA/TPbi4/src/compiler/execution.jl:200 [inlined]
run_finalizers at /cache/build/builder-demeter6-3/julialang/julia-release-1-dot-11/src/gc.c:416 [inlined]
getindex_disk at /glade/u/home/reich/.julia/packages/DiskArrays/cJ8RQ/src/indexing.jl:58 [inlined]
materialize at ./broadcast.jl:872
similar at /glade/u/home/reich/.julia/packages/ClimaCore/xDlva/src/DataLayouts/broadcast.jl:452 [inlined]
auto_launch! at /glade/u/home/reich/.julia/packages/ClimaCore/xDlva/ext/cuda/cuda_utils.jl:92 [inlined]
similar at /glade/u/home/reich/.julia/packages/ClimaCore/xDlva/src/Fields/broadcast.jl:220 [inlined]
macro expansion at /glade/u/home/reich/.julia/packages/ClimaTimeSteppers/o2zml/src/nl_solvers/newtons_method.jl:593 [inlined]
copy at /glade/u/home/reich/.julia/packages/ClimaCore/xDlva/src/Fields/broadcast.jl:118
__step! at /glade/u/home/reich/.julia/packages/ClimaTimeSteppers/o2zml/src/integrators.jl:242
unsafe_free! at /glade/u/home/reich/.julia/packages/GPUArrays/0F4Dn/src/host/abstractarray.jl:100 [inlined]
#auto_launch!#2 at /glade/u/home/reich/.julia/packages/ClimaCore/xDlva/ext/cuda/cuda_utils.jl:165
map at ./tuple.jl:358 [inlined]
ijl_gc_collect at /cache/build/builder-demeter6-3/julialang/julia-release-1-dot-11/src/gc.c:3920
getindex at /glade/u/home/reich/.julia/packages/DiskArrays/cJ8RQ/src/indexing.jl:312
unknown function (ip: 0x14e3903eafa6)
similar at /glade/u/home/reich/.julia/packages/ClimaCore/xDlva/src/Fields/broadcast.jl:220 [inlined]
column_reduce_device! at /glade/u/home/reich/.julia/packages/ClimaCore/xDlva/ext/cuda/operators_integral.jl:44
copy at /glade/u/home/reich/.julia/packages/ClimaCore/xDlva/src/Fields/broadcast.jl:118
solve_newton! at /glade/u/home/reich/.julia/packages/NVTX/F7ji4/src/macro.jl:194
materialize at ./broadcast.jl:872
macro expansion at /glade/u/home/reich/.julia/packages/ClimaTimeSteppers/o2zml/src/integrators.jl:187 [inlined]
unsafe_free! at /glade/u/home/reich/.julia/packages/GPUArrays/0F4Dn/src/host/abstractarray.jl:115
auto_launch! at /glade/u/home/reich/.julia/packages/ClimaCore/xDlva/ext/cuda/cuda_utils.jl:92 [inlined]
map at ./tuple.jl:358 [inlined]
maybe_collect at /cache/build/builder-demeter6-3/julialang/julia-release-1-dot-11/src/gc.c:922 [inlined]
unknown function (ip: 0x1507147e7602)
update_canopy_conductance! at /glade/derecho/scratch/reich/ClimaLand.jl/src/standalone/Vegetation/stomatalconductance.jl:392
copy at /glade/u/home/reich/.julia/packages/ClimaCore/xDlva/src/Fields/broadcast.jl:118
#column_reduce!#126 at /glade/u/home/reich/.julia/packages/ClimaCore/xDlva/src/Operators/integrals.jl:148 [inlined]
materialize at ./broadcast.jl:872 [inlined]
unknown function (ip: 0x150dc79d1436)
update_stage! at /glade/u/home/reich/.julia/packages/ClimaTimeSteppers/o2zml/src/solvers/imex_ark.jl:138 [inlined]
solve! at /glade/u/home/reich/.julia/packages/NVTX/F7ji4/src/macro.jl:194
unknown function (ip: 0x14f60c392812)
auto_launch! at /glade/u/home/reich/.julia/packages/ClimaCore/xDlva/ext/cuda/cuda_utils.jl:92 [inlined]
map at ./tuple.jl:358 [inlined]
jl_gc_pool_alloc_inner at /cache/build/builder-demeter6-3/julialang/julia-release-1-dot-11/src/gc.c:1324
jl_apply at /cache/build/builder-demeter6-3/julialang/julia-release-1-dot-11/src/julia.h:2157 [inlined]
update_aux! at /glade/derecho/scratch/reich/ClimaLand.jl/src/standalone/Vegetation/Canopy.jl:1102
materialize at ./broadcast.jl:872
column_reduce! at /glade/u/home/reich/.julia/packages/ClimaCore/xDlva/src/Operators/integrals.jl:139 [inlined]
_saturation_field at /glade/derecho/scratch/reich/ClimaLand.jl/src/standalone/Vegetation/stomatalconductance.jl:197 [inlined]
update_canopy_conductance! at /glade/derecho/scratch/reich/ClimaLand.jl/src/standalone/Vegetation/stomatalconductance.jl:383
update_stage! at /glade/u/home/reich/.julia/packages/ClimaTimeSteppers/o2zml/src/solvers/imex_ark.jl:93 [inlined]
solve! at /glade/derecho/scratch/reich/ClimaLand.jl/src/simulations/Simulations.jl:321
copyto! at /glade/u/home/reich/.julia/packages/ClimaCore/xDlva/ext/cuda/data_layouts_copyto.jl:49
run_finalizer at /cache/build/builder-demeter6-3/julialang/julia-release-1-dot-11/src/gc.c:299
map at ./tuple.jl:358 [inlined]
ijl_gc_pool_alloc_instrumented at /cache/build/builder-demeter6-3/julialang/julia-release-1-dot-11/src/gc.c:1382
do_apply at /cache/build/builder-demeter6-3/julialang/julia-release-1-dot-11/src/builtins.c:831
update_aux! at /glade/derecho/scratch/reich/ClimaLand.jl/src/ClimaLand.jl:193
unknown function (ip: 0x14d5d51f3126)
column_integral_definite! at /glade/u/home/reich/.julia/packages/ClimaCore/xDlva/src/Operators/integrals.jl:22
update_canopy_conductance! at /glade/derecho/scratch/reich/ClimaLand.jl/src/standalone/Vegetation/stomatalconductance.jl:336
update_aux! at /glade/derecho/scratch/reich/ClimaLand.jl/src/standalone/Vegetation/Canopy.jl:1102
update_stage! at /glade/u/home/reich/.julia/packages/ClimaTimeSteppers/o2zml/src/solvers/imex_ark.jl:96 [inlined]
unknown function (ip: 0x148ec7f55b22)
copyto! at /glade/u/home/reich/.julia/packages/ClimaCore/xDlva/src/DataLayouts/copyto.jl:17 [inlined]
map at ./tuple.jl:358 [inlined]
jl_gc_run_finalizers_in_list at /cache/build/builder-demeter6-3/julialang/julia-release-1-dot-11/src/gc.c:389
orchestrate_diagnostics at /glade/u/home/reich/.julia/packages/ClimaDiagnostics/3h9MG/src/clima_diagnostics.jl:273
load! at /glade/u/home/reich/.julia/packages/CommonDataModel/ZhkYF/src/CatArrays.jl:83
jacobian! at /glade/derecho/scratch/reich/ClimaLand.jl/src/shared_utilities/implicit_timestepping.jl:28 [inlined]
update_canopy_conductance! at /glade/derecho/scratch/reich/ClimaLand.jl/src/standalone/Vegetation/stomatalconductance.jl:387
column_integral_definite! at /glade/u/home/reich/.julia/packages/ClimaCore/xDlva/src/Operators/integrals.jl:16 [inlined]
update_aux! at /glade/derecho/scratch/reich/ClimaLand.jl/src/standalone/Vegetation/Canopy.jl:1102
update_aux! at /glade/derecho/scratch/reich/ClimaLand.jl/src/ClimaLand.jl:193
step_u! at /glade/u/home/reich/.julia/packages/ClimaTimeSteppers/o2zml/src/solvers/imex_ark.jl:71
forward_model at /glade/derecho/scratch/reich/ClimaLand.jl/experiments/calibration/model_interface.jl:340
copyto! at /glade/u/home/reich/.julia/packages/ClimaCore/xDlva/src/Fields/broadcast.jl:231 [inlined]
macro expansion at /glade/u/home/reich/.julia/packages/CUDA/TPbi4/src/compiler/execution.jl:110 [inlined]
run_finalizers at /cache/build/builder-demeter6-3/julialang/julia-release-1-dot-11/src/gc.c:435
sciml_callback at /glade/u/home/reich/.julia/packages/ClimaDiagnostics/3h9MG/src/clima_diagnostics.jl:369 [inlined]
getindex at /glade/u/home/reich/.julia/packages/CommonDataModel/ZhkYF/src/CatArrays.jl:111
#invokelatest#2 at ./essentials.jl:1055
#96 at /glade/u/home/reich/.julia/packages/ClimaTimeSteppers/o2zml/src/solvers/imex_ark.jl:143 [inlined]
update_aux! at /glade/derecho/scratch/reich/ClimaLand.jl/src/standalone/Vegetation/Canopy.jl:1102
update_infiltration_water_flux! at /glade/derecho/scratch/reich/ClimaLand.jl/src/standalone/Soil/Runoff/Runoff.jl:241
update_aux! at /glade/derecho/scratch/reich/ClimaLand.jl/src/ClimaLand.jl:193
jacobian! at /glade/derecho/scratch/reich/ClimaLand.jl/src/shared_utilities/implicit_timestepping.jl:28 [inlined]
macro expansion at /glade/u/home/reich/.julia/packages/ClimaTimeSteppers/o2zml/src/integrators.jl:265 [inlined]
unknown function (ip: 0x148f32bbc7ac)
copyto! at /glade/u/home/reich/.julia/packages/ClimaCore/xDlva/src/Fields/broadcast.jl:231 [inlined]
threads_via_occupancy at /glade/u/home/reich/.julia/packages/ClimaCore/xDlva/ext/cuda/cuda_utils.jl:207
run_finalizers at /cache/build/builder-demeter6-3/julialang/julia-release-1-dot-11/src/gc.c:416 [inlined]
unrolled_foreach at /glade/u/home/reich/.julia/packages/ClimaTimeSteppers/o2zml/src/integrators.jl:224 [inlined]
readblock! at /glade/u/home/reich/.julia/packages/CommonDataModel/ZhkYF/src/multifile.jl:189
jl_apply at /cache/build/builder-demeter6-3/julialang/julia-release-1-dot-11/src/julia.h:2157 [inlined]
macro expansion at /glade/u/home/reich/.julia/packages/ClimaTimeSteppers/o2zml/src/nl_solvers/newtons_method.jl:593 [inlined]
update_aux! at /glade/derecho/scratch/reich/ClimaLand.jl/src/ClimaLand.jl:193
soil_boundary_fluxes! at /glade/derecho/scratch/reich/ClimaLand.jl/src/integrated/land.jl:526
exp_tendency! at /glade/derecho/scratch/reich/ClimaLand.jl/src/ClimaLand.jl:178
#96 at /glade/u/home/reich/.julia/packages/ClimaTimeSteppers/o2zml/src/solvers/imex_ark.jl:143 [inlined]
step_u! at /glade/u/home/reich/.julia/packages/NVTX/F7ji4/src/macro.jl:194
materialize! at ./broadcast.jl:883 [inlined]
jl_apply at /cache/build/builder-demeter6-3/julialang/julia-release-1-dot-11/src/julia.h:2157 [inlined]
column_reduce_device! at /glade/u/home/reich/.julia/packages/ClimaCore/xDlva/ext/cuda/operators_integral.jl:41
ijl_gc_collect at /cache/build/builder-demeter6-3/julialang/julia-release-1-dot-11/src/gc.c:3920
unrolled_foreach at /glade/u/home/reich/.julia/packages/ClimaTimeSteppers/o2zml/src/integrators.jl:229 [inlined]
unknown function (ip: 0x1507147e3c56)
do_apply at /cache/build/builder-demeter6-3/julialang/julia-release-1-dot-11/src/builtins.c:831
solve_newton! at /glade/u/home/reich/.julia/packages/NVTX/F7ji4/src/macro.jl:194
imp_tendency! at /glade/derecho/scratch/reich/ClimaLand.jl/src/ClimaLand.jl:162
unknown function (ip: 0x1457b909bfa6)
macro expansion at /glade/u/home/reich/.julia/packages/ClimaTimeSteppers/o2zml/src/nl_solvers/newtons_method.jl:593 [inlined]
update_stage! at /glade/u/home/reich/.julia/packages/ClimaTimeSteppers/o2zml/src/solvers/imex_ark.jl:153 [inlined]
__step! at /glade/u/home/reich/.julia/packages/ClimaTimeSteppers/o2zml/src/integrators.jl:242
materialize! at ./broadcast.jl:880 [inlined]
jl_f__call_latest at /cache/build/builder-demeter6-3/julialang/julia-release-1-dot-11/src/builtins.c:875
#column_reduce!#126 at /glade/u/home/reich/.julia/packages/ClimaCore/xDlva/src/Operators/integrals.jl:148 [inlined]
unrolled_foreach at /glade/u/home/reich/.julia/packages/ClimaTimeSteppers/o2zml/src/integrators.jl:230 [inlined]
maybe_collect at /cache/build/builder-demeter6-3/julialang/julia-release-1-dot-11/src/gc.c:922 [inlined]
jl_apply at /cache/build/builder-demeter6-3/julialang/julia-release-1-dot-11/src/julia.h:2157 [inlined]
ODEFunction at /glade/u/home/reich/.julia/packages/SciMLBase/rvXrA/src/scimlfunctions.jl:2580 [inlined]
update_stage! at /glade/u/home/reich/.julia/packages/ClimaTimeSteppers/o2zml/src/solvers/imex_ark.jl:138 [inlined]
soil_boundary_fluxes! at /glade/derecho/scratch/reich/ClimaLand.jl/src/standalone/Soil/boundary_conditions.jl:875
solve_newton! at /glade/u/home/reich/.julia/packages/NVTX/F7ji4/src/macro.jl:194
update_stage! at /glade/u/home/reich/.julia/packages/ClimaTimeSteppers/o2zml/src/solvers/imex_ark.jl:95 [inlined]
invokelatest at ./essentials.jl:1052
macro expansion at /glade/u/home/reich/.julia/packages/ClimaTimeSteppers/o2zml/src/integrators.jl:187 [inlined]
lsm_radiant_energy_fluxes! at /glade/derecho/scratch/reich/ClimaLand.jl/src/integrated/land.jl:489
jl_apply at /cache/build/builder-demeter6-3/julialang/julia-release-1-dot-11/src/julia.h:2157 [inlined]
column_reduce! at /glade/u/home/reich/.julia/packages/ClimaCore/xDlva/src/Operators/integrals.jl:139 [inlined]
unrolled_foreach at /glade/u/home/reich/.julia/packages/ClimaTimeSteppers/o2zml/src/integrators.jl:230 [inlined]
jl_gc_pool_alloc_inner at /cache/build/builder-demeter6-3/julialang/julia-release-1-dot-11/src/gc.c:1324
do_apply at /cache/build/builder-demeter6-3/julialang/julia-release-1-dot-11/src/builtins.c:831
#95 at /glade/u/home/reich/.julia/packages/ClimaTimeSteppers/o2zml/src/solvers/imex_ark.jl:135
update_stage! at /glade/u/home/reich/.julia/packages/ClimaTimeSteppers/o2zml/src/solvers/imex_ark.jl:93 [inlined]
update_boundary_fluxes! at /glade/derecho/scratch/reich/ClimaLand.jl/src/standalone/Soil/energy_hydrology.jl:269 [inlined]
step_u! at /glade/u/home/reich/.julia/packages/ClimaTimeSteppers/o2zml/src/solvers/imex_ark.jl:71
update_stage! at /glade/u/home/reich/.julia/packages/ClimaTimeSteppers/o2zml/src/solvers/imex_ark.jl:138 [inlined]
solve! at /glade/u/home/reich/.julia/packages/NVTX/F7ji4/src/macro.jl:194
jl_apply at /cache/build/builder-demeter6-3/julialang/julia-release-1-dot-11/src/julia.h:2157 [inlined]
update_boundary_fluxes! at /glade/derecho/scratch/reich/ClimaLand.jl/src/integrated/land.jl:354
do_apply at /cache/build/builder-demeter6-3/julialang/julia-release-1-dot-11/src/builtins.c:831
column_integral_definite! at /glade/u/home/reich/.julia/packages/ClimaCore/xDlva/src/Operators/integrals.jl:22
__step! at /glade/u/home/reich/.julia/packages/ClimaTimeSteppers/o2zml/src/integrators.jl:255
jl_gc_alloc_ at /cache/build/builder-demeter6-3/julialang/julia-release-1-dot-11/src/julia_internal.h:523 [inlined]
readblock_checked! at /glade/u/home/reich/.julia/packages/DiskArrays/cJ8RQ/src/indexing.jl:294
macro expansion at /glade/u/home/reich/.julia/packages/ClimaTimeSteppers/o2zml/src/nl_solvers/newtons_method.jl:595 [inlined]
update_stage! at /glade/u/home/reich/.julia/packages/ClimaTimeSteppers/o2zml/src/solvers/imex_ark.jl:96 [inlined]
update_boundary_fluxes! at /glade/derecho/scratch/reich/ClimaLand.jl/src/integrated/land.jl:388
macro expansion at /glade/u/home/reich/.julia/packages/ClimaTimeSteppers/o2zml/src/integrators.jl:265 [inlined]
update_stage! at /glade/u/home/reich/.julia/packages/ClimaTimeSteppers/o2zml/src/solvers/imex_ark.jl:93 [inlined]
solve! at /glade/derecho/scratch/reich/ClimaLand.jl/src/simulations/Simulations.jl:321
do_apply at /cache/build/builder-demeter6-3/julialang/julia-release-1-dot-11/src/builtins.c:831
jacobian! at /glade/derecho/scratch/reich/ClimaLand.jl/src/shared_utilities/implicit_timestepping.jl:29 [inlined]
column_integral_definite! at /glade/u/home/reich/.julia/packages/ClimaCore/xDlva/src/Operators/integrals.jl:16 [inlined]
macro expansion at /glade/u/home/reich/.julia/packages/ClimaTimeSteppers/o2zml/src/integrators.jl:187 [inlined]
_new_genericmemory_ at /cache/build/builder-demeter6-3/julialang/julia-release-1-dot-11/src/genericmemory.c:56 [inlined]
jl_apply at /cache/build/builder-demeter6-3/julialang/julia-release-1-dot-11/src/julia.h:2157 [inlined]
solve_newton! at /glade/u/home/reich/.julia/packages/NVTX/F7ji4/src/macro.jl:194
step_u! at /glade/u/home/reich/.julia/packages/ClimaTimeSteppers/o2zml/src/solvers/imex_ark.jl:71
exp_tendency! at /glade/derecho/scratch/reich/ClimaLand.jl/src/ClimaLand.jl:179
step_u! at /glade/u/home/reich/.julia/packages/NVTX/F7ji4/src/macro.jl:194
update_stage! at /glade/u/home/reich/.julia/packages/ClimaTimeSteppers/o2zml/src/solvers/imex_ark.jl:96 [inlined]
#114 at /cache/build/builder-demeter6-3/julialang/julia-release-1-dot-11/usr/share/julia/stdlib/v1.11/Distributed/src/process_messages.jl:303
unknown function (ip: 0x146469954c62)
#96 at /glade/u/home/reich/.julia/packages/ClimaTimeSteppers/o2zml/src/solvers/imex_ark.jl:143 [inlined]
root_water_flux_per_ground_area! at /glade/derecho/scratch/reich/ClimaLand.jl/src/integrated/soil_canopy_root_interactions.jl:79 [inlined]
solve! at /glade/u/home/reich/.julia/packages/NVTX/F7ji4/src/macro.jl:194
jl_alloc_genericmemory at /cache/build/builder-demeter6-3/julialang/julia-release-1-dot-11/src/genericmemory.c:99
do_apply at /cache/build/builder-demeter6-3/julialang/julia-release-1-dot-11/src/builtins.c:831
macro expansion at /glade/u/home/reich/.julia/packages/ClimaTimeSteppers/o2zml/src/integrators.jl:265 [inlined]
update_stage! at /glade/u/home/reich/.julia/packages/ClimaTimeSteppers/o2zml/src/solvers/imex_ark.jl:138 [inlined]
__step! at /glade/u/home/reich/.julia/packages/ClimaTimeSteppers/o2zml/src/integrators.jl:242
step_u! at /glade/u/home/reich/.julia/packages/ClimaTimeSteppers/o2zml/src/solvers/imex_ark.jl:71
update_stage! at /glade/u/home/reich/.julia/packages/ClimaTimeSteppers/o2zml/src/solvers/imex_ark.jl:153 [inlined]
run_work_thunk at /cache/build/builder-demeter6-3/julialang/julia-release-1-dot-11/usr/share/julia/stdlib/v1.11/Distributed/src/process_messages.jl:70
forward_model at /glade/derecho/scratch/reich/ClimaLand.jl/experiments/calibration/model_interface.jl:340
macro expansion at /glade/u/home/reich/.julia/packages/ClimaTimeSteppers/o2zml/src/nl_solvers/newtons_method.jl:593 [inlined]
canopy_boundary_fluxes! at /glade/derecho/scratch/reich/ClimaLand.jl/src/standalone/Vegetation/canopy_boundary_fluxes.jl:203
solve! at /glade/derecho/scratch/reich/ClimaLand.jl/src/simulations/Simulations.jl:321
GenericMemory at ./boot.jl:516 [inlined]
getindex_disk_nobatch! at /glade/u/home/reich/.julia/packages/DiskArrays/cJ8RQ/src/indexing.jl:110
step_u! at /glade/u/home/reich/.julia/packages/NVTX/F7ji4/src/macro.jl:194
update_stage! at /glade/u/home/reich/.julia/packages/ClimaTimeSteppers/o2zml/src/solvers/imex_ark.jl:93 [inlined]
macro expansion at /glade/u/home/reich/.julia/packages/ClimaTimeSteppers/o2zml/src/integrators.jl:187 [inlined]
macro expansion at /glade/u/home/reich/.julia/packages/ClimaTimeSteppers/o2zml/src/integrators.jl:265 [inlined]
update_stage! at /glade/u/home/reich/.julia/packages/ClimaTimeSteppers/o2zml/src/solvers/imex_ark.jl:95 [inlined]
unknown function (ip: 0x14b7d1107c6b)
unknown function (ip: 0x1464d4b756dc)
solve_newton! at /glade/u/home/reich/.julia/packages/NVTX/F7ji4/src/macro.jl:194
update_boundary_fluxes! at /glade/derecho/scratch/reich/ClimaLand.jl/src/standalone/Vegetation/canopy_boundary_fluxes.jl:150 [inlined]
unknown function (ip: 0x14cccaf4c152)
new_as_memoryref at ./boot.jl:535 [inlined]
unknown function (ip: 0x1507147e0b47)
__step! at /glade/u/home/reich/.julia/packages/ClimaTimeSteppers/o2zml/src/integrators.jl:242
update_stage! at /glade/u/home/reich/.julia/packages/ClimaTimeSteppers/o2zml/src/solvers/imex_ark.jl:96 [inlined]
solve! at /glade/u/home/reich/.julia/packages/NVTX/F7ji4/src/macro.jl:194
step_u! at /glade/u/home/reich/.julia/packages/NVTX/F7ji4/src/macro.jl:194
step_u! at /glade/u/home/reich/.julia/packages/ClimaTimeSteppers/o2zml/src/solvers/imex_ark.jl:71
run_work_thunk at /cache/build/builder-demeter6-3/julialang/julia-release-1-dot-11/usr/share/julia/stdlib/v1.11/Distributed/src/process_messages.jl:79
jl_apply at /cache/build/builder-demeter6-3/julialang/julia-release-1-dot-11/src/julia.h:2157 [inlined]
update_boundary_fluxes! at /glade/derecho/scratch/reich/ClimaLand.jl/src/integrated/land.jl:390
update_stage! at /glade/u/home/reich/.julia/packages/ClimaTimeSteppers/o2zml/src/solvers/imex_ark.jl:138 [inlined]
forward_model at /glade/derecho/scratch/reich/ClimaLand.jl/experiments/calibration/model_interface.jl:340
Array at ./boot.jl:585 [inlined]
getindex_disk! at /glade/u/home/reich/.julia/packages/DiskArrays/cJ8RQ/src/indexing.jl:69
macro expansion at /glade/u/home/reich/.julia/packages/ClimaTimeSteppers/o2zml/src/integrators.jl:187 [inlined]
step_u! at /glade/u/home/reich/.julia/packages/ClimaTimeSteppers/o2zml/src/solvers/imex_ark.jl:71
solve! at /glade/derecho/scratch/reich/ClimaLand.jl/src/simulations/Simulations.jl:321
__step! at /glade/u/home/reich/.julia/packages/ClimaTimeSteppers/o2zml/src/integrators.jl:242
macro expansion at /glade/u/home/reich/.julia/packages/ClimaTimeSteppers/o2zml/src/integrators.jl:265 [inlined]
#100 at /cache/build/builder-demeter6-3/julialang/julia-release-1-dot-11/usr/share/julia/stdlib/v1.11/Distributed/src/process_messages.jl:88
jl_f__call_latest at /cache/build/builder-demeter6-3/julialang/julia-release-1-dot-11/src/builtins.c:875
imp_tendency! at /glade/derecho/scratch/reich/ClimaLand.jl/src/ClimaLand.jl:163
update_stage! at /glade/u/home/reich/.julia/packages/ClimaTimeSteppers/o2zml/src/solvers/imex_ark.jl:93 [inlined]
unknown function (ip: 0x14cd399bc69c)
Array at ./boot.jl:598
getindex_disk at /glade/u/home/reich/.julia/packages/DiskArrays/cJ8RQ/src/indexing.jl:58 [inlined]
solve! at /glade/u/home/reich/.julia/packages/NVTX/F7ji4/src/macro.jl:194
macro expansion at /glade/u/home/reich/.julia/packages/ClimaTimeSteppers/o2zml/src/integrators.jl:265 [inlined]
unknown function (ip: 0x14b97af23452)
macro expansion at /glade/u/home/reich/.julia/packages/ClimaTimeSteppers/o2zml/src/integrators.jl:187 [inlined]
step_u! at /glade/u/home/reich/.julia/packages/NVTX/F7ji4/src/macro.jl:194
unknown function (ip: 0x14b7d110779f)
jl_apply at /cache/build/builder-demeter6-3/julialang/julia-release-1-dot-11/src/julia.h:2157 [inlined]
ODEFunction at /glade/u/home/reich/.julia/packages/SciMLBase/rvXrA/src/scimlfunctions.jl:2580 [inlined]
update_stage! at /glade/u/home/reich/.julia/packages/ClimaTimeSteppers/o2zml/src/solvers/imex_ark.jl:96 [inlined]
#invokelatest#2 at ./essentials.jl:1055
unknown function (ip: 0x14f60bfe7708)
jl_apply at /cache/build/builder-demeter6-3/julialang/julia-release-1-dot-11/src/julia.h:2157 [inlined]
getindex at /glade/u/home/reich/.julia/packages/DiskArrays/cJ8RQ/src/indexing.jl:312
solve! at /glade/derecho/scratch/reich/ClimaLand.jl/src/simulations/Simulations.jl:321
step_u! at /glade/u/home/reich/.julia/packages/NVTX/F7ji4/src/macro.jl:194
forward_model at /glade/derecho/scratch/reich/ClimaLand.jl/experiments/calibration/model_interface.jl:340
solve! at /glade/u/home/reich/.julia/packages/NVTX/F7ji4/src/macro.jl:194
__step! at /glade/u/home/reich/.julia/packages/ClimaTimeSteppers/o2zml/src/integrators.jl:242
jl_apply at /cache/build/builder-demeter6-3/julialang/julia-release-1-dot-11/src/julia.h:2157 [inlined]
do_apply at /cache/build/builder-demeter6-3/julialang/julia-release-1-dot-11/src/builtins.c:831
#95 at /glade/u/home/reich/.julia/packages/ClimaTimeSteppers/o2zml/src/solvers/imex_ark.jl:135
step_u! at /glade/u/home/reich/.julia/packages/ClimaTimeSteppers/o2zml/src/solvers/imex_ark.jl:71
jl_apply at /cache/build/builder-demeter6-3/julialang/julia-release-1-dot-11/src/julia.h:2157 [inlined]
jl_f__call_latest at /cache/build/builder-demeter6-3/julialang/julia-release-1-dot-11/src/builtins.c:875
jl_apply at /cache/build/builder-demeter6-3/julialang/julia-release-1-dot-11/src/julia.h:2157 [inlined]
unknown function (ip: 0x1507147df1b5)
unknown function (ip: 0x14e380b4ab12)
__step! at /glade/u/home/reich/.julia/packages/ClimaTimeSteppers/o2zml/src/integrators.jl:242
unknown function (ip: 0x14b9e9f7574c)
solve! at /glade/derecho/scratch/reich/ClimaLand.jl/src/simulations/Simulations.jl:321
macro expansion at /glade/u/home/reich/.julia/packages/ClimaTimeSteppers/o2zml/src/integrators.jl:187 [inlined]
start_task at /cache/build/builder-demeter6-3/julialang/julia-release-1-dot-11/src/task.c:1202
macro expansion at /glade/u/home/reich/.julia/packages/ClimaTimeSteppers/o2zml/src/nl_solvers/newtons_method.jl:595 [inlined]
macro expansion at /glade/u/home/reich/.julia/packages/ClimaTimeSteppers/o2zml/src/integrators.jl:265 [inlined]
do_apply at /cache/build/builder-demeter6-3/julialang/julia-release-1-dot-11/src/builtins.c:831
jl_apply at /cache/build/builder-demeter6-3/julialang/julia-release-1-dot-11/src/julia.h:2157 [inlined]
do_apply at /cache/build/builder-demeter6-3/julialang/julia-release-1-dot-11/src/builtins.c:831
jl_apply at /cache/build/builder-demeter6-3/julialang/julia-release-1-dot-11/src/julia.h:2157 [inlined]
forward_model at /glade/derecho/scratch/reich/ClimaLand.jl/experiments/calibration/model_interface.jl:340
macro expansion at /glade/u/home/reich/.julia/packages/ClimaTimeSteppers/o2zml/src/integrators.jl:187 [inlined]
unknown function (ip: 0x150db8123b72)
solve! at /glade/u/home/reich/.julia/packages/NVTX/F7ji4/src/macro.jl:194
unknown function (ip: (nil))
solve_newton! at /glade/u/home/reich/.julia/packages/NVTX/F7ji4/src/macro.jl:194
step_u! at /glade/u/home/reich/.julia/packages/NVTX/F7ji4/src/macro.jl:194
do_apply at /cache/build/builder-demeter6-3/julialang/julia-release-1-dot-11/src/builtins.c:831
create_outputarray at /glade/u/home/reich/.julia/packages/DiskArrays/cJ8RQ/src/indexing.jl:212 [inlined]
do_apply at /cache/build/builder-demeter6-3/julialang/julia-release-1-dot-11/src/builtins.c:831
unknown function (ip: 0x14e3efb7546c)
jl_apply at /cache/build/builder-demeter6-3/julialang/julia-release-1-dot-11/src/julia.h:2157 [inlined]
solve! at /glade/u/home/reich/.julia/packages/NVTX/F7ji4/src/macro.jl:194
forward_model at /glade/derecho/scratch/reich/ClimaLand.jl/experiments/calibration/model_interface.jl:340
invokelatest at ./essentials.jl:1052
solve! at /glade/derecho/scratch/reich/ClimaLand.jl/src/simulations/Simulations.jl:321
Allocations: 6653798659 (Pool: 6646836193; Big: 6962466); GC: 3556
__step! at /glade/u/home/reich/.julia/packages/ClimaTimeSteppers/o2zml/src/integrators.jl:242
update_stage! at /glade/u/home/reich/.julia/packages/ClimaTimeSteppers/o2zml/src/solvers/imex_ark.jl:138 [inlined]
getindex_disk_nobatch! at /glade/u/home/reich/.julia/packages/DiskArrays/cJ8RQ/src/indexing.jl:101
read at /glade/u/home/reich/.julia/packages/ClimaUtilities/5ClV5/ext/NCFileReaderExt.jl:259
jl_f__call_latest at /cache/build/builder-demeter6-3/julialang/julia-release-1-dot-11/src/builtins.c:875
jl_apply at /cache/build/builder-demeter6-3/julialang/julia-release-1-dot-11/src/julia.h:2157 [inlined]
solve! at /glade/derecho/scratch/reich/ClimaLand.jl/src/simulations/Simulations.jl:321
unknown function (ip: 0x150e271756ec)
unknown function (ip: 0x1457b8355252)
jl_apply at /cache/build/builder-demeter6-3/julialang/julia-release-1-dot-11/src/julia.h:2157 [inlined]
macro expansion at /glade/u/home/reich/.julia/packages/ClimaTimeSteppers/o2zml/src/integrators.jl:187 [inlined]
update_stage! at /glade/u/home/reich/.julia/packages/ClimaTimeSteppers/o2zml/src/solvers/imex_ark.jl:93 [inlined]
getindex_disk! at /glade/u/home/reich/.julia/packages/DiskArrays/cJ8RQ/src/indexing.jl:69 [inlined]
read! at /glade/u/home/reich/.julia/packages/ClimaUtilities/5ClV5/ext/NCFileReaderExt.jl:310
jl_f__call_latest at /cache/build/builder-demeter6-3/julialang/julia-release-1-dot-11/src/builtins.c:875
jl_apply at /cache/build/builder-demeter6-3/julialang/julia-release-1-dot-11/src/julia.h:2157 [inlined]
unknown function (ip: 0x14d5c5955b42)
forward_model at /glade/derecho/scratch/reich/ClimaLand.jl/experiments/calibration/model_interface.jl:340
jl_apply at /cache/build/builder-demeter6-3/julialang/julia-release-1-dot-11/src/julia.h:2157 [inlined]
do_apply at /cache/build/builder-demeter6-3/julialang/julia-release-1-dot-11/src/builtins.c:831
solve! at /glade/u/home/reich/.julia/packages/NVTX/F7ji4/src/macro.jl:194
update_stage! at /glade/u/home/reich/.julia/packages/ClimaTimeSteppers/o2zml/src/solvers/imex_ark.jl:96 [inlined]
getindex_disk at /glade/u/home/reich/.julia/packages/DiskArrays/cJ8RQ/src/indexing.jl:58 [inlined]
#18 at /glade/u/home/reich/.julia/packages/ClimaUtilities/5ClV5/ext/DataHandlingExt.jl:618
do_apply at /cache/build/builder-demeter6-3/julialang/julia-release-1-dot-11/src/builtins.c:831
jl_apply at /cache/build/builder-demeter6-3/julialang/julia-release-1-dot-11/src/julia.h:2157 [inlined]
forward_model at /glade/derecho/scratch/reich/ClimaLand.jl/experiments/calibration/model_interface.jl:340
unknown function (ip: 0x1458273756ac)
jl_f__call_latest at /cache/build/builder-demeter6-3/julialang/julia-release-1-dot-11/src/builtins.c:875
#114 at /cache/build/builder-demeter6-3/julialang/julia-release-1-dot-11/usr/share/julia/stdlib/v1.11/Distributed/src/process_messages.jl:303
solve! at /glade/derecho/scratch/reich/ClimaLand.jl/src/simulations/Simulations.jl:321
step_u! at /glade/u/home/reich/.julia/packages/ClimaTimeSteppers/o2zml/src/solvers/imex_ark.jl:71
getindex at /glade/u/home/reich/.julia/packages/DiskArrays/cJ8RQ/src/indexing.jl:312
get! at ./dict.jl:458
do_apply at /cache/build/builder-demeter6-3/julialang/julia-release-1-dot-11/src/builtins.c:831
unknown function (ip: 0x14d6347bc6dc)
jl_apply at /cache/build/builder-demeter6-3/julialang/julia-release-1-dot-11/src/julia.h:2157 [inlined]
jl_apply at /cache/build/builder-demeter6-3/julialang/julia-release-1-dot-11/src/julia.h:2157 [inlined]
run_work_thunk at /cache/build/builder-demeter6-3/julialang/julia-release-1-dot-11/usr/share/julia/stdlib/v1.11/Distributed/src/process_messages.jl:70
unknown function (ip: 0x14990d355b62)
macro expansion at /glade/u/home/reich/.julia/packages/ClimaTimeSteppers/o2zml/src/integrators.jl:265 [inlined]
unknown function (ip: 0x14f60bfe74b2)
get! at /glade/u/home/reich/.julia/packages/ClimaUtilities/5ClV5/src/DataStructures.jl:95 [inlined]
jl_f__call_latest at /cache/build/builder-demeter6-3/julialang/julia-release-1-dot-11/src/builtins.c:875
do_apply at /cache/build/builder-demeter6-3/julialang/julia-release-1-dot-11/src/builtins.c:831
jl_apply at /cache/build/builder-demeter6-3/julialang/julia-release-1-dot-11/src/julia.h:2157 [inlined]
unknown function (ip: 0x148f32b4ac3b)
forward_model at /glade/derecho/scratch/reich/ClimaLand.jl/experiments/calibration/model_interface.jl:340
step_u! at /glade/u/home/reich/.julia/packages/NVTX/F7ji4/src/macro.jl:194
#invokelatest#2 at ./essentials.jl:1055
#invokelatest#2 at ./essentials.jl:1055
jl_apply at /cache/build/builder-demeter6-3/julialang/julia-release-1-dot-11/src/julia.h:2157 [inlined]
regridded_snapshot at /glade/u/home/reich/.julia/packages/ClimaUtilities/5ClV5/ext/DataHandlingExt.jl:604
jl_apply at /cache/build/builder-demeter6-3/julialang/julia-release-1-dot-11/src/julia.h:2157 [inlined]
jl_f__call_latest at /cache/build/builder-demeter6-3/julialang/julia-release-1-dot-11/src/builtins.c:875
run_work_thunk at /cache/build/builder-demeter6-3/julialang/julia-release-1-dot-11/usr/share/julia/stdlib/v1.11/Distributed/src/process_messages.jl:79
unknown function (ip: 0x14997c5bc6ec)
__step! at /glade/u/home/reich/.julia/packages/ClimaTimeSteppers/o2zml/src/integrators.jl:242
jl_apply at /cache/build/builder-demeter6-3/julialang/julia-release-1-dot-11/src/julia.h:2157 [inlined]
jl_apply at /cache/build/builder-demeter6-3/julialang/julia-release-1-dot-11/src/julia.h:2157 [inlined]
do_apply at /cache/build/builder-demeter6-3/julialang/julia-release-1-dot-11/src/builtins.c:831
regridded_snapshot! at /glade/u/home/reich/.julia/packages/ClimaUtilities/5ClV5/ext/DataHandlingExt.jl:666
do_apply at /cache/build/builder-demeter6-3/julialang/julia-release-1-dot-11/src/builtins.c:831
#100 at /cache/build/builder-demeter6-3/julialang/julia-release-1-dot-11/usr/share/julia/stdlib/v1.11/Distributed/src/process_messages.jl:88
jl_apply at /cache/build/builder-demeter6-3/julialang/julia-release-1-dot-11/src/julia.h:2157 [inlined]
macro expansion at /glade/u/home/reich/.julia/packages/ClimaTimeSteppers/o2zml/src/integrators.jl:187 [inlined]
jl_apply at /cache/build/builder-demeter6-3/julialang/julia-release-1-dot-11/src/julia.h:2157 [inlined]
do_apply at /cache/build/builder-demeter6-3/julialang/julia-release-1-dot-11/src/builtins.c:831
do_apply at /cache/build/builder-demeter6-3/julialang/julia-release-1-dot-11/src/builtins.c:831
load! at /glade/u/home/reich/.julia/packages/CommonDataModel/ZhkYF/src/CatArrays.jl:83
#evaluate!#11 at /glade/u/home/reich/.julia/packages/ClimaUtilities/5ClV5/ext/TimeVaryingInputsExt.jl:416
unknown function (ip: 0x148f32b4a76f)
do_apply at /cache/build/builder-demeter6-3/julialang/julia-release-1-dot-11/src/builtins.c:831
solve! at /glade/u/home/reich/.julia/packages/NVTX/F7ji4/src/macro.jl:194
jl_f__call_latest at /cache/build/builder-demeter6-3/julialang/julia-release-1-dot-11/src/builtins.c:875
#invokelatest#2 at ./essentials.jl:1055
#invokelatest#2 at ./essentials.jl:1055
getindex at /glade/u/home/reich/.julia/packages/CommonDataModel/ZhkYF/src/CatArrays.jl:111
evaluate! at /glade/u/home/reich/.julia/packages/ClimaUtilities/5ClV5/ext/TimeVaryingInputsExt.jl:376 [inlined]
invokelatest at ./essentials.jl:1052
invokelatest at ./essentials.jl:1052
jl_apply at /cache/build/builder-demeter6-3/julialang/julia-release-1-dot-11/src/julia.h:2157 [inlined]
solve! at /glade/derecho/scratch/reich/ClimaLand.jl/src/simulations/Simulations.jl:321
jl_apply at /cache/build/builder-demeter6-3/julialang/julia-release-1-dot-11/src/julia.h:2157 [inlined]
jl_apply at /cache/build/builder-demeter6-3/julialang/julia-release-1-dot-11/src/julia.h:2157 [inlined]
jl_apply at /cache/build/builder-demeter6-3/julialang/julia-release-1-dot-11/src/julia.h:2157 [inlined]
readblock! at /glade/u/home/reich/.julia/packages/CommonDataModel/ZhkYF/src/multifile.jl:189
#evaluate!#7 at /glade/u/home/reich/.julia/packages/ClimaUtilities/5ClV5/ext/TimeVaryingInputsExt.jl:221 [inlined]
jl_apply at /cache/build/builder-demeter6-3/julialang/julia-release-1-dot-11/src/julia.h:2157 [inlined]
start_task at /cache/build/builder-demeter6-3/julialang/julia-release-1-dot-11/src/task.c:1202
jl_apply at /cache/build/builder-demeter6-3/julialang/julia-release-1-dot-11/src/julia.h:2157 [inlined]
unknown function (ip: 0x145df1b53db2)
do_apply at /cache/build/builder-demeter6-3/julialang/julia-release-1-dot-11/src/builtins.c:831
#invokelatest#2 at ./essentials.jl:1055
do_apply at /cache/build/builder-demeter6-3/julialang/julia-release-1-dot-11/src/builtins.c:831
do_apply at /cache/build/builder-demeter6-3/julialang/julia-release-1-dot-11/src/builtins.c:831
unknown function (ip: 0x14f60bfe3b06)
evaluate! at /glade/u/home/reich/.julia/packages/ClimaUtilities/5ClV5/ext/TimeVaryingInputsExt.jl:201 [inlined]
do_apply at /cache/build/builder-demeter6-3/julialang/julia-release-1-dot-11/src/builtins.c:831
unknown function (ip: (nil))
do_apply at /cache/build/builder-demeter6-3/julialang/julia-release-1-dot-11/src/builtins.c:831
forward_model at /glade/derecho/scratch/reich/ClimaLand.jl/experiments/calibration/model_interface.jl:340
jl_apply at /cache/build/builder-demeter6-3/julialang/julia-release-1-dot-11/src/julia.h:2157 [inlined]
jl_apply at /cache/build/builder-demeter6-3/julialang/julia-release-1-dot-11/src/julia.h:2157 [inlined]
#evaluate!#9 at /glade/u/home/reich/.julia/packages/ClimaUtilities/5ClV5/ext/TimeVaryingInputsExt.jl:250 [inlined]
#114 at /cache/build/builder-demeter6-3/julialang/julia-release-1-dot-11/usr/share/julia/stdlib/v1.11/Distributed/src/process_messages.jl:303
Allocations: 6653015872 (Pool: 6646053656; Big: 6962216); GC: 3354
#114 at /cache/build/builder-demeter6-3/julialang/julia-release-1-dot-11/usr/share/julia/stdlib/v1.11/Distributed/src/process_messages.jl:303
unknown function (ip: 0x145e60b756ec)
invokelatest at ./essentials.jl:1052
invokelatest at ./essentials.jl:1052
do_apply at /cache/build/builder-demeter6-3/julialang/julia-release-1-dot-11/src/builtins.c:831
#invokelatest#2 at ./essentials.jl:1055
do_apply at /cache/build/builder-demeter6-3/julialang/julia-release-1-dot-11/src/builtins.c:831
evaluate! at /glade/u/home/reich/.julia/packages/ClimaUtilities/5ClV5/ext/TimeVaryingInputsExt.jl:243 [inlined]
run_work_thunk at /cache/build/builder-demeter6-3/julialang/julia-release-1-dot-11/usr/share/julia/stdlib/v1.11/Distributed/src/process_messages.jl:70
run_work_thunk at /cache/build/builder-demeter6-3/julialang/julia-release-1-dot-11/usr/share/julia/stdlib/v1.11/Distributed/src/process_messages.jl:70
jl_apply at /cache/build/builder-demeter6-3/julialang/julia-release-1-dot-11/src/julia.h:2157 [inlined]
jl_apply at /cache/build/builder-demeter6-3/julialang/julia-release-1-dot-11/src/julia.h:2157 [inlined]
jl_apply at /cache/build/builder-demeter6-3/julialang/julia-release-1-dot-11/src/julia.h:2157 [inlined]
jl_apply at /cache/build/builder-demeter6-3/julialang/julia-release-1-dot-11/src/julia.h:2157 [inlined]
readblock_checked! at /glade/u/home/reich/.julia/packages/DiskArrays/cJ8RQ/src/indexing.jl:294
update_drivers! at /glade/derecho/scratch/reich/ClimaLand.jl/src/shared_utilities/drivers.jl:1372
unknown function (ip: 0x14cd3994ec7b)
invokelatest at ./essentials.jl:1052
unknown function (ip: 0x1464d4b07c8b)
jl_f__call_latest at /cache/build/builder-demeter6-3/julialang/julia-release-1-dot-11/src/builtins.c:875
do_apply at /cache/build/builder-demeter6-3/julialang/julia-release-1-dot-11/src/builtins.c:831
do_apply at /cache/build/builder-demeter6-3/julialang/julia-release-1-dot-11/src/builtins.c:831
do_apply at /cache/build/builder-demeter6-3/julialang/julia-release-1-dot-11/src/builtins.c:831
jl_apply at /cache/build/builder-demeter6-3/julialang/julia-release-1-dot-11/src/julia.h:2157 [inlined]
update_drivers! at /glade/derecho/scratch/reich/ClimaLand.jl/src/shared_utilities/drivers.jl:1341
run_work_thunk at /cache/build/builder-demeter6-3/julialang/julia-release-1-dot-11/usr/share/julia/stdlib/v1.11/Distributed/src/process_messages.jl:79
jl_apply at /cache/build/builder-demeter6-3/julialang/julia-release-1-dot-11/src/julia.h:2157 [inlined]
run_work_thunk at /cache/build/builder-demeter6-3/julialang/julia-release-1-dot-11/usr/share/julia/stdlib/v1.11/Distributed/src/process_messages.jl:79
#invokelatest#2 at ./essentials.jl:1055
#114 at /cache/build/builder-demeter6-3/julialang/julia-release-1-dot-11/usr/share/julia/stdlib/v1.11/Distributed/src/process_messages.jl:303
jl_apply at /cache/build/builder-demeter6-3/julialang/julia-release-1-dot-11/src/julia.h:2157 [inlined]
#114 at /cache/build/builder-demeter6-3/julialang/julia-release-1-dot-11/usr/share/julia/stdlib/v1.11/Distributed/src/process_messages.jl:303
do_apply at /cache/build/builder-demeter6-3/julialang/julia-release-1-dot-11/src/builtins.c:831
#6 at /glade/derecho/scratch/reich/ClimaLand.jl/src/shared_utilities/utils.jl:295 [inlined]
#100 at /cache/build/builder-demeter6-3/julialang/julia-release-1-dot-11/usr/share/julia/stdlib/v1.11/Distributed/src/process_messages.jl:88
do_apply at /cache/build/builder-demeter6-3/julialang/julia-release-1-dot-11/src/builtins.c:831
#100 at /cache/build/builder-demeter6-3/julialang/julia-release-1-dot-11/usr/share/julia/stdlib/v1.11/Distributed/src/process_messages.jl:88
invokelatest at ./essentials.jl:1052
jl_apply at /cache/build/builder-demeter6-3/julialang/julia-release-1-dot-11/src/julia.h:2157 [inlined]
run_work_thunk at /cache/build/builder-demeter6-3/julialang/julia-release-1-dot-11/usr/share/julia/stdlib/v1.11/Distributed/src/process_messages.jl:70
do_apply at /cache/build/builder-demeter6-3/julialang/julia-release-1-dot-11/src/builtins.c:831
run_work_thunk at /cache/build/builder-demeter6-3/julialang/julia-release-1-dot-11/usr/share/julia/stdlib/v1.11/Distributed/src/process_messages.jl:70
getindex_disk_nobatch! at /glade/u/home/reich/.julia/packages/DiskArrays/cJ8RQ/src/indexing.jl:110
unrolled_foreach at /glade/u/home/reich/.julia/packages/ClimaTimeSteppers/o2zml/src/integrators.jl:224 [inlined]
unknown function (ip: 0x14cd3994e7af)
#114 at /cache/build/builder-demeter6-3/julialang/julia-release-1-dot-11/usr/share/julia/stdlib/v1.11/Distributed/src/process_messages.jl:303
unknown function (ip: 0x1464d4b077bf)
jl_apply at /cache/build/builder-demeter6-3/julialang/julia-release-1-dot-11/src/julia.h:2157 [inlined]
do_apply at /cache/build/builder-demeter6-3/julialang/julia-release-1-dot-11/src/builtins.c:831
unknown function (ip: 0x14e3efb07a1b)
#invokelatest#2 at ./essentials.jl:1055
unknown function (ip: 0x14b9e9f07c6b)
unknown function (ip: 0x14f60bfe09f7)
unrolled_foreach at /glade/u/home/reich/.julia/packages/ClimaTimeSteppers/o2zml/src/integrators.jl:229 [inlined]
jl_apply at /cache/build/builder-demeter6-3/julialang/julia-release-1-dot-11/src/julia.h:2157 [inlined]
run_work_thunk at /cache/build/builder-demeter6-3/julialang/julia-release-1-dot-11/usr/share/julia/stdlib/v1.11/Distributed/src/process_messages.jl:70
do_apply at /cache/build/builder-demeter6-3/julialang/julia-release-1-dot-11/src/builtins.c:831
jl_apply at /cache/build/builder-demeter6-3/julialang/julia-release-1-dot-11/src/julia.h:2157 [inlined]
run_work_thunk at /cache/build/builder-demeter6-3/julialang/julia-release-1-dot-11/usr/share/julia/stdlib/v1.11/Distributed/src/process_messages.jl:79
jl_apply at /cache/build/builder-demeter6-3/julialang/julia-release-1-dot-11/src/julia.h:2157 [inlined]
run_work_thunk at /cache/build/builder-demeter6-3/julialang/julia-release-1-dot-11/usr/share/julia/stdlib/v1.11/Distributed/src/process_messages.jl:79
getindex_disk! at /glade/u/home/reich/.julia/packages/DiskArrays/cJ8RQ/src/indexing.jl:69
invokelatest at ./essentials.jl:1052
unrolled_foreach at /glade/u/home/reich/.julia/packages/ClimaTimeSteppers/o2zml/src/integrators.jl:230 [inlined]
start_task at /cache/build/builder-demeter6-3/julialang/julia-release-1-dot-11/src/task.c:1202
unknown function (ip: 0x150e27107c9b)
#114 at /cache/build/builder-demeter6-3/julialang/julia-release-1-dot-11/usr/share/julia/stdlib/v1.11/Distributed/src/process_messages.jl:303
start_task at /cache/build/builder-demeter6-3/julialang/julia-release-1-dot-11/src/task.c:1202
#100 at /cache/build/builder-demeter6-3/julialang/julia-release-1-dot-11/usr/share/julia/stdlib/v1.11/Distributed/src/process_messages.jl:88
do_apply at /cache/build/builder-demeter6-3/julialang/julia-release-1-dot-11/src/builtins.c:831
#100 at /cache/build/builder-demeter6-3/julialang/julia-release-1-dot-11/usr/share/julia/stdlib/v1.11/Distributed/src/process_messages.jl:88
getindex_disk at /glade/u/home/reich/.julia/packages/DiskArrays/cJ8RQ/src/indexing.jl:58 [inlined]
jl_apply at /cache/build/builder-demeter6-3/julialang/julia-release-1-dot-11/src/julia.h:2157 [inlined]
__step! at /glade/u/home/reich/.julia/packages/ClimaTimeSteppers/o2zml/src/integrators.jl:255
unknown function (ip: (nil))
run_work_thunk at /cache/build/builder-demeter6-3/julialang/julia-release-1-dot-11/usr/share/julia/stdlib/v1.11/Distributed/src/process_messages.jl:79
run_work_thunk at /cache/build/builder-demeter6-3/julialang/julia-release-1-dot-11/usr/share/julia/stdlib/v1.11/Distributed/src/process_messages.jl:70
unknown function (ip: (nil))
#invokelatest#2 at ./essentials.jl:1055
unknown function (ip: 0x14e3efb0754f)
unknown function (ip: 0x14b9e9f0779f)
getindex at /glade/u/home/reich/.julia/packages/DiskArrays/cJ8RQ/src/indexing.jl:312
do_apply at /cache/build/builder-demeter6-3/julialang/julia-release-1-dot-11/src/builtins.c:831
macro expansion at /glade/u/home/reich/.julia/packages/ClimaTimeSteppers/o2zml/src/integrators.jl:187 [inlined]
Allocations: 6652441438 (Pool: 6645479082; Big: 6962356); GC: 3463
#100 at /cache/build/builder-demeter6-3/julialang/julia-release-1-dot-11/usr/share/julia/stdlib/v1.11/Distributed/src/process_messages.jl:88
invokelatest at ./essentials.jl:1052
unknown function (ip: 0x145827307c6b)
Allocations: 6652621551 (Pool: 6645659356; Big: 6962195); GC: 3556
jl_apply at /cache/build/builder-demeter6-3/julialang/julia-release-1-dot-11/src/julia.h:2157 [inlined]
jl_apply at /cache/build/builder-demeter6-3/julialang/julia-release-1-dot-11/src/julia.h:2157 [inlined]
unknown function (ip: 0x14f60bfdf075)
jl_apply at /cache/build/builder-demeter6-3/julialang/julia-release-1-dot-11/src/julia.h:2157 [inlined]
#114 at /cache/build/builder-demeter6-3/julialang/julia-release-1-dot-11/usr/share/julia/stdlib/v1.11/Distributed/src/process_messages.jl:303
solve! at /glade/u/home/reich/.julia/packages/NVTX/F7ji4/src/macro.jl:194
unknown function (ip: 0x150e271077cf)
jl_apply at /cache/build/builder-demeter6-3/julialang/julia-release-1-dot-11/src/julia.h:2157 [inlined]
run_work_thunk at /cache/build/builder-demeter6-3/julialang/julia-release-1-dot-11/usr/share/julia/stdlib/v1.11/Distributed/src/process_messages.jl:79
do_apply at /cache/build/builder-demeter6-3/julialang/julia-release-1-dot-11/src/builtins.c:831
start_task at /cache/build/builder-demeter6-3/julialang/julia-release-1-dot-11/src/task.c:1202
jl_apply at /cache/build/builder-demeter6-3/julialang/julia-release-1-dot-11/src/julia.h:2157 [inlined]
start_task at /cache/build/builder-demeter6-3/julialang/julia-release-1-dot-11/src/task.c:1202
run_work_thunk at /cache/build/builder-demeter6-3/julialang/julia-release-1-dot-11/usr/share/julia/stdlib/v1.11/Distributed/src/process_messages.jl:70
solve! at /glade/derecho/scratch/reich/ClimaLand.jl/src/simulations/Simulations.jl:321
jl_apply at /cache/build/builder-demeter6-3/julialang/julia-release-1-dot-11/src/julia.h:2157 [inlined]
do_apply at /cache/build/builder-demeter6-3/julialang/julia-release-1-dot-11/src/builtins.c:831
#100 at /cache/build/builder-demeter6-3/julialang/julia-release-1-dot-11/usr/share/julia/stdlib/v1.11/Distributed/src/process_messages.jl:88
unknown function (ip: (nil))
do_apply at /cache/build/builder-demeter6-3/julialang/julia-release-1-dot-11/src/builtins.c:831
unknown function (ip: (nil))
unknown function (ip: 0x14d63474ec9b)
unknown function (ip: 0x1506dff4c1a2)
start_task at /cache/build/builder-demeter6-3/julialang/julia-release-1-dot-11/src/task.c:1202
invokelatest at ./essentials.jl:1052
#114 at /cache/build/builder-demeter6-3/julialang/julia-release-1-dot-11/usr/share/julia/stdlib/v1.11/Distributed/src/process_messages.jl:303
unknown function (ip: 0x14582730779f)
Allocations: 6616213341 (Pool: 6609292947; Big: 6920394); GC: 3975
read at /glade/u/home/reich/.julia/packages/ClimaUtilities/5ClV5/ext/NCFileReaderExt.jl:259
Allocations: 6652232011 (Pool: 6645270246; Big: 6961765); GC: 3967
run_work_thunk at /cache/build/builder-demeter6-3/julialang/julia-release-1-dot-11/usr/share/julia/stdlib/v1.11/Distributed/src/process_messages.jl:79
forward_model at /glade/derecho/scratch/reich/ClimaLand.jl/experiments/calibration/model_interface.jl:340
unknown function (ip: (nil))
jl_apply at /cache/build/builder-demeter6-3/julialang/julia-release-1-dot-11/src/julia.h:2157 [inlined]
run_work_thunk at /cache/build/builder-demeter6-3/julialang/julia-release-1-dot-11/usr/share/julia/stdlib/v1.11/Distributed/src/process_messages.jl:70
jl_apply at /cache/build/builder-demeter6-3/julialang/julia-release-1-dot-11/src/julia.h:2157 [inlined]
read! at /glade/u/home/reich/.julia/packages/ClimaUtilities/5ClV5/ext/NCFileReaderExt.jl:310
#100 at /cache/build/builder-demeter6-3/julialang/julia-release-1-dot-11/usr/share/julia/stdlib/v1.11/Distributed/src/process_messages.jl:88
unknown function (ip: 0x15074edbc68c)
Allocations: 6652993475 (Pool: 6646031305; Big: 6962170); GC: 4010
do_apply at /cache/build/builder-demeter6-3/julialang/julia-release-1-dot-11/src/builtins.c:831
unknown function (ip: 0x14997c54ec9b)
start_task at /cache/build/builder-demeter6-3/julialang/julia-release-1-dot-11/src/task.c:1202
#18 at /glade/u/home/reich/.julia/packages/ClimaUtilities/5ClV5/ext/DataHandlingExt.jl:618
unknown function (ip: 0x14d63474e7cf)
jl_apply at /cache/build/builder-demeter6-3/julialang/julia-release-1-dot-11/src/julia.h:2157 [inlined]
#114 at /cache/build/builder-demeter6-3/julialang/julia-release-1-dot-11/usr/share/julia/stdlib/v1.11/Distributed/src/process_messages.jl:303
run_work_thunk at /cache/build/builder-demeter6-3/julialang/julia-release-1-dot-11/usr/share/julia/stdlib/v1.11/Distributed/src/process_messages.jl:79
unknown function (ip: (nil))
get! at ./dict.jl:458
jl_f__call_latest at /cache/build/builder-demeter6-3/julialang/julia-release-1-dot-11/src/builtins.c:875
jl_apply at /cache/build/builder-demeter6-3/julialang/julia-release-1-dot-11/src/julia.h:2157 [inlined]
run_work_thunk at /cache/build/builder-demeter6-3/julialang/julia-release-1-dot-11/usr/share/julia/stdlib/v1.11/Distributed/src/process_messages.jl:70
#100 at /cache/build/builder-demeter6-3/julialang/julia-release-1-dot-11/usr/share/julia/stdlib/v1.11/Distributed/src/process_messages.jl:88
Allocations: 6653487112 (Pool: 6646525211; Big: 6961901); GC: 4045
get! at /glade/u/home/reich/.julia/packages/ClimaUtilities/5ClV5/src/DataStructures.jl:95 [inlined]
jl_apply at /cache/build/builder-demeter6-3/julialang/julia-release-1-dot-11/src/julia.h:2157 [inlined]
start_task at /cache/build/builder-demeter6-3/julialang/julia-release-1-dot-11/src/task.c:1202
unknown function (ip: 0x145e60b07c8b)
unknown function (ip: 0x14997c54e7cf)
regridded_snapshot at /glade/u/home/reich/.julia/packages/ClimaUtilities/5ClV5/ext/DataHandlingExt.jl:604
do_apply at /cache/build/builder-demeter6-3/julialang/julia-release-1-dot-11/src/builtins.c:831
unknown function (ip: (nil))
run_work_thunk at /cache/build/builder-demeter6-3/julialang/julia-release-1-dot-11/usr/share/julia/stdlib/v1.11/Distributed/src/process_messages.jl:79
jl_apply at /cache/build/builder-demeter6-3/julialang/julia-release-1-dot-11/src/julia.h:2157 [inlined]
regridded_snapshot! at /glade/u/home/reich/.julia/packages/ClimaUtilities/5ClV5/ext/DataHandlingExt.jl:666
Allocations: 6616196012 (Pool: 6609275669; Big: 6920343); GC: 3621
#100 at /cache/build/builder-demeter6-3/julialang/julia-release-1-dot-11/usr/share/julia/stdlib/v1.11/Distributed/src/process_messages.jl:88
start_task at /cache/build/builder-demeter6-3/julialang/julia-release-1-dot-11/src/task.c:1202
#evaluate!#11 at /glade/u/home/reich/.julia/packages/ClimaUtilities/5ClV5/ext/TimeVaryingInputsExt.jl:416
unknown function (ip: 0x145e60b077bf)
unknown function (ip: (nil))
evaluate! at /glade/u/home/reich/.julia/packages/ClimaUtilities/5ClV5/ext/TimeVaryingInputsExt.jl:376 [inlined]
Allocations: 6509403190 (Pool: 6502608934; Big: 6794256); GC: 3909
jl_apply at /cache/build/builder-demeter6-3/julialang/julia-release-1-dot-11/src/julia.h:2157 [inlined]
#evaluate!#7 at /glade/u/home/reich/.julia/packages/ClimaUtilities/5ClV5/ext/TimeVaryingInputsExt.jl:221 [inlined]
start_task at /cache/build/builder-demeter6-3/julialang/julia-release-1-dot-11/src/task.c:1202
evaluate! at /glade/u/home/reich/.julia/packages/ClimaUtilities/5ClV5/ext/TimeVaryingInputsExt.jl:201 [inlined]
unknown function (ip: (nil))
#evaluate!#9 at /glade/u/home/reich/.julia/packages/ClimaUtilities/5ClV5/ext/TimeVaryingInputsExt.jl:250 [inlined]
Allocations: 6619485073 (Pool: 6612564247; Big: 6920826); GC: 3982
evaluate! at /glade/u/home/reich/.julia/packages/ClimaUtilities/5ClV5/ext/TimeVaryingInputsExt.jl:243 [inlined]
update_drivers! at /glade/derecho/scratch/reich/ClimaLand.jl/src/shared_utilities/drivers.jl:1371
update_drivers! at /glade/derecho/scratch/reich/ClimaLand.jl/src/shared_utilities/drivers.jl:1341
#6 at /glade/derecho/scratch/reich/ClimaLand.jl/src/shared_utilities/utils.jl:295 [inlined]
unrolled_foreach at /glade/u/home/reich/.julia/packages/ClimaTimeSteppers/o2zml/src/integrators.jl:224 [inlined]
unrolled_foreach at /glade/u/home/reich/.julia/packages/ClimaTimeSteppers/o2zml/src/integrators.jl:229 [inlined]
unrolled_foreach at /glade/u/home/reich/.julia/packages/ClimaTimeSteppers/o2zml/src/integrators.jl:230 [inlined]
__step! at /glade/u/home/reich/.julia/packages/ClimaTimeSteppers/o2zml/src/integrators.jl:255
macro expansion at /glade/u/home/reich/.julia/packages/ClimaTimeSteppers/o2zml/src/integrators.jl:187 [inlined]
solve! at /glade/u/home/reich/.julia/packages/NVTX/F7ji4/src/macro.jl:194
solve! at /glade/derecho/scratch/reich/ClimaLand.jl/src/simulations/Simulations.jl:321
unknown function (ip: 0x14f5d77551a2)
forward_model at /glade/derecho/scratch/reich/ClimaLand.jl/experiments/calibration/model_interface.jl:340
unknown function (ip: 0x14f6467bc68c)
jl_apply at /cache/build/builder-demeter6-3/julialang/julia-release-1-dot-11/src/julia.h:2157 [inlined]
jl_f__call_latest at /cache/build/builder-demeter6-3/julialang/julia-release-1-dot-11/src/builtins.c:875
jl_apply at /cache/build/builder-demeter6-3/julialang/julia-release-1-dot-11/src/julia.h:2157 [inlined]
do_apply at /cache/build/builder-demeter6-3/julialang/julia-release-1-dot-11/src/builtins.c:831
#invokelatest#2 at ./essentials.jl:1055
jl_apply at /cache/build/builder-demeter6-3/julialang/julia-release-1-dot-11/src/julia.h:2157 [inlined]
do_apply at /cache/build/builder-demeter6-3/julialang/julia-release-1-dot-11/src/builtins.c:831
#invokelatest#2 at ./essentials.jl:1055
jl_apply at /cache/build/builder-demeter6-3/julialang/julia-release-1-dot-11/src/julia.h:2157 [inlined]
do_apply at /cache/build/builder-demeter6-3/julialang/julia-release-1-dot-11/src/builtins.c:831
invokelatest at ./essentials.jl:1052
jl_apply at /cache/build/builder-demeter6-3/julialang/julia-release-1-dot-11/src/julia.h:2157 [inlined]
do_apply at /cache/build/builder-demeter6-3/julialang/julia-release-1-dot-11/src/builtins.c:831
#114 at /cache/build/builder-demeter6-3/julialang/julia-release-1-dot-11/usr/share/julia/stdlib/v1.11/Distributed/src/process_messages.jl:303
run_work_thunk at /cache/build/builder-demeter6-3/julialang/julia-release-1-dot-11/usr/share/julia/stdlib/v1.11/Distributed/src/process_messages.jl:70
unknown function (ip: 0x15074ed4ec5b)
run_work_thunk at /cache/build/builder-demeter6-3/julialang/julia-release-1-dot-11/usr/share/julia/stdlib/v1.11/Distributed/src/process_messages.jl:79
#100 at /cache/build/builder-demeter6-3/julialang/julia-release-1-dot-11/usr/share/julia/stdlib/v1.11/Distributed/src/process_messages.jl:88
unknown function (ip: 0x15074ed4e78f)
jl_apply at /cache/build/builder-demeter6-3/julialang/julia-release-1-dot-11/src/julia.h:2157 [inlined]
start_task at /cache/build/builder-demeter6-3/julialang/julia-release-1-dot-11/src/task.c:1202
unknown function (ip: (nil))
Allocations: 6508249965 (Pool: 6501455464; Big: 6794501); GC: 3877
invokelatest at ./essentials.jl:1052
jl_apply at /cache/build/builder-demeter6-3/julialang/julia-release-1-dot-11/src/julia.h:2157 [inlined]
do_apply at /cache/build/builder-demeter6-3/julialang/julia-release-1-dot-11/src/builtins.c:831
#114 at /cache/build/builder-demeter6-3/julialang/julia-release-1-dot-11/usr/share/julia/stdlib/v1.11/Distributed/src/process_messages.jl:303
run_work_thunk at /cache/build/builder-demeter6-3/julialang/julia-release-1-dot-11/usr/share/julia/stdlib/v1.11/Distributed/src/process_messages.jl:70
unknown function (ip: 0x14f64674ec8b)
run_work_thunk at /cache/build/builder-demeter6-3/julialang/julia-release-1-dot-11/usr/share/julia/stdlib/v1.11/Distributed/src/process_messages.jl:79
#100 at /cache/build/builder-demeter6-3/julialang/julia-release-1-dot-11/usr/share/julia/stdlib/v1.11/Distributed/src/process_messages.jl:88
unknown function (ip: 0x14f64674e7bf)
jl_apply at /cache/build/builder-demeter6-3/julialang/julia-release-1-dot-11/src/julia.h:2157 [inlined]
start_task at /cache/build/builder-demeter6-3/julialang/julia-release-1-dot-11/src/task.c:1202
unknown function (ip: (nil))
Allocations: 6509296210 (Pool: 6502501252; Big: 6794958); GC: 3610
WARNING: could not import uSPACStomata.build_Pi_TS_from_model_setup into Main
WARNING: Method definition (::Main.var"#extract_param#5"{FT})(Any, Any) in module Main at /glade/derecho/scratch/reich/ClimaLand.jl/experiments/calibration/model_interface.jl:174 overwritten at /glade/derecho/scratch/reich/ClimaLand.jl/experiments/calibration/model_interface.jl:186.
WARNING: could not import uSPACStomata.build_Pi_TS_from_model_setup into Main
WARNING: Method definition (::Main.var"#extract_param#5"{FT})(Any, Any) in module Main at /glade/derecho/scratch/reich/ClimaLand.jl/experiments/calibration/model_interface.jl:174 overwritten at /glade/derecho/scratch/reich/ClimaLand.jl/experiments/calibration/model_interface.jl:186.
WARNING: could not import uSPACStomata.build_Pi_TS_from_model_setup into Main
WARNING: Method definition (::Main.var"#extract_param#5"{FT})(Any, Any) in module Main at /glade/derecho/scratch/reich/ClimaLand.jl/experiments/calibration/model_interface.jl:174 overwritten at /glade/derecho/scratch/reich/ClimaLand.jl/experiments/calibration/model_interface.jl:186.
WARNING: could not import uSPACStomata.build_Pi_TS_from_model_setup into Main
WARNING: Method definition (::Main.var"#extract_param#5"{FT})(Any, Any) in module Main at /glade/derecho/scratch/reich/ClimaLand.jl/experiments/calibration/model_interface.jl:174 overwritten at /glade/derecho/scratch/reich/ClimaLand.jl/experiments/calibration/model_interface.jl:186.
WARNING: could not import uSPACStomata.build_Pi_TS_from_model_setup into Main
WARNING: Method definition (::Main.var"#extract_param#5"{FT})(Any, Any) in module Main at /glade/derecho/scratch/reich/ClimaLand.jl/experiments/calibration/model_interface.jl:174 overwritten at /glade/derecho/scratch/reich/ClimaLand.jl/experiments/calibration/model_interface.jl:186.
WARNING: could not import uSPACStomata.build_Pi_TS_from_model_setup into Main
WARNING: Method definition (::Main.var"#extract_param#5"{FT})(Any, Any) in module Main at /glade/derecho/scratch/reich/ClimaLand.jl/experiments/calibration/model_interface.jl:174 overwritten at /glade/derecho/scratch/reich/ClimaLand.jl/experiments/calibration/model_interface.jl:186.
WARNING: could not import uSPACStomata.build_Pi_TS_from_model_setup into Main
WARNING: Method definition (::Main.var"#extract_param#5"{FT})(Any, Any) in module Main at /glade/derecho/scratch/reich/ClimaLand.jl/experiments/calibration/model_interface.jl:174 overwritten at /glade/derecho/scratch/reich/ClimaLand.jl/experiments/calibration/model_interface.jl:186.
WARNING: could not import uSPACStomata.build_Pi_TS_from_model_setup into Main
WARNING: Method definition (::Main.var"#extract_param#5"{FT})(Any, Any) in module Main at /glade/derecho/scratch/reich/ClimaLand.jl/experiments/calibration/model_interface.jl:174 overwritten at /glade/derecho/scratch/reich/ClimaLand.jl/experiments/calibration/model_interface.jl:186.
WARNING: could not import uSPACStomata.build_Pi_TS_from_model_setup into Main
WARNING: Method definition (::Main.var"#extract_param#5"{FT})(Any, Any) in module Main at /glade/derecho/scratch/reich/ClimaLand.jl/experiments/calibration/model_interface.jl:174 overwritten at /glade/derecho/scratch/reich/ClimaLand.jl/experiments/calibration/model_interface.jl:186.
WARNING: could not import uSPACStomata.build_Pi_TS_from_model_setup into Main
WARNING: Method definition (::Main.var"#extract_param#5"{FT})(Any, Any) in module Main at /glade/derecho/scratch/reich/ClimaLand.jl/experiments/calibration/model_interface.jl:174 overwritten at /glade/derecho/scratch/reich/ClimaLand.jl/experiments/calibration/model_interface.jl:186.
WARNING: could not import uSPACStomata.build_Pi_TS_from_model_setup into Main
WARNING: Method definition (::Main.var"#extract_param#5"{FT})(Any, Any) in module Main at /glade/derecho/scratch/reich/ClimaLand.jl/experiments/calibration/model_interface.jl:174 overwritten at /glade/derecho/scratch/reich/ClimaLand.jl/experiments/calibration/model_interface.jl:186.
WARNING: could not import uSPACStomata.build_Pi_TS_from_model_setup into Main
WARNING: Method definition (::Main.var"#extract_param#5"{FT})(Any, Any) in module Main at /glade/derecho/scratch/reich/ClimaLand.jl/experiments/calibration/model_interface.jl:174 overwritten at /glade/derecho/scratch/reich/ClimaLand.jl/experiments/calibration/model_interface.jl:186.
