nohup: ignoring input

[1304636] signal 15: Terminated
in expression starting at /home/renatob/ClimaLand.jl/experiments/long_runs/compare_canopy_heights.jl:151
setindex! at ./array.jl:994 [inlined]
setindex! at ./multidimensional.jl:704 [inlined]
macro expansion at ./broadcast.jl:973 [inlined]
macro expansion at ./simdloop.jl:77 [inlined]
copyto! at ./broadcast.jl:972 [inlined]
copyto! at ./broadcast.jl:925 [inlined]
copy at ./broadcast.jl:897 [inlined]
materialize at ./broadcast.jl:872 [inlined]
regrid at /home/renatob/.julia/packages/ClimaUtilities/gj63x/ext/InterpolationsRegridderExt.jl:142
unknown function (ip: 0x7efeca53f67d)
jl_apply at /cache/build/tester-amdci5-12/julialang/julia-release-1-dot-11/src/julia.h:2157 [inlined]
do_apply at /cache/build/tester-amdci5-12/julialang/julia-release-1-dot-11/src/builtins.c:831
#18 at /home/renatob/.julia/packages/ClimaUtilities/gj63x/ext/DataHandlingExt.jl:616
get! at ./dict.jl:458
get! at /home/renatob/.julia/packages/ClimaUtilities/gj63x/src/DataStructures.jl:95 [inlined]
regridded_snapshot at /home/renatob/.julia/packages/ClimaUtilities/gj63x/ext/DataHandlingExt.jl:586
regridded_snapshot at /home/renatob/.julia/packages/ClimaUtilities/gj63x/ext/DataHandlingExt.jl:634 [inlined]
SpaceVaryingInput at /home/renatob/.julia/packages/ClimaUtilities/gj63x/ext/SpaceVaryingInputsExt.jl:143
unknown function (ip: 0x7efeca537362)
#SpaceVaryingInput#7 at /home/renatob/.julia/packages/ClimaUtilities/gj63x/ext/SpaceVaryingInputsExt.jl:155
SpaceVaryingInput at /home/renatob/.julia/packages/ClimaUtilities/gj63x/ext/SpaceVaryingInputsExt.jl:146 [inlined]
#landsea_mask#7 at /home/renatob/ClimaLand.jl/src/shared_utilities/Domains.jl:1203
landsea_mask at /home/renatob/ClimaLand.jl/src/shared_utilities/Domains.jl:1189 [inlined]
#landsea_mask#9 at /home/renatob/ClimaLand.jl/src/shared_utilities/Domains.jl:1240 [inlined]
landsea_mask at /home/renatob/ClimaLand.jl/src/shared_utilities/Domains.jl:1217
unknown function (ip: 0x7efeca4fcaa6)
#global_domain#10 at /home/renatob/ClimaLand.jl/src/shared_utilities/Domains.jl:1321
global_domain at /home/renatob/ClimaLand.jl/src/shared_utilities/Domains.jl:1285
unknown function (ip: 0x7eff9724e4d6)
jl_apply at /cache/build/tester-amdci5-12/julialang/julia-release-1-dot-11/src/julia.h:2157 [inlined]
do_call at /cache/build/tester-amdci5-12/julialang/julia-release-1-dot-11/src/interpreter.c:126
eval_value at /cache/build/tester-amdci5-12/julialang/julia-release-1-dot-11/src/interpreter.c:223
eval_stmt_value at /cache/build/tester-amdci5-12/julialang/julia-release-1-dot-11/src/interpreter.c:174 [inlined]
eval_body at /cache/build/tester-amdci5-12/julialang/julia-release-1-dot-11/src/interpreter.c:666
jl_interpret_toplevel_thunk at /cache/build/tester-amdci5-12/julialang/julia-release-1-dot-11/src/interpreter.c:824
jl_toplevel_eval_flex at /cache/build/tester-amdci5-12/julialang/julia-release-1-dot-11/src/toplevel.c:943
jl_toplevel_eval_flex at /cache/build/tester-amdci5-12/julialang/julia-release-1-dot-11/src/toplevel.c:886
ijl_toplevel_eval_in at /cache/build/tester-amdci5-12/julialang/julia-release-1-dot-11/src/toplevel.c:994
eval at ./boot.jl:430 [inlined]
include_string at ./loading.jl:2734
_include at ./loading.jl:2794
include at ./Base.jl:557
jfptr_include_46879.1 at /clima/software/julia/julia-1.11.5/lib/julia/sys.so (unknown line)
exec_options at ./client.jl:323
_start at ./client.jl:531
jfptr__start_73430.1 at /clima/software/julia/julia-1.11.5/lib/julia/sys.so (unknown line)
jl_apply at /cache/build/tester-amdci5-12/julialang/julia-release-1-dot-11/src/julia.h:2157 [inlined]
true_main at /cache/build/tester-amdci5-12/julialang/julia-release-1-dot-11/src/jlapi.c:900
jl_repl_entrypoint at /cache/build/tester-amdci5-12/julialang/julia-release-1-dot-11/src/jlapi.c:1059
main at julia (unknown line)
__libc_start_main at /lib64/libc.so.6 (unknown line)
unknown function (ip: 0x4010b8)
unknown function (ip: (nil))
Allocations: 107223877 (Pool: 107221293; Big: 2584); GC: 42
