┌ Info: Logging from worker 8
└ @ ClimaCalibrate /glade/u/home/reich/.julia/packages/ClimaCalibrate/M5xO0/src/workers.jl:430
┌ Error: You are using a local CUDA 12.3.0 toolkit, but CUDA.jl was precompiled for CUDA 12.2.0. This is unsupported.
│ Call `CUDA.set_runtime_version!` to update the CUDA version to match your local installation.
└ @ CUDA /glade/u/home/reich/.julia/packages/CUDA/TPbi4/src/initialization.jl:154
┌ Info: Loading aridity from /glade/derecho/scratch/reich/ClimaLand.jl/experiments/calibration/aridity.jld2
└ @ Main /glade/derecho/scratch/reich/ClimaLand.jl/experiments/calibration/model_interface.jl:83
┌ Info: Transferring aridity field to GPU
└ @ Main /glade/derecho/scratch/reich/ClimaLand.jl/experiments/calibration/model_interface.jl:103
┌ Info: Applying land/sea mask to aridity field...
└ @ Main /glade/derecho/scratch/reich/ClimaLand.jl/experiments/calibration/model_interface.jl:112
┌ Info: Ocean masking complete: 43294/61206 points are ocean (70.7%)
└ @ Main /glade/derecho/scratch/reich/ClimaLand.jl/experiments/calibration/model_interface.jl:123
┌ Info: Land points: 17912 (29.3%)
└ @ Main /glade/derecho/scratch/reich/ClimaLand.jl/experiments/calibration/model_interface.jl:124
┌ Info: uSPAC conductance active with trait distribution integration
│   use_trait_distribution = false
│   n_quad = 3
└ @ Main /glade/derecho/scratch/reich/ClimaLand.jl/experiments/calibration/model_interface.jl:238
┌ Info: Run: Global Soil-Canopy-Snow Model
└ @ Main /glade/derecho/scratch/reich/ClimaLand.jl/experiments/calibration/model_interface.jl:343
┌ Info: Resolution: (101, 15)
└ @ Main /glade/derecho/scratch/reich/ClimaLand.jl/experiments/calibration/model_interface.jl:344
┌ Info: Timestep: 450.0 seconds (2016-09-01T00:07:30) [counter = 450, period = 1 second, epoch = 2016-09-01T00:00:00] s
└ @ Main /glade/derecho/scratch/reich/ClimaLand.jl/experiments/calibration/model_interface.jl:345
┌ Info: Start Date: 2016-09-01T00:00:00
└ @ Main /glade/derecho/scratch/reich/ClimaLand.jl/experiments/calibration/model_interface.jl:346
┌ Info: Stop Date: 2019-12-01T00:00:00
└ @ Main /glade/derecho/scratch/reich/ClimaLand.jl/experiments/calibration/model_interface.jl:347
┌ Warning: Keys are present in parameter file but not used in the simulation. 
│  Typically this is due to a mismatch in parameter name in toml and in source. Offending keys: Any["bucket_z_0m", "canopy_momentum_roughness_length", "pmodel_Ha_Vcmax", "pmodel_ϕ0_c3", "molar_mass_oxygen", "pmodel_ϕ0_c4", "pmodel_ϕa1_c4", "pmodel_bRd", "bucket_z_0b", "critical_snow_fraction", "molar_mass_carbon", "michaelis_constant", "soil_C_substrate_diffusivity", "oxygen_diffusion_coefficient", "moisture_stress_c", "βψx50_slope", "pmodel_oi", "βΠR_slope", "βΠR_base", "bucket_beta_decay_exponent", "bucket_capacity_fraction", "soilCO2_activation_energy", "pmodel_ΔHko", "βkx_base", "alpha_snow", "pmodel_α", "pmodel_ΔHkc", "pmodel_aRd", "pmodel_ϕa0_c3", "pmodel_Kc25", "pmodel_ϕa2_c4", "pmodel_Hd_Vcmax", "pmodel_Γstar25", "pmodel_ϕa1_c3", "pmodel_Ha_Jmax", "pmodel_Hd_Jmax", "pmodel_aS_Vcmax", "pmodel_bS_Vcmax", "bucket_soil_conductivity", "O2_michaelis_constant", "pmodel_aS_Jmax", "CO2_diffusion_coefficient", "soilCO2_pre_exponential_factor", "critical_snow_water_equivalent", "pmodel_fC3", "pmodel_cstar", "canopy_scalar_roughness_length", "pmodel_ΔHΓstar", "βkx_coord", "βψx50_base", "pmodel_bS_Jmax", "pmodel_ϕa2_c3", "land_bucket_capacity", "bucket_soil_heat_capacity", "pmodel_Ko25", "soluble_soil_carbon_fraction", "pmodel_β", "pmodel_ϕa0_c4"]
└ @ ClimaParams /glade/u/home/reich/.julia/packages/ClimaParams/K8azm/src/ClimaParams.jl:370
┌ Info: Progress
│   simulation_time = 16 weeks, 6 days
│   n_steps_completed = 22772
│   wall_time_per_step = 0 seconds
│   wall_time_total = 0 seconds
│   wall_time_remaining = 0 seconds
│   wall_time_spent = 0 seconds
│   percent_complete = 10.0%
│   estimated_sypd = Inf
│   date_now = 2026-02-04T18:51:40.944
│   estimated_finish_date = 2026-02-04T18:51:40.944
└ @ ClimaUtilities.OnlineLogging /glade/u/home/reich/.julia/packages/ClimaUtilities/5ClV5/src/OnlineLogging.jl:207
┌ Info: Progress
│   simulation_time = 33 weeks, 6 days
│   n_steps_completed = 45544
│   wall_time_per_step = 33 milliseconds, 418 microseconds
│   wall_time_total = 2 hours, 6 minutes
│   wall_time_remaining = 1 hour, 41 minutes
│   wall_time_spent = 25 minutes, 22 seconds
│   percent_complete = 20.0%
│   estimated_sypd = 36.867
│   date_now = 2026-02-04T19:04:21.924
│   estimated_finish_date = 2026-02-04T20:45:49.924
└ @ ClimaUtilities.OnlineLogging /glade/u/home/reich/.julia/packages/ClimaUtilities/5ClV5/src/OnlineLogging.jl:207
┌ Info: Progress
│   simulation_time = 50 weeks, 5 days
│   n_steps_completed = 68316
│   wall_time_per_step = 33 milliseconds, 519 microseconds
│   wall_time_total = 2 hours, 7 minutes
│   wall_time_remaining = 1 hour, 29 minutes
│   wall_time_spent = 38 minutes, 9 seconds
│   percent_complete = 30.0%
│   estimated_sypd = 36.756
│   date_now = 2026-02-04T19:17:09.703
│   estimated_finish_date = 2026-02-04T20:46:12.703
└ @ ClimaUtilities.OnlineLogging /glade/u/home/reich/.julia/packages/ClimaUtilities/5ClV5/src/OnlineLogging.jl:207
┌ Info: Progress
│   simulation_time = 67 weeks, 5 days
│   n_steps_completed = 91088
│   wall_time_per_step = 33 milliseconds, 413 microseconds
│   wall_time_total = 2 hours, 6 minutes
│   wall_time_remaining = 1 hour, 16 minutes
│   wall_time_spent = 50 minutes, 43 seconds
│   percent_complete = 40.0%
│   estimated_sypd = 36.872
│   date_now = 2026-02-04T19:29:43.333
│   estimated_finish_date = 2026-02-04T20:45:49.333
└ @ ClimaUtilities.OnlineLogging /glade/u/home/reich/.julia/packages/ClimaUtilities/5ClV5/src/OnlineLogging.jl:207
┌ Info: Progress
│   simulation_time = 84 weeks, 5 days
│   n_steps_completed = 113860
│   wall_time_per_step = 33 milliseconds, 359 microseconds
│   wall_time_total = 2 hours, 6 minutes
│   wall_time_remaining = 1 hour, 3 minutes
│   wall_time_spent = 1 hour, 3 minutes
│   percent_complete = 50.0%
│   estimated_sypd = 36.932
│   date_now = 2026-02-04T19:42:18.089
│   estimated_finish_date = 2026-02-04T20:45:37.089
└ @ ClimaUtilities.OnlineLogging /glade/u/home/reich/.julia/packages/ClimaUtilities/5ClV5/src/OnlineLogging.jl:207
┌ Info: Progress
│   simulation_time = 101 weeks, 4 days
│   n_steps_completed = 136632
│   wall_time_per_step = 33 milliseconds, 451 microseconds
│   wall_time_total = 2 hours, 6 minutes
│   wall_time_remaining = 50 minutes, 46 seconds
│   wall_time_spent = 1 hour, 16 minutes
│   percent_complete = 60.0%
│   estimated_sypd = 36.831
│   date_now = 2026-02-04T19:55:10.287
│   estimated_finish_date = 2026-02-04T20:45:57.287
└ @ ClimaUtilities.OnlineLogging /glade/u/home/reich/.julia/packages/ClimaUtilities/5ClV5/src/OnlineLogging.jl:207
┌ Info: Progress
│   simulation_time = 118 weeks, 4 days
│   n_steps_completed = 159404
│   wall_time_per_step = 33 milliseconds, 377 microseconds
│   wall_time_total = 2 hours, 6 minutes
│   wall_time_remaining = 37 minutes, 59 seconds
│   wall_time_spent = 1 hour, 28 minutes
│   percent_complete = 70.0%
│   estimated_sypd = 36.912
│   date_now = 2026-02-04T20:07:40.307
│   estimated_finish_date = 2026-02-04T20:45:40.307
└ @ ClimaUtilities.OnlineLogging /glade/u/home/reich/.julia/packages/ClimaUtilities/5ClV5/src/OnlineLogging.jl:207
┌ Info: Progress
│   simulation_time = 135 weeks, 3 days
│   n_steps_completed = 182176
│   wall_time_per_step = 33 milliseconds, 459 microseconds
│   wall_time_total = 2 hours, 6 minutes
│   wall_time_remaining = 25 minutes, 23 seconds
│   wall_time_spent = 1 hour, 41 minutes
│   percent_complete = 80.0%
│   estimated_sypd = 36.821
│   date_now = 2026-02-04T20:20:35.374
│   estimated_finish_date = 2026-02-04T20:45:59.374
└ @ ClimaUtilities.OnlineLogging /glade/u/home/reich/.julia/packages/ClimaUtilities/5ClV5/src/OnlineLogging.jl:207
┌ Info: Progress
│   simulation_time = 152 weeks, 3 days
│   n_steps_completed = 204948
│   wall_time_per_step = 34 milliseconds, 225 microseconds
│   wall_time_total = 2 hours, 9 minutes
│   wall_time_remaining = 12 minutes, 59 seconds
│   wall_time_spent = 1 hour, 56 minutes
│   percent_complete = 90.0%
│   estimated_sypd = 35.998
│   date_now = 2026-02-04T20:35:54.159
│   estimated_finish_date = 2026-02-04T20:48:54.159
└ @ ClimaUtilities.OnlineLogging /glade/u/home/reich/.julia/packages/ClimaUtilities/5ClV5/src/OnlineLogging.jl:207
┌ Info: Loading aridity from /glade/derecho/scratch/reich/ClimaLand.jl/experiments/calibration/aridity.jld2
└ @ Main /glade/derecho/scratch/reich/ClimaLand.jl/experiments/calibration/model_interface.jl:83
┌ Info: Transferring aridity field to GPU
└ @ Main /glade/derecho/scratch/reich/ClimaLand.jl/experiments/calibration/model_interface.jl:103
┌ Info: Applying land/sea mask to aridity field...
└ @ Main /glade/derecho/scratch/reich/ClimaLand.jl/experiments/calibration/model_interface.jl:112
┌ Info: Ocean masking complete: 30721/61206 points are ocean (50.2%)
└ @ Main /glade/derecho/scratch/reich/ClimaLand.jl/experiments/calibration/model_interface.jl:123
┌ Info: Land points: 30485 (49.8%)
└ @ Main /glade/derecho/scratch/reich/ClimaLand.jl/experiments/calibration/model_interface.jl:124
┌ Info: uSPAC conductance active with trait distribution integration
│   use_trait_distribution = false
│   n_quad = 3
└ @ Main /glade/derecho/scratch/reich/ClimaLand.jl/experiments/calibration/model_interface.jl:238
┌ Info: Run: Global Soil-Canopy-Snow Model
└ @ Main /glade/derecho/scratch/reich/ClimaLand.jl/experiments/calibration/model_interface.jl:343
┌ Info: Resolution: (101, 15)
└ @ Main /glade/derecho/scratch/reich/ClimaLand.jl/experiments/calibration/model_interface.jl:344
┌ Info: Timestep: 450.0 seconds (2016-09-01T00:07:30) [counter = 450, period = 1 second, epoch = 2016-09-01T00:00:00] s
└ @ Main /glade/derecho/scratch/reich/ClimaLand.jl/experiments/calibration/model_interface.jl:345
┌ Info: Start Date: 2016-09-01T00:00:00
└ @ Main /glade/derecho/scratch/reich/ClimaLand.jl/experiments/calibration/model_interface.jl:346
┌ Info: Stop Date: 2019-12-01T00:00:00
└ @ Main /glade/derecho/scratch/reich/ClimaLand.jl/experiments/calibration/model_interface.jl:347
┌ Warning: Keys are present in parameter file but not used in the simulation. 
│  Typically this is due to a mismatch in parameter name in toml and in source. Offending keys: Any["bucket_z_0m", "canopy_momentum_roughness_length", "pmodel_Ha_Vcmax", "pmodel_ϕ0_c3", "molar_mass_oxygen", "pmodel_ϕ0_c4", "pmodel_ϕa1_c4", "pmodel_bRd", "bucket_z_0b", "critical_snow_fraction", "molar_mass_carbon", "michaelis_constant", "soil_C_substrate_diffusivity", "oxygen_diffusion_coefficient", "moisture_stress_c", "βψx50_slope", "pmodel_oi", "βΠR_slope", "βΠR_base", "bucket_beta_decay_exponent", "bucket_capacity_fraction", "soilCO2_activation_energy", "pmodel_ΔHko", "βkx_base", "alpha_snow", "pmodel_α", "pmodel_ΔHkc", "pmodel_aRd", "pmodel_ϕa0_c3", "pmodel_Kc25", "pmodel_ϕa2_c4", "pmodel_Hd_Vcmax", "pmodel_Γstar25", "pmodel_ϕa1_c3", "pmodel_Ha_Jmax", "pmodel_Hd_Jmax", "pmodel_aS_Vcmax", "pmodel_bS_Vcmax", "bucket_soil_conductivity", "O2_michaelis_constant", "pmodel_aS_Jmax", "CO2_diffusion_coefficient", "soilCO2_pre_exponential_factor", "critical_snow_water_equivalent", "pmodel_fC3", "pmodel_cstar", "canopy_scalar_roughness_length", "pmodel_ΔHΓstar", "βkx_coord", "βψx50_base", "pmodel_bS_Jmax", "pmodel_ϕa2_c3", "land_bucket_capacity", "bucket_soil_heat_capacity", "pmodel_Ko25", "soluble_soil_carbon_fraction", "pmodel_β", "pmodel_ϕa0_c4"]
└ @ ClimaParams /glade/u/home/reich/.julia/packages/ClimaParams/K8azm/src/ClimaParams.jl:370
┌ Info: Progress
│   simulation_time = 16 weeks, 6 days
│   n_steps_completed = 22772
│   wall_time_per_step = 0 seconds
│   wall_time_total = 0 seconds
│   wall_time_remaining = 0 seconds
│   wall_time_spent = 0 seconds
│   percent_complete = 10.0%
│   estimated_sypd = Inf
│   date_now = 2026-02-04T21:26:58.734
│   estimated_finish_date = 2026-02-04T21:26:58.734
└ @ ClimaUtilities.OnlineLogging /glade/u/home/reich/.julia/packages/ClimaUtilities/5ClV5/src/OnlineLogging.jl:207
┌ Info: Progress
│   simulation_time = 33 weeks, 6 days
│   n_steps_completed = 45544
│   wall_time_per_step = 33 milliseconds, 99 microseconds
│   wall_time_total = 2 hours, 5 minutes
│   wall_time_remaining = 1 hour, 40 minutes
│   wall_time_spent = 25 minutes, 7 seconds
│   percent_complete = 20.0%
│   estimated_sypd = 37.222
│   date_now = 2026-02-04T21:39:32.486
│   estimated_finish_date = 2026-02-04T23:20:02.486
└ @ ClimaUtilities.OnlineLogging /glade/u/home/reich/.julia/packages/ClimaUtilities/5ClV5/src/OnlineLogging.jl:207
┌ Info: Progress
│   simulation_time = 50 weeks, 5 days
│   n_steps_completed = 68316
│   wall_time_per_step = 33 milliseconds, 129 microseconds
│   wall_time_total = 2 hours, 5 minutes
│   wall_time_remaining = 1 hour, 28 minutes
│   wall_time_spent = 37 minutes, 43 seconds
│   percent_complete = 30.0%
│   estimated_sypd = 37.189
│   date_now = 2026-02-04T21:52:08.227
│   estimated_finish_date = 2026-02-04T23:20:09.227
└ @ ClimaUtilities.OnlineLogging /glade/u/home/reich/.julia/packages/ClimaUtilities/5ClV5/src/OnlineLogging.jl:207
┌ Info: Progress
│   simulation_time = 67 weeks, 5 days
│   n_steps_completed = 91088
│   wall_time_per_step = 33 milliseconds, 130 microseconds
│   wall_time_total = 2 hours, 5 minutes
│   wall_time_remaining = 1 hour, 15 minutes
│   wall_time_spent = 50 minutes, 17 seconds
│   percent_complete = 40.0%
│   estimated_sypd = 37.187
│   date_now = 2026-02-04T22:04:42.769
│   estimated_finish_date = 2026-02-04T23:20:09.769
└ @ ClimaUtilities.OnlineLogging /glade/u/home/reich/.julia/packages/ClimaUtilities/5ClV5/src/OnlineLogging.jl:207
┌ Info: Progress
│   simulation_time = 84 weeks, 5 days
│   n_steps_completed = 113860
│   wall_time_per_step = 33 milliseconds, 79 microseconds
│   wall_time_total = 2 hours, 5 minutes
│   wall_time_remaining = 1 hour, 2 minutes
│   wall_time_spent = 1 hour, 2 minutes
│   percent_complete = 50.0%
│   estimated_sypd = 37.245
│   date_now = 2026-02-04T22:17:11.419
│   estimated_finish_date = 2026-02-04T23:19:58.419
└ @ ClimaUtilities.OnlineLogging /glade/u/home/reich/.julia/packages/ClimaUtilities/5ClV5/src/OnlineLogging.jl:207
┌ Info: Progress
│   simulation_time = 101 weeks, 4 days
│   n_steps_completed = 136632
│   wall_time_per_step = 33 milliseconds, 86 microseconds
│   wall_time_total = 2 hours, 5 minutes
│   wall_time_remaining = 50 minutes, 13 seconds
│   wall_time_spent = 1 hour, 15 minutes
│   percent_complete = 60.0%
│   estimated_sypd = 37.237
│   date_now = 2026-02-04T22:29:45.672
│   estimated_finish_date = 2026-02-04T23:19:59.672
└ @ ClimaUtilities.OnlineLogging /glade/u/home/reich/.julia/packages/ClimaUtilities/5ClV5/src/OnlineLogging.jl:207
┌ Info: Progress
│   simulation_time = 118 weeks, 4 days
│   n_steps_completed = 159404
│   wall_time_per_step = 32 milliseconds, 900 microseconds
│   wall_time_total = 2 hours, 4 minutes
│   wall_time_remaining = 37 minutes, 27 seconds
│   wall_time_spent = 1 hour, 27 minutes
│   percent_complete = 70.0%
│   estimated_sypd = 37.447
│   date_now = 2026-02-04T22:41:49.444
│   estimated_finish_date = 2026-02-04T23:19:17.444
└ @ ClimaUtilities.OnlineLogging /glade/u/home/reich/.julia/packages/ClimaUtilities/5ClV5/src/OnlineLogging.jl:207
┌ Info: Progress
│   simulation_time = 135 weeks, 3 days
│   n_steps_completed = 182176
│   wall_time_per_step = 32 milliseconds, 765 microseconds
│   wall_time_total = 2 hours, 4 minutes
│   wall_time_remaining = 24 minutes, 52 seconds
│   wall_time_spent = 1 hour, 39 minutes
│   percent_complete = 80.0%
│   estimated_sypd = 37.602
│   date_now = 2026-02-04T22:53:54.048
│   estimated_finish_date = 2026-02-04T23:18:47.048
└ @ ClimaUtilities.OnlineLogging /glade/u/home/reich/.julia/packages/ClimaUtilities/5ClV5/src/OnlineLogging.jl:207
┌ Info: Progress
│   simulation_time = 152 weeks, 3 days
│   n_steps_completed = 204948
│   wall_time_per_step = 32 milliseconds, 504 microseconds
│   wall_time_total = 2 hours, 3 minutes
│   wall_time_remaining = 12 minutes, 19 seconds
│   wall_time_spent = 1 hour, 51 minutes
│   percent_complete = 90.0%
│   estimated_sypd = 37.904
│   date_now = 2026-02-04T23:05:26.677
│   estimated_finish_date = 2026-02-04T23:17:46.677
└ @ ClimaUtilities.OnlineLogging /glade/u/home/reich/.julia/packages/ClimaUtilities/5ClV5/src/OnlineLogging.jl:207
┌ Info: Loading aridity from /glade/derecho/scratch/reich/ClimaLand.jl/experiments/calibration/aridity.jld2
└ @ Main /glade/derecho/scratch/reich/ClimaLand.jl/experiments/calibration/model_interface.jl:83
┌ Info: Transferring aridity field to GPU
└ @ Main /glade/derecho/scratch/reich/ClimaLand.jl/experiments/calibration/model_interface.jl:103
┌ Info: Applying land/sea mask to aridity field...
└ @ Main /glade/derecho/scratch/reich/ClimaLand.jl/experiments/calibration/model_interface.jl:112
┌ Info: Ocean masking complete: 43294/61206 points are ocean (70.7%)
└ @ Main /glade/derecho/scratch/reich/ClimaLand.jl/experiments/calibration/model_interface.jl:123
┌ Info: Land points: 17912 (29.3%)
└ @ Main /glade/derecho/scratch/reich/ClimaLand.jl/experiments/calibration/model_interface.jl:124
┌ Info: uSPAC conductance active with trait distribution integration
│   use_trait_distribution = false
│   n_quad = 3
└ @ Main /glade/derecho/scratch/reich/ClimaLand.jl/experiments/calibration/model_interface.jl:238
┌ Info: Run: Global Soil-Canopy-Snow Model
└ @ Main /glade/derecho/scratch/reich/ClimaLand.jl/experiments/calibration/model_interface.jl:343
┌ Info: Resolution: (101, 15)
└ @ Main /glade/derecho/scratch/reich/ClimaLand.jl/experiments/calibration/model_interface.jl:344
┌ Info: Timestep: 450.0 seconds (2016-09-01T00:07:30) [counter = 450, period = 1 second, epoch = 2016-09-01T00:00:00] s
└ @ Main /glade/derecho/scratch/reich/ClimaLand.jl/experiments/calibration/model_interface.jl:345
┌ Info: Start Date: 2016-09-01T00:00:00
└ @ Main /glade/derecho/scratch/reich/ClimaLand.jl/experiments/calibration/model_interface.jl:346
┌ Info: Stop Date: 2019-12-01T00:00:00
└ @ Main /glade/derecho/scratch/reich/ClimaLand.jl/experiments/calibration/model_interface.jl:347
┌ Warning: Keys are present in parameter file but not used in the simulation. 
│  Typically this is due to a mismatch in parameter name in toml and in source. Offending keys: Any["bucket_z_0m", "canopy_momentum_roughness_length", "pmodel_Ha_Vcmax", "pmodel_ϕ0_c3", "molar_mass_oxygen", "pmodel_ϕ0_c4", "pmodel_ϕa1_c4", "pmodel_bRd", "bucket_z_0b", "critical_snow_fraction", "molar_mass_carbon", "michaelis_constant", "soil_C_substrate_diffusivity", "oxygen_diffusion_coefficient", "moisture_stress_c", "βψx50_slope", "pmodel_oi", "βΠR_slope", "βΠR_base", "bucket_beta_decay_exponent", "bucket_capacity_fraction", "soilCO2_activation_energy", "pmodel_ΔHko", "βkx_base", "alpha_snow", "pmodel_α", "pmodel_ΔHkc", "pmodel_aRd", "pmodel_ϕa0_c3", "pmodel_Kc25", "pmodel_ϕa2_c4", "pmodel_Hd_Vcmax", "pmodel_Γstar25", "pmodel_ϕa1_c3", "pmodel_Ha_Jmax", "pmodel_Hd_Jmax", "pmodel_aS_Vcmax", "pmodel_bS_Vcmax", "bucket_soil_conductivity", "O2_michaelis_constant", "pmodel_aS_Jmax", "CO2_diffusion_coefficient", "soilCO2_pre_exponential_factor", "critical_snow_water_equivalent", "pmodel_fC3", "pmodel_cstar", "canopy_scalar_roughness_length", "pmodel_ΔHΓstar", "βkx_coord", "βψx50_base", "pmodel_bS_Jmax", "pmodel_ϕa2_c3", "land_bucket_capacity", "bucket_soil_heat_capacity", "pmodel_Ko25", "soluble_soil_carbon_fraction", "pmodel_β", "pmodel_ϕa0_c4"]
└ @ ClimaParams /glade/u/home/reich/.julia/packages/ClimaParams/K8azm/src/ClimaParams.jl:370
┌ Info: Progress
│   simulation_time = 16 weeks, 6 days
│   n_steps_completed = 22772
│   wall_time_per_step = 0 seconds
│   wall_time_total = 0 seconds
│   wall_time_remaining = 0 seconds
│   wall_time_spent = 0 seconds
│   percent_complete = 10.0%
│   estimated_sypd = Inf
│   date_now = 2026-02-05T00:02:23.833
│   estimated_finish_date = 2026-02-05T00:02:23.833
└ @ ClimaUtilities.OnlineLogging /glade/u/home/reich/.julia/packages/ClimaUtilities/5ClV5/src/OnlineLogging.jl:207
┌ Info: Progress
│   simulation_time = 33 weeks, 6 days
│   n_steps_completed = 45544
│   wall_time_per_step = 33 milliseconds, 573 microseconds
│   wall_time_total = 2 hours, 7 minutes
│   wall_time_remaining = 1 hour, 41 minutes
│   wall_time_spent = 25 minutes, 29 seconds
│   percent_complete = 20.0%
│   estimated_sypd = 36.697
│   date_now = 2026-02-05T00:15:08.360
│   estimated_finish_date = 2026-02-05T01:57:04.360
└ @ ClimaUtilities.OnlineLogging /glade/u/home/reich/.julia/packages/ClimaUtilities/5ClV5/src/OnlineLogging.jl:207
┌ Info: Progress
│   simulation_time = 50 weeks, 5 days
│   n_steps_completed = 68316
│   wall_time_per_step = 33 milliseconds, 307 microseconds
│   wall_time_total = 2 hours, 6 minutes
│   wall_time_remaining = 1 hour, 28 minutes
│   wall_time_spent = 37 minutes, 55 seconds
│   percent_complete = 30.0%
│   estimated_sypd = 36.99
│   date_now = 2026-02-05T00:27:34.740
│   estimated_finish_date = 2026-02-05T01:56:04.740
└ @ ClimaUtilities.OnlineLogging /glade/u/home/reich/.julia/packages/ClimaUtilities/5ClV5/src/OnlineLogging.jl:207
┌ Info: Progress
│   simulation_time = 67 weeks, 5 days
│   n_steps_completed = 91088
│   wall_time_per_step = 33 milliseconds, 155 microseconds
│   wall_time_total = 2 hours, 5 minutes
│   wall_time_remaining = 1 hour, 15 minutes
│   wall_time_spent = 50 minutes, 20 seconds
│   percent_complete = 40.0%
│   estimated_sypd = 37.159
│   date_now = 2026-02-05T00:39:59.387
│   estimated_finish_date = 2026-02-05T01:55:29.387
└ @ ClimaUtilities.OnlineLogging /glade/u/home/reich/.julia/packages/ClimaUtilities/5ClV5/src/OnlineLogging.jl:207
┌ Info: Progress
│   simulation_time = 84 weeks, 5 days
│   n_steps_completed = 113860
│   wall_time_per_step = 33 milliseconds, 29 microseconds
│   wall_time_total = 2 hours, 5 minutes
│   wall_time_remaining = 1 hour, 2 minutes
│   wall_time_spent = 1 hour, 2 minutes
│   percent_complete = 50.0%
│   estimated_sypd = 37.301
│   date_now = 2026-02-05T00:52:20.010
│   estimated_finish_date = 2026-02-05T01:55:01.010
└ @ ClimaUtilities.OnlineLogging /glade/u/home/reich/.julia/packages/ClimaUtilities/5ClV5/src/OnlineLogging.jl:207
┌ Info: Progress
│   simulation_time = 101 weeks, 4 days
│   n_steps_completed = 136632
│   wall_time_per_step = 32 milliseconds, 906 microseconds
│   wall_time_total = 2 hours, 4 minutes
│   wall_time_remaining = 49 minutes, 57 seconds
│   wall_time_spent = 1 hour, 14 minutes
│   percent_complete = 60.0%
│   estimated_sypd = 37.44
│   date_now = 2026-02-05T01:04:35.420
│   estimated_finish_date = 2026-02-05T01:54:33.420
└ @ ClimaUtilities.OnlineLogging /glade/u/home/reich/.julia/packages/ClimaUtilities/5ClV5/src/OnlineLogging.jl:207
┌ Info: Progress
│   simulation_time = 118 weeks, 4 days
│   n_steps_completed = 159404
│   wall_time_per_step = 32 milliseconds, 618 microseconds
│   wall_time_total = 2 hours, 3 minutes
│   wall_time_remaining = 37 minutes, 8 seconds
│   wall_time_spent = 1 hour, 26 minutes
│   percent_complete = 70.0%
│   estimated_sypd = 37.771
│   date_now = 2026-02-05T01:16:18.819
│   estimated_finish_date = 2026-02-05T01:53:27.819
└ @ ClimaUtilities.OnlineLogging /glade/u/home/reich/.julia/packages/ClimaUtilities/5ClV5/src/OnlineLogging.jl:207
┌ Info: Progress
│   simulation_time = 135 weeks, 3 days
│   n_steps_completed = 182176
│   wall_time_per_step = 32 milliseconds, 434 microseconds
│   wall_time_total = 2 hours, 3 minutes
│   wall_time_remaining = 24 minutes, 36 seconds
│   wall_time_spent = 1 hour, 38 minutes
│   percent_complete = 80.0%
│   estimated_sypd = 37.986
│   date_now = 2026-02-05T01:28:08.016
│   estimated_finish_date = 2026-02-05T01:52:45.016
└ @ ClimaUtilities.OnlineLogging /glade/u/home/reich/.julia/packages/ClimaUtilities/5ClV5/src/OnlineLogging.jl:207
┌ Info: Progress
│   simulation_time = 152 weeks, 3 days
│   n_steps_completed = 204948
│   wall_time_per_step = 32 milliseconds, 219 microseconds
│   wall_time_total = 2 hours, 2 minutes
│   wall_time_remaining = 12 minutes, 13 seconds
│   wall_time_spent = 1 hour, 50 minutes
│   percent_complete = 90.0%
│   estimated_sypd = 38.239
│   date_now = 2026-02-05T01:39:42.608
│   estimated_finish_date = 2026-02-05T01:51:56.608
└ @ ClimaUtilities.OnlineLogging /glade/u/home/reich/.julia/packages/ClimaUtilities/5ClV5/src/OnlineLogging.jl:207
