┌ Info: Logging from worker 18
└ @ ClimaCalibrate /glade/u/home/reich/.julia/packages/ClimaCalibrate/bSNlZ/src/workers.jl:430
┌ Error: You are using a local CUDA 12.3.0 toolkit, but CUDA.jl was precompiled for CUDA 12.2.0. This is unsupported.
│ Call `CUDA.set_runtime_version!` to update the CUDA version to match your local installation.
└ @ CUDA /glade/u/home/reich/.julia/packages/CUDA/Wfi8S/src/initialization.jl:154
┌ Warning: type ClimaAnalysis.Var.Metadata{Vector,Any,Dict{Union{AbstractString, Symbol}, Any},Int64} does not exist in workspace; reconstructing
└ @ JLD2 /glade/u/home/reich/.julia/packages/JLD2/SgtOb/src/data/reconstructing_datatypes.jl:588
┌ Warning: some parameters could not be resolved for type EnsembleKalmanProcesses.Observation{Vector{Vector{Float32}},Vector{LinearAlgebra.Diagonal{Float32, Vector{Float32}}},Vector{LinearAlgebra.Diagonal{Float32, Vector{Float32}}},Vector{String},Vector{UnitRange{Int64}},Array{JLD2.ReconstructedMutable{Symbol("Metadata{Vector,Any,Dict{Union{AbstractString, Symbol}, Any},Int64}"), (:attributes, :dims, :dim_attributes, :ordered_dims, :nan_indices), NTuple{5, Any}},1}}; reading as EnsembleKalmanProcesses.Observation{Vector{Vector{Float32}}, Vector{LinearAlgebra.Diagonal{Float32, Vector{Float32}}}, Vector{LinearAlgebra.Diagonal{Float32, Vector{Float32}}}, Vector{String}, Vector{UnitRange{Int64}}, Any}
└ @ JLD2 /glade/u/home/reich/.julia/packages/JLD2/SgtOb/src/data/reconstructing_datatypes.jl:580
┌ Warning: type EnsembleKalmanProcesses.Observation{Vector{Vector{Float32}},Vector{LinearAlgebra.Diagonal{Float32, Vector{Float32}}},Vector{LinearAlgebra.Diagonal{Float32, Vector{Float32}}},Vector{String},Vector{UnitRange{Int64}},Array{JLD2.ReconstructedMutable{Symbol("Metadata{Vector,Any,Dict{Union{AbstractString, Symbol}, Any},Int64}"), (:attributes, :dims, :dim_attributes, :ordered_dims, :nan_indices), NTuple{5, Any}},1}} does not exist in workspace; interpreting Array{EnsembleKalmanProcesses.Observation{Vector{Vector{Float32}},Vector{LinearAlgebra.Diagonal{Float32, Vector{Float32}}},Vector{LinearAlgebra.Diagonal{Float32, Vector{Float32}}},Vector{String},Vector{UnitRange{Int64}},Array{JLD2.ReconstructedMutable{Symbol("Metadata{Vector,Any,Dict{Union{AbstractString, Symbol}, Any},Int64}"), (:attributes, :dims, :dim_attributes, :ordered_dims, :nan_indices), NTuple{5, Any}},1}}} as Array{Any}
└ @ JLD2 /glade/u/home/reich/.julia/packages/JLD2/SgtOb/src/datasets.jl:128
┌ Info: Loading CWD from /glade/derecho/scratch/reich/ClimaLand.jl/experiments/calibration/cwd_era5.jld2
└ @ Main /glade/derecho/scratch/reich/ClimaLand.jl/experiments/calibration/model_interface.jl:92
┌ Info: Transferring CWD field to GPU
└ @ Main /glade/derecho/scratch/reich/ClimaLand.jl/experiments/calibration/model_interface.jl:112
┌ Info: CWD field loaded successfully
└ @ Main /glade/derecho/scratch/reich/ClimaLand.jl/experiments/calibration/model_interface.jl:119
┌ Info: Covariate fields loaded
└ @ Main /glade/derecho/scratch/reich/ClimaLand.jl/experiments/calibration/model_interface.jl:207
┌ Info: uSPAC conductance active
│   ΓR = (0.0, 0.0)
│   ΓF = (0.0, 0.0)
│   ΓT = (0.0, 0.0)
│   ΓS = (0.0, 0.0)
│   aridity_idx = Float64-valued Field:
  [11.4741, 10.6943, 9.93471, 9.49761, 9.24483, 8.99892, 8.54906, 8.10268, 7.67774, 7.3877  …  8.76539, 9.10278, 9.66548, 9.94048, 10.2005, 10.4437, 10.7507, 10.9068, 11.0076, 11.559]
└ @ Main /glade/derecho/scratch/reich/ClimaLand.jl/experiments/calibration/model_interface.jl:290
┌ Info: Run: Global Soil-Canopy-Snow Model
└ @ Main /glade/derecho/scratch/reich/ClimaLand.jl/experiments/calibration/model_interface.jl:395
┌ Info: Resolution: (101, 15)
└ @ Main /glade/derecho/scratch/reich/ClimaLand.jl/experiments/calibration/model_interface.jl:396
┌ Info: Timestep: 450.0 seconds (2016-09-01T00:07:30) [counter = 450, period = 1 second, epoch = 2016-09-01T00:00:00] s
└ @ Main /glade/derecho/scratch/reich/ClimaLand.jl/experiments/calibration/model_interface.jl:397
┌ Info: Start Date: 2016-09-01T00:00:00
└ @ Main /glade/derecho/scratch/reich/ClimaLand.jl/experiments/calibration/model_interface.jl:398
┌ Info: Stop Date: 2019-12-01T00:00:00
└ @ Main /glade/derecho/scratch/reich/ClimaLand.jl/experiments/calibration/model_interface.jl:399
┌ Warning: Keys are present in parameter file but not used in the simulation. 
│  Typically this is due to a mismatch in parameter name in toml and in source. Offending keys: Any["bucket_z_0m", "canopy_momentum_roughness_length", "pmodel_Ha_Vcmax", "pmodel_ϕ0_c3", "pmodel_ϕ0_c4", "pmodel_ϕa1_c4", "pmodel_bRd", "bucket_z_0b", "critical_snow_fraction", "moisture_stress_c", "pmodel_oi", "bucket_beta_decay_exponent", "bucket_capacity_fraction", "pmodel_ΔHko", "alpha_snow", "pmodel_α", "pmodel_ΔHkc", "pmodel_aRd", "pmodel_ϕa0_c3", "pmodel_Kc25", "pmodel_ϕa2_c4", "pmodel_Hd_Vcmax", "pmodel_Γstar25", "pmodel_ϕa1_c3", "pmodel_Ha_Jmax", "pmodel_Hd_Jmax", "pmodel_aS_Vcmax", "pmodel_bS_Vcmax", "bucket_soil_conductivity", "pmodel_aS_Jmax", "critical_snow_water_equivalent", "pmodel_fC3", "pmodel_cstar", "canopy_scalar_roughness_length", "pmodel_ΔHΓstar", "pmodel_bS_Jmax", "pmodel_ϕa2_c3", "land_bucket_capacity", "bucket_soil_heat_capacity", "pmodel_Ko25", "pmodel_β", "pmodel_ϕa0_c4"]
└ @ ClimaParams /glade/u/home/reich/.julia/packages/ClimaParams/P5Itj/src/ClimaParams.jl:358
┌ Info: Progress
│   simulation_time = 16 weeks, 6 days
│   n_steps_completed = 22772
│   wall_time_per_step = 0 seconds
│   wall_time_total = 0 seconds
│   wall_time_remaining = 0 seconds
│   wall_time_spent = 0 seconds
│   percent_complete = 10.0%
│   estimated_sypd = Inf
│   date_now = 2025-12-01T16:25:15.788
│   estimated_finish_date = 2025-12-01T16:25:15.788
└ @ ClimaUtilities.OnlineLogging /glade/u/home/reich/.julia/packages/ClimaUtilities/gj63x/src/OnlineLogging.jl:176
┌ Info: Progress
│   simulation_time = 33 weeks, 6 days
│   n_steps_completed = 45544
│   wall_time_per_step = 0 seconds
│   wall_time_total = 0 seconds
│   wall_time_remaining = 0 seconds
│   wall_time_spent = 0 seconds
│   percent_complete = 20.0%
│   estimated_sypd = Inf
│   date_now = 2025-12-01T16:41:11.997
│   estimated_finish_date = 2025-12-01T16:41:11.997
└ @ ClimaUtilities.OnlineLogging /glade/u/home/reich/.julia/packages/ClimaUtilities/gj63x/src/OnlineLogging.jl:176
┌ Info: Progress
│   simulation_time = 50 weeks, 5 days
│   n_steps_completed = 68316
│   wall_time_per_step = 29 milliseconds, 96 microseconds
│   wall_time_total = 1 hour, 50 minutes
│   wall_time_remaining = 1 hour, 17 minutes
│   wall_time_spent = 33 minutes, 7 seconds
│   percent_complete = 30.0%
│   estimated_sypd = 42.343
│   date_now = 2025-12-01T16:57:46.047
│   estimated_finish_date = 2025-12-01T18:15:04.047
└ @ ClimaUtilities.OnlineLogging /glade/u/home/reich/.julia/packages/ClimaUtilities/gj63x/src/OnlineLogging.jl:176
┌ Info: Progress
│   simulation_time = 67 weeks, 5 days
│   n_steps_completed = 91088
│   wall_time_per_step = 32 milliseconds, 780 microseconds
│   wall_time_total = 2 hours, 4 minutes
│   wall_time_remaining = 1 hour, 14 minutes
│   wall_time_spent = 49 minutes, 45 seconds
│   percent_complete = 40.0%
│   estimated_sypd = 37.584
│   date_now = 2025-12-01T17:14:24.048
│   estimated_finish_date = 2025-12-01T18:29:03.048
└ @ ClimaUtilities.OnlineLogging /glade/u/home/reich/.julia/packages/ClimaUtilities/gj63x/src/OnlineLogging.jl:176
┌ Info: Progress
│   simulation_time = 84 weeks, 5 days
│   n_steps_completed = 113860
│   wall_time_per_step = 35 milliseconds, 91 microseconds
│   wall_time_total = 2 hours, 13 minutes
│   wall_time_remaining = 1 hour, 6 minutes
│   wall_time_spent = 1 hour, 6 minutes
│   percent_complete = 50.0%
│   estimated_sypd = 35.109
│   date_now = 2025-12-01T17:31:13.652
│   estimated_finish_date = 2025-12-01T18:37:49.652
└ @ ClimaUtilities.OnlineLogging /glade/u/home/reich/.julia/packages/ClimaUtilities/gj63x/src/OnlineLogging.jl:176
┌ Info: Progress
│   simulation_time = 101 weeks, 4 days
│   n_steps_completed = 136632
│   wall_time_per_step = 36 milliseconds, 776 microseconds
│   wall_time_total = 2 hours, 19 minutes
│   wall_time_remaining = 55 minutes, 49 seconds
│   wall_time_spent = 1 hour, 23 minutes
│   percent_complete = 60.0%
│   estimated_sypd = 33.5
│   date_now = 2025-12-01T17:48:23.001
│   estimated_finish_date = 2025-12-01T18:44:13.001
└ @ ClimaUtilities.OnlineLogging /glade/u/home/reich/.julia/packages/ClimaUtilities/gj63x/src/OnlineLogging.jl:176
┌ Info: Progress
│   simulation_time = 118 weeks, 4 days
│   n_steps_completed = 159404
│   wall_time_per_step = 37 milliseconds, 538 microseconds
│   wall_time_total = 2 hours, 22 minutes
│   wall_time_remaining = 42 minutes, 44 seconds
│   wall_time_spent = 1 hour, 39 minutes
│   percent_complete = 70.0%
│   estimated_sypd = 32.821
│   date_now = 2025-12-01T18:04:21.885
│   estimated_finish_date = 2025-12-01T18:47:06.885
└ @ ClimaUtilities.OnlineLogging /glade/u/home/reich/.julia/packages/ClimaUtilities/gj63x/src/OnlineLogging.jl:176
┌ Info: Progress
│   simulation_time = 135 weeks, 3 days
│   n_steps_completed = 182176
│   wall_time_per_step = 38 milliseconds, 17 microseconds
│   wall_time_total = 2 hours, 24 minutes
│   wall_time_remaining = 28 minutes, 51 seconds
│   wall_time_spent = 1 hour, 55 minutes
│   percent_complete = 80.0%
│   estimated_sypd = 32.407
│   date_now = 2025-12-01T18:20:04.065
│   estimated_finish_date = 2025-12-01T18:48:56.065
└ @ ClimaUtilities.OnlineLogging /glade/u/home/reich/.julia/packages/ClimaUtilities/gj63x/src/OnlineLogging.jl:176
┌ Info: Progress
│   simulation_time = 152 weeks, 3 days
│   n_steps_completed = 204948
│   wall_time_per_step = 38 milliseconds, 792 microseconds
│   wall_time_total = 2 hours, 27 minutes
│   wall_time_remaining = 14 minutes, 43 seconds
│   wall_time_spent = 2 hours, 12 minutes
│   percent_complete = 90.0%
│   estimated_sypd = 31.76
│   date_now = 2025-12-01T18:37:08.542
│   estimated_finish_date = 2025-12-01T18:51:52.542
└ @ ClimaUtilities.OnlineLogging /glade/u/home/reich/.julia/packages/ClimaUtilities/gj63x/src/OnlineLogging.jl:176
┌ Warning: type ClimaAnalysis.Var.Metadata{Vector,Any,Dict{Union{AbstractString, Symbol}, Any},Int64} does not exist in workspace; reconstructing
└ @ JLD2 /glade/u/home/reich/.julia/packages/JLD2/SgtOb/src/data/reconstructing_datatypes.jl:588
┌ Warning: some parameters could not be resolved for type EnsembleKalmanProcesses.Observation{Vector{Vector{Float32}},Vector{LinearAlgebra.Diagonal{Float32, Vector{Float32}}},Vector{LinearAlgebra.Diagonal{Float32, Vector{Float32}}},Vector{String},Vector{UnitRange{Int64}},Array{JLD2.ReconstructedMutable{Symbol("Metadata{Vector,Any,Dict{Union{AbstractString, Symbol}, Any},Int64}"), (:attributes, :dims, :dim_attributes, :ordered_dims, :nan_indices), NTuple{5, Any}},1}}; reading as EnsembleKalmanProcesses.Observation{Vector{Vector{Float32}}, Vector{LinearAlgebra.Diagonal{Float32, Vector{Float32}}}, Vector{LinearAlgebra.Diagonal{Float32, Vector{Float32}}}, Vector{String}, Vector{UnitRange{Int64}}, Any}
└ @ JLD2 /glade/u/home/reich/.julia/packages/JLD2/SgtOb/src/data/reconstructing_datatypes.jl:580
┌ Info: Loading CWD from /glade/derecho/scratch/reich/ClimaLand.jl/experiments/calibration/cwd_era5.jld2
└ @ Main /glade/derecho/scratch/reich/ClimaLand.jl/experiments/calibration/model_interface.jl:92
┌ Info: Transferring CWD field to GPU
└ @ Main /glade/derecho/scratch/reich/ClimaLand.jl/experiments/calibration/model_interface.jl:112
┌ Info: CWD field loaded successfully
└ @ Main /glade/derecho/scratch/reich/ClimaLand.jl/experiments/calibration/model_interface.jl:119
┌ Info: Covariate fields loaded
└ @ Main /glade/derecho/scratch/reich/ClimaLand.jl/experiments/calibration/model_interface.jl:207
┌ Info: uSPAC conductance active
│   ΓR = (19.999999999999993, 0.0)
│   ΓF = (0.0, 0.0)
│   ΓT = (0.0, 0.0)
│   ΓS = (0.0, 0.0)
│   aridity_idx = Float64-valued Field:
  [11.4741, 10.6943, 9.93471, 9.49761, 9.24483, 8.99892, 8.54906, 8.10268, 7.67774, 7.3877  …  8.76539, 9.10278, 9.66548, 9.94048, 10.2005, 10.4437, 10.7507, 10.9068, 11.0076, 11.559]
└ @ Main /glade/derecho/scratch/reich/ClimaLand.jl/experiments/calibration/model_interface.jl:290
┌ Info: Run: Global Soil-Canopy-Snow Model
└ @ Main /glade/derecho/scratch/reich/ClimaLand.jl/experiments/calibration/model_interface.jl:395
┌ Info: Resolution: (101, 15)
└ @ Main /glade/derecho/scratch/reich/ClimaLand.jl/experiments/calibration/model_interface.jl:396
┌ Info: Timestep: 450.0 seconds (2016-09-01T00:07:30) [counter = 450, period = 1 second, epoch = 2016-09-01T00:00:00] s
└ @ Main /glade/derecho/scratch/reich/ClimaLand.jl/experiments/calibration/model_interface.jl:397
┌ Info: Start Date: 2016-09-01T00:00:00
└ @ Main /glade/derecho/scratch/reich/ClimaLand.jl/experiments/calibration/model_interface.jl:398
┌ Info: Stop Date: 2019-12-01T00:00:00
└ @ Main /glade/derecho/scratch/reich/ClimaLand.jl/experiments/calibration/model_interface.jl:399
┌ Warning: Keys are present in parameter file but not used in the simulation. 
│  Typically this is due to a mismatch in parameter name in toml and in source. Offending keys: Any["bucket_z_0m", "canopy_momentum_roughness_length", "pmodel_Ha_Vcmax", "pmodel_ϕ0_c3", "pmodel_ϕ0_c4", "pmodel_ϕa1_c4", "pmodel_bRd", "bucket_z_0b", "critical_snow_fraction", "moisture_stress_c", "pmodel_oi", "bucket_beta_decay_exponent", "bucket_capacity_fraction", "pmodel_ΔHko", "alpha_snow", "pmodel_α", "pmodel_ΔHkc", "pmodel_aRd", "pmodel_ϕa0_c3", "pmodel_Kc25", "pmodel_ϕa2_c4", "pmodel_Hd_Vcmax", "pmodel_Γstar25", "pmodel_ϕa1_c3", "pmodel_Ha_Jmax", "pmodel_Hd_Jmax", "pmodel_aS_Vcmax", "pmodel_bS_Vcmax", "bucket_soil_conductivity", "pmodel_aS_Jmax", "critical_snow_water_equivalent", "pmodel_fC3", "pmodel_cstar", "canopy_scalar_roughness_length", "pmodel_ΔHΓstar", "pmodel_bS_Jmax", "pmodel_ϕa2_c3", "land_bucket_capacity", "bucket_soil_heat_capacity", "pmodel_Ko25", "pmodel_β", "pmodel_ϕa0_c4"]
└ @ ClimaParams /glade/u/home/reich/.julia/packages/ClimaParams/P5Itj/src/ClimaParams.jl:358
┌ Info: Progress
│   simulation_time = 16 weeks, 6 days
│   n_steps_completed = 22772
│   wall_time_per_step = 0 seconds
│   wall_time_total = 0 seconds
│   wall_time_remaining = 0 seconds
│   wall_time_spent = 0 seconds
│   percent_complete = 10.0%
│   estimated_sypd = Inf
│   date_now = 2025-12-01T19:18:27.911
│   estimated_finish_date = 2025-12-01T19:18:27.911
└ @ ClimaUtilities.OnlineLogging /glade/u/home/reich/.julia/packages/ClimaUtilities/gj63x/src/OnlineLogging.jl:176
┌ Info: Progress
│   simulation_time = 33 weeks, 6 days
│   n_steps_completed = 45544
│   wall_time_per_step = 0 seconds
│   wall_time_total = 0 seconds
│   wall_time_remaining = 0 seconds
│   wall_time_spent = 0 seconds
│   percent_complete = 20.0%
│   estimated_sypd = Inf
│   date_now = 2025-12-01T19:33:02.989
│   estimated_finish_date = 2025-12-01T19:33:02.988
└ @ ClimaUtilities.OnlineLogging /glade/u/home/reich/.julia/packages/ClimaUtilities/gj63x/src/OnlineLogging.jl:176
┌ Info: Progress
│   simulation_time = 50 weeks, 5 days
│   n_steps_completed = 68316
│   wall_time_per_step = 26 milliseconds, 243 microseconds
│   wall_time_total = 1 hour, 39 minutes
│   wall_time_remaining = 1 hour, 9 minutes
│   wall_time_spent = 29 minutes, 52 seconds
│   percent_complete = 30.0%
│   estimated_sypd = 46.946
│   date_now = 2025-12-01T19:47:59.416
│   estimated_finish_date = 2025-12-01T20:57:43.416
└ @ ClimaUtilities.OnlineLogging /glade/u/home/reich/.julia/packages/ClimaUtilities/gj63x/src/OnlineLogging.jl:176
┌ Info: Progress
│   simulation_time = 67 weeks, 5 days
│   n_steps_completed = 91088
│   wall_time_per_step = 29 milliseconds, 394 microseconds
│   wall_time_total = 1 hour, 51 minutes
│   wall_time_remaining = 1 hour, 6 minutes
│   wall_time_spent = 44 minutes, 37 seconds
│   percent_complete = 40.0%
│   estimated_sypd = 41.914
│   date_now = 2025-12-01T20:02:44.042
│   estimated_finish_date = 2025-12-01T21:09:40.042
└ @ ClimaUtilities.OnlineLogging /glade/u/home/reich/.julia/packages/ClimaUtilities/gj63x/src/OnlineLogging.jl:176
┌ Info: Progress
│   simulation_time = 84 weeks, 5 days
│   n_steps_completed = 113860
│   wall_time_per_step = 31 milliseconds, 861 microseconds
│   wall_time_total = 2 hours, 55 seconds
│   wall_time_remaining = 1 hour, 27 seconds
│   wall_time_spent = 1 hour, 27 seconds
│   percent_complete = 50.0%
│   estimated_sypd = 38.668
│   date_now = 2025-12-01T20:18:34.304
│   estimated_finish_date = 2025-12-01T21:19:02.304
└ @ ClimaUtilities.OnlineLogging /glade/u/home/reich/.julia/packages/ClimaUtilities/gj63x/src/OnlineLogging.jl:176
┌ Info: Progress
│   simulation_time = 101 weeks, 4 days
│   n_steps_completed = 136632
│   wall_time_per_step = 33 milliseconds, 865 microseconds
│   wall_time_total = 2 hours, 8 minutes
│   wall_time_remaining = 51 minutes, 24 seconds
│   wall_time_spent = 1 hour, 17 minutes
│   percent_complete = 60.0%
│   estimated_sypd = 36.38
│   date_now = 2025-12-01T20:35:13.704
│   estimated_finish_date = 2025-12-01T21:26:38.704
└ @ ClimaUtilities.OnlineLogging /glade/u/home/reich/.julia/packages/ClimaUtilities/gj63x/src/OnlineLogging.jl:176
┌ Info: Progress
│   simulation_time = 118 weeks, 4 days
│   n_steps_completed = 159404
│   wall_time_per_step = 34 milliseconds, 756 microseconds
│   wall_time_total = 2 hours, 11 minutes
│   wall_time_remaining = 39 minutes, 34 seconds
│   wall_time_spent = 1 hour, 32 minutes
│   percent_complete = 70.0%
│   estimated_sypd = 35.448
│   date_now = 2025-12-01T20:50:26.847
│   estimated_finish_date = 2025-12-01T21:30:01.847
└ @ ClimaUtilities.OnlineLogging /glade/u/home/reich/.julia/packages/ClimaUtilities/gj63x/src/OnlineLogging.jl:176
┌ Info: Progress
│   simulation_time = 135 weeks, 3 days
│   n_steps_completed = 182176
│   wall_time_per_step = 35 milliseconds, 291 microseconds
│   wall_time_total = 2 hours, 13 minutes
│   wall_time_remaining = 26 minutes, 47 seconds
│   wall_time_spent = 1 hour, 47 minutes
│   percent_complete = 80.0%
│   estimated_sypd = 34.911
│   date_now = 2025-12-01T21:05:15.766
│   estimated_finish_date = 2025-12-01T21:32:03.765
└ @ ClimaUtilities.OnlineLogging /glade/u/home/reich/.julia/packages/ClimaUtilities/gj63x/src/OnlineLogging.jl:176
┌ Info: Progress
│   simulation_time = 152 weeks, 3 days
│   n_steps_completed = 204948
│   wall_time_per_step = 36 milliseconds, 95 microseconds
│   wall_time_total = 2 hours, 16 minutes
│   wall_time_remaining = 13 minutes, 41 seconds
│   wall_time_spent = 2 hours, 3 minutes
│   percent_complete = 90.0%
│   estimated_sypd = 34.133
│   date_now = 2025-12-01T21:21:24.261
│   estimated_finish_date = 2025-12-01T21:35:06.261
└ @ ClimaUtilities.OnlineLogging /glade/u/home/reich/.julia/packages/ClimaUtilities/gj63x/src/OnlineLogging.jl:176
