Starting job on hpc-79-11.cm.cluster
Time: Wed Apr  8 05:40:30 PM PDT 2026
Loading cuda/12.9.0-none-none-pfmzfdv
  Loading requirement: libiconv/1.17-gcc-11.3.1-h3jdn2x
    xz/5.4.1-gcc-11.3.1-y32p7p3 zlib/1.2.13-gcc-11.3.1-dwcx77k
    libxml2/2.10.3-gcc-11.3.1-m4mk5ab
Loading climacommon/2026_02_18
  Loading requirement: climaauth/2025_07_30 julia-preferences/2024_02_20
    nsight-systems/2025.3.1
CLIMACOMMS_DEVICE=CUDA
Wed Apr  8 17:40:30 2026       
+-----------------------------------------------------------------------------------------+
| NVIDIA-SMI 580.126.16             Driver Version: 580.126.16     CUDA Version: 13.0     |
+-----------------------------------------+------------------------+----------------------+
| GPU  Name                 Persistence-M | Bus-Id          Disp.A | Volatile Uncorr. ECC |
| Fan  Temp   Perf          Pwr:Usage/Cap |           Memory-Usage | GPU-Util  Compute M. |
|                                         |                        |               MIG M. |
|=========================================+========================+======================|
|   0  Tesla V100-SXM2-32GB-LS        Off |   00000000:06:00.0 Off |                    0 |
| N/A   31C    P0             42W /  163W |       0MiB /  32768MiB |      0%      Default |
|                                         |                        |                  N/A |
+-----------------------------------------+------------------------+----------------------+

+-----------------------------------------------------------------------------------------+
| Processes:                                                                              |
|  GPU   GI   CI              PID   Type   Process name                        GPU Memory |
|        ID   ID                                                               Usage      |
|=========================================================================================|
|  No running processes found                                                             |
+-----------------------------------------------------------------------------------------+
Finished at Wed Apr  8 05:42:27 PM PDT 2026
