Starting job on hpc-79-11.cm.cluster
Time: Wed Apr  8 04:41:29 PM PDT 2026
Loading cuda/12.9.0-none-none-pfmzfdv
  Loading requirement: libiconv/1.17-gcc-11.3.1-h3jdn2x
    xz/5.4.1-gcc-11.3.1-y32p7p3 zlib/1.2.13-gcc-11.3.1-dwcx77k
    libxml2/2.10.3-gcc-11.3.1-m4mk5ab
ERROR: Unable to locate a modulefile for 'climacommon/2026_02_18'
CLIMACOMMS_DEVICE=CUDA
Wed Apr  8 16:41:29 2026       
+-----------------------------------------------------------------------------------------+
| NVIDIA-SMI 580.126.16             Driver Version: 580.126.16     CUDA Version: 13.0     |
+-----------------------------------------+------------------------+----------------------+
| GPU  Name                 Persistence-M | Bus-Id          Disp.A | Volatile Uncorr. ECC |
| Fan  Temp   Perf          Pwr:Usage/Cap |           Memory-Usage | GPU-Util  Compute M. |
|                                         |                        |               MIG M. |
|=========================================+========================+======================|
|   0  Tesla V100-SXM2-32GB-LS        Off |   00000000:07:00.0 Off |                    0 |
| N/A   31C    P0             44W /  163W |       0MiB /  32768MiB |      0%      Default |
|                                         |                        |                  N/A |
+-----------------------------------------+------------------------+----------------------+

+-----------------------------------------------------------------------------------------+
| Processes:                                                                              |
|  GPU   GI   CI              PID   Type   Process name                        GPU Memory |
|        ID   ID                                                               Usage      |
|=========================================================================================|
|  No running processes found                                                             |
+-----------------------------------------------------------------------------------------+
Finished at Wed Apr  8 04:42:06 PM PDT 2026
