[ Info: Run: Global Soil-Canopy-Snow Model
[ Info: Resolution: (180, 360, 15)
[ Info: Timestep: 450.0 s
[ Info: Start Date: 2008-03-01T00:00:00
[ Info: Stop Date: 2010-03-01T00:00:00
┌ Warning: Keys are present in parameter file but not used in the simulation. 
│  Typically this is due to a mismatch in parameter name in toml and in source. Offending keys: Any["albedo_psnow_reset_rate", "bucket_z_0m", "moisture_stress_pc", "bucket_z_0b", "critical_snow_fraction", "optimal_lai_sigma", "snow_initial_albedo", "bucket_beta_decay_exponent", "bucket_capacity_fraction", "optimal_lai_alpha", "optimal_lai_k", "alpha_snow", "new_snowpack_S_threshold", "optimal_lai_f0", "moisture_stress_sc", "optimal_lai_z", "minimum_NDM_density", "bucket_soil_conductivity", "critical_snow_water_equivalent", "land_bucket_capacity", "bucket_soil_heat_capacity"]
└ @ ClimaParams ~/.julia/packages/ClimaParams/H2Qxr/src/ClimaParams.jl:370
[ Info: Checking NaNs in canopy
[ Info: Checking NaNs in hydraulics
[ Info: Checking NaNs in ϑ_l
[ Info: Checking NaNs in energy
[ Info: Checking NaNs in T
[ Info: Checking NaNs in lake
[ Info: Checking NaNs in U
[ Info: Checking NaNs in snow
[ Info: Checking NaNs in S
[ Info: Checking NaNs in S_l
[ Info: Checking NaNs in U
[ Info: Checking NaNs in soil
[ Info: Checking NaNs in ϑ_l
[ Info: Checking NaNs in θ_i
[ Info: Checking NaNs in ρe_int
[ Info: Checking NaNs in ∫F_vol_liq_water_dt
[ Info: Checking NaNs in ∫F_e_dt
[ Info: Checking NaNs in soilco2
[ Info: Checking NaNs in CO2
┌ Warning: 12845 NaNs found
└ @ ClimaLand /resnick/groups/esm/xwu/ClimaLand.jl/src/shared_utilities/utils.jl:657
[ Info: Checking NaNs in O2_f
┌ Warning: 12845 NaNs found
└ @ ClimaLand /resnick/groups/esm/xwu/ClimaLand.jl/src/shared_utilities/utils.jl:657
[ Info: Checking NaNs in SOC
┌ Warning: 12845 NaNs found
└ @ ClimaLand /resnick/groups/esm/xwu/ClimaLand.jl/src/shared_utilities/utils.jl:657
[ Info: Checking NaNs in canopy
[ Info: Checking NaNs in hydraulics
[ Info: Checking NaNs in ϑ_l
[ Info: Checking NaNs in energy
[ Info: Checking NaNs in T
[ Info: Checking NaNs in lake
[ Info: Checking NaNs in U
[ Info: Checking NaNs in snow
[ Info: Checking NaNs in S
[ Info: Checking NaNs in S_l
[ Info: Checking NaNs in U
[ Info: Checking NaNs in soil
[ Info: Checking NaNs in ϑ_l
[ Info: Checking NaNs in θ_i
[ Info: Checking NaNs in ρe_int
[ Info: Checking NaNs in ∫F_vol_liq_water_dt
[ Info: Checking NaNs in ∫F_e_dt
[ Info: Checking NaNs in soilco2
[ Info: Checking NaNs in CO2
┌ Warning: 13000 NaNs found
└ @ ClimaLand /resnick/groups/esm/xwu/ClimaLand.jl/src/shared_utilities/utils.jl:657
[ Info: Checking NaNs in O2_f
┌ Warning: 13000 NaNs found
└ @ ClimaLand /resnick/groups/esm/xwu/ClimaLand.jl/src/shared_utilities/utils.jl:657
[ Info: Checking NaNs in SOC
┌ Warning: 13000 NaNs found
└ @ ClimaLand /resnick/groups/esm/xwu/ClimaLand.jl/src/shared_utilities/utils.jl:657
┌ Info: Progress
│   simulation_time = "10 weeks, 3 days"
│   n_steps_completed = 14016
│   wall_time_per_step = "0 seconds"
│   wall_time_total = "0 seconds"
│   wall_time_remaining = "0 seconds"
│   wall_time_spent = "0 seconds"
│   percent_complete = "10.0%"
│   estimated_sypd = "Inf"
│   date_now = 2026-04-08T18:15:31.567
└   estimated_finish_date = 2026-04-08T18:15:31.566
[ Info: Checking NaNs in canopy
[ Info: Checking NaNs in hydraulics
[ Info: Checking NaNs in ϑ_l
[ Info: Checking NaNs in energy
[ Info: Checking NaNs in T
[ Info: Checking NaNs in lake
[ Info: Checking NaNs in U
[ Info: Checking NaNs in snow
[ Info: Checking NaNs in S
[ Info: Checking NaNs in S_l
[ Info: Checking NaNs in U
[ Info: Checking NaNs in soil
[ Info: Checking NaNs in ϑ_l
[ Info: Checking NaNs in θ_i
[ Info: Checking NaNs in ρe_int
[ Info: Checking NaNs in ∫F_vol_liq_water_dt
[ Info: Checking NaNs in ∫F_e_dt
[ Info: Checking NaNs in soilco2
[ Info: Checking NaNs in CO2
┌ Warning: 13080 NaNs found
└ @ ClimaLand /resnick/groups/esm/xwu/ClimaLand.jl/src/shared_utilities/utils.jl:657
[ Info: Checking NaNs in O2_f
┌ Warning: 13080 NaNs found
└ @ ClimaLand /resnick/groups/esm/xwu/ClimaLand.jl/src/shared_utilities/utils.jl:657
[ Info: Checking NaNs in SOC
┌ Warning: 13080 NaNs found
└ @ ClimaLand /resnick/groups/esm/xwu/ClimaLand.jl/src/shared_utilities/utils.jl:657
[ Info: Checking NaNs in canopy
[ Info: Checking NaNs in hydraulics
[ Info: Checking NaNs in ϑ_l
[ Info: Checking NaNs in energy
[ Info: Checking NaNs in T
[ Info: Checking NaNs in lake
[ Info: Checking NaNs in U
[ Info: Checking NaNs in snow
[ Info: Checking NaNs in S
[ Info: Checking NaNs in S_l
[ Info: Checking NaNs in U
[ Info: Checking NaNs in soil
[ Info: Checking NaNs in ϑ_l
[ Info: Checking NaNs in θ_i
[ Info: Checking NaNs in ρe_int
[ Info: Checking NaNs in ∫F_vol_liq_water_dt
[ Info: Checking NaNs in ∫F_e_dt
[ Info: Checking NaNs in soilco2
[ Info: Checking NaNs in CO2
┌ Warning: 13322 NaNs found
└ @ ClimaLand /resnick/groups/esm/xwu/ClimaLand.jl/src/shared_utilities/utils.jl:657
[ Info: Checking NaNs in O2_f
┌ Warning: 13322 NaNs found
└ @ ClimaLand /resnick/groups/esm/xwu/ClimaLand.jl/src/shared_utilities/utils.jl:657
[ Info: Checking NaNs in SOC
┌ Warning: 13322 NaNs found
└ @ ClimaLand /resnick/groups/esm/xwu/ClimaLand.jl/src/shared_utilities/utils.jl:657
┌ Info: Progress
│   simulation_time = "20 weeks, 6 days"
│   n_steps_completed = 28032
│   wall_time_per_step = "75 milliseconds, 911 microseconds"
│   wall_time_total = "2 hours, 57 minutes"
│   wall_time_remaining = "2 hours, 21 minutes"
│   wall_time_spent = "35 minutes, 27 seconds"
│   percent_complete = "20.0%"
│   estimated_sypd = "16.23"
│   date_now = 2026-04-08T18:33:15.638
└   estimated_finish_date = 2026-04-08T20:55:07.638
[ Info: Checking NaNs in canopy
[ Info: Checking NaNs in hydraulics
[ Info: Checking NaNs in ϑ_l
[ Info: Checking NaNs in energy
[ Info: Checking NaNs in T
[ Info: Checking NaNs in lake
[ Info: Checking NaNs in U
[ Info: Checking NaNs in snow
[ Info: Checking NaNs in S
[ Info: Checking NaNs in S_l
[ Info: Checking NaNs in U
[ Info: Checking NaNs in soil
[ Info: Checking NaNs in ϑ_l
[ Info: Checking NaNs in θ_i
[ Info: Checking NaNs in ρe_int
[ Info: Checking NaNs in ∫F_vol_liq_water_dt
[ Info: Checking NaNs in ∫F_e_dt
[ Info: Checking NaNs in soilco2
[ Info: Checking NaNs in CO2
┌ Warning: 13476 NaNs found
└ @ ClimaLand /resnick/groups/esm/xwu/ClimaLand.jl/src/shared_utilities/utils.jl:657
[ Info: Checking NaNs in O2_f
┌ Warning: 13476 NaNs found
└ @ ClimaLand /resnick/groups/esm/xwu/ClimaLand.jl/src/shared_utilities/utils.jl:657
[ Info: Checking NaNs in SOC
┌ Warning: 13476 NaNs found
└ @ ClimaLand /resnick/groups/esm/xwu/ClimaLand.jl/src/shared_utilities/utils.jl:657
[ Info: Checking NaNs in canopy
[ Info: Checking NaNs in hydraulics
[ Info: Checking NaNs in ϑ_l
[ Info: Checking NaNs in energy
[ Info: Checking NaNs in T
[ Info: Checking NaNs in lake
[ Info: Checking NaNs in U
[ Info: Checking NaNs in snow
[ Info: Checking NaNs in S
[ Info: Checking NaNs in S_l
[ Info: Checking NaNs in U
[ Info: Checking NaNs in soil
[ Info: Checking NaNs in ϑ_l
[ Info: Checking NaNs in θ_i
[ Info: Checking NaNs in ρe_int
[ Info: Checking NaNs in ∫F_vol_liq_water_dt
[ Info: Checking NaNs in ∫F_e_dt
[ Info: Checking NaNs in soilco2
[ Info: Checking NaNs in CO2
┌ Warning: 13533 NaNs found
└ @ ClimaLand /resnick/groups/esm/xwu/ClimaLand.jl/src/shared_utilities/utils.jl:657
[ Info: Checking NaNs in O2_f
┌ Warning: 13533 NaNs found
└ @ ClimaLand /resnick/groups/esm/xwu/ClimaLand.jl/src/shared_utilities/utils.jl:657
[ Info: Checking NaNs in SOC
┌ Warning: 13533 NaNs found
└ @ ClimaLand /resnick/groups/esm/xwu/ClimaLand.jl/src/shared_utilities/utils.jl:657
[ Info: Checking NaNs in canopy
[ Info: Checking NaNs in hydraulics
[ Info: Checking NaNs in ϑ_l
[ Info: Checking NaNs in energy
[ Info: Checking NaNs in T
[ Info: Checking NaNs in lake
[ Info: Checking NaNs in U
[ Info: Checking NaNs in snow
[ Info: Checking NaNs in S
[ Info: Checking NaNs in S_l
[ Info: Checking NaNs in U
[ Info: Checking NaNs in soil
[ Info: Checking NaNs in ϑ_l
[ Info: Checking NaNs in θ_i
[ Info: Checking NaNs in ρe_int
[ Info: Checking NaNs in ∫F_vol_liq_water_dt
[ Info: Checking NaNs in ∫F_e_dt
[ Info: Checking NaNs in soilco2
[ Info: Checking NaNs in CO2
┌ Warning: 13565 NaNs found
└ @ ClimaLand /resnick/groups/esm/xwu/ClimaLand.jl/src/shared_utilities/utils.jl:657
[ Info: Checking NaNs in O2_f
┌ Warning: 13565 NaNs found
└ @ ClimaLand /resnick/groups/esm/xwu/ClimaLand.jl/src/shared_utilities/utils.jl:657
[ Info: Checking NaNs in SOC
┌ Warning: 13565 NaNs found
└ @ ClimaLand /resnick/groups/esm/xwu/ClimaLand.jl/src/shared_utilities/utils.jl:657
┌ Info: Progress
│   simulation_time = "31 weeks, 2 days"
│   n_steps_completed = 42048
│   wall_time_per_step = "76 milliseconds, 8 microseconds"
│   wall_time_total = "2 hours, 57 minutes"
│   wall_time_remaining = "2 hours, 4 minutes"
│   wall_time_spent = "53 minutes, 16 seconds"
│   percent_complete = "30.0%"
│   estimated_sypd = "16.209"
│   date_now = 2026-04-08T18:51:03.559
└   estimated_finish_date = 2026-04-08T20:55:21.559
[ Info: Checking NaNs in canopy
[ Info: Checking NaNs in hydraulics
[ Info: Checking NaNs in ϑ_l
[ Info: Checking NaNs in energy
[ Info: Checking NaNs in T
[ Info: Checking NaNs in lake
[ Info: Checking NaNs in U
[ Info: Checking NaNs in snow
[ Info: Checking NaNs in S
[ Info: Checking NaNs in S_l
[ Info: Checking NaNs in U
[ Info: Checking NaNs in soil
[ Info: Checking NaNs in ϑ_l
[ Info: Checking NaNs in θ_i
[ Info: Checking NaNs in ρe_int
[ Info: Checking NaNs in ∫F_vol_liq_water_dt
[ Info: Checking NaNs in ∫F_e_dt
[ Info: Checking NaNs in soilco2
[ Info: Checking NaNs in CO2
┌ Warning: 13598 NaNs found
└ @ ClimaLand /resnick/groups/esm/xwu/ClimaLand.jl/src/shared_utilities/utils.jl:657
[ Info: Checking NaNs in O2_f
┌ Warning: 13598 NaNs found
└ @ ClimaLand /resnick/groups/esm/xwu/ClimaLand.jl/src/shared_utilities/utils.jl:657
[ Info: Checking NaNs in SOC
┌ Warning: 13598 NaNs found
└ @ ClimaLand /resnick/groups/esm/xwu/ClimaLand.jl/src/shared_utilities/utils.jl:657
[ Info: Checking NaNs in canopy
[ Info: Checking NaNs in hydraulics
[ Info: Checking NaNs in ϑ_l
[ Info: Checking NaNs in energy
[ Info: Checking NaNs in T
[ Info: Checking NaNs in lake
[ Info: Checking NaNs in U
[ Info: Checking NaNs in snow
[ Info: Checking NaNs in S
[ Info: Checking NaNs in S_l
[ Info: Checking NaNs in U
[ Info: Checking NaNs in soil
[ Info: Checking NaNs in ϑ_l
[ Info: Checking NaNs in θ_i
[ Info: Checking NaNs in ρe_int
[ Info: Checking NaNs in ∫F_vol_liq_water_dt
[ Info: Checking NaNs in ∫F_e_dt
[ Info: Checking NaNs in soilco2
[ Info: Checking NaNs in CO2
┌ Warning: 13615 NaNs found
└ @ ClimaLand /resnick/groups/esm/xwu/ClimaLand.jl/src/shared_utilities/utils.jl:657
[ Info: Checking NaNs in O2_f
┌ Warning: 13615 NaNs found
└ @ ClimaLand /resnick/groups/esm/xwu/ClimaLand.jl/src/shared_utilities/utils.jl:657
[ Info: Checking NaNs in SOC
┌ Warning: 13615 NaNs found
└ @ ClimaLand /resnick/groups/esm/xwu/ClimaLand.jl/src/shared_utilities/utils.jl:657
┌ Info: Progress
│   simulation_time = "41 weeks, 5 days"
│   n_steps_completed = 56064
│   wall_time_per_step = "75 milliseconds, 992 microseconds"
│   wall_time_total = "2 hours, 57 minutes"
│   wall_time_remaining = "1 hour, 46 minutes"
│   wall_time_spent = "1 hour, 11 minutes"
│   percent_complete = "40.0%"
│   estimated_sypd = "16.212"
│   date_now = 2026-04-08T19:08:47.997
└   estimated_finish_date = 2026-04-08T20:55:18.997
[ Info: Checking NaNs in canopy
[ Info: Checking NaNs in hydraulics
[ Info: Checking NaNs in ϑ_l
[ Info: Checking NaNs in energy
[ Info: Checking NaNs in T
[ Info: Checking NaNs in lake
[ Info: Checking NaNs in U
[ Info: Checking NaNs in snow
[ Info: Checking NaNs in S
[ Info: Checking NaNs in S_l
[ Info: Checking NaNs in U
[ Info: Checking NaNs in soil
[ Info: Checking NaNs in ϑ_l
[ Info: Checking NaNs in θ_i
[ Info: Checking NaNs in ρe_int
[ Info: Checking NaNs in ∫F_vol_liq_water_dt
[ Info: Checking NaNs in ∫F_e_dt
[ Info: Checking NaNs in soilco2
[ Info: Checking NaNs in CO2
┌ Warning: 13631 NaNs found
└ @ ClimaLand /resnick/groups/esm/xwu/ClimaLand.jl/src/shared_utilities/utils.jl:657
[ Info: Checking NaNs in O2_f
┌ Warning: 13631 NaNs found
└ @ ClimaLand /resnick/groups/esm/xwu/ClimaLand.jl/src/shared_utilities/utils.jl:657
[ Info: Checking NaNs in SOC
┌ Warning: 13631 NaNs found
└ @ ClimaLand /resnick/groups/esm/xwu/ClimaLand.jl/src/shared_utilities/utils.jl:657
[ Info: Checking NaNs in canopy
[ Info: Checking NaNs in hydraulics
[ Info: Checking NaNs in ϑ_l
[ Info: Checking NaNs in energy
[ Info: Checking NaNs in T
[ Info: Checking NaNs in lake
[ Info: Checking NaNs in U
[ Info: Checking NaNs in snow
[ Info: Checking NaNs in S
[ Info: Checking NaNs in S_l
[ Info: Checking NaNs in U
[ Info: Checking NaNs in soil
[ Info: Checking NaNs in ϑ_l
[ Info: Checking NaNs in θ_i
[ Info: Checking NaNs in ρe_int
[ Info: Checking NaNs in ∫F_vol_liq_water_dt
[ Info: Checking NaNs in ∫F_e_dt
[ Info: Checking NaNs in soilco2
[ Info: Checking NaNs in CO2
┌ Warning: 13642 NaNs found
└ @ ClimaLand /resnick/groups/esm/xwu/ClimaLand.jl/src/shared_utilities/utils.jl:657
[ Info: Checking NaNs in O2_f
┌ Warning: 13642 NaNs found
└ @ ClimaLand /resnick/groups/esm/xwu/ClimaLand.jl/src/shared_utilities/utils.jl:657
[ Info: Checking NaNs in SOC
┌ Warning: 13642 NaNs found
└ @ ClimaLand /resnick/groups/esm/xwu/ClimaLand.jl/src/shared_utilities/utils.jl:657
[ Info: Checking NaNs in canopy
[ Info: Checking NaNs in hydraulics
[ Info: Checking NaNs in ϑ_l
[ Info: Checking NaNs in energy
[ Info: Checking NaNs in T
[ Info: Checking NaNs in lake
[ Info: Checking NaNs in U
[ Info: Checking NaNs in snow
[ Info: Checking NaNs in S
[ Info: Checking NaNs in S_l
[ Info: Checking NaNs in U
[ Info: Checking NaNs in soil
[ Info: Checking NaNs in ϑ_l
[ Info: Checking NaNs in θ_i
[ Info: Checking NaNs in ρe_int
[ Info: Checking NaNs in ∫F_vol_liq_water_dt
[ Info: Checking NaNs in ∫F_e_dt
[ Info: Checking NaNs in soilco2
[ Info: Checking NaNs in CO2
┌ Warning: 13656 NaNs found
└ @ ClimaLand /resnick/groups/esm/xwu/ClimaLand.jl/src/shared_utilities/utils.jl:657
[ Info: Checking NaNs in O2_f
┌ Warning: 13656 NaNs found
└ @ ClimaLand /resnick/groups/esm/xwu/ClimaLand.jl/src/shared_utilities/utils.jl:657
[ Info: Checking NaNs in SOC
┌ Warning: 13656 NaNs found
└ @ ClimaLand /resnick/groups/esm/xwu/ClimaLand.jl/src/shared_utilities/utils.jl:657
┌ Info: Progress
│   simulation_time = "52 weeks, 1 day"
│   n_steps_completed = 70080
│   wall_time_per_step = "75 milliseconds, 984 microseconds"
│   wall_time_total = "2 hours, 57 minutes"
│   wall_time_remaining = "1 hour, 28 minutes"
│   wall_time_spent = "1 hour, 28 minutes"
│   percent_complete = "50.0%"
│   estimated_sypd = "16.214"
│   date_now = 2026-04-08T19:26:32.554
└   estimated_finish_date = 2026-04-08T20:55:18.554
[ Info: Checking NaNs in canopy
[ Info: Checking NaNs in hydraulics
[ Info: Checking NaNs in ϑ_l
[ Info: Checking NaNs in energy
[ Info: Checking NaNs in T
[ Info: Checking NaNs in lake
[ Info: Checking NaNs in U
[ Info: Checking NaNs in snow
[ Info: Checking NaNs in S
[ Info: Checking NaNs in S_l
[ Info: Checking NaNs in U
[ Info: Checking NaNs in soil
[ Info: Checking NaNs in ϑ_l
[ Info: Checking NaNs in θ_i
[ Info: Checking NaNs in ρe_int
[ Info: Checking NaNs in ∫F_vol_liq_water_dt
[ Info: Checking NaNs in ∫F_e_dt
[ Info: Checking NaNs in soilco2
[ Info: Checking NaNs in CO2
┌ Warning: 13678 NaNs found
└ @ ClimaLand /resnick/groups/esm/xwu/ClimaLand.jl/src/shared_utilities/utils.jl:657
[ Info: Checking NaNs in O2_f
┌ Warning: 13678 NaNs found
└ @ ClimaLand /resnick/groups/esm/xwu/ClimaLand.jl/src/shared_utilities/utils.jl:657
[ Info: Checking NaNs in SOC
┌ Warning: 13678 NaNs found
└ @ ClimaLand /resnick/groups/esm/xwu/ClimaLand.jl/src/shared_utilities/utils.jl:657
[ Info: Checking NaNs in canopy
[ Info: Checking NaNs in hydraulics
[ Info: Checking NaNs in ϑ_l
[ Info: Checking NaNs in energy
[ Info: Checking NaNs in T
[ Info: Checking NaNs in lake
[ Info: Checking NaNs in U
[ Info: Checking NaNs in snow
[ Info: Checking NaNs in S
[ Info: Checking NaNs in S_l
[ Info: Checking NaNs in U
[ Info: Checking NaNs in soil
[ Info: Checking NaNs in ϑ_l
[ Info: Checking NaNs in θ_i
[ Info: Checking NaNs in ρe_int
[ Info: Checking NaNs in ∫F_vol_liq_water_dt
[ Info: Checking NaNs in ∫F_e_dt
[ Info: Checking NaNs in soilco2
[ Info: Checking NaNs in CO2
┌ Warning: 13695 NaNs found
└ @ ClimaLand /resnick/groups/esm/xwu/ClimaLand.jl/src/shared_utilities/utils.jl:657
[ Info: Checking NaNs in O2_f
┌ Warning: 13695 NaNs found
└ @ ClimaLand /resnick/groups/esm/xwu/ClimaLand.jl/src/shared_utilities/utils.jl:657
[ Info: Checking NaNs in SOC
┌ Warning: 13695 NaNs found
└ @ ClimaLand /resnick/groups/esm/xwu/ClimaLand.jl/src/shared_utilities/utils.jl:657
┌ Info: Progress
│   simulation_time = "62 weeks, 4 days"
│   n_steps_completed = 84096
│   wall_time_per_step = "75 milliseconds, 974 microseconds"
│   wall_time_total = "2 hours, 57 minutes"
│   wall_time_remaining = "1 hour, 10 minutes"
│   wall_time_spent = "1 hour, 46 minutes"
│   percent_complete = "60.0%"
│   estimated_sypd = "16.216"
│   date_now = 2026-04-08T19:44:16.682
└   estimated_finish_date = 2026-04-08T20:55:16.682
[ Info: Checking NaNs in canopy
[ Info: Checking NaNs in hydraulics
[ Info: Checking NaNs in ϑ_l
[ Info: Checking NaNs in energy
[ Info: Checking NaNs in T
[ Info: Checking NaNs in lake
[ Info: Checking NaNs in U
[ Info: Checking NaNs in snow
[ Info: Checking NaNs in S
[ Info: Checking NaNs in S_l
[ Info: Checking NaNs in U
[ Info: Checking NaNs in soil
[ Info: Checking NaNs in ϑ_l
[ Info: Checking NaNs in θ_i
[ Info: Checking NaNs in ρe_int
[ Info: Checking NaNs in ∫F_vol_liq_water_dt
[ Info: Checking NaNs in ∫F_e_dt
[ Info: Checking NaNs in soilco2
[ Info: Checking NaNs in CO2
┌ Warning: 13711 NaNs found
└ @ ClimaLand /resnick/groups/esm/xwu/ClimaLand.jl/src/shared_utilities/utils.jl:657
[ Info: Checking NaNs in O2_f
┌ Warning: 13711 NaNs found
└ @ ClimaLand /resnick/groups/esm/xwu/ClimaLand.jl/src/shared_utilities/utils.jl:657
[ Info: Checking NaNs in SOC
┌ Warning: 13711 NaNs found
└ @ ClimaLand /resnick/groups/esm/xwu/ClimaLand.jl/src/shared_utilities/utils.jl:657
[ Info: Checking NaNs in canopy
[ Info: Checking NaNs in hydraulics
[ Info: Checking NaNs in ϑ_l
[ Info: Checking NaNs in energy
[ Info: Checking NaNs in T
[ Info: Checking NaNs in lake
[ Info: Checking NaNs in U
[ Info: Checking NaNs in snow
[ Info: Checking NaNs in S
[ Info: Checking NaNs in S_l
[ Info: Checking NaNs in U
[ Info: Checking NaNs in soil
[ Info: Checking NaNs in ϑ_l
[ Info: Checking NaNs in θ_i
[ Info: Checking NaNs in ρe_int
[ Info: Checking NaNs in ∫F_vol_liq_water_dt
[ Info: Checking NaNs in ∫F_e_dt
[ Info: Checking NaNs in soilco2
[ Info: Checking NaNs in CO2
┌ Warning: 13723 NaNs found
└ @ ClimaLand /resnick/groups/esm/xwu/ClimaLand.jl/src/shared_utilities/utils.jl:657
[ Info: Checking NaNs in O2_f
┌ Warning: 13723 NaNs found
└ @ ClimaLand /resnick/groups/esm/xwu/ClimaLand.jl/src/shared_utilities/utils.jl:657
[ Info: Checking NaNs in SOC
┌ Warning: 13723 NaNs found
└ @ ClimaLand /resnick/groups/esm/xwu/ClimaLand.jl/src/shared_utilities/utils.jl:657
┌ Info: Progress
│   simulation_time = "73 weeks"
│   n_steps_completed = 98112
│   wall_time_per_step = "75 milliseconds, 967 microseconds"
│   wall_time_total = "2 hours, 57 minutes"
│   wall_time_remaining = "53 minutes, 14 seconds"
│   wall_time_spent = "2 hours, 4 minutes"
│   percent_complete = "70.0%"
│   estimated_sypd = "16.218"
│   date_now = 2026-04-08T20:02:00.828
└   estimated_finish_date = 2026-04-08T20:55:15.828
[ Info: Checking NaNs in canopy
[ Info: Checking NaNs in hydraulics
[ Info: Checking NaNs in ϑ_l
[ Info: Checking NaNs in energy
[ Info: Checking NaNs in T
[ Info: Checking NaNs in lake
[ Info: Checking NaNs in U
[ Info: Checking NaNs in snow
[ Info: Checking NaNs in S
[ Info: Checking NaNs in S_l
[ Info: Checking NaNs in U
[ Info: Checking NaNs in soil
[ Info: Checking NaNs in ϑ_l
[ Info: Checking NaNs in θ_i
[ Info: Checking NaNs in ρe_int
[ Info: Checking NaNs in ∫F_vol_liq_water_dt
[ Info: Checking NaNs in ∫F_e_dt
[ Info: Checking NaNs in soilco2
[ Info: Checking NaNs in CO2
┌ Warning: 13726 NaNs found
└ @ ClimaLand /resnick/groups/esm/xwu/ClimaLand.jl/src/shared_utilities/utils.jl:657
[ Info: Checking NaNs in O2_f
┌ Warning: 13726 NaNs found
└ @ ClimaLand /resnick/groups/esm/xwu/ClimaLand.jl/src/shared_utilities/utils.jl:657
[ Info: Checking NaNs in SOC
┌ Warning: 13726 NaNs found
└ @ ClimaLand /resnick/groups/esm/xwu/ClimaLand.jl/src/shared_utilities/utils.jl:657
[ Info: Checking NaNs in canopy
[ Info: Checking NaNs in hydraulics
[ Info: Checking NaNs in ϑ_l
[ Info: Checking NaNs in energy
[ Info: Checking NaNs in T
[ Info: Checking NaNs in lake
[ Info: Checking NaNs in U
[ Info: Checking NaNs in snow
[ Info: Checking NaNs in S
[ Info: Checking NaNs in S_l
[ Info: Checking NaNs in U
[ Info: Checking NaNs in soil
[ Info: Checking NaNs in ϑ_l
[ Info: Checking NaNs in θ_i
[ Info: Checking NaNs in ρe_int
[ Info: Checking NaNs in ∫F_vol_liq_water_dt
[ Info: Checking NaNs in ∫F_e_dt
[ Info: Checking NaNs in soilco2
[ Info: Checking NaNs in CO2
┌ Warning: 13743 NaNs found
└ @ ClimaLand /resnick/groups/esm/xwu/ClimaLand.jl/src/shared_utilities/utils.jl:657
[ Info: Checking NaNs in O2_f
┌ Warning: 13744 NaNs found
└ @ ClimaLand /resnick/groups/esm/xwu/ClimaLand.jl/src/shared_utilities/utils.jl:657
[ Info: Checking NaNs in SOC
┌ Warning: 13743 NaNs found
└ @ ClimaLand /resnick/groups/esm/xwu/ClimaLand.jl/src/shared_utilities/utils.jl:657
[ Info: Checking NaNs in canopy
[ Info: Checking NaNs in hydraulics
[ Info: Checking NaNs in ϑ_l
[ Info: Checking NaNs in energy
[ Info: Checking NaNs in T
[ Info: Checking NaNs in lake
[ Info: Checking NaNs in U
[ Info: Checking NaNs in snow
[ Info: Checking NaNs in S
[ Info: Checking NaNs in S_l
[ Info: Checking NaNs in U
[ Info: Checking NaNs in soil
[ Info: Checking NaNs in ϑ_l
[ Info: Checking NaNs in θ_i
[ Info: Checking NaNs in ρe_int
[ Info: Checking NaNs in ∫F_vol_liq_water_dt
[ Info: Checking NaNs in ∫F_e_dt
[ Info: Checking NaNs in soilco2
[ Info: Checking NaNs in CO2
┌ Warning: 13756 NaNs found
└ @ ClimaLand /resnick/groups/esm/xwu/ClimaLand.jl/src/shared_utilities/utils.jl:657
[ Info: Checking NaNs in O2_f
┌ Warning: 13756 NaNs found
└ @ ClimaLand /resnick/groups/esm/xwu/ClimaLand.jl/src/shared_utilities/utils.jl:657
[ Info: Checking NaNs in SOC
┌ Warning: 13756 NaNs found
└ @ ClimaLand /resnick/groups/esm/xwu/ClimaLand.jl/src/shared_utilities/utils.jl:657
┌ Info: Progress
│   simulation_time = "83 weeks, 3 days"
│   n_steps_completed = 112128
│   wall_time_per_step = "75 milliseconds, 990 microseconds"
│   wall_time_total = "2 hours, 57 minutes"
│   wall_time_remaining = "35 minutes, 30 seconds"
│   wall_time_spent = "2 hours, 22 minutes"
│   percent_complete = "80.0%"
│   estimated_sypd = "16.213"
│   date_now = 2026-04-08T20:19:48.159
└   estimated_finish_date = 2026-04-08T20:55:19.159
[ Info: Checking NaNs in canopy
[ Info: Checking NaNs in hydraulics
[ Info: Checking NaNs in ϑ_l
[ Info: Checking NaNs in energy
[ Info: Checking NaNs in T
[ Info: Checking NaNs in lake
[ Info: Checking NaNs in U
[ Info: Checking NaNs in snow
[ Info: Checking NaNs in S
[ Info: Checking NaNs in S_l
[ Info: Checking NaNs in U
[ Info: Checking NaNs in soil
[ Info: Checking NaNs in ϑ_l
[ Info: Checking NaNs in θ_i
[ Info: Checking NaNs in ρe_int
[ Info: Checking NaNs in ∫F_vol_liq_water_dt
[ Info: Checking NaNs in ∫F_e_dt
[ Info: Checking NaNs in soilco2
[ Info: Checking NaNs in CO2
┌ Warning: 13764 NaNs found
└ @ ClimaLand /resnick/groups/esm/xwu/ClimaLand.jl/src/shared_utilities/utils.jl:657
[ Info: Checking NaNs in O2_f
┌ Warning: 13764 NaNs found
└ @ ClimaLand /resnick/groups/esm/xwu/ClimaLand.jl/src/shared_utilities/utils.jl:657
[ Info: Checking NaNs in SOC
┌ Warning: 13764 NaNs found
└ @ ClimaLand /resnick/groups/esm/xwu/ClimaLand.jl/src/shared_utilities/utils.jl:657
[ Info: Checking NaNs in canopy
[ Info: Checking NaNs in hydraulics
[ Info: Checking NaNs in ϑ_l
[ Info: Checking NaNs in energy
[ Info: Checking NaNs in T
[ Info: Checking NaNs in lake
[ Info: Checking NaNs in U
[ Info: Checking NaNs in snow
[ Info: Checking NaNs in S
[ Info: Checking NaNs in S_l
[ Info: Checking NaNs in U
[ Info: Checking NaNs in soil
[ Info: Checking NaNs in ϑ_l
[ Info: Checking NaNs in θ_i
[ Info: Checking NaNs in ρe_int
[ Info: Checking NaNs in ∫F_vol_liq_water_dt
[ Info: Checking NaNs in ∫F_e_dt
[ Info: Checking NaNs in soilco2
[ Info: Checking NaNs in CO2
┌ Warning: 13773 NaNs found
└ @ ClimaLand /resnick/groups/esm/xwu/ClimaLand.jl/src/shared_utilities/utils.jl:657
[ Info: Checking NaNs in O2_f
┌ Warning: 13773 NaNs found
└ @ ClimaLand /resnick/groups/esm/xwu/ClimaLand.jl/src/shared_utilities/utils.jl:657
[ Info: Checking NaNs in SOC
┌ Warning: 13773 NaNs found
└ @ ClimaLand /resnick/groups/esm/xwu/ClimaLand.jl/src/shared_utilities/utils.jl:657
┌ Info: Progress
│   simulation_time = "93 weeks, 6 days"
│   n_steps_completed = 126144
│   wall_time_per_step = "75 milliseconds, 999 microseconds"
│   wall_time_total = "2 hours, 57 minutes"
│   wall_time_remaining = "17 minutes, 45 seconds"
│   wall_time_spent = "2 hours, 39 minutes"
│   percent_complete = "90.0%"
│   estimated_sypd = "16.211"
│   date_now = 2026-04-08T20:37:34.464
└   estimated_finish_date = 2026-04-08T20:55:20.464
[ Info: Checking NaNs in canopy
[ Info: Checking NaNs in hydraulics
[ Info: Checking NaNs in ϑ_l
[ Info: Checking NaNs in energy
[ Info: Checking NaNs in T
[ Info: Checking NaNs in lake
[ Info: Checking NaNs in U
[ Info: Checking NaNs in snow
[ Info: Checking NaNs in S
[ Info: Checking NaNs in S_l
[ Info: Checking NaNs in U
[ Info: Checking NaNs in soil
[ Info: Checking NaNs in ϑ_l
[ Info: Checking NaNs in θ_i
[ Info: Checking NaNs in ρe_int
[ Info: Checking NaNs in ∫F_vol_liq_water_dt
[ Info: Checking NaNs in ∫F_e_dt
[ Info: Checking NaNs in soilco2
[ Info: Checking NaNs in CO2
┌ Warning: 13783 NaNs found
└ @ ClimaLand /resnick/groups/esm/xwu/ClimaLand.jl/src/shared_utilities/utils.jl:657
[ Info: Checking NaNs in O2_f
┌ Warning: 13783 NaNs found
└ @ ClimaLand /resnick/groups/esm/xwu/ClimaLand.jl/src/shared_utilities/utils.jl:657
[ Info: Checking NaNs in SOC
┌ Warning: 13783 NaNs found
└ @ ClimaLand /resnick/groups/esm/xwu/ClimaLand.jl/src/shared_utilities/utils.jl:657
[ Info: Checking NaNs in canopy
[ Info: Checking NaNs in hydraulics
[ Info: Checking NaNs in ϑ_l
[ Info: Checking NaNs in energy
[ Info: Checking NaNs in T
[ Info: Checking NaNs in lake
[ Info: Checking NaNs in U
[ Info: Checking NaNs in snow
[ Info: Checking NaNs in S
[ Info: Checking NaNs in S_l
[ Info: Checking NaNs in U
[ Info: Checking NaNs in soil
[ Info: Checking NaNs in ϑ_l
[ Info: Checking NaNs in θ_i
[ Info: Checking NaNs in ρe_int
[ Info: Checking NaNs in ∫F_vol_liq_water_dt
[ Info: Checking NaNs in ∫F_e_dt
[ Info: Checking NaNs in soilco2
[ Info: Checking NaNs in CO2
┌ Warning: 13795 NaNs found
└ @ ClimaLand /resnick/groups/esm/xwu/ClimaLand.jl/src/shared_utilities/utils.jl:657
[ Info: Checking NaNs in O2_f
┌ Warning: 13795 NaNs found
└ @ ClimaLand /resnick/groups/esm/xwu/ClimaLand.jl/src/shared_utilities/utils.jl:657
[ Info: Checking NaNs in SOC
┌ Warning: 13795 NaNs found
└ @ ClimaLand /resnick/groups/esm/xwu/ClimaLand.jl/src/shared_utilities/utils.jl:657
[ Info: Checking NaNs in canopy
[ Info: Checking NaNs in hydraulics
[ Info: Checking NaNs in ϑ_l
[ Info: Checking NaNs in energy
[ Info: Checking NaNs in T
[ Info: Checking NaNs in lake
[ Info: Checking NaNs in U
[ Info: Checking NaNs in snow
[ Info: Checking NaNs in S
[ Info: Checking NaNs in S_l
[ Info: Checking NaNs in U
[ Info: Checking NaNs in soil
[ Info: Checking NaNs in ϑ_l
[ Info: Checking NaNs in θ_i
[ Info: Checking NaNs in ρe_int
[ Info: Checking NaNs in ∫F_vol_liq_water_dt
[ Info: Checking NaNs in ∫F_e_dt
[ Info: Checking NaNs in soilco2
[ Info: Checking NaNs in CO2
┌ Warning: 13797 NaNs found
└ @ ClimaLand /resnick/groups/esm/xwu/ClimaLand.jl/src/shared_utilities/utils.jl:657
[ Info: Checking NaNs in O2_f
┌ Warning: 13797 NaNs found
└ @ ClimaLand /resnick/groups/esm/xwu/ClimaLand.jl/src/shared_utilities/utils.jl:657
[ Info: Checking NaNs in SOC
┌ Warning: 13797 NaNs found
└ @ ClimaLand /resnick/groups/esm/xwu/ClimaLand.jl/src/shared_utilities/utils.jl:657
┌ Info: Progress
│   simulation_time = "104 weeks, 2 days"
│   n_steps_completed = 140160
│   wall_time_per_step = "75 milliseconds, 983 microseconds"
│   wall_time_total = "2 hours, 57 minutes"
│   wall_time_remaining = "0 seconds"
│   wall_time_spent = "2 hours, 57 minutes"
│   percent_complete = "100.0%"
│   estimated_sypd = "16.215"
│   date_now = 2026-04-08T20:55:17.312
└   estimated_finish_date = 2026-04-08T20:55:17.312
[ Info: Error against observations
[ Info: Working with dates:
[ Info: [DateTime("2008-03-01T00:00:00"), DateTime("2008-04-01T00:00:00"), DateTime("2008-05-01T00:00:00"), DateTime("2008-06-01T00:00:00"), DateTime("2008-07-01T00:00:00"), DateTime("2008-08-01T00:00:00"), DateTime("2008-09-01T00:00:00"), DateTime("2008-10-01T00:00:00"), DateTime("2008-11-01T00:00:00"), DateTime("2008-12-01T00:00:00"), DateTime("2009-01-01T00:00:00"), DateTime("2009-02-01T00:00:00"), DateTime("2009-03-01T00:00:00"), DateTime("2009-04-01T00:00:00"), DateTime("2009-05-01T00:00:00"), DateTime("2009-06-01T00:00:00"), DateTime("2009-07-01T00:00:00"), DateTime("2009-08-01T00:00:00"), DateTime("2009-09-01T00:00:00"), DateTime("2009-10-01T00:00:00"), DateTime("2009-11-01T00:00:00"), DateTime("2009-12-01T00:00:00"), DateTime("2010-01-01T00:00:00"), DateTime("2010-02-01T00:00:00")]
[ Info: shf
[ Info: lhf
[ Info: swu
[ Info: lwu
[ Info: shf
[ Info: lhf
[ Info: swu
[ Info: lwu
[ Info: Error against observations
[ Info: Working with dates:
[ Info: [DateTime("2008-03-01T00:00:00"), DateTime("2008-04-01T00:00:00"), DateTime("2008-05-01T00:00:00"), DateTime("2008-06-01T00:00:00"), DateTime("2008-07-01T00:00:00"), DateTime("2008-08-01T00:00:00"), DateTime("2008-09-01T00:00:00"), DateTime("2008-10-01T00:00:00"), DateTime("2008-11-01T00:00:00"), DateTime("2008-12-01T00:00:00"), DateTime("2009-01-01T00:00:00"), DateTime("2009-02-01T00:00:00"), DateTime("2009-03-01T00:00:00"), DateTime("2009-04-01T00:00:00"), DateTime("2009-05-01T00:00:00"), DateTime("2009-06-01T00:00:00"), DateTime("2009-07-01T00:00:00"), DateTime("2009-08-01T00:00:00"), DateTime("2009-09-01T00:00:00"), DateTime("2009-10-01T00:00:00"), DateTime("2009-11-01T00:00:00"), DateTime("2009-12-01T00:00:00"), DateTime("2010-01-01T00:00:00"), DateTime("2010-02-01T00:00:00")]
[ Info: gpp
[ Info: lwu
[ Info: et
┌ Warning: NaNs detected in observational data, resampling is not NaN aware. If you applied a mask, pass the mask via the mask keyword argument instead
└ @ ClimaAnalysis.Var ~/.julia/packages/ClimaAnalysis/FtrXN/src/Var.jl:2093
┌ Warning: NaNs detected in observational data, resampling is not NaN aware. If you applied a mask, pass the mask via the mask keyword argument instead
└ @ ClimaAnalysis.Var ~/.julia/packages/ClimaAnalysis/FtrXN/src/Var.jl:2175
┌ Warning: NaNs detected in observational data, resampling is not NaN aware. If you applied a mask, pass the mask via the mask keyword argument instead
└ @ ClimaAnalysis.Var ~/.julia/packages/ClimaAnalysis/FtrXN/src/Var.jl:2093
┌ Warning: NaNs detected in observational data, resampling is not NaN aware. If you applied a mask, pass the mask via the mask keyword argument instead
└ @ ClimaAnalysis.Var ~/.julia/packages/ClimaAnalysis/FtrXN/src/Var.jl:2175
┌ Warning: NaNs detected in observational data, resampling is not NaN aware. If you applied a mask, pass the mask via the mask keyword argument instead
└ @ ClimaAnalysis.Var ~/.julia/packages/ClimaAnalysis/FtrXN/src/Var.jl:2093
┌ Warning: NaNs detected in observational data, resampling is not NaN aware. If you applied a mask, pass the mask via the mask keyword argument instead
└ @ ClimaAnalysis.Var ~/.julia/packages/ClimaAnalysis/FtrXN/src/Var.jl:2175
┌ Warning: NaNs detected in observational data, resampling is not NaN aware. If you applied a mask, pass the mask via the mask keyword argument instead
└ @ ClimaAnalysis.Var ~/.julia/packages/ClimaAnalysis/FtrXN/src/Var.jl:2093
┌ Warning: NaNs detected in observational data, resampling is not NaN aware. If you applied a mask, pass the mask via the mask keyword argument instead
└ @ ClimaAnalysis.Var ~/.julia/packages/ClimaAnalysis/FtrXN/src/Var.jl:2175
┌ Warning: NaNs detected in observational data, resampling is not NaN aware. If you applied a mask, pass the mask via the mask keyword argument instead
└ @ ClimaAnalysis.Var ~/.julia/packages/ClimaAnalysis/FtrXN/src/Var.jl:2093
┌ Warning: NaNs detected in observational data, resampling is not NaN aware. If you applied a mask, pass the mask via the mask keyword argument instead
└ @ ClimaAnalysis.Var ~/.julia/packages/ClimaAnalysis/FtrXN/src/Var.jl:2175
┌ Warning: NaNs detected in observational data, resampling is not NaN aware. If you applied a mask, pass the mask via the mask keyword argument instead
└ @ ClimaAnalysis.Var ~/.julia/packages/ClimaAnalysis/FtrXN/src/Var.jl:2093
┌ Warning: NaNs detected in observational data, resampling is not NaN aware. If you applied a mask, pass the mask via the mask keyword argument instead
└ @ ClimaAnalysis.Var ~/.julia/packages/ClimaAnalysis/FtrXN/src/Var.jl:2175
┌ Warning: NaNs detected in observational data, resampling is not NaN aware. If you applied a mask, pass the mask via the mask keyword argument instead
└ @ ClimaAnalysis.Var ~/.julia/packages/ClimaAnalysis/FtrXN/src/Var.jl:2093
┌ Warning: NaNs detected in observational data, resampling is not NaN aware. If you applied a mask, pass the mask via the mask keyword argument instead
└ @ ClimaAnalysis.Var ~/.julia/packages/ClimaAnalysis/FtrXN/src/Var.jl:2175
┌ Warning: NaNs detected in observational data, resampling is not NaN aware. If you applied a mask, pass the mask via the mask keyword argument instead
└ @ ClimaAnalysis.Var ~/.julia/packages/ClimaAnalysis/FtrXN/src/Var.jl:2093
┌ Warning: NaNs detected in observational data, resampling is not NaN aware. If you applied a mask, pass the mask via the mask keyword argument instead
└ @ ClimaAnalysis.Var ~/.julia/packages/ClimaAnalysis/FtrXN/src/Var.jl:2175
┌ Warning: NaNs detected in observational data, resampling is not NaN aware. If you applied a mask, pass the mask via the mask keyword argument instead
└ @ ClimaAnalysis.Var ~/.julia/packages/ClimaAnalysis/FtrXN/src/Var.jl:2093
┌ Warning: NaNs detected in observational data, resampling is not NaN aware. If you applied a mask, pass the mask via the mask keyword argument instead
└ @ ClimaAnalysis.Var ~/.julia/packages/ClimaAnalysis/FtrXN/src/Var.jl:2175
┌ Warning: NaNs detected in observational data, resampling is not NaN aware. If you applied a mask, pass the mask via the mask keyword argument instead
└ @ ClimaAnalysis.Var ~/.julia/packages/ClimaAnalysis/FtrXN/src/Var.jl:2093
┌ Warning: NaNs detected in observational data, resampling is not NaN aware. If you applied a mask, pass the mask via the mask keyword argument instead
└ @ ClimaAnalysis.Var ~/.julia/packages/ClimaAnalysis/FtrXN/src/Var.jl:2175
┌ Warning: NaNs detected in observational data, resampling is not NaN aware. If you applied a mask, pass the mask via the mask keyword argument instead
└ @ ClimaAnalysis.Var ~/.julia/packages/ClimaAnalysis/FtrXN/src/Var.jl:2093
┌ Warning: NaNs detected in observational data, resampling is not NaN aware. If you applied a mask, pass the mask via the mask keyword argument instead
└ @ ClimaAnalysis.Var ~/.julia/packages/ClimaAnalysis/FtrXN/src/Var.jl:2175
┌ Warning: NaNs detected in observational data, resampling is not NaN aware. If you applied a mask, pass the mask via the mask keyword argument instead
└ @ ClimaAnalysis.Var ~/.julia/packages/ClimaAnalysis/FtrXN/src/Var.jl:2093
┌ Warning: NaNs detected in observational data, resampling is not NaN aware. If you applied a mask, pass the mask via the mask keyword argument instead
└ @ ClimaAnalysis.Var ~/.julia/packages/ClimaAnalysis/FtrXN/src/Var.jl:2175
┌ Warning: NaNs detected in observational data, resampling is not NaN aware. If you applied a mask, pass the mask via the mask keyword argument instead
└ @ ClimaAnalysis.Var ~/.julia/packages/ClimaAnalysis/FtrXN/src/Var.jl:2093
┌ Warning: NaNs detected in observational data, resampling is not NaN aware. If you applied a mask, pass the mask via the mask keyword argument instead
└ @ ClimaAnalysis.Var ~/.julia/packages/ClimaAnalysis/FtrXN/src/Var.jl:2175
┌ Warning: NaNs detected in observational data, resampling is not NaN aware. If you applied a mask, pass the mask via the mask keyword argument instead
└ @ ClimaAnalysis.Var ~/.julia/packages/ClimaAnalysis/FtrXN/src/Var.jl:2093
┌ Warning: NaNs detected in observational data, resampling is not NaN aware. If you applied a mask, pass the mask via the mask keyword argument instead
└ @ ClimaAnalysis.Var ~/.julia/packages/ClimaAnalysis/FtrXN/src/Var.jl:2175
┌ Warning: NaNs detected in observational data, resampling is not NaN aware. If you applied a mask, pass the mask via the mask keyword argument instead
└ @ ClimaAnalysis.Var ~/.julia/packages/ClimaAnalysis/FtrXN/src/Var.jl:2093
┌ Warning: NaNs detected in observational data, resampling is not NaN aware. If you applied a mask, pass the mask via the mask keyword argument instead
└ @ ClimaAnalysis.Var ~/.julia/packages/ClimaAnalysis/FtrXN/src/Var.jl:2175
┌ Warning: NaNs detected in observational data, resampling is not NaN aware. If you applied a mask, pass the mask via the mask keyword argument instead
└ @ ClimaAnalysis.Var ~/.julia/packages/ClimaAnalysis/FtrXN/src/Var.jl:2093
┌ Warning: NaNs detected in observational data, resampling is not NaN aware. If you applied a mask, pass the mask via the mask keyword argument instead
└ @ ClimaAnalysis.Var ~/.julia/packages/ClimaAnalysis/FtrXN/src/Var.jl:2175
┌ Warning: NaNs detected in observational data, resampling is not NaN aware. If you applied a mask, pass the mask via the mask keyword argument instead
└ @ ClimaAnalysis.Var ~/.julia/packages/ClimaAnalysis/FtrXN/src/Var.jl:2093
┌ Warning: NaNs detected in observational data, resampling is not NaN aware. If you applied a mask, pass the mask via the mask keyword argument instead
└ @ ClimaAnalysis.Var ~/.julia/packages/ClimaAnalysis/FtrXN/src/Var.jl:2175
┌ Warning: NaNs detected in observational data, resampling is not NaN aware. If you applied a mask, pass the mask via the mask keyword argument instead
└ @ ClimaAnalysis.Var ~/.julia/packages/ClimaAnalysis/FtrXN/src/Var.jl:2093
┌ Warning: NaNs detected in observational data, resampling is not NaN aware. If you applied a mask, pass the mask via the mask keyword argument instead
└ @ ClimaAnalysis.Var ~/.julia/packages/ClimaAnalysis/FtrXN/src/Var.jl:2175
┌ Warning: NaNs detected in observational data, resampling is not NaN aware. If you applied a mask, pass the mask via the mask keyword argument instead
└ @ ClimaAnalysis.Var ~/.julia/packages/ClimaAnalysis/FtrXN/src/Var.jl:2093
┌ Warning: NaNs detected in observational data, resampling is not NaN aware. If you applied a mask, pass the mask via the mask keyword argument instead
└ @ ClimaAnalysis.Var ~/.julia/packages/ClimaAnalysis/FtrXN/src/Var.jl:2175
┌ Warning: NaNs detected in observational data, resampling is not NaN aware. If you applied a mask, pass the mask via the mask keyword argument instead
└ @ ClimaAnalysis.Var ~/.julia/packages/ClimaAnalysis/FtrXN/src/Var.jl:2093
┌ Warning: NaNs detected in observational data, resampling is not NaN aware. If you applied a mask, pass the mask via the mask keyword argument instead
└ @ ClimaAnalysis.Var ~/.julia/packages/ClimaAnalysis/FtrXN/src/Var.jl:2175
┌ Warning: NaNs detected in observational data, resampling is not NaN aware. If you applied a mask, pass the mask via the mask keyword argument instead
└ @ ClimaAnalysis.Var ~/.julia/packages/ClimaAnalysis/FtrXN/src/Var.jl:2093
┌ Warning: NaNs detected in observational data, resampling is not NaN aware. If you applied a mask, pass the mask via the mask keyword argument instead
└ @ ClimaAnalysis.Var ~/.julia/packages/ClimaAnalysis/FtrXN/src/Var.jl:2175
┌ Warning: NaNs detected in observational data, resampling is not NaN aware. If you applied a mask, pass the mask via the mask keyword argument instead
└ @ ClimaAnalysis.Var ~/.julia/packages/ClimaAnalysis/FtrXN/src/Var.jl:2093
┌ Warning: NaNs detected in observational data, resampling is not NaN aware. If you applied a mask, pass the mask via the mask keyword argument instead
└ @ ClimaAnalysis.Var ~/.julia/packages/ClimaAnalysis/FtrXN/src/Var.jl:2175
┌ Warning: NaNs detected in observational data, resampling is not NaN aware. If you applied a mask, pass the mask via the mask keyword argument instead
└ @ ClimaAnalysis.Var ~/.julia/packages/ClimaAnalysis/FtrXN/src/Var.jl:2093
┌ Warning: NaNs detected in observational data, resampling is not NaN aware. If you applied a mask, pass the mask via the mask keyword argument instead
└ @ ClimaAnalysis.Var ~/.julia/packages/ClimaAnalysis/FtrXN/src/Var.jl:2175
┌ Warning: NaNs detected in observational data, resampling is not NaN aware. If you applied a mask, pass the mask via the mask keyword argument instead
└ @ ClimaAnalysis.Var ~/.julia/packages/ClimaAnalysis/FtrXN/src/Var.jl:2093
┌ Warning: NaNs detected in observational data, resampling is not NaN aware. If you applied a mask, pass the mask via the mask keyword argument instead
└ @ ClimaAnalysis.Var ~/.julia/packages/ClimaAnalysis/FtrXN/src/Var.jl:2175
┌ Warning: NaNs detected in observational data, resampling is not NaN aware. If you applied a mask, pass the mask via the mask keyword argument instead
└ @ ClimaAnalysis.Var ~/.julia/packages/ClimaAnalysis/FtrXN/src/Var.jl:2175
┌ Warning: NaNs detected in observational data, resampling is not NaN aware. If you applied a mask, pass the mask via the mask keyword argument instead
└ @ ClimaAnalysis.Var ~/.julia/packages/ClimaAnalysis/FtrXN/src/Var.jl:2175
┌ Warning: NaNs detected in observational data, resampling is not NaN aware. If you applied a mask, pass the mask via the mask keyword argument instead
└ @ ClimaAnalysis.Var ~/.julia/packages/ClimaAnalysis/FtrXN/src/Var.jl:2175
┌ Warning: NaNs detected in observational data, resampling is not NaN aware. If you applied a mask, pass the mask via the mask keyword argument instead
└ @ ClimaAnalysis.Var ~/.julia/packages/ClimaAnalysis/FtrXN/src/Var.jl:2175
┌ Warning: NaNs detected in observational data, resampling is not NaN aware. If you applied a mask, pass the mask via the mask keyword argument instead
└ @ ClimaAnalysis.Var ~/.julia/packages/ClimaAnalysis/FtrXN/src/Var.jl:2175
┌ Warning: NaNs detected in observational data, resampling is not NaN aware. If you applied a mask, pass the mask via the mask keyword argument instead
└ @ ClimaAnalysis.Var ~/.julia/packages/ClimaAnalysis/FtrXN/src/Var.jl:2175
┌ Warning: NaNs detected in observational data, resampling is not NaN aware. If you applied a mask, pass the mask via the mask keyword argument instead
└ @ ClimaAnalysis.Var ~/.julia/packages/ClimaAnalysis/FtrXN/src/Var.jl:2175
┌ Warning: NaNs detected in observational data, resampling is not NaN aware. If you applied a mask, pass the mask via the mask keyword argument instead
└ @ ClimaAnalysis.Var ~/.julia/packages/ClimaAnalysis/FtrXN/src/Var.jl:2175
┌ Warning: NaNs detected in observational data, resampling is not NaN aware. If you applied a mask, pass the mask via the mask keyword argument instead
└ @ ClimaAnalysis.Var ~/.julia/packages/ClimaAnalysis/FtrXN/src/Var.jl:2175
┌ Warning: NaNs detected in observational data, resampling is not NaN aware. If you applied a mask, pass the mask via the mask keyword argument instead
└ @ ClimaAnalysis.Var ~/.julia/packages/ClimaAnalysis/FtrXN/src/Var.jl:2175
┌ Warning: NaNs detected in observational data, resampling is not NaN aware. If you applied a mask, pass the mask via the mask keyword argument instead
└ @ ClimaAnalysis.Var ~/.julia/packages/ClimaAnalysis/FtrXN/src/Var.jl:2175
┌ Warning: NaNs detected in observational data, resampling is not NaN aware. If you applied a mask, pass the mask via the mask keyword argument instead
└ @ ClimaAnalysis.Var ~/.julia/packages/ClimaAnalysis/FtrXN/src/Var.jl:2175
┌ Warning: NaNs detected in observational data, resampling is not NaN aware. If you applied a mask, pass the mask via the mask keyword argument instead
└ @ ClimaAnalysis.Var ~/.julia/packages/ClimaAnalysis/FtrXN/src/Var.jl:2093
┌ Warning: NaNs detected in observational data, resampling is not NaN aware. If you applied a mask, pass the mask via the mask keyword argument instead
└ @ ClimaAnalysis.Var ~/.julia/packages/ClimaAnalysis/FtrXN/src/Var.jl:2093
┌ Warning: NaNs detected in observational data, resampling is not NaN aware. If you applied a mask, pass the mask via the mask keyword argument instead
└ @ ClimaAnalysis.Var ~/.julia/packages/ClimaAnalysis/FtrXN/src/Var.jl:2093
┌ Warning: NaNs detected in observational data, resampling is not NaN aware. If you applied a mask, pass the mask via the mask keyword argument instead
└ @ ClimaAnalysis.Var ~/.julia/packages/ClimaAnalysis/FtrXN/src/Var.jl:2093
┌ Warning: NaNs detected in observational data, resampling is not NaN aware. If you applied a mask, pass the mask via the mask keyword argument instead
└ @ ClimaAnalysis.Var ~/.julia/packages/ClimaAnalysis/FtrXN/src/Var.jl:2093
┌ Warning: NaNs detected in observational data, resampling is not NaN aware. If you applied a mask, pass the mask via the mask keyword argument instead
└ @ ClimaAnalysis.Var ~/.julia/packages/ClimaAnalysis/FtrXN/src/Var.jl:2093
┌ Warning: NaNs detected in observational data, resampling is not NaN aware. If you applied a mask, pass the mask via the mask keyword argument instead
└ @ ClimaAnalysis.Var ~/.julia/packages/ClimaAnalysis/FtrXN/src/Var.jl:2093
┌ Warning: NaNs detected in observational data, resampling is not NaN aware. If you applied a mask, pass the mask via the mask keyword argument instead
└ @ ClimaAnalysis.Var ~/.julia/packages/ClimaAnalysis/FtrXN/src/Var.jl:2093
┌ Warning: NaNs detected in observational data, resampling is not NaN aware. If you applied a mask, pass the mask via the mask keyword argument instead
└ @ ClimaAnalysis.Var ~/.julia/packages/ClimaAnalysis/FtrXN/src/Var.jl:2093
┌ Warning: NaNs detected in observational data, resampling is not NaN aware. If you applied a mask, pass the mask via the mask keyword argument instead
└ @ ClimaAnalysis.Var ~/.julia/packages/ClimaAnalysis/FtrXN/src/Var.jl:2093
┌ Warning: NaNs detected in observational data, resampling is not NaN aware. If you applied a mask, pass the mask via the mask keyword argument instead
└ @ ClimaAnalysis.Var ~/.julia/packages/ClimaAnalysis/FtrXN/src/Var.jl:2093
┌ Warning: NaNs detected in observational data, resampling is not NaN aware. If you applied a mask, pass the mask via the mask keyword argument instead
└ @ ClimaAnalysis.Var ~/.julia/packages/ClimaAnalysis/FtrXN/src/Var.jl:2093
┌ Warning: NaNs detected in observational data, resampling is not NaN aware. If you applied a mask, pass the mask via the mask keyword argument instead
└ @ ClimaAnalysis.Var ~/.julia/packages/ClimaAnalysis/FtrXN/src/Var.jl:2175
┌ Warning: NaNs detected in observational data, resampling is not NaN aware. If you applied a mask, pass the mask via the mask keyword argument instead
└ @ ClimaAnalysis.Var ~/.julia/packages/ClimaAnalysis/FtrXN/src/Var.jl:2175
┌ Warning: NaNs detected in observational data, resampling is not NaN aware. If you applied a mask, pass the mask via the mask keyword argument instead
└ @ ClimaAnalysis.Var ~/.julia/packages/ClimaAnalysis/FtrXN/src/Var.jl:2175
┌ Warning: NaNs detected in observational data, resampling is not NaN aware. If you applied a mask, pass the mask via the mask keyword argument instead
└ @ ClimaAnalysis.Var ~/.julia/packages/ClimaAnalysis/FtrXN/src/Var.jl:2175
┌ Warning: NaNs detected in observational data, resampling is not NaN aware. If you applied a mask, pass the mask via the mask keyword argument instead
└ @ ClimaAnalysis.Var ~/.julia/packages/ClimaAnalysis/FtrXN/src/Var.jl:2175
┌ Warning: NaNs detected in observational data, resampling is not NaN aware. If you applied a mask, pass the mask via the mask keyword argument instead
└ @ ClimaAnalysis.Var ~/.julia/packages/ClimaAnalysis/FtrXN/src/Var.jl:2175
┌ Warning: NaNs detected in observational data, resampling is not NaN aware. If you applied a mask, pass the mask via the mask keyword argument instead
└ @ ClimaAnalysis.Var ~/.julia/packages/ClimaAnalysis/FtrXN/src/Var.jl:2175
┌ Warning: NaNs detected in observational data, resampling is not NaN aware. If you applied a mask, pass the mask via the mask keyword argument instead
└ @ ClimaAnalysis.Var ~/.julia/packages/ClimaAnalysis/FtrXN/src/Var.jl:2175
┌ Warning: NaNs detected in observational data, resampling is not NaN aware. If you applied a mask, pass the mask via the mask keyword argument instead
└ @ ClimaAnalysis.Var ~/.julia/packages/ClimaAnalysis/FtrXN/src/Var.jl:2175
┌ Warning: NaNs detected in observational data, resampling is not NaN aware. If you applied a mask, pass the mask via the mask keyword argument instead
└ @ ClimaAnalysis.Var ~/.julia/packages/ClimaAnalysis/FtrXN/src/Var.jl:2175
┌ Warning: NaNs detected in observational data, resampling is not NaN aware. If you applied a mask, pass the mask via the mask keyword argument instead
└ @ ClimaAnalysis.Var ~/.julia/packages/ClimaAnalysis/FtrXN/src/Var.jl:2175
┌ Warning: NaNs detected in observational data, resampling is not NaN aware. If you applied a mask, pass the mask via the mask keyword argument instead
└ @ ClimaAnalysis.Var ~/.julia/packages/ClimaAnalysis/FtrXN/src/Var.jl:2175
┌ Warning: NaNs detected in observational data, resampling is not NaN aware. If you applied a mask, pass the mask via the mask keyword argument instead
└ @ ClimaAnalysis.Var ~/.julia/packages/ClimaAnalysis/FtrXN/src/Var.jl:2093
┌ Warning: NaNs detected in observational data, resampling is not NaN aware. If you applied a mask, pass the mask via the mask keyword argument instead
└ @ ClimaAnalysis.Var ~/.julia/packages/ClimaAnalysis/FtrXN/src/Var.jl:2093
┌ Warning: NaNs detected in observational data, resampling is not NaN aware. If you applied a mask, pass the mask via the mask keyword argument instead
└ @ ClimaAnalysis.Var ~/.julia/packages/ClimaAnalysis/FtrXN/src/Var.jl:2093
┌ Warning: NaNs detected in observational data, resampling is not NaN aware. If you applied a mask, pass the mask via the mask keyword argument instead
└ @ ClimaAnalysis.Var ~/.julia/packages/ClimaAnalysis/FtrXN/src/Var.jl:2093
┌ Warning: NaNs detected in observational data, resampling is not NaN aware. If you applied a mask, pass the mask via the mask keyword argument instead
└ @ ClimaAnalysis.Var ~/.julia/packages/ClimaAnalysis/FtrXN/src/Var.jl:2093
┌ Warning: NaNs detected in observational data, resampling is not NaN aware. If you applied a mask, pass the mask via the mask keyword argument instead
└ @ ClimaAnalysis.Var ~/.julia/packages/ClimaAnalysis/FtrXN/src/Var.jl:2093
┌ Warning: NaNs detected in observational data, resampling is not NaN aware. If you applied a mask, pass the mask via the mask keyword argument instead
└ @ ClimaAnalysis.Var ~/.julia/packages/ClimaAnalysis/FtrXN/src/Var.jl:2093
┌ Warning: NaNs detected in observational data, resampling is not NaN aware. If you applied a mask, pass the mask via the mask keyword argument instead
└ @ ClimaAnalysis.Var ~/.julia/packages/ClimaAnalysis/FtrXN/src/Var.jl:2093
┌ Warning: NaNs detected in observational data, resampling is not NaN aware. If you applied a mask, pass the mask via the mask keyword argument instead
└ @ ClimaAnalysis.Var ~/.julia/packages/ClimaAnalysis/FtrXN/src/Var.jl:2093
┌ Warning: NaNs detected in observational data, resampling is not NaN aware. If you applied a mask, pass the mask via the mask keyword argument instead
└ @ ClimaAnalysis.Var ~/.julia/packages/ClimaAnalysis/FtrXN/src/Var.jl:2093
┌ Warning: NaNs detected in observational data, resampling is not NaN aware. If you applied a mask, pass the mask via the mask keyword argument instead
└ @ ClimaAnalysis.Var ~/.julia/packages/ClimaAnalysis/FtrXN/src/Var.jl:2093
┌ Warning: NaNs detected in observational data, resampling is not NaN aware. If you applied a mask, pass the mask via the mask keyword argument instead
└ @ ClimaAnalysis.Var ~/.julia/packages/ClimaAnalysis/FtrXN/src/Var.jl:2093
[ Info: gpp
[ Info: lwu
[ Info: et
┌ Warning: NaNs detected in observational data, resampling is not NaN aware. If you applied a mask, pass the mask via the mask keyword argument instead
└ @ ClimaAnalysis.Var ~/.julia/packages/ClimaAnalysis/FtrXN/src/Var.jl:2093
┌ Warning: NaNs detected in observational data, resampling is not NaN aware. If you applied a mask, pass the mask via the mask keyword argument instead
└ @ ClimaAnalysis.Var ~/.julia/packages/ClimaAnalysis/FtrXN/src/Var.jl:2175
┌ Warning: NaNs detected in observational data, resampling is not NaN aware. If you applied a mask, pass the mask via the mask keyword argument instead
└ @ ClimaAnalysis.Var ~/.julia/packages/ClimaAnalysis/FtrXN/src/Var.jl:2093
┌ Warning: NaNs detected in observational data, resampling is not NaN aware. If you applied a mask, pass the mask via the mask keyword argument instead
└ @ ClimaAnalysis.Var ~/.julia/packages/ClimaAnalysis/FtrXN/src/Var.jl:2175
┌ Warning: NaNs detected in observational data, resampling is not NaN aware. If you applied a mask, pass the mask via the mask keyword argument instead
└ @ ClimaAnalysis.Var ~/.julia/packages/ClimaAnalysis/FtrXN/src/Var.jl:2093
┌ Warning: NaNs detected in observational data, resampling is not NaN aware. If you applied a mask, pass the mask via the mask keyword argument instead
└ @ ClimaAnalysis.Var ~/.julia/packages/ClimaAnalysis/FtrXN/src/Var.jl:2175
┌ Warning: NaNs detected in observational data, resampling is not NaN aware. If you applied a mask, pass the mask via the mask keyword argument instead
└ @ ClimaAnalysis.Var ~/.julia/packages/ClimaAnalysis/FtrXN/src/Var.jl:2093
┌ Warning: NaNs detected in observational data, resampling is not NaN aware. If you applied a mask, pass the mask via the mask keyword argument instead
└ @ ClimaAnalysis.Var ~/.julia/packages/ClimaAnalysis/FtrXN/src/Var.jl:2175
┌ Warning: NaNs detected in observational data, resampling is not NaN aware. If you applied a mask, pass the mask via the mask keyword argument instead
└ @ ClimaAnalysis.Var ~/.julia/packages/ClimaAnalysis/FtrXN/src/Var.jl:2093
┌ Warning: NaNs detected in observational data, resampling is not NaN aware. If you applied a mask, pass the mask via the mask keyword argument instead
└ @ ClimaAnalysis.Var ~/.julia/packages/ClimaAnalysis/FtrXN/src/Var.jl:2175
┌ Warning: NaNs detected in observational data, resampling is not NaN aware. If you applied a mask, pass the mask via the mask keyword argument instead
└ @ ClimaAnalysis.Var ~/.julia/packages/ClimaAnalysis/FtrXN/src/Var.jl:2093
┌ Warning: NaNs detected in observational data, resampling is not NaN aware. If you applied a mask, pass the mask via the mask keyword argument instead
└ @ ClimaAnalysis.Var ~/.julia/packages/ClimaAnalysis/FtrXN/src/Var.jl:2175
┌ Warning: NaNs detected in observational data, resampling is not NaN aware. If you applied a mask, pass the mask via the mask keyword argument instead
└ @ ClimaAnalysis.Var ~/.julia/packages/ClimaAnalysis/FtrXN/src/Var.jl:2093
┌ Warning: NaNs detected in observational data, resampling is not NaN aware. If you applied a mask, pass the mask via the mask keyword argument instead
└ @ ClimaAnalysis.Var ~/.julia/packages/ClimaAnalysis/FtrXN/src/Var.jl:2175
┌ Warning: NaNs detected in observational data, resampling is not NaN aware. If you applied a mask, pass the mask via the mask keyword argument instead
└ @ ClimaAnalysis.Var ~/.julia/packages/ClimaAnalysis/FtrXN/src/Var.jl:2093
┌ Warning: NaNs detected in observational data, resampling is not NaN aware. If you applied a mask, pass the mask via the mask keyword argument instead
└ @ ClimaAnalysis.Var ~/.julia/packages/ClimaAnalysis/FtrXN/src/Var.jl:2175
┌ Warning: NaNs detected in observational data, resampling is not NaN aware. If you applied a mask, pass the mask via the mask keyword argument instead
└ @ ClimaAnalysis.Var ~/.julia/packages/ClimaAnalysis/FtrXN/src/Var.jl:2093
┌ Warning: NaNs detected in observational data, resampling is not NaN aware. If you applied a mask, pass the mask via the mask keyword argument instead
└ @ ClimaAnalysis.Var ~/.julia/packages/ClimaAnalysis/FtrXN/src/Var.jl:2175
┌ Warning: NaNs detected in observational data, resampling is not NaN aware. If you applied a mask, pass the mask via the mask keyword argument instead
└ @ ClimaAnalysis.Var ~/.julia/packages/ClimaAnalysis/FtrXN/src/Var.jl:2093
┌ Warning: NaNs detected in observational data, resampling is not NaN aware. If you applied a mask, pass the mask via the mask keyword argument instead
└ @ ClimaAnalysis.Var ~/.julia/packages/ClimaAnalysis/FtrXN/src/Var.jl:2175
┌ Warning: NaNs detected in observational data, resampling is not NaN aware. If you applied a mask, pass the mask via the mask keyword argument instead
└ @ ClimaAnalysis.Var ~/.julia/packages/ClimaAnalysis/FtrXN/src/Var.jl:2093
┌ Warning: NaNs detected in observational data, resampling is not NaN aware. If you applied a mask, pass the mask via the mask keyword argument instead
└ @ ClimaAnalysis.Var ~/.julia/packages/ClimaAnalysis/FtrXN/src/Var.jl:2175
┌ Warning: NaNs detected in observational data, resampling is not NaN aware. If you applied a mask, pass the mask via the mask keyword argument instead
└ @ ClimaAnalysis.Var ~/.julia/packages/ClimaAnalysis/FtrXN/src/Var.jl:2093
┌ Warning: NaNs detected in observational data, resampling is not NaN aware. If you applied a mask, pass the mask via the mask keyword argument instead
└ @ ClimaAnalysis.Var ~/.julia/packages/ClimaAnalysis/FtrXN/src/Var.jl:2175
┌ Warning: NaNs detected in observational data, resampling is not NaN aware. If you applied a mask, pass the mask via the mask keyword argument instead
└ @ ClimaAnalysis.Var ~/.julia/packages/ClimaAnalysis/FtrXN/src/Var.jl:2175
┌ Warning: NaNs detected in observational data, resampling is not NaN aware. If you applied a mask, pass the mask via the mask keyword argument instead
└ @ ClimaAnalysis.Var ~/.julia/packages/ClimaAnalysis/FtrXN/src/Var.jl:2175
┌ Warning: NaNs detected in observational data, resampling is not NaN aware. If you applied a mask, pass the mask via the mask keyword argument instead
└ @ ClimaAnalysis.Var ~/.julia/packages/ClimaAnalysis/FtrXN/src/Var.jl:2175
┌ Warning: NaNs detected in observational data, resampling is not NaN aware. If you applied a mask, pass the mask via the mask keyword argument instead
└ @ ClimaAnalysis.Var ~/.julia/packages/ClimaAnalysis/FtrXN/src/Var.jl:2175
┌ Warning: NaNs detected in observational data, resampling is not NaN aware. If you applied a mask, pass the mask via the mask keyword argument instead
└ @ ClimaAnalysis.Var ~/.julia/packages/ClimaAnalysis/FtrXN/src/Var.jl:2093
┌ Warning: NaNs detected in observational data, resampling is not NaN aware. If you applied a mask, pass the mask via the mask keyword argument instead
└ @ ClimaAnalysis.Var ~/.julia/packages/ClimaAnalysis/FtrXN/src/Var.jl:2093
┌ Warning: NaNs detected in observational data, resampling is not NaN aware. If you applied a mask, pass the mask via the mask keyword argument instead
└ @ ClimaAnalysis.Var ~/.julia/packages/ClimaAnalysis/FtrXN/src/Var.jl:2093
┌ Warning: NaNs detected in observational data, resampling is not NaN aware. If you applied a mask, pass the mask via the mask keyword argument instead
└ @ ClimaAnalysis.Var ~/.julia/packages/ClimaAnalysis/FtrXN/src/Var.jl:2093
┌ Warning: NaNs detected in observational data, resampling is not NaN aware. If you applied a mask, pass the mask via the mask keyword argument instead
└ @ ClimaAnalysis.Var ~/.julia/packages/ClimaAnalysis/FtrXN/src/Var.jl:2175
┌ Warning: NaNs detected in observational data, resampling is not NaN aware. If you applied a mask, pass the mask via the mask keyword argument instead
└ @ ClimaAnalysis.Var ~/.julia/packages/ClimaAnalysis/FtrXN/src/Var.jl:2175
┌ Warning: NaNs detected in observational data, resampling is not NaN aware. If you applied a mask, pass the mask via the mask keyword argument instead
└ @ ClimaAnalysis.Var ~/.julia/packages/ClimaAnalysis/FtrXN/src/Var.jl:2175
┌ Warning: NaNs detected in observational data, resampling is not NaN aware. If you applied a mask, pass the mask via the mask keyword argument instead
└ @ ClimaAnalysis.Var ~/.julia/packages/ClimaAnalysis/FtrXN/src/Var.jl:2175
┌ Warning: NaNs detected in observational data, resampling is not NaN aware. If you applied a mask, pass the mask via the mask keyword argument instead
└ @ ClimaAnalysis.Var ~/.julia/packages/ClimaAnalysis/FtrXN/src/Var.jl:2093
┌ Warning: NaNs detected in observational data, resampling is not NaN aware. If you applied a mask, pass the mask via the mask keyword argument instead
└ @ ClimaAnalysis.Var ~/.julia/packages/ClimaAnalysis/FtrXN/src/Var.jl:2093
┌ Warning: NaNs detected in observational data, resampling is not NaN aware. If you applied a mask, pass the mask via the mask keyword argument instead
└ @ ClimaAnalysis.Var ~/.julia/packages/ClimaAnalysis/FtrXN/src/Var.jl:2093
┌ Warning: NaNs detected in observational data, resampling is not NaN aware. If you applied a mask, pass the mask via the mask keyword argument instead
└ @ ClimaAnalysis.Var ~/.julia/packages/ClimaAnalysis/FtrXN/src/Var.jl:2093
